[TIME][JOB ID][EVENT TYPE]
280   J11     FINISHED (DEADLINE MISS)
280   J12     FINISHED (DEADLINE MISS)
280   J14     FINISHED (DEADLINE MISS)
280   J15     FINISHED (DEADLINE MISS)
0     J10     RELEASED
0     J10     STARTED
-1    J10     FINISHED
0     J11     RELEASED
-1    J11     STARTED
-1    J11     FINISHED
40    J20     RELEASED
40    J20     STARTED
-1    J20     FINISHED
80    J30     RELEASED
80    J30     STARTED
-1    J30     FINISHED
0     J13     RELEASED
116   J13     STARTED
-1    J13     FINISHED
120   J40     RELEASED
120   J40     STARTED
-1    J40     FINISHED
160   J50     RELEASED
160   J50     STARTED
-1    J50     FINISHED
0     J14     RELEASED
-1    J14     STARTED
-1    J14     FINISHED
200   J60     RELEASED
200   J60     STARTED
-1    J60     FINISHED
240   J70     RELEASED
240   J70     STARTED
-1    J70     FINISHED
560   J11     FINISHED (DEADLINE MISS)
560   J12     FINISHED (DEADLINE MISS)
560   J14     FINISHED (DEADLINE MISS)
560   J15     FINISHED (DEADLINE MISS)
280   J10     RELEASED
280   J10     STARTED
-1    J10     FINISHED
280   J11     RELEASED
-1    J11     STARTED
-1    J11     FINISHED
320   J20     RELEASED
320   J20     STARTED
-1    J20     FINISHED
360   J30     RELEASED
360   J30     STARTED
-1    J30     FINISHED
280   J13     RELEASED
396   J13     STARTED
-1    J13     FINISHED
400   J40     RELEASED
400   J40     STARTED
-1    J40     FINISHED
440   J50     RELEASED
440   J50     STARTED
-1    J50     FINISHED
280   J14     RELEASED
-1    J14     STARTED
-1    J14     FINISHED
480   J60     RELEASED
480   J60     STARTED
-1    J60     FINISHED
520   J70     RELEASED
520   J70     STARTED
-1    J70     FINISHED
840   J11     FINISHED (DEADLINE MISS)
840   J12     FINISHED (DEADLINE MISS)
840   J14     FINISHED (DEADLINE MISS)
840   J15     FINISHED (DEADLINE MISS)
560   J10     RELEASED
560   J10     STARTED
-1    J10     FINISHED
560   J11     RELEASED
-1    J11     STARTED
-1    J11     FINISHED
600   J20     RELEASED
600   J20     STARTED
-1    J20     FINISHED
640   J30     RELEASED
640   J30     STARTED
-1    J30     FINISHED
560   J13     RELEASED
676   J13     STARTED
-1    J13     FINISHED
680   J40     RELEASED
680   J40     STARTED
-1    J40     FINISHED
720   J50     RELEASED
720   J50     STARTED
-1    J50     FINISHED
560   J14     RELEASED
-1    J14     STARTED
-1    J14     FINISHED
760   J60     RELEASED
760   J60     STARTED
-1    J60     FINISHED
800   J70     RELEASED
800   J70     STARTED
-1    J70     FINISHED
1120  J11     FINISHED (DEADLINE MISS)
1120  J12     FINISHED (DEADLINE MISS)
1120  J14     FINISHED (DEADLINE MISS)
1120  J15     FINISHED (DEADLINE MISS)
840   J10     RELEASED
840   J10     STARTED
-1    J10     FINISHED
840   J11     RELEASED
-1    J11     STARTED
-1    J11     FINISHED
880   J20     RELEASED
880   J20     STARTED
-1    J20     FINISHED
920   J30     RELEASED
920   J30     STARTED
-1    J30     FINISHED
840   J13     RELEASED
956   J13     STARTED
-1    J13     FINISHED
960   J40     RELEASED
960   J40     STARTED
-1    J40     FINISHED
1000  J50     RELEASED
1000  J50     STARTED
-1    J50     FINISHED
840   J14     RELEASED
-1    J14     STARTED
-1    J14     FINISHED
1040  J60     RELEASED
1040  J60     STARTED
-1    J60     FINISHED
1080  J70     RELEASED
1080  J70     STARTED
-1    J70     FINISHED
1400  J11     FINISHED (DEADLINE MISS)
1400  J12     FINISHED (DEADLINE MISS)
1400  J14     FINISHED (DEADLINE MISS)
1400  J15     FINISHED (DEADLINE MISS)
1120  J10     RELEASED
1120  J10     STARTED
-1    J10     FINISHED
1120  J11     RELEASED
-1    J11     STARTED
-1    J11     FINISHED
1160  J20     RELEASED
1160  J20     STARTED
-1    J20     FINISHED
1200  J30     RELEASED
1200  J30     STARTED
-1    J30     FINISHED
1120  J13     RELEASED
1236  J13     STARTED
-1    J13     FINISHED
1240  J40     RELEASED
1240  J40     STARTED
-1    J40     FINISHED
1280  J50     RELEASED
1280  J50     STARTED
-1    J50     FINISHED
1120  J14     RELEASED
-1    J14     STARTED
-1    J14     FINISHED
1320  J60     RELEASED
1320  J60     STARTED
-1    J60     FINISHED
1360  J70     RELEASED
1360  J70     STARTED
-1    J70     FINISHED
1680  J11     FINISHED (DEADLINE MISS)
1680  J12     FINISHED (DEADLINE MISS)
1680  J14     FINISHED (DEADLINE MISS)
1680  J15     FINISHED (DEADLINE MISS)
1400  J10     RELEASED
1400  J10     STARTED
-1    J10     FINISHED
1400  J11     RELEASED
-1    J11     STARTED
-1    J11     FINISHED
1440  J20     RELEASED
1440  J20     STARTED
-1    J20     FINISHED
1480  J30     RELEASED
1480  J30     STARTED
-1    J30     FINISHED
1400  J13     RELEASED
1516  J13     STARTED
-1    J13     FINISHED
1520  J40     RELEASED
1520  J40     STARTED
-1    J40     FINISHED
1560  J50     RELEASED
1560  J50     STARTED
-1    J50     FINISHED
1400  J14     RELEASED
-1    J14     STARTED
-1    J14     FINISHED
1600  J60     RELEASED
1600  J60     STARTED
-1    J60     FINISHED
1640  J70     RELEASED
1640  J70     STARTED
-1    J70     FINISHED
1960  J11     FINISHED (DEADLINE MISS)
1960  J12     FINISHED (DEADLINE MISS)
1960  J14     FINISHED (DEADLINE MISS)
1960  J15     FINISHED (DEADLINE MISS)
1680  J10     RELEASED
1680  J10     STARTED
-1    J10     FINISHED
1680  J11     RELEASED
-1    J11     STARTED
-1    J11     FINISHED
1720  J20     RELEASED
1720  J20     STARTED
-1    J20     FINISHED
1760  J30     RELEASED
1760  J30     STARTED
-1    J30     FINISHED
1680  J13     RELEASED
1796  J13     STARTED
-1    J13     FINISHED
1800  J40     RELEASED
1800  J40     STARTED
-1    J40     FINISHED
1840  J50     RELEASED
1840  J50     STARTED
-1    J50     FINISHED
1680  J14     RELEASED
-1    J14     STARTED
-1    J14     FINISHED
1880  J60     RELEASED
1880  J60     STARTED
-1    J60     FINISHED
1920  J70     RELEASED
1920  J70     STARTED
-1    J70     FINISHED
2240  J11     FINISHED (DEADLINE MISS)
2240  J12     FINISHED (DEADLINE MISS)
2240  J14     FINISHED (DEADLINE MISS)
2240  J15     FINISHED (DEADLINE MISS)
1960  J10     RELEASED
1960  J10     STARTED
-1    J10     FINISHED
1960  J11     RELEASED
-1    J11     STARTED
-1    J11     FINISHED
2000  J20     RELEASED
2000  J20     STARTED
-1    J20     FINISHED
2040  J30     RELEASED
2040  J30     STARTED
-1    J30     FINISHED
1960  J13     RELEASED
2076  J13     STARTED
-1    J13     FINISHED
2080  J40     RELEASED
2080  J40     STARTED
-1    J40     FINISHED
2120  J50     RELEASED
2120  J50     STARTED
-1    J50     FINISHED
1960  J14     RELEASED
-1    J14     STARTED
-1    J14     FINISHED
2160  J60     RELEASED
2160  J60     STARTED
-1    J60     FINISHED
2200  J70     RELEASED
2200  J70     STARTED
-1    J70     FINISHED
2520  J11     FINISHED (DEADLINE MISS)
2520  J12     FINISHED (DEADLINE MISS)
2520  J14     FINISHED (DEADLINE MISS)
2520  J15     FINISHED (DEADLINE MISS)
2240  J10     RELEASED
2240  J10     STARTED
-1    J10     FINISHED
2240  J11     RELEASED
-1    J11     STARTED
-1    J11     FINISHED
2280  J20     RELEASED
2280  J20     STARTED
-1    J20     FINISHED
2320  J30     RELEASED
2320  J30     STARTED
-1    J30     FINISHED
2240  J13     RELEASED
2356  J13     STARTED
-1    J13     FINISHED
2360  J40     RELEASED
2360  J40     STARTED
-1    J40     FINISHED
2400  J50     RELEASED
2400  J50     STARTED
-1    J50     FINISHED
2240  J14     RELEASED
-1    J14     STARTED
-1    J14     FINISHED
2440  J60     RELEASED
2440  J60     STARTED
-1    J60     FINISHED
2480  J70     RELEASED
2480  J70     STARTED
-1    J70     FINISHED
2800  J11     FINISHED (DEADLINE MISS)
2800  J12     FINISHED (DEADLINE MISS)
2800  J14     FINISHED (DEADLINE MISS)
2800  J15     FINISHED (DEADLINE MISS)
2520  J10     RELEASED
2520  J10     STARTED
-1    J10     FINISHED
2520  J11     RELEASED
-1    J11     STARTED
-1    J11     FINISHED
2560  J20     RELEASED
2560  J20     STARTED
-1    J20     FINISHED
2600  J30     RELEASED
2600  J30     STARTED
-1    J30     FINISHED
2520  J13     RELEASED
2636  J13     STARTED
-1    J13     FINISHED
2640  J40     RELEASED
2640  J40     STARTED
-1    J40     FINISHED
2680  J50     RELEASED
2680  J50     STARTED
-1    J50     FINISHED
2520  J14     RELEASED
-1    J14     STARTED
-1    J14     FINISHED
2720  J60     RELEASED
2720  J60     STARTED
-1    J60     FINISHED
2760  J70     RELEASED
2760  J70     STARTED
-1    J70     FINISHED
3080  J11     FINISHED (DEADLINE MISS)
3080  J12     FINISHED (DEADLINE MISS)
3080  J14     FINISHED (DEADLINE MISS)
3080  J15     FINISHED (DEADLINE MISS)
2800  J10     RELEASED
2800  J10     STARTED
-1    J10     FINISHED
2800  J11     RELEASED
-1    J11     STARTED
-1    J11     FINISHED
2840  J20     RELEASED
2840  J20     STARTED
-1    J20     FINISHED
2880  J30     RELEASED
2880  J30     STARTED
-1    J30     FINISHED
2800  J13     RELEASED
2916  J13     STARTED
-1    J13     FINISHED
2920  J40     RELEASED
2920  J40     STARTED
-1    J40     FINISHED
2960  J50     RELEASED
2960  J50     STARTED
-1    J50     FINISHED
2800  J14     RELEASED
-1    J14     STARTED
-1    J14     FINISHED
3000  J60     RELEASED
3000  J60     STARTED
-1    J60     FINISHED
3040  J70     RELEASED
3040  J70     STARTED
-1    J70     FINISHED
3360  J11     FINISHED (DEADLINE MISS)
3360  J12     FINISHED (DEADLINE MISS)
3360  J14     FINISHED (DEADLINE MISS)
3360  J15     FINISHED (DEADLINE MISS)
3080  J10     RELEASED
3080  J10     STARTED
-1    J10     FINISHED
3080  J11     RELEASED
-1    J11     STARTED
-1    J11     FINISHED
3120  J20     RELEASED
3120  J20     STARTED
-1    J20     FINISHED
3160  J30     RELEASED
3160  J30     STARTED
-1    J30     FINISHED
3080  J13     RELEASED
3196  J13     STARTED
-1    J13     FINISHED
3200  J40     RELEASED
3200  J40     STARTED
-1    J40     FINISHED
3240  J50     RELEASED
3240  J50     STARTED
-1    J50     FINISHED
3080  J14     RELEASED
-1    J14     STARTED
-1    J14     FINISHED
3280  J60     RELEASED
3280  J60     STARTED
-1    J60     FINISHED
3320  J70     RELEASED
3320  J70     STARTED
-1    J70     FINISHED
3640  J11     FINISHED (DEADLINE MISS)
3640  J12     FINISHED (DEADLINE MISS)
3640  J14     FINISHED (DEADLINE MISS)
3640  J15     FINISHED (DEADLINE MISS)
3360  J10     RELEASED
3360  J10     STARTED
-1    J10     FINISHED
3360  J11     RELEASED
-1    J11     STARTED
-1    J11     FINISHED
3400  J20     RELEASED
3400  J20     STARTED
-1    J20     FINISHED
3440  J30     RELEASED
3440  J30     STARTED
-1    J30     FINISHED
3360  J13     RELEASED
3476  J13     STARTED
-1    J13     FINISHED
3480  J40     RELEASED
3480  J40     STARTED
-1    J40     FINISHED
3520  J50     RELEASED
3520  J50     STARTED
-1    J50     FINISHED
3360  J14     RELEASED
-1    J14     STARTED
-1    J14     FINISHED
3560  J60     RELEASED
3560  J60     STARTED
-1    J60     FINISHED
3600  J70     RELEASED
3600  J70     STARTED
-1    J70     FINISHED
3920  J11     FINISHED (DEADLINE MISS)
3920  J12     FINISHED (DEADLINE MISS)
3920  J14     FINISHED (DEADLINE MISS)
3920  J15     FINISHED (DEADLINE MISS)
3640  J10     RELEASED
3640  J10     STARTED
-1    J10     FINISHED
3640  J11     RELEASED
-1    J11     STARTED
-1    J11     FINISHED
3680  J20     RELEASED
3680  J20     STARTED
-1    J20     FINISHED
3720  J30     RELEASED
3720  J30     STARTED
-1    J30     FINISHED
3640  J13     RELEASED
3756  J13     STARTED
-1    J13     FINISHED
3760  J40     RELEASED
3760  J40     STARTED
-1    J40     FINISHED
3800  J50     RELEASED
3800  J50     STARTED
-1    J50     FINISHED
3640  J14     RELEASED
-1    J14     STARTED
-1    J14     FINISHED
3840  J60     RELEASED
3840  J60     STARTED
-1    J60     FINISHED
3880  J70     RELEASED
3880  J70     STARTED
-1    J70     FINISHED
4200  J11     FINISHED (DEADLINE MISS)
4200  J12     FINISHED (DEADLINE MISS)
4200  J14     FINISHED (DEADLINE MISS)
4200  J15     FINISHED (DEADLINE MISS)
3920  J10     RELEASED
3920  J10     STARTED
-1    J10     FINISHED
3920  J11     RELEASED
-1    J11     STARTED
-1    J11     FINISHED
3960  J20     RELEASED
3960  J20     STARTED
-1    J20     FINISHED
4000  J30     RELEASED
4000  J30     STARTED
-1    J30     FINISHED
3920  J13     RELEASED
4036  J13     STARTED
-1    J13     FINISHED
4040  J40     RELEASED
4040  J40     STARTED
-1    J40     FINISHED
4080  J50     RELEASED
4080  J50     STARTED
-1    J50     FINISHED
3920  J14     RELEASED
-1    J14     STARTED
-1    J14     FINISHED
4120  J60     RELEASED
4120  J60     STARTED
-1    J60     FINISHED
4160  J70     RELEASED
4160  J70     STARTED
-1    J70     FINISHED
4480  J11     FINISHED (DEADLINE MISS)
4480  J12     FINISHED (DEADLINE MISS)
4480  J14     FINISHED (DEADLINE MISS)
4480  J15     FINISHED (DEADLINE MISS)
4200  J10     RELEASED
4200  J10     STARTED
-1    J10     FINISHED
4200  J11     RELEASED
-1    J11     STARTED
-1    J11     FINISHED
4240  J20     RELEASED
4240  J20     STARTED
-1    J20     FINISHED
4280  J30     RELEASED
4280  J30     STARTED
-1    J30     FINISHED
4200  J13     RELEASED
4316  J13     STARTED
-1    J13     FINISHED
4320  J40     RELEASED
4320  J40     STARTED
-1    J40     FINISHED
4360  J50     RELEASED
4360  J50     STARTED
-1    J50     FINISHED
4200  J14     RELEASED
-1    J14     STARTED
-1    J14     FINISHED
4400  J60     RELEASED
4400  J60     STARTED
-1    J60     FINISHED
4440  J70     RELEASED
4440  J70     STARTED
-1    J70     FINISHED
4760  J11     FINISHED (DEADLINE MISS)
4760  J12     FINISHED (DEADLINE MISS)
4760  J14     FINISHED (DEADLINE MISS)
4760  J15     FINISHED (DEADLINE MISS)
4480  J10     RELEASED
4480  J10     STARTED
-1    J10     FINISHED
4480  J11     RELEASED
-1    J11     STARTED
-1    J11     FINISHED
4520  J20     RELEASED
4520  J20     STARTED
-1    J20     FINISHED
4560  J30     RELEASED
4560  J30     STARTED
-1    J30     FINISHED
4480  J13     RELEASED
4596  J13     STARTED
-1    J13     FINISHED
4600  J40     RELEASED
4600  J40     STARTED
-1    J40     FINISHED
4640  J50     RELEASED
4640  J50     STARTED
-1    J50     FINISHED
4480  J14     RELEASED
-1    J14     STARTED
-1    J14     FINISHED
4680  J60     RELEASED
4680  J60     STARTED
-1    J60     FINISHED
4720  J70     RELEASED
4720  J70     STARTED
-1    J70     FINISHED
5040  J11     FINISHED (DEADLINE MISS)
5040  J12     FINISHED (DEADLINE MISS)
5040  J14     FINISHED (DEADLINE MISS)
5040  J15     FINISHED (DEADLINE MISS)
4760  J10     RELEASED
4760  J10     STARTED
-1    J10     FINISHED
4760  J11     RELEASED
-1    J11     STARTED
-1    J11     FINISHED
4800  J20     RELEASED
4800  J20     STARTED
-1    J20     FINISHED
4840  J30     RELEASED
4840  J30     STARTED
-1    J30     FINISHED
4760  J13     RELEASED
4876  J13     STARTED
-1    J13     FINISHED
4880  J40     RELEASED
4880  J40     STARTED
-1    J40     FINISHED
4920  J50     RELEASED
4920  J50     STARTED
-1    J50     FINISHED
4760  J14     RELEASED
-1    J14     STARTED
-1    J14     FINISHED
4960  J60     RELEASED
4960  J60     STARTED
-1    J60     FINISHED
5000  J70     RELEASED
5000  J70     STARTED
-1    J70     FINISHED
5320  J11     FINISHED (DEADLINE MISS)
5320  J12     FINISHED (DEADLINE MISS)
5320  J14     FINISHED (DEADLINE MISS)
5320  J15     FINISHED (DEADLINE MISS)
5040  J10     RELEASED
5040  J10     STARTED
-1    J10     FINISHED
5040  J11     RELEASED
-1    J11     STARTED
-1    J11     FINISHED
5080  J20     RELEASED
5080  J20     STARTED
-1    J20     FINISHED
5120  J30     RELEASED
5120  J30     STARTED
-1    J30     FINISHED
5040  J13     RELEASED
5156  J13     STARTED
-1    J13     FINISHED
5160  J40     RELEASED
5160  J40     STARTED
-1    J40     FINISHED
5200  J50     RELEASED
5200  J50     STARTED
-1    J50     FINISHED
5040  J14     RELEASED
-1    J14     STARTED
-1    J14     FINISHED
5240  J60     RELEASED
5240  J60     STARTED
-1    J60     FINISHED
5280  J70     RELEASED
5280  J70     STARTED
-1    J70     FINISHED
5600  J11     FINISHED (DEADLINE MISS)
5600  J12     FINISHED (DEADLINE MISS)
5600  J14     FINISHED (DEADLINE MISS)
5600  J15     FINISHED (DEADLINE MISS)
5320  J10     RELEASED
5320  J10     STARTED
-1    J10     FINISHED
5320  J11     RELEASED
-1    J11     STARTED
-1    J11     FINISHED
5360  J20     RELEASED
5360  J20     STARTED
-1    J20     FINISHED
5400  J30     RELEASED
5400  J30     STARTED
-1    J30     FINISHED
5320  J13     RELEASED
5436  J13     STARTED
-1    J13     FINISHED
5440  J40     RELEASED
5440  J40     STARTED
-1    J40     FINISHED
5480  J50     RELEASED
5480  J50     STARTED
-1    J50     FINISHED
5320  J14     RELEASED
-1    J14     STARTED
-1    J14     FINISHED
5520  J60     RELEASED
5520  J60     STARTED
-1    J60     FINISHED
5560  J70     RELEASED
5560  J70     STARTED
-1    J70     FINISHED
5880  J11     FINISHED (DEADLINE MISS)
5880  J12     FINISHED (DEADLINE MISS)
5880  J14     FINISHED (DEADLINE MISS)
5880  J15     FINISHED (DEADLINE MISS)
5600  J10     RELEASED
5600  J10     STARTED
-1    J10     FINISHED
5600  J11     RELEASED
-1    J11     STARTED
-1    J11     FINISHED
5640  J20     RELEASED
5640  J20     STARTED
-1    J20     FINISHED
5680  J30     RELEASED
5680  J30     STARTED
-1    J30     FINISHED
5600  J13     RELEASED
5716  J13     STARTED
-1    J13     FINISHED
5720  J40     RELEASED
5720  J40     STARTED
-1    J40     FINISHED
5760  J50     RELEASED
5760  J50     STARTED
-1    J50     FINISHED
5600  J14     RELEASED
-1    J14     STARTED
-1    J14     FINISHED
5800  J60     RELEASED
5800  J60     STARTED
-1    J60     FINISHED
5840  J70     RELEASED
5840  J70     STARTED
-1    J70     FINISHED
6160  J11     FINISHED (DEADLINE MISS)
6160  J12     FINISHED (DEADLINE MISS)
6160  J14     FINISHED (DEADLINE MISS)
6160  J15     FINISHED (DEADLINE MISS)
5880  J10     RELEASED
5880  J10     STARTED
-1    J10     FINISHED
5880  J11     RELEASED
-1    J11     STARTED
-1    J11     FINISHED
5920  J20     RELEASED
5920  J20     STARTED
-1    J20     FINISHED
5960  J30     RELEASED
5960  J30     STARTED
-1    J30     FINISHED
5880  J13     RELEASED
5996  J13     STARTED
-1    J13     FINISHED
6000  J40     RELEASED
6000  J40     STARTED
-1    J40     FINISHED
6040  J50     RELEASED
6040  J50     STARTED
-1    J50     FINISHED
5880  J14     RELEASED
-1    J14     STARTED
-1    J14     FINISHED
6080  J60     RELEASED
6080  J60     STARTED
-1    J60     FINISHED
6120  J70     RELEASED
6120  J70     STARTED
-1    J70     FINISHED
6440  J11     FINISHED (DEADLINE MISS)
6440  J12     FINISHED (DEADLINE MISS)
6440  J14     FINISHED (DEADLINE MISS)
6440  J15     FINISHED (DEADLINE MISS)
6160  J10     RELEASED
6160  J10     STARTED
-1    J10     FINISHED
6160  J11     RELEASED
-1    J11     STARTED
-1    J11     FINISHED
6200  J20     RELEASED
6200  J20     STARTED
-1    J20     FINISHED
6240  J30     RELEASED
6240  J30     STARTED
-1    J30     FINISHED
6160  J13     RELEASED
6276  J13     STARTED
-1    J13     FINISHED
6280  J40     RELEASED
6280  J40     STARTED
-1    J40     FINISHED
6320  J50     RELEASED
6320  J50     STARTED
-1    J50     FINISHED
6160  J14     RELEASED
-1    J14     STARTED
-1    J14     FINISHED
6360  J60     RELEASED
6360  J60     STARTED
-1    J60     FINISHED
6400  J70     RELEASED
6400  J70     STARTED
-1    J70     FINISHED
6720  J11     FINISHED (DEADLINE MISS)
6720  J12     FINISHED (DEADLINE MISS)
6720  J14     FINISHED (DEADLINE MISS)
6720  J15     FINISHED (DEADLINE MISS)
6440  J10     RELEASED
6440  J10     STARTED
-1    J10     FINISHED
6440  J11     RELEASED
-1    J11     STARTED
-1    J11     FINISHED
6480  J20     RELEASED
6480  J20     STARTED
-1    J20     FINISHED
6520  J30     RELEASED
6520  J30     STARTED
-1    J30     FINISHED
6440  J13     RELEASED
6556  J13     STARTED
-1    J13     FINISHED
6560  J40     RELEASED
6560  J40     STARTED
-1    J40     FINISHED
6600  J50     RELEASED
6600  J50     STARTED
-1    J50     FINISHED
6440  J14     RELEASED
-1    J14     STARTED
-1    J14     FINISHED
6640  J60     RELEASED
6640  J60     STARTED
-1    J60     FINISHED
6680  J70     RELEASED
6680  J70     STARTED
-1    J70     FINISHED
7000  J11     FINISHED (DEADLINE MISS)
7000  J12     FINISHED (DEADLINE MISS)
7000  J14     FINISHED (DEADLINE MISS)
7000  J15     FINISHED (DEADLINE MISS)
6720  J10     RELEASED
6720  J10     STARTED
-1    J10     FINISHED
6720  J11     RELEASED
-1    J11     STARTED
-1    J11     FINISHED
6760  J20     RELEASED
6760  J20     STARTED
-1    J20     FINISHED
6800  J30     RELEASED
6800  J30     STARTED
-1    J30     FINISHED
6720  J13     RELEASED
6836  J13     STARTED
-1    J13     FINISHED
6840  J40     RELEASED
6840  J40     STARTED
-1    J40     FINISHED
6880  J50     RELEASED
6880  J50     STARTED
-1    J50     FINISHED
6720  J14     RELEASED
-1    J14     STARTED
-1    J14     FINISHED
6920  J60     RELEASED
6920  J60     STARTED
-1    J60     FINISHED
