CC        0         READ      24        0x00 0x00 0x00 0x00 0x00 0x00 0x00 0x00 0x00 0x00 0x00 0x00 0x00 0x00 0x00 0x00 0x00 0x00 0x00 0x00 0x00 0x00 0x00 0x00 
CC        40        WRITE     16        0x00 0x00 0x00 0x00 0x00 0x00 0x00 0x00 0x00 0x00 0x00 0x00 0x00 0x00 0x00 0x00 
CC        0         READ      24        0x00 0x00 0x00 0x00 0x00 0x00 0x00 0x00 0x00 0x00 0x00 0x00 0x00 0x00 0x00 0x00 0x00 0x00 0x00 0x00 0x00 0x00 0x00 0x00 
CC        140       WRITE     16        0x00 0x00 0x00 0x00 0x00 0x00 0x00 0x00 0x00 0x00 0x00 0x00 0x00 0x00 0x00 0x00 
CC        240       WRITE     16        0x00 0x00 0x00 0x00 0x00 0x00 0x00 0x00 0x00 0x00 0x00 0x00 0x00 0x00 0x00 0x00 
CC        0         READ      24        0x00 0x00 0x00 0x00 0x00 0x00 0x00 0x00 0x00 0x00 0x00 0x00 0x00 0x00 0x00 0x00 0x00 0x00 0x00 0x00 0x00 0x00 0x00 0x00 
CC        340       WRITE     16        0x00 0x00 0x00 0x00 0x00 0x00 0x00 0x00 0x00 0x00 0x00 0x00 0x00 0x00 0x00 0x00 
CC        0         READ      24        0x00 0x00 0x00 0x00 0x00 0x00 0x00 0x00 0x00 0x00 0x00 0x00 0x00 0x00 0x00 0x00 0x00 0x00 0x00 0x00 0x00 0x00 0x00 0x00 
CC        440       WRITE     16        0x00 0x00 0x00 0x00 0x00 0x00 0x00 0x00 0x00 0x00 0x00 0x00 0x00 0x00 0x00 0x00 
CC        500       READ      24        0x00 0x00 0x00 0x00 0x00 0x00 0x00 0x00 0x00 0x00 0x00 0x00 0x00 0x00 0x00 0x00 0x00 0x00 0x00 0x00 0x00 0x00 0x00 0x00 
CC        540       WRITE     16        0x00 0x00 0x00 0x00 0x00 0x00 0x00 0x00 0x00 0x00 0x00 0x00 0x00 0x00 0x00 0x00 
CC        640       WRITE     16        0x00 0x00 0x00 0x00 0x00 0x00 0x00 0x00 0x00 0x00 0x00 0x00 0x00 0x00 0x00 0x00 
CC        500       READ      24        0x00 0x00 0x00 0x00 0x00 0x00 0x00 0x00 0x00 0x00 0x00 0x00 0x00 0x00 0x00 0x00 0x00 0x00 0x00 0x00 0x00 0x00 0x00 0x00 
CC        740       WRITE     16        0x00 0x00 0x00 0x00 0x00 0x00 0x00 0x00 0x00 0x00 0x00 0x00 0x00 0x00 0x00 0x00 
CC        500       READ      24        0x00 0x00 0x00 0x00 0x00 0x00 0x00 0x00 0x00 0x00 0x00 0x00 0x00 0x00 0x00 0x00 0x00 0x00 0x00 0x00 0x00 0x00 0x00 0x00 
CC        840       WRITE     16        0x00 0x00 0x00 0x00 0x00 0x00 0x00 0x00 0x00 0x00 0x00 0x00 0x00 0x00 0x00 0x00 
CC        940       WRITE     16        0x00 0x00 0x00 0x00 0x00 0x00 0x00 0x00 0x00 0x00 0x00 0x00 0x00 0x00 0x00 0x00 
CC        1000      READ      24        0xec 0x5c 0xfe 0xff 0x00 0xb4 0xc4 0x40 0x10 0x27 0x00 0x00 0xfd 0xff 0xff 0xff 0x10 0x27 0x00 0x00 0xda 0x33 0x00 0x00 
CC        1040      WRITE     16        0xe0 0xc8 0x10 0x00 0x00 0x00 0x00 0x00 0x00 0x00 0x00 0x00 0xdc 0x50 0x00 0x00 
CC        1000      READ      24        0xec 0x5c 0xfe 0xff 0x00 0xb4 0xc4 0x40 0x10 0x27 0x00 0x00 0xfd 0xff 0xff 0xff 0x10 0x27 0x00 0x00 0xda 0x33 0x00 0x00 
CC        1140      WRITE     16        0xe0 0xc8 0x10 0x00 0x00 0x00 0x00 0x00 0x00 0x00 0x00 0x00 0xdc 0x50 0x00 0x00 
CC        1000      READ      24        0xec 0x5c 0xfe 0xff 0x00 0xb4 0xc4 0x40 0x10 0x27 0x00 0x00 0xfd 0xff 0xff 0xff 0x10 0x27 0x00 0x00 0xda 0x33 0x00 0x00 
CC        1240      WRITE     16        0xe0 0xc8 0x10 0x00 0x00 0x00 0x00 0x00 0x00 0x00 0x00 0x00 0xdc 0x50 0x00 0x00 
CC        1000      READ      24        0xec 0x5c 0xfe 0xff 0x00 0xb4 0xc4 0x40 0x10 0x27 0x00 0x00 0xfd 0xff 0xff 0xff 0x10 0x27 0x00 0x00 0xda 0x33 0x00 0x00 
CC        1340      WRITE     16        0xe0 0xc8 0x10 0x00 0x00 0x00 0x00 0x00 0x00 0x00 0x00 0x00 0xdc 0x50 0x00 0x00 
CC        1000      READ      24        0xec 0x5c 0xfe 0xff 0x00 0xb4 0xc4 0x40 0x10 0x27 0x00 0x00 0xfd 0xff 0xff 0xff 0x10 0x27 0x00 0x00 0xda 0x33 0x00 0x00 
CC        1440      WRITE     16        0xe0 0xc8 0x10 0x00 0x00 0x00 0x00 0x00 0x00 0x00 0x00 0x00 0xdc 0x50 0x00 0x00 
CC        1500      READ      24        0xec 0x5c 0xfe 0xff 0x00 0xb4 0xc4 0x40 0x10 0x27 0x00 0x00 0xfd 0xff 0xff 0xff 0x10 0x27 0x00 0x00 0xda 0x33 0x00 0x00 
CC        1540      WRITE     16        0xe0 0xc8 0x10 0x00 0x00 0x00 0x00 0x00 0x00 0x00 0x00 0x00 0xdc 0x50 0x00 0x00 
CC        1500      READ      24        0xec 0x5c 0xfe 0xff 0x00 0xb4 0xc4 0x40 0x10 0x27 0x00 0x00 0xfd 0xff 0xff 0xff 0x10 0x27 0x00 0x00 0xda 0x33 0x00 0x00 
CC        1640      WRITE     16        0xe0 0xc8 0x10 0x00 0x00 0x00 0x00 0x00 0x00 0x00 0x00 0x00 0xdc 0x50 0x00 0x00 
CC        1500      READ      24        0xec 0x5c 0xfe 0xff 0x00 0xb4 0xc4 0x40 0x10 0x27 0x00 0x00 0xfd 0xff 0xff 0xff 0x10 0x27 0x00 0x00 0xda 0x33 0x00 0x00 
CC        1740      WRITE     16        0xe0 0xc8 0x10 0x00 0x00 0x00 0x00 0x00 0x00 0x00 0x00 0x00 0xdc 0x50 0x00 0x00 
CC        1500      READ      24        0xec 0x5c 0xfe 0xff 0x00 0xb4 0xc4 0x40 0x10 0x27 0x00 0x00 0xfd 0xff 0xff 0xff 0x10 0x27 0x00 0x00 0xda 0x33 0x00 0x00 
CC        1840      WRITE     16        0xe0 0xc8 0x10 0x00 0x00 0x00 0x00 0x00 0x00 0x00 0x00 0x00 0xdc 0x50 0x00 0x00 
CC        1940      WRITE     16        0xe0 0xc8 0x10 0x00 0x00 0x00 0x00 0x00 0x00 0x00 0x00 0x00 0xdc 0x50 0x00 0x00 
CC        2000      READ      24        0x34 0x31 0x30 0x00 0x00 0xb4 0xc4 0x40 0x10 0x27 0x00 0x00 0x94 0xbd 0x00 0x00 0x10 0x27 0x00 0x00 0xbf 0x33 0x00 0x00 
CC        2040      WRITE     16        0xe0 0xc8 0x10 0x00 0x00 0x00 0x00 0x00 0x00 0x00 0x00 0x00 0xdc 0x50 0x00 0x00 
CC        2000      READ      24        0x34 0x31 0x30 0x00 0x00 0xb4 0xc4 0x40 0x10 0x27 0x00 0x00 0x1e 0x49 0x10 0x00 0x10 0x27 0x00 0x00 0x47 0x33 0x00 0x00 
CC        2140      WRITE     16        0xe0 0xc8 0x10 0x00 0x00 0x00 0x00 0x00 0x00 0x00 0x00 0x00 0xdc 0x50 0x00 0x00 
CC        2000      READ      24        0x34 0x31 0x30 0x00 0x00 0xb4 0xc4 0x40 0x10 0x27 0x00 0x00 0x91 0xda 0x10 0x00 0x10 0x27 0x00 0x00 0x81 0x32 0x00 0x00 
CC        2240      WRITE     16        0xe0 0xc8 0x10 0x00 0x00 0x00 0x00 0x00 0x00 0x00 0x00 0x00 0xdc 0x50 0x00 0x00 
CC        2000      READ      24        0x34 0x31 0x30 0x00 0x00 0xb4 0xc4 0x40 0x10 0x27 0x00 0x00 0xeb 0x63 0x20 0x00 0x10 0x27 0x00 0x00 0x78 0x31 0x00 0x00 
CC        2340      WRITE     16        0xe0 0xc8 0x10 0x00 0x00 0x00 0x00 0x00 0x00 0x00 0x00 0x00 0xdc 0x50 0x00 0x00 
CC        2000      READ      24        0x34 0x31 0x30 0x00 0x00 0xb4 0xc4 0x40 0x10 0x27 0x00 0x00 0x8f 0xda 0x20 0x00 0x10 0x27 0x00 0x00 0x64 0x30 0x00 0x00 
CC        2440      WRITE     16        0xe0 0xc8 0x10 0x00 0x00 0x00 0x00 0x00 0x00 0x00 0x00 0x00 0xdc 0x50 0x00 0x00 
CC        2500      READ      24        0x34 0x31 0x30 0x00 0x00 0xb4 0xc4 0x40 0x10 0x27 0x00 0x00 0xa9 0x84 0x30 0x00 0x10 0x27 0x00 0x00 0x66 0x2e 0x00 0x00 
CC        2540      WRITE     16        0xe0 0xc8 0x10 0x00 0x00 0x00 0x00 0x00 0x00 0x00 0x00 0x00 0xdc 0x50 0x00 0x00 
CC        2500      READ      24        0x34 0x31 0x30 0x00 0x00 0xb4 0xc4 0x40 0x10 0x27 0x00 0x00 0x56 0xfd 0x30 0x00 0x10 0x27 0x00 0x00 0xc1 0x2c 0x00 0x00 
CC        2640      WRITE     16        0xe0 0xc8 0x10 0x00 0x00 0x00 0x00 0x00 0x00 0x00 0x00 0x00 0xdc 0x50 0x00 0x00 
CC        2500      READ      24        0x34 0x31 0x30 0x00 0x00 0xb4 0xc4 0x40 0x10 0x27 0x00 0x00 0x86 0xc0 0x40 0x00 0x10 0x27 0x00 0x00 0xb2 0x29 0x00 0x00 
CC        2740      WRITE     16        0xe0 0xc8 0x10 0x00 0x00 0x00 0x00 0x00 0x00 0x00 0x00 0x00 0xdc 0x50 0x00 0x00 
CC        2500      READ      24        0x34 0x31 0x30 0x00 0x00 0xb4 0xc4 0x40 0x10 0x27 0x00 0x00 0xb9 0x6c 0x50 0x00 0x10 0x27 0x00 0x00 0x7a 0x26 0x00 0x00 
CC        2840      WRITE     16        0xe0 0xc8 0x10 0x00 0x00 0x00 0x00 0x00 0x00 0x00 0x00 0x00 0xdc 0x50 0x00 0x00 
CC        2500      READ      24        0x34 0x31 0x30 0x00 0x00 0xb4 0xc4 0x40 0x10 0x27 0x00 0x00 0x27 0xf1 0x50 0x00 0x10 0x27 0x00 0x00 0x83 0x22 0x00 0x00 
CC        2940      WRITE     16        0xe0 0xc8 0x10 0x00 0x00 0x00 0x00 0x00 0x00 0x00 0x00 0x00 0xdc 0x50 0x00 0x00 
CC        3000      READ      24        0x34 0x31 0x30 0x00 0x00 0xb4 0xc4 0x40 0x10 0x27 0x00 0x00 0xc3 0x8a 0x60 0x00 0x10 0x27 0x00 0x00 0xf6 0x1d 0x00 0x00 
CC        3040      WRITE     16        0xe0 0xc8 0x10 0x00 0x00 0x00 0x00 0x00 0x00 0x00 0x00 0x00 0xdc 0x50 0x00 0x00 
CC        3000      READ      24        0x34 0x31 0x30 0x00 0x00 0xb4 0xc4 0x40 0x10 0x27 0x00 0x00 0x63 0x6e 0x70 0x00 0x10 0x27 0x00 0x00 0xe3 0x16 0x00 0x00 
CC        3140      WRITE     16        0xe0 0xc8 0x10 0x00 0x00 0x00 0x00 0x00 0x00 0x00 0x00 0x00 0xdc 0x50 0x00 0x00 
CC        3000      READ      24        0x34 0x31 0x30 0x00 0x00 0xb4 0xc4 0x40 0x10 0x27 0x00 0x00 0x3d 0x26 0x80 0x00 0x10 0x27 0x00 0x00 0x9a 0xf0 0x00 0x00 
CC        3240      WRITE     16        0xe0 0xc8 0x10 0x00 0x00 0x00 0x00 0x00 0x00 0x00 0x00 0x00 0xdc 0x50 0x00 0x00 
CC        3340      WRITE     16        0xe0 0xc8 0x10 0x00 0x00 0x00 0x00 0x00 0x00 0x00 0x00 0x00 0xdc 0x50 0x00 0x00 
CC        3000      READ      24        0x34 0x31 0x30 0x00 0x00 0xb4 0xc4 0x40 0x10 0x27 0x00 0x00 0x46 0x8d 0x90 0x00 0x10 0x27 0x00 0x00 0x35 0xfc 0xff 0xff 
CC        3440      WRITE     16        0xe0 0xc8 0x10 0x00 0x00 0x00 0x00 0x00 0x00 0x00 0x00 0x00 0xa0 0x00 0x00 0x00 
CC        3540      WRITE     16        0xe0 0xc8 0x10 0x00 0x00 0x00 0x00 0x00 0xdc 0x50 0x00 0x00 0x00 0x00 0x00 0x00 
CC        3500      READ      24        0x34 0x31 0x30 0x00 0x00 0xb4 0xc4 0x40 0x10 0x27 0x00 0x00 0x34 0xfb 0xa0 0x00 0x10 0x27 0x00 0x00 0x92 0xef 0xff 0xff 
CC        3640      WRITE     16        0xe0 0xc8 0x10 0x00 0x00 0x00 0x00 0x00 0xdc 0x50 0x00 0x00 0x00 0x00 0x00 0x00 
CC        3740      WRITE     16        0xe0 0xc8 0x10 0x00 0x00 0x00 0x00 0x00 0xdc 0x50 0x00 0x00 0x00 0x00 0x00 0x00 
CC        3500      READ      24        0x34 0x31 0x30 0x00 0x00 0xb4 0xc4 0x40 0x10 0x27 0x00 0x00 0xed 0x42 0xc0 0x00 0x10 0x27 0x00 0x00 0x70 0xee 0xff 0xff 
CC        3840      WRITE     16        0xe0 0xc8 0x10 0x00 0x00 0x00 0x00 0x00 0xdc 0x50 0x00 0x00 0x00 0x00 0x00 0x00 
CC        3940      WRITE     16        0xe0 0xc8 0x10 0x00 0x00 0x00 0x00 0x00 0xdc 0x50 0x00 0x00 0x00 0x00 0x00 0x00 
CC        4000      READ      24        0x34 0x31 0x30 0x00 0x00 0xb4 0xc4 0x40 0x10 0x27 0x00 0x00 0xe1 0x54 0xd0 0x00 0x10 0x27 0x00 0x00 0x96 0xf1 0xff 0xff 
CC        4040      WRITE     16        0xe0 0xc8 0x10 0x00 0x00 0x00 0x00 0x00 0xdc 0x50 0x00 0x00 0x00 0x00 0x00 0x00 
CC        4000      READ      24        0xaa 0x5f 0x20 0x00 0x00 0xb4 0xc4 0x40 0x10 0x27 0x00 0x00 0x38 0xd1 0xd0 0x00 0x10 0x27 0x00 0x00 0xd4 0xf4 0xff 0xff 
CC        4140      WRITE     16        0xe0 0xc8 0x10 0x00 0x00 0x00 0x00 0x00 0xdc 0x50 0x00 0x00 0x00 0x00 0x00 0x00 
CC        4000      READ      24        0xaa 0x5f 0x20 0x00 0x00 0xb4 0xc4 0x40 0x10 0x27 0x00 0x00 0x6f 0x3f 0xe0 0x00 0x10 0x27 0x00 0x00 0xd6 0xf8 0xff 0xff 
CC        4240      WRITE     16        0xe0 0xc8 0x10 0x00 0x00 0x00 0x00 0x00 0xdc 0x50 0x00 0x00 0x00 0x00 0x00 0x00 
CC        4340      WRITE     16        0xe0 0xc8 0x10 0x00 0x00 0x00 0x00 0x00 0x10 0x20 0x00 0x00 0x00 0x00 0x00 0x00 
CC        4000      READ      24        0xaa 0x5f 0x20 0x00 0x00 0xb4 0xc4 0x40 0x10 0x27 0x00 0x00 0x58 0x3f 0xf0 0x00 0x10 0x27 0x00 0x00 0xdf 0x30 0x00 0x00 
CC        4440      WRITE     16        0xe0 0xc8 0x10 0x00 0x00 0x00 0x00 0x00 0x00 0x00 0x00 0x00 0xe2 0x20 0x00 0x00 
CC        4500      READ      24        0xaa 0x5f 0x20 0x00 0x00 0xb4 0xc4 0x40 0x10 0x27 0x00 0x00 0x40 0xd3 0xf0 0x00 0x10 0x27 0x00 0x00 0x70 0x50 0x00 0x00 
CC        4540      WRITE     16        0xe0 0xc8 0x10 0x00 0x00 0x00 0x00 0x00 0x00 0x00 0x00 0x00 0x9c 0x50 0x00 0x00 
CC        4640      WRITE     16        0xe0 0xc8 0x10 0x00 0x00 0x00 0x00 0x00 0x00 0x00 0x00 0x00 0x37 0x30 0x00 0x00 
CC        4500      READ      24        0xaa 0x5f 0x20 0x00 0x00 0xb4 0xc4 0x40 0x10 0x27 0x00 0x00 0x8c 0xc7 0x10 0x00 0x10 0x27 0x00 0x00 0xba 0xfe 0xff 0xff 
CC        4740      WRITE     16        0xe0 0xc8 0x10 0x00 0x00 0x00 0x00 0x00 0x6f 0x00 0x00 0x00 0x00 0x00 0x00 0x00 
CC        4500      READ      24        0xaa 0x5f 0x20 0x00 0x00 0xb4 0xc4 0x40 0x10 0x27 0x00 0x00 0x37 0x52 0x11 0x00 0x10 0x27 0x00 0x00 0xc1 0xfc 0xff 0xff 
CC        4840      WRITE     16        0x00 0x00 0x00 0x00 0x00 0x00 0x00 0x00 0x2c 0x30 0x00 0x00 0x00 0x00 0x00 0x00 
CC        4500      READ      24        0xaa 0x5f 0x20 0x00 0x00 0xb4 0xc4 0x40 0x10 0x27 0x00 0x00 0xfc 0x72 0x11 0x00 0x10 0x27 0x00 0x00 0xbe 0xfe 0xff 0xff 
CC        4940      WRITE     16        0x00 0x00 0x00 0x00 0x00 0x00 0x00 0x00 0xa6 0x20 0x00 0x00 0x00 0x00 0x00 0x00 
CC        5000      READ      24        0xaa 0x5f 0x20 0x00 0x00 0xb4 0xc4 0x40 0x10 0x27 0x00 0x00 0xa1 0x46 0x11 0x00 0x10 0x27 0x00 0x00 0xf0 0x30 0x00 0x00 
CC        5040      WRITE     16        0x00 0x00 0x00 0x00 0x00 0x00 0x00 0x00 0x00 0x00 0x00 0x00 0x1d 0x20 0x00 0x00 
CC        5000      READ      24        0xaa 0x5f 0x20 0x00 0x00 0xb4 0xc4 0x40 0x10 0x27 0x00 0x00 0x74 0x24 0x11 0x00 0x10 0x27 0x00 0x00 0xfa 0x20 0x00 0x00 
CC        5140      WRITE     16        0x00 0x00 0x00 0x00 0x00 0x00 0x00 0x00 0x00 0x00 0x00 0x00 0x52 0x30 0x00 0x00 
CC        5000      READ      24        0xaa 0x5f 0x20 0x00 0x00 0xb4 0xc4 0x40 0x10 0x27 0x00 0x00 0x7d 0x10 0x11 0x00 0x10 0x27 0x00 0x00 0x28 0x00 0x00 0x00 
CC        5240      WRITE     16        0x00 0x00 0x00 0x00 0x00 0x00 0x00 0x00 0x00 0x00 0x00 0x00 0x00 0x10 0x00 0x00 
CC        5000      READ      24        0xaa 0x5f 0x20 0x00 0x00 0xb4 0xc4 0x40 0x10 0x27 0x00 0x00 0x10 0xd7 0x10 0x00 0x10 0x27 0x00 0x00 0x1a 0xfd 0xff 0xff 
CC        5340      WRITE     16        0x00 0x00 0x00 0x00 0x00 0x00 0x00 0x00 0x73 0x20 0x00 0x00 0x00 0x00 0x00 0x00 
CC        5440      WRITE     16        0xe0 0xc8 0x10 0x00 0x00 0x00 0x00 0x00 0xc8 0x10 0x00 0x00 0x00 0x00 0x00 0x00 
CC        5540      WRITE     16        0xe0 0xc8 0x10 0x00 0x00 0x00 0x00 0x00 0x00 0x00 0x00 0x00 0xd0 0x00 0x00 0x00 
CC        5500      READ      24        0xaa 0x5f 0x20 0x00 0x00 0xb4 0xc4 0x40 0x10 0x27 0x00 0x00 0x41 0x37 0x11 0x00 0x10 0x27 0x00 0x00 0xa1 0x10 0x00 0x00 
CC        5640      WRITE     16        0x00 0x00 0x00 0x00 0x00 0x00 0x00 0x00 0x00 0x00 0x00 0x00 0xb5 0x10 0x00 0x00 
CC        5500      READ      24        0xaa 0x5f 0x20 0x00 0x00 0xb4 0xc4 0x40 0x10 0x27 0x00 0x00 0xf4 0x35 0x11 0x00 0x10 0x27 0x00 0x00 0xfa 0xff 0xff 0xff 
CC        5740      WRITE     16        0x00 0x00 0x00 0x00 0x00 0x00 0x00 0x00 0x00 0x00 0x00 0x00 0x6d 0x00 0x00 0x00 
CC        5500      READ      24        0xaa 0x5f 0x20 0x00 0x00 0xb4 0xc4 0x40 0x10 0x27 0x00 0x00 0x5f 0x14 0x11 0x00 0x10 0x27 0x00 0x00 0x80 0xff 0xff 0xff 
CC        5840      WRITE     16        0x00 0x00 0x00 0x00 0x00 0x00 0x00 0x00 0xc8 0x00 0x00 0x00 0x00 0x00 0x00 0x00 
CC        5500      READ      24        0xaa 0x5f 0x20 0x00 0x00 0xb4 0xc4 0x40 0x10 0x27 0x00 0x00 0xe0 0xf3 0x10 0x00 0x10 0x27 0x00 0x00 0x60 0xff 0xff 0xff 
CC        5940      WRITE     16        0x00 0x00 0x00 0x00 0x00 0x00 0x00 0x00 0xc9 0x00 0x00 0x00 0x00 0x00 0x00 0x00 
CC        6000      READ      24        0xaa 0x5f 0x20 0x00 0x00 0xb4 0xc4 0x40 0x10 0x27 0x00 0x00 0xbd 0xc9 0x10 0x00 0x10 0x27 0x00 0x00 0x5f 0x00 0x00 0x00 
CC        6040      WRITE     16        0x00 0x00 0x00 0x00 0x00 0x00 0x00 0x00 0x00 0x00 0x00 0x00 0x25 0x00 0x00 0x00 
CC        6000      READ      24        0xaa 0x5f 0x20 0x00 0x00 0xb4 0xc4 0x40 0x10 0x27 0x00 0x00 0xe3 0xa0 0x10 0x00 0x10 0x27 0x00 0x00 0xfb 0x00 0x00 0x00 
CC        6140      WRITE     16        0xe0 0xc8 0x10 0x00 0x00 0x00 0x00 0x00 0x00 0x00 0x00 0x00 0xed 0x00 0x00 0x00 
CC        6000      READ      24        0xaa 0x5f 0x20 0x00 0x00 0xb4 0xc4 0x40 0x10 0x27 0x00 0x00 0x5a 0xbd 0x10 0x00 0x10 0x27 0x00 0x00 0x22 0x00 0x00 0x00 
CC        6240      WRITE     16        0xe0 0xc8 0x10 0x00 0x00 0x00 0x00 0x00 0x00 0x00 0x00 0x00 0x94 0x00 0x00 0x00 
CC        6000      READ      24        0xaa 0x5f 0x20 0x00 0x00 0xb4 0xc4 0x40 0x10 0x27 0x00 0x00 0xe0 0x2c 0x11 0x00 0x10 0x27 0x00 0x00 0x62 0xff 0xff 0xff 
CC        6340      WRITE     16        0x00 0x00 0x00 0x00 0x00 0x00 0x00 0x00 0x70 0x00 0x00 0x00 0x00 0x00 0x00 0x00 
CC        6000      READ      24        0xaa 0x5f 0x20 0x00 0x00 0xb4 0xc4 0x40 0x10 0x27 0x00 0x00 0x67 0x2b 0x11 0x00 0x10 0x27 0x00 0x00 0x82 0xff 0xff 0xff 
CC        6440      WRITE     16        0x00 0x00 0x00 0x00 0x00 0x00 0x00 0x00 0xa5 0x00 0x00 0x00 0x00 0x00 0x00 0x00 
CC        6500      READ      24        0xaa 0x5f 0x20 0x00 0x00 0xb4 0xc4 0x40 0x10 0x27 0x00 0x00 0xf0 0x90 0x11 0x00 0x10 0x27 0x00 0x00 0x21 0x00 0x00 0x00 
CC        6540      WRITE     16        0x00 0x00 0x00 0x00 0x00 0x00 0x00 0x00 0xd0 0x00 0x00 0x00 0x00 0x00 0x00 0x00 
CC        6640      WRITE     16        0x00 0x00 0x00 0x00 0x00 0x00 0x00 0x00 0x00 0x00 0x00 0x00 0x8d 0x00 0x00 0x00 
CC        6500      READ      24        0xaa 0x5f 0x20 0x00 0x00 0xb4 0xc4 0x40 0x10 0x27 0x00 0x00 0x9b 0xbf 0x10 0x00 0x10 0x27 0x00 0x00 0x39 0x00 0x00 0x00 
CC        6740      WRITE     16        0xe0 0xc8 0x10 0x00 0x00 0x00 0x00 0x00 0x00 0x00 0x00 0x00 0x5a 0x00 0x00 0x00 
CC        6500      READ      24        0xaa 0x5f 0x20 0x00 0x00 0xb4 0xc4 0x40 0x10 0x27 0x00 0x00 0xdd 0xbf 0x10 0x00 0x10 0x27 0x00 0x00 0xf3 0xff 0xff 0xff 
CC        6840      WRITE     16        0xe0 0xc8 0x10 0x00 0x00 0x00 0x00 0x00 0xb0 0x00 0x00 0x00 0x00 0x00 0x00 0x00 
CC        6500      READ      24        0xaa 0x5f 0x20 0x00 0x00 0xb4 0xc4 0x40 0x10 0x27 0x00 0x00 0x5f 0x26 0x11 0x00 0x10 0x27 0x00 0x00 0xe8 0xff 0xff 0xff 
CC        6940      WRITE     16        0x00 0x00 0x00 0x00 0x00 0x00 0x00 0x00 0x15 0x00 0x00 0x00 0x00 0x00 0x00 0x00 
CC        7000      READ      24        0xaa 0x5f 0x20 0x00 0x00 0xb4 0xc4 0x40 0x10 0x27 0x00 0x00 0x84 0x49 0x11 0x00 0x10 0x27 0x00 0x00 0xda 0xff 0xff 0xff 
CC        7040      WRITE     16        0x00 0x00 0x00 0x00 0x00 0x00 0x00 0x00 0x23 0x00 0x00 0x00 0x00 0x00 0x00 0x00 
CC        7000      READ      24        0xaa 0x5f 0x20 0x00 0x00 0xb4 0xc4 0x40 0x10 0x27 0x00 0x00 0xf7 0x27 0x11 0x00 0x10 0x27 0x00 0x00 0xcf 0xff 0xff 0xff 
CC        7140      WRITE     16        0x00 0x00 0x00 0x00 0x00 0x00 0x00 0x00 0x2e 0x00 0x00 0x00 0x00 0x00 0x00 0x00 
CC        7000      READ      24        0xaa 0x5f 0x20 0x00 0x00 0xb4 0xc4 0x40 0x10 0x27 0x00 0x00 0xfa 0xf5 0x10 0x00 0x10 0x27 0x00 0x00 0xbe 0xff 0xff 0xff 
CC        7240      WRITE     16        0x00 0x00 0x00 0x00 0x00 0x00 0x00 0x00 0x3c 0x00 0x00 0x00 0x00 0x00 0x00 0x00 
CC        7000      READ      24        0xaa 0x5f 0x20 0x00 0x00 0xb4 0xc4 0x40 0x10 0x27 0x00 0x00 0x35 0xdd 0x10 0x00 0x10 0x27 0x00 0x00 0xb6 0xff 0xff 0xff 
CC        7340      WRITE     16        0x00 0x00 0x00 0x00 0x00 0x00 0x00 0x00 0x4a 0x00 0x00 0x00 0x00 0x00 0x00 0x00 
CC        7000      READ      24        0xaa 0x5f 0x20 0x00 0x00 0xb4 0xc4 0x40 0x10 0x27 0x00 0x00 0x12 0xac 0x10 0x00 0x10 0x27 0x00 0x00 0xa5 0xff 0xff 0xff 
CC        7440      WRITE     16        0xe0 0xc8 0x10 0x00 0x00 0x00 0x00 0x00 0x55 0x00 0x00 0x00 0x00 0x00 0x00 0x00 
CC        7540      WRITE     16        0xe0 0xc8 0x10 0x00 0x00 0x00 0x00 0x00 0x66 0x00 0x00 0x00 0x00 0x00 0x00 0x00 
CC        7500      READ      24        0xaa 0x5f 0x20 0x00 0x00 0xb4 0xc4 0x40 0x10 0x27 0x00 0x00 0x17 0x37 0x11 0x00 0x10 0x27 0x00 0x00 0xe3 0xff 0xff 0xff 
CC        7640      WRITE     16        0x00 0x00 0x00 0x00 0x00 0x00 0x00 0x00 0x37 0x00 0x00 0x00 0x00 0x00 0x00 0x00 
CC        7500      READ      24        0xaa 0x5f 0x20 0x00 0x00 0xb4 0xc4 0x40 0x10 0x27 0x00 0x00 0x4f 0x36 0x11 0x00 0x10 0x27 0x00 0x00 0x22 0x00 0x00 0x00 
CC        7740      WRITE     16        0x00 0x00 0x00 0x00 0x00 0x00 0x00 0x00 0x00 0x00 0x00 0x00 0x1d 0x00 0x00 0x00 
CC        7500      READ      24        0xaa 0x5f 0x20 0x00 0x00 0xb4 0xc4 0x40 0x10 0x27 0x00 0x00 0xd8 0x14 0x11 0x00 0x10 0x27 0x00 0x00 0x38 0x00 0x00 0x00 
CC        7840      WRITE     16        0x00 0x00 0x00 0x00 0x00 0x00 0x00 0x00 0x00 0x00 0x00 0x00 0x32 0x00 0x00 0x00 
CC        7500      READ      24        0xaa 0x5f 0x20 0x00 0x00 0xb4 0xc4 0x40 0x10 0x27 0x00 0x00 0x98 0xf3 0x10 0x00 0x10 0x27 0x00 0x00 0x4e 0x00 0x00 0x00 
CC        7940      WRITE     16        0x00 0x00 0x00 0x00 0x00 0x00 0x00 0x00 0x00 0x00 0x00 0x00 0x48 0x00 0x00 0x00 
CC        8000      READ      24        0xaa 0x5f 0x20 0x00 0x00 0xb4 0xc4 0x40 0x10 0x27 0x00 0x00 0x68 0xca 0x10 0x00 0x10 0x27 0x00 0x00 0x69 0x00 0x00 0x00 
CC        8040      WRITE     16        0x00 0x00 0x00 0x00 0x00 0x00 0x00 0x00 0x00 0x00 0x00 0x00 0x63 0x00 0x00 0x00 
CC        8000      READ      24        0xaa 0x5f 0x20 0x00 0x00 0xb4 0xc4 0x40 0x10 0x27 0x00 0x00 0xb9 0xa9 0x10 0x00 0x10 0x27 0x00 0x00 0x7e 0x00 0x00 0x00 
CC        8140      WRITE     16        0xe0 0xc8 0x10 0x00 0x00 0x00 0x00 0x00 0x00 0x00 0x00 0x00 0x79 0x00 0x00 0x00 
CC        8000      READ      24        0xaa 0x5f 0x20 0x00 0x00 0xb4 0xc4 0x40 0x10 0x27 0x00 0x00 0x2d 0xbe 0x10 0x00 0x10 0x27 0x00 0x00 0xa0 0x00 0x00 0x00 
CC        8240      WRITE     16        0xe0 0xc8 0x10 0x00 0x00 0x00 0x00 0x00 0x00 0x00 0x00 0x00 0x2a 0x00 0x00 0x00 
CC        8000      READ      24        0xaa 0x5f 0x20 0x00 0x00 0xb4 0xc4 0x40 0x10 0x27 0x00 0x00 0xf3 0x2c 0x11 0x00 0x10 0x27 0x00 0x00 0xe0 0xff 0xff 0xff 
CC        8340      WRITE     16        0x00 0x00 0x00 0x00 0x00 0x00 0x00 0x00 0x1b 0x00 0x00 0x00 0x00 0x00 0x00 0x00 
CC        8000      READ      24        0xaa 0x5f 0x20 0x00 0x00 0xb4 0xc4 0x40 0x10 0x27 0x00 0x00 0x4d 0x2c 0x11 0x00 0x10 0x27 0x00 0x00 0xc8 0xff 0xff 0xff 
CC        8440      WRITE     16        0x00 0x00 0x00 0x00 0x00 0x00 0x00 0x00 0x33 0x00 0x00 0x00 0x00 0x00 0x00 0x00 
CC        8540      WRITE     16        0x00 0x00 0x00 0x00 0x00 0x00 0x00 0x00 0x4d 0x00 0x00 0x00 0x00 0x00 0x00 0x00 
CC        8500      READ      24        0xaa 0x5f 0x20 0x00 0x00 0xb4 0xc4 0x40 0x10 0x27 0x00 0x00 0x79 0xe1 0x10 0x00 0x10 0x27 0x00 0x00 0x9a 0xff 0xff 0xff 
CC        8640      WRITE     16        0x00 0x00 0x00 0x00 0x00 0x00 0x00 0x00 0x61 0x00 0x00 0x00 0x00 0x00 0x00 0x00 
CC        8500      READ      24        0xaa 0x5f 0x20 0x00 0x00 0xb4 0xc4 0x40 0x10 0x27 0x00 0x00 0x74 0xb8 0x10 0x00 0x10 0x27 0x00 0x00 0x80 0xff 0xff 0xff 
CC        8740      WRITE     16        0xe0 0xc8 0x10 0x00 0x00 0x00 0x00 0x00 0x7b 0x00 0x00 0x00 0x00 0x00 0x00 0x00 
CC        8500      READ      24        0xaa 0x5f 0x20 0x00 0x00 0xb4 0xc4 0x40 0x10 0x27 0x00 0x00 0xd9 0xc0 0x10 0x00 0x10 0x27 0x00 0x00 0xdd 0xff 0xff 0xff 
CC        8840      WRITE     16        0xe0 0xc8 0x10 0x00 0x00 0x00 0x00 0x00 0x43 0x00 0x00 0x00 0x00 0x00 0x00 0x00 
CC        8500      READ      24        0xaa 0x5f 0x20 0x00 0x00 0xb4 0xc4 0x40 0x10 0x27 0x00 0x00 0x90 0x43 0x11 0x00 0x10 0x27 0x00 0x00 0x40 0x00 0x00 0x00 
CC        8940      WRITE     16        0x00 0x00 0x00 0x00 0x00 0x00 0x00 0x00 0x43 0x00 0x00 0x00 0x00 0x00 0x00 0x00 
CC        9000      READ      24        0xaa 0x5f 0x20 0x00 0x00 0xb4 0xc4 0x40 0x10 0x27 0x00 0x00 0x77 0x4a 0x11 0x00 0x10 0x27 0x00 0x00 0x11 0x00 0x00 0x00 
CC        9040      WRITE     16        0x00 0x00 0x00 0x00 0x00 0x00 0x00 0x00 0x00 0x00 0x00 0x00 0xd0 0x00 0x00 0x00 
CC        9000      READ      24        0xaa 0x5f 0x20 0x00 0x00 0xb4 0xc4 0x40 0x10 0x27 0x00 0x00 0x88 0x20 0x11 0x00 0x10 0x27 0x00 0x00 0x22 0x00 0x00 0x00 
CC        9140      WRITE     16        0x00 0x00 0x00 0x00 0x00 0x00 0x00 0x00 0x00 0x00 0x00 0x00 0x1f 0x00 0x00 0x00 
CC        9000      READ      24        0xaa 0x5f 0x20 0x00 0x00 0xb4 0xc4 0x40 0x10 0x27 0x00 0x00 0x33 0xff 0x10 0x00 0x10 0x27 0x00 0x00 0x30 0x00 0x00 0x00 
CC        9240      WRITE     16        0x00 0x00 0x00 0x00 0x00 0x00 0x00 0x00 0x00 0x00 0x00 0x00 0x2d 0x00 0x00 0x00 
CC        9000      READ      24        0xaa 0x5f 0x20 0x00 0x00 0xb4 0xc4 0x40 0x10 0x27 0x00 0x00 0xe8 0xd5 0x10 0x00 0x10 0x27 0x00 0x00 0x42 0x00 0x00 0x00 
CC        9340      WRITE     16        0x00 0x00 0x00 0x00 0x00 0x00 0x00 0x00 0x00 0x00 0x00 0x00 0x3e 0x00 0x00 0x00 
CC        9440      WRITE     16        0xe0 0xc8 0x10 0x00 0x00 0x00 0x00 0x00 0x00 0x00 0x00 0x00 0x4f 0x00 0x00 0x00 
CC        9540      WRITE     16        0xe0 0xc8 0x10 0x00 0x00 0x00 0x00 0x00 0x00 0x00 0x00 0x00 0x61 0x00 0x00 0x00 
CC        9500      READ      24        0xaa 0x5f 0x20 0x00 0x00 0xb4 0xc4 0x40 0x10 0x27 0x00 0x00 0x20 0x38 0x11 0x00 0x10 0x27 0x00 0x00 0x72 0x00 0x00 0x00 
CC        9640      WRITE     16        0x00 0x00 0x00 0x00 0x00 0x00 0x00 0x00 0x00 0x00 0x00 0x00 0x6e 0x00 0x00 0x00 
CC        9500      READ      24        0xaa 0x5f 0x20 0x00 0x00 0xb4 0xc4 0x40 0x10 0x27 0x00 0x00 0x99 0x3f 0x11 0x00 0x10 0x27 0x00 0x00 0xa6 0x00 0x00 0x00 
CC        9740      WRITE     16        0x00 0x00 0x00 0x00 0x00 0x00 0x00 0x00 0x00 0x00 0x00 0x00 0x41 0x00 0x00 0x00 
CC        9500      READ      24        0xaa 0x5f 0x20 0x00 0x00 0xb4 0xc4 0x40 0x10 0x27 0x00 0x00 0x81 0x17 0x11 0x00 0x10 0x27 0x00 0x00 0xd8 0x40 0x00 0x00 
CC        9840      WRITE     16        0x00 0x00 0x00 0x00 0x00 0x00 0x00 0x00 0x00 0x00 0x00 0x00 0xee 0x30 0x00 0x00 
CC        9500      READ      24        0xaa 0x5f 0x20 0x00 0x00 0xb4 0xc4 0x40 0x10 0x27 0x00 0x00 0x51 0xf0 0x10 0x00 0x10 0x27 0x00 0x00 0x3d 0x70 0x00 0x00 
CC        9940      WRITE     16        0x00 0x00 0x00 0x00 0x00 0x00 0x00 0x00 0x00 0x00 0x00 0x00 0xdc 0x50 0x00 0x00 
CC        10000     READ      24        0xaa 0x5f 0x20 0x00 0x00 0xb4 0xc4 0x40 0x10 0x27 0x00 0x00 0x9a 0xc5 0x10 0x00 0x10 0x27 0x00 0x00 0x5f 0x60 0x00 0x00 
CC        10040     WRITE     16        0xe0 0xc8 0x10 0x00 0x00 0x00 0x00 0x00 0x00 0x00 0x00 0x00 0xdc 0x50 0x00 0x00 
CC        10000     READ      24        0xaa 0x5f 0x20 0x00 0x00 0xb4 0xc4 0x40 0x10 0x27 0x00 0x00 0x79 0xcb 0x10 0x00 0x10 0x27 0x00 0x00 0x11 0x30 0x00 0x00 
CC        10140     WRITE     16        0x00 0x00 0x00 0x00 0x00 0x00 0x00 0x00 0x00 0x00 0x00 0x00 0xb1 0x30 0x00 0x00 
CC        10000     READ      24        0xaa 0x5f 0x20 0x00 0x00 0xb4 0xc4 0x40 0x10 0x27 0x00 0x00 0x35 0xd0 0x10 0x00 0x10 0x27 0x00 0x00 0xda 0x10 0x00 0x00 
CC        10240     WRITE     16        0x00 0x00 0x00 0x00 0x00 0x00 0x00 0x00 0x00 0x00 0x00 0x00 0x50 0x20 0x00 0x00 
CC        10000     READ      24        0xaa 0x5f 0x20 0x00 0x00 0xb4 0xc4 0x40 0x10 0x27 0x00 0x00 0xaf 0xa1 0x10 0x00 0x10 0x27 0x00 0x00 0x87 0x10 0x00 0x00 
CC        10340     WRITE     16        0xe0 0xc8 0x10 0x00 0x00 0x00 0x00 0x00 0x00 0x00 0x00 0x00 0x76 0x10 0x00 0x00 
CC        10000     READ      24        0xaa 0x5f 0x20 0x00 0x00 0xb4 0xc4 0x40 0x10 0x27 0x00 0x00 0x91 0xa9 0x10 0x00 0x10 0x27 0x00 0x00 0x4a 0x20 0x00 0x00 
CC        10440     WRITE     16        0xe0 0xc8 0x10 0x00 0x00 0x00 0x00 0x00 0x00 0x00 0x00 0x00 0x80 0x20 0x00 0x00 
CC        10500     READ      24        0xaa 0x5f 0x20 0x00 0x00 0xb4 0xc4 0x40 0x10 0x27 0x00 0x00 0xf0 0x39 0x11 0x00 0x10 0x27 0x00 0x00 0xff 0x30 0x00 0x00 
CC        10540     WRITE     16        0x00 0x00 0x00 0x00 0x00 0x00 0x00 0x00 0x00 0x00 0x00 0x00 0x68 0x30 0x00 0x00 
CC        10500     READ      24        0xaa 0x5f 0x20 0x00 0x00 0xb4 0xc4 0x40 0x10 0x27 0x00 0x00 0xfe 0x59 0x11 0x00 0x10 0x27 0x00 0x00 0xf7 0x40 0x00 0x00 
CC        10640     WRITE     16        0x00 0x00 0x00 0x00 0x00 0x00 0x00 0x00 0x00 0x00 0x00 0x00 0xe8 0x40 0x00 0x00 
CC        10500     READ      24        0xaa 0x5f 0x20 0x00 0x00 0xb4 0xc4 0x40 0x10 0x27 0x00 0x00 0xd3 0x38 0x11 0x00 0x10 0x27 0x00 0x00 0x9f 0x30 0x00 0x00 
CC        10740     WRITE     16        0x00 0x00 0x00 0x00 0x00 0x00 0x00 0x00 0x00 0x00 0x00 0x00 0x1a 0x40 0x00 0x00 
CC        10500     READ      24        0xaa 0x5f 0x20 0x00 0x00 0xb4 0xc4 0x40 0x10 0x27 0x00 0x00 0x82 0x60 0x11 0x00 0x10 0x27 0x00 0x00 0xe6 0x00 0x00 0x00 
CC        10840     WRITE     16        0x00 0x00 0x00 0x00 0x00 0x00 0x00 0x00 0x00 0x00 0x00 0x00 0x5a 0x10 0x00 0x00 
CC        10500     READ      24        0xaa 0x5f 0x20 0x00 0x00 0xb4 0xc4 0x40 0x10 0x27 0x00 0x00 0xed 0xd9 0x10 0x00 0x10 0x27 0x00 0x00 0x75 0x10 0x00 0x00 
CC        10940     WRITE     16        0x00 0x00 0x00 0x00 0x00 0x00 0x00 0x00 0x00 0x00 0x00 0x00 0xf7 0x00 0x00 0x00 
CC        11000     READ      24        0xaa 0x5f 0x20 0x00 0x00 0xb4 0xc4 0x40 0x10 0x27 0x00 0x00 0x94 0xbd 0x10 0x00 0x10 0x27 0x00 0x00 0xfc 0x20 0x00 0x00 
CC        11040     WRITE     16        0xe0 0xc8 0x10 0x00 0x00 0x00 0x00 0x00 0x00 0x00 0x00 0x00 0x8b 0x20 0x00 0x00 
CC        11000     READ      24        0xaa 0x5f 0x20 0x00 0x00 0xb4 0xc4 0x40 0x10 0x27 0x00 0x00 0xda 0xab 0x10 0x00 0x10 0x27 0x00 0x00 0x5c 0x40 0x00 0x00 
CC        11140     WRITE     16        0xe0 0xc8 0x10 0x00 0x00 0x00 0x00 0x00 0x00 0x00 0x00 0x00 0x32 0x40 0x00 0x00 
CC        11000     READ      24        0xaa 0x5f 0x20 0x00 0x00 0xb4 0xc4 0x40 0x10 0x27 0x00 0x00 0xd8 0x12 0x11 0x00 0x10 0x27 0x00 0x00 0x57 0x40 0x00 0x00 
CC        11240     WRITE     16        0x00 0x00 0x00 0x00 0x00 0x00 0x00 0x00 0x00 0x00 0x00 0x00 0x71 0x40 0x00 0x00 
CC        11000     READ      24        0xaa 0x5f 0x20 0x00 0x00 0xb4 0xc4 0x40 0x10 0x27 0x00 0x00 0xd6 0x31 0x11 0x00 0x10 0x27 0x00 0x00 0xc9 0x30 0x00 0x00 
CC        11340     WRITE     16        0x00 0x00 0x00 0x00 0x00 0x00 0x00 0x00 0x00 0x00 0x00 0x00 0xf8 0x30 0x00 0x00 
CC        11000     READ      24        0xaa 0x5f 0x20 0x00 0x00 0xb4 0xc4 0x40 0x10 0x27 0x00 0x00 0xf2 0x90 0x11 0x00 0x10 0x27 0x00 0x00 0x16 0x20 0x00 0x00 
CC        11440     WRITE     16        0x00 0x00 0x00 0x00 0x00 0x00 0x00 0x00 0x00 0x00 0x00 0x00 0x79 0x20 0x00 0x00 
CC        11500     READ      24        0xaa 0x5f 0x20 0x00 0x00 0xb4 0xc4 0x40 0x10 0x27 0x00 0x00 0x10 0xdc 0x10 0x00 0x10 0x27 0x00 0x00 0xc0 0x10 0x00 0x00 
CC        11540     WRITE     16        0x00 0x00 0x00 0x00 0x00 0x00 0x00 0x00 0x00 0x00 0x00 0x00 0x25 0x10 0x00 0x00 
CC        11500     READ      24        0xaa 0x5f 0x20 0x00 0x00 0xb4 0xc4 0x40 0x10 0x27 0x00 0x00 0x9b 0xb8 0x10 0x00 0x10 0x27 0x00 0x00 0x5f 0x20 0x00 0x00 
CC        11640     WRITE     16        0xe0 0xc8 0x10 0x00 0x00 0x00 0x00 0x00 0x00 0x00 0x00 0x00 0x20 0x20 0x00 0x00 
CC        11500     READ      24        0xaa 0x5f 0x20 0x00 0x00 0xb4 0xc4 0x40 0x10 0x27 0x00 0x00 0x7c 0xd3 0x10 0x00 0x10 0x27 0x00 0x00 0xac 0x30 0x00 0x00 
CC        11740     WRITE     16        0x00 0x00 0x00 0x00 0x00 0x00 0x00 0x00 0x00 0x00 0x00 0x00 0x69 0x30 0x00 0x00 
CC        11500     READ      24        0xaa 0x5f 0x20 0x00 0x00 0xb4 0xc4 0x40 0x10 0x27 0x00 0x00 0xf5 0xda 0x10 0x00 0x10 0x27 0x00 0x00 0x40 0x40 0x00 0x00 
CC        11840     WRITE     16        0x00 0x00 0x00 0x00 0x00 0x00 0x00 0x00 0x00 0x00 0x00 0x00 0xfc 0x30 0x00 0x00 
CC        11940     WRITE     16        0xe0 0xc8 0x10 0x00 0x00 0x00 0x00 0x00 0x00 0x00 0x00 0x00 0x44 0x30 0x00 0x00 
CC        12000     READ      24        0xaa 0x5f 0x20 0x00 0x00 0xb4 0xc4 0x40 0x10 0x27 0x00 0x00 0x2e 0xb4 0x10 0x00 0x10 0x27 0x00 0x00 0x47 0x20 0x00 0x00 
CC        12040     WRITE     16        0xe0 0xc8 0x10 0x00 0x00 0x00 0x00 0x00 0x00 0x00 0x00 0x00 0x67 0x20 0x00 0x00 
CC        12000     READ      24        0xaa 0x5f 0x20 0x00 0x00 0xb4 0xc4 0x40 0x10 0x27 0x00 0x00 0x28 0x44 0x11 0x00 0x10 0x27 0x00 0x00 0x77 0x20 0x00 0x00 
CC        12140     WRITE     16        0x00 0x00 0x00 0x00 0x00 0x00 0x00 0x00 0x00 0x00 0x00 0x00 0x4d 0x20 0x00 0x00 
CC        12240     WRITE     16        0x00 0x00 0x00 0x00 0x00 0x00 0x00 0x00 0x00 0x00 0x00 0x00 0x51 0x30 0x00 0x00 
CC        12000     READ      24        0xaa 0x5f 0x20 0x00 0x00 0xb4 0xc4 0x40 0x10 0x27 0x00 0x00 0x1a 0x1e 0x11 0x00 0x10 0x27 0x00 0x00 0x46 0x30 0x00 0x00 
CC        12340     WRITE     16        0x00 0x00 0x00 0x00 0x00 0x00 0x00 0x00 0x00 0x00 0x00 0x00 0x62 0x30 0x00 0x00 
CC        12000     READ      24        0xaa 0x5f 0x20 0x00 0x00 0xb4 0xc4 0x40 0x10 0x27 0x00 0x00 0xfe 0xfe 0x10 0x00 0x10 0x27 0x00 0x00 0xb4 0x20 0x00 0x00 
CC        12440     WRITE     16        0x00 0x00 0x00 0x00 0x00 0x00 0x00 0x00 0x00 0x00 0x00 0x00 0xd9 0x20 0x00 0x00 
CC        12500     READ      24        0xaa 0x5f 0x20 0x00 0x00 0xb4 0xc4 0x40 0x10 0x27 0x00 0x00 0x60 0xd1 0x10 0x00 0x10 0x27 0x00 0x00 0x4a 0x20 0x00 0x00 
CC        12540     WRITE     16        0x00 0x00 0x00 0x00 0x00 0x00 0x00 0x00 0x00 0x00 0x00 0x00 0x57 0x20 0x00 0x00 
CC        12500     READ      24        0xaa 0x5f 0x20 0x00 0x00 0xb4 0xc4 0x40 0x10 0x27 0x00 0x00 0xde 0xa4 0x10 0x00 0x10 0x27 0x00 0x00 0x9c 0x20 0x00 0x00 
CC        12640     WRITE     16        0xe0 0xc8 0x10 0x00 0x00 0x00 0x00 0x00 0x00 0x00 0x00 0x00 0x6d 0x20 0x00 0x00 
CC        12500     READ      24        0xaa 0x5f 0x20 0x00 0x00 0xb4 0xc4 0x40 0x10 0x27 0x00 0x00 0x8c 0xac 0x10 0x00 0x10 0x27 0x00 0x00 0x80 0x30 0x00 0x00 
CC        12740     WRITE     16        0xe0 0xc8 0x10 0x00 0x00 0x00 0x00 0x00 0x00 0x00 0x00 0x00 0xe6 0x20 0x00 0x00 
CC        12500     READ      24        0xaa 0x5f 0x20 0x00 0x00 0xb4 0xc4 0x40 0x10 0x27 0x00 0x00 0xd6 0x3b 0x11 0x00 0x10 0x27 0x00 0x00 0xa4 0x30 0x00 0x00 
CC        12840     WRITE     16        0x00 0x00 0x00 0x00 0x00 0x00 0x00 0x00 0x00 0x00 0x00 0x00 0x89 0x30 0x00 0x00 
CC        12500     READ      24        0xaa 0x5f 0x20 0x00 0x00 0xb4 0xc4 0x40 0x10 0x27 0x00 0x00 0xdd 0x41 0x11 0x00 0x10 0x27 0x00 0x00 0xda 0x30 0x00 0x00 
CC        12940     WRITE     16        0x00 0x00 0x00 0x00 0x00 0x00 0x00 0x00 0x00 0x00 0x00 0x00 0xe3 0x30 0x00 0x00 
CC        13000     READ      24        0xaa 0x5f 0x20 0x00 0x00 0xb4 0xc4 0x40 0x10 0x27 0x00 0x00 0x10 0x11 0x11 0x00 0x10 0x27 0x00 0x00 0x8d 0x20 0x00 0x00 
CC        13040     WRITE     16        0x00 0x00 0x00 0x00 0x00 0x00 0x00 0x00 0x00 0x00 0x00 0x00 0xcf 0x20 0x00 0x00 
CC        13000     READ      24        0xaa 0x5f 0x20 0x00 0x00 0xb4 0xc4 0x40 0x10 0x27 0x00 0x00 0x47 0xf1 0x10 0x00 0x10 0x27 0x00 0x00 0xff 0x10 0x00 0x00 
CC        13140     WRITE     16        0x00 0x00 0x00 0x00 0x00 0x00 0x00 0x00 0x00 0x00 0x00 0x00 0x17 0x20 0x00 0x00 
CC        13240     WRITE     16        0x00 0x00 0x00 0x00 0x00 0x00 0x00 0x00 0x00 0x00 0x00 0x00 0x54 0x20 0x00 0x00 
CC        13000     READ      24        0xaa 0x5f 0x20 0x00 0x00 0xb4 0xc4 0x40 0x10 0x27 0x00 0x00 0x85 0x9c 0x10 0x00 0x10 0x27 0x00 0x00 0x24 0x30 0x00 0x00 
CC        13340     WRITE     16        0xe0 0xc8 0x10 0x00 0x00 0x00 0x00 0x00 0x00 0x00 0x00 0x00 0xfb 0x20 0x00 0x00 
CC        13440     WRITE     16        0xe0 0xc8 0x10 0x00 0x00 0x00 0x00 0x00 0x00 0x00 0x00 0x00 0x40 0x30 0x00 0x00 
CC        13500     READ      24        0xaa 0x5f 0x20 0x00 0x00 0xb4 0xc4 0x40 0x10 0x27 0x00 0x00 0x4b 0x2f 0x11 0x00 0x10 0x27 0x00 0x00 0x59 0x30 0x00 0x00 
CC        13540     WRITE     16        0x00 0x00 0x00 0x00 0x00 0x00 0x00 0x00 0x00 0x00 0x00 0x00 0x55 0x30 0x00 0x00 
CC        13500     READ      24        0xaa 0x5f 0x20 0x00 0x00 0xb4 0xc4 0x40 0x10 0x27 0x00 0x00 0x6b 0x4c 0x11 0x00 0x10 0x27 0x00 0x00 0x6e 0x30 0x00 0x00 
CC        13640     WRITE     16        0x00 0x00 0x00 0x00 0x00 0x00 0x00 0x00 0x00 0x00 0x00 0x00 0x6e 0x30 0x00 0x00 
CC        13500     READ      24        0xaa 0x5f 0x20 0x00 0x00 0xb4 0xc4 0x40 0x10 0x27 0x00 0x00 0xef 0x19 0x11 0x00 0x10 0x27 0x00 0x00 0x82 0x20 0x00 0x00 
CC        13740     WRITE     16        0x00 0x00 0x00 0x00 0x00 0x00 0x00 0x00 0x00 0x00 0x00 0x00 0xad 0x20 0x00 0x00 
CC        13500     READ      24        0xaa 0x5f 0x20 0x00 0x00 0xb4 0xc4 0x40 0x10 0x27 0x00 0x00 0x30 0xf9 0x10 0x00 0x10 0x27 0x00 0x00 0x4f 0x20 0x00 0x00 
CC        13840     WRITE     16        0x00 0x00 0x00 0x00 0x00 0x00 0x00 0x00 0x00 0x00 0x00 0x00 0x55 0x20 0x00 0x00 
CC        13940     WRITE     16        0x00 0x00 0x00 0x00 0x00 0x00 0x00 0x00 0x00 0x00 0x00 0x00 0x9f 0x20 0x00 0x00 
CC        14000     READ      24        0xaa 0x5f 0x20 0x00 0x00 0xb4 0xc4 0x40 0x10 0x27 0x00 0x00 0x2a 0xa0 0x10 0x00 0x10 0x27 0x00 0x00 0x13 0x30 0x00 0x00 
CC        14040     WRITE     16        0xe0 0xc8 0x10 0x00 0x00 0x00 0x00 0x00 0x00 0x00 0x00 0x00 0xef 0x20 0x00 0x00 
CC        14000     READ      24        0xaa 0x5f 0x20 0x00 0x00 0xb4 0xc4 0x40 0x10 0x27 0x00 0x00 0xf7 0xb5 0x10 0x00 0x10 0x27 0x00 0x00 0x2f 0x30 0x00 0x00 
CC        14140     WRITE     16        0xe0 0xc8 0x10 0x00 0x00 0x00 0x00 0x00 0x00 0x00 0x00 0x00 0x2d 0x30 0x00 0x00 
CC        14000     READ      24        0xaa 0x5f 0x20 0x00 0x00 0xb4 0xc4 0x40 0x10 0x27 0x00 0x00 0xf7 0x2f 0x11 0x00 0x10 0x27 0x00 0x00 0x49 0x30 0x00 0x00 
CC        14240     WRITE     16        0x00 0x00 0x00 0x00 0x00 0x00 0x00 0x00 0x00 0x00 0x00 0x00 0x3b 0x30 0x00 0x00 
CC        14000     READ      24        0xaa 0x5f 0x20 0x00 0x00 0xb4 0xc4 0x40 0x10 0x27 0x00 0x00 0x1f 0x34 0x11 0x00 0x10 0x27 0x00 0x00 0x6f 0x30 0x00 0x00 
CC        14340     WRITE     16        0x00 0x00 0x00 0x00 0x00 0x00 0x00 0x00 0x00 0x00 0x00 0x00 0x6d 0x30 0x00 0x00 
CC        14000     READ      24        0xaa 0x5f 0x20 0x00 0x00 0xb4 0xc4 0x40 0x10 0x27 0x00 0x00 0x6e 0x90 0x11 0x00 0x10 0x27 0x00 0x00 0xd6 0x20 0x00 0x00 
CC        14440     WRITE     16        0x00 0x00 0x00 0x00 0x00 0x00 0x00 0x00 0x00 0x00 0x00 0x00 0xd6 0x20 0x00 0x00 
CC        14500     READ      24        0xaa 0x5f 0x20 0x00 0x00 0xb4 0xc4 0x40 0x10 0x27 0x00 0x00 0x85 0xd6 0x10 0x00 0x10 0x27 0x00 0x00 0x4a 0x20 0x00 0x00 
CC        14540     WRITE     16        0x00 0x00 0x00 0x00 0x00 0x00 0x00 0x00 0x00 0x00 0x00 0x00 0x54 0x20 0x00 0x00 
CC        14500     READ      24        0xaa 0x5f 0x20 0x00 0x00 0xb4 0xc4 0x40 0x10 0x27 0x00 0x00 0x95 0xb5 0x10 0x00 0x10 0x27 0x00 0x00 0x86 0x20 0x00 0x00 
CC        14640     WRITE     16        0xe0 0xc8 0x10 0x00 0x00 0x00 0x00 0x00 0x00 0x00 0x00 0x00 0x86 0x20 0x00 0x00 
CC        14740     WRITE     16        0xe0 0xc8 0x10 0x00 0x00 0x00 0x00 0x00 0x00 0x00 0x00 0x00 0x10 0x30 0x00 0x00 
CC        14500     READ      24        0xaa 0x5f 0x20 0x00 0x00 0xb4 0xc4 0x40 0x10 0x27 0x00 0x00 0x24 0x3c 0x11 0x00 0x10 0x27 0x00 0x00 0x7b 0x30 0x00 0x00 
CC        14840     WRITE     16        0x00 0x00 0x00 0x00 0x00 0x00 0x00 0x00 0x00 0x00 0x00 0x00 0x61 0x30 0x00 0x00 
CC        14500     READ      24        0xaa 0x5f 0x20 0x00 0x00 0xb4 0xc4 0x40 0x10 0x27 0x00 0x00 0x29 0x37 0x11 0x00 0x10 0x27 0x00 0x00 0xa2 0x30 0x00 0x00 
CC        14940     WRITE     16        0x00 0x00 0x00 0x00 0x00 0x00 0x00 0x00 0x00 0x00 0x00 0x00 0xb0 0x30 0x00 0x00 
CC        15000     READ      24        0xaa 0x5f 0x20 0x00 0x00 0xb4 0xc4 0x40 0x10 0x27 0x00 0x00 0x47 0xb0 0x11 0x00 0x10 0x27 0x00 0x00 0x9e 0x20 0x00 0x00 
CC        15040     WRITE     16        0x00 0x00 0x00 0x00 0x00 0x00 0x00 0x00 0x00 0x00 0x00 0x00 0xde 0x20 0x00 0x00 
CC        15140     WRITE     16        0x00 0x00 0x00 0x00 0x00 0x00 0x00 0x00 0x00 0x00 0x00 0x00 0xd9 0x10 0x00 0x00 
CC        15000     READ      24        0xaa 0x5f 0x20 0x00 0x00 0xb4 0xc4 0x40 0x10 0x27 0x00 0x00 0xb7 0xb6 0x10 0x00 0x10 0x27 0x00 0x00 0x45 0x20 0x00 0x00 
CC        15240     WRITE     16        0xe0 0xc8 0x10 0x00 0x00 0x00 0x00 0x00 0x00 0x00 0x00 0x00 0x15 0x20 0x00 0x00 
CC        15340     WRITE     16        0xe0 0xc8 0x10 0x00 0x00 0x00 0x00 0x00 0x00 0x00 0x00 0x00 0x4f 0x30 0x00 0x00 
CC        15000     READ      24        0xaa 0x5f 0x20 0x00 0x00 0xb4 0xc4 0x40 0x10 0x27 0x00 0x00 0xc0 0x25 0x11 0x00 0x10 0x27 0x00 0x00 0xda 0x30 0x00 0x00 
CC        15440     WRITE     16        0x00 0x00 0x00 0x00 0x00 0x00 0x00 0x00 0x00 0x00 0x00 0x00 0xcb 0x30 0x00 0x00 
CC        15500     READ      24        0xaa 0x5f 0x20 0x00 0x00 0xb4 0xc4 0x40 0x10 0x27 0x00 0x00 0xe0 0x37 0x11 0x00 0x10 0x27 0x00 0x00 0xcf 0x30 0x00 0x00 
CC        15540     WRITE     16        0x00 0x00 0x00 0x00 0x00 0x00 0x00 0x00 0x00 0x00 0x00 0x00 0xf5 0x30 0x00 0x00 
CC        15500     READ      24        0xaa 0x5f 0x20 0x00 0x00 0xb4 0xc4 0x40 0x10 0x27 0x00 0x00 0x7a 0xb0 0x11 0x00 0x10 0x27 0x00 0x00 0x6a 0x20 0x00 0x00 
CC        15640     WRITE     16        0x00 0x00 0x00 0x00 0x00 0x00 0x00 0x00 0x00 0x00 0x00 0x00 0x11 0x30 0x00 0x00 
CC        15500     READ      24        0xaa 0x5f 0x20 0x00 0x00 0xb4 0xc4 0x40 0x10 0x27 0x00 0x00 0x95 0xe8 0x10 0x00 0x10 0x27 0x00 0x00 0x8c 0x10 0x00 0x00 
CC        15740     WRITE     16        0x00 0x00 0x00 0x00 0x00 0x00 0x00 0x00 0x00 0x00 0x00 0x00 0xb3 0x10 0x00 0x00 
CC        15500     READ      24        0xaa 0x5f 0x20 0x00 0x00 0xb4 0xc4 0x40 0x10 0x27 0x00 0x00 0x4e 0xb7 0x10 0x00 0x10 0x27 0x00 0x00 0xe0 0x20 0x00 0x00 
CC        15840     WRITE     16        0xe0 0xc8 0x10 0x00 0x00 0x00 0x00 0x00 0x00 0x00 0x00 0x00 0xa9 0x10 0x00 0x00 
CC        15500     READ      24        0xaa 0x5f 0x20 0x00 0x00 0xb4 0xc4 0x40 0x10 0x27 0x00 0x00 0x6a 0xbc 0x10 0x00 0x10 0x27 0x00 0x00 0x27 0x30 0x00 0x00 
CC        15940     WRITE     16        0xe0 0xc8 0x10 0x00 0x00 0x00 0x00 0x00 0x00 0x00 0x00 0x00 0xd8 0x20 0x00 0x00 
CC        16040     WRITE     16        0x00 0x00 0x00 0x00 0x00 0x00 0x00 0x00 0x00 0x00 0x00 0x00 0x66 0x40 0x00 0x00 
CC        16000     READ      24        0xaa 0x5f 0x20 0x00 0x00 0xb4 0xc4 0x40 0x10 0x27 0x00 0x00 0x1d 0x62 0x11 0x00 0x10 0x27 0x00 0x00 0x89 0x40 0x00 0x00 
CC        16140     WRITE     16        0x00 0x00 0x00 0x00 0x00 0x00 0x00 0x00 0x00 0x00 0x00 0x00 0xb4 0x40 0x00 0x00 
CC        16000     READ      24        0xaa 0x5f 0x20 0x00 0x00 0xb4 0xc4 0x40 0x10 0x27 0x00 0x00 0x25 0x3e 0x11 0x00 0x10 0x27 0x00 0x00 0x1e 0x30 0x00 0x00 
CC        16240     WRITE     16        0x00 0x00 0x00 0x00 0x00 0x00 0x00 0x00 0x00 0x00 0x00 0x00 0x1e 0x30 0x00 0x00 
CC        16000     READ      24        0xaa 0x5f 0x20 0x00 0x00 0xb4 0xc4 0x40 0x10 0x27 0x00 0x00 0xda 0x70 0x11 0x00 0x10 0x27 0x00 0x00 0xa2 0x00 0x00 0x00 
CC        16340     WRITE     16        0x00 0x00 0x00 0x00 0x00 0x00 0x00 0x00 0x00 0x00 0x00 0x00 0xda 0x00 0x00 0x00 
CC        16000     READ      24        0xaa 0x5f 0x20 0x00 0x00 0xb4 0xc4 0x40 0x10 0x27 0x00 0x00 0x00 0xe0 0x10 0x00 0x10 0x27 0x00 0x00 0xc8 0x10 0x00 0x00 
CC        16440     WRITE     16        0x00 0x00 0x00 0x00 0x00 0x00 0x00 0x00 0x00 0x00 0x00 0x00 0x65 0x10 0x00 0x00 
CC        16500     READ      24        0xaa 0x5f 0x20 0x00 0x00 0xb4 0xc4 0x40 0x10 0x27 0x00 0x00 0x8f 0xb9 0x10 0x00 0x10 0x27 0x00 0x00 0xc4 0x30 0x00 0x00 
CC        16540     WRITE     16        0xe0 0xc8 0x10 0x00 0x00 0x00 0x00 0x00 0x00 0x00 0x00 0x00 0x64 0x30 0x00 0x00 
CC        16500     READ      24        0xaa 0x5f 0x20 0x00 0x00 0xb4 0xc4 0x40 0x10 0x27 0x00 0x00 0x33 0xc8 0x10 0x00 0x10 0x27 0x00 0x00 0x9c 0x40 0x00 0x00 
CC        16640     WRITE     16        0xe0 0xc8 0x10 0x00 0x00 0x00 0x00 0x00 0x00 0x00 0x00 0x00 0x98 0x40 0x00 0x00 
CC        16500     READ      24        0xaa 0x5f 0x20 0x00 0x00 0xb4 0xc4 0x40 0x10 0x27 0x00 0x00 0xaf 0x25 0x11 0x00 0x10 0x27 0x00 0x00 0xca 0x30 0x00 0x00 
CC        16740     WRITE     16        0x00 0x00 0x00 0x00 0x00 0x00 0x00 0x00 0x00 0x00 0x00 0x00 0xd0 0x40 0x00 0x00 
CC        16500     READ      24        0xaa 0x5f 0x20 0x00 0x00 0xb4 0xc4 0x40 0x10 0x27 0x00 0x00 0xb3 0x38 0x11 0x00 0x10 0x27 0x00 0x00 0x30 0xfb 0xff 0xff 
CC        16840     WRITE     16        0x00 0x00 0x00 0x00 0x00 0x00 0x00 0x00 0xd8 0x20 0x00 0x00 0x00 0x00 0x00 0x00 
CC        16500     READ      24        0xaa 0x5f 0x20 0x00 0x00 0xb4 0xc4 0x40 0x10 0x27 0x00 0x00 0x10 0x19 0x11 0x00 0x10 0x27 0x00 0x00 0x4d 0xf7 0xff 0xff 
CC        16940     WRITE     16        0x00 0x00 0x00 0x00 0x00 0x00 0x00 0x00 0xdc 0x50 0x00 0x00 0x00 0x00 0x00 0x00 
CC        17000     READ      24        0xaa 0x5f 0x20 0x00 0x00 0xb4 0xc4 0x40 0x10 0x27 0x00 0x00 0x8a 0xdc 0x10 0x00 0x10 0x27 0x00 0x00 0xfa 0xf6 0xff 0xff 
CC        17040     WRITE     16        0x00 0x00 0x00 0x00 0x00 0x00 0x00 0x00 0xdc 0x50 0x00 0x00 0x00 0x00 0x00 0x00 
CC        17000     READ      24        0xaa 0x5f 0x20 0x00 0x00 0xb4 0xc4 0x40 0x10 0x27 0x00 0x00 0x64 0xb7 0x10 0x00 0x10 0x27 0x00 0x00 0x84 0xf8 0xff 0xff 
CC        17140     WRITE     16        0xe0 0xc8 0x10 0x00 0x00 0x00 0x00 0x00 0xdc 0x50 0x00 0x00 0x00 0x00 0x00 0x00 
CC        17000     READ      24        0xaa 0x5f 0x20 0x00 0x00 0xb4 0xc4 0x40 0x10 0x27 0x00 0x00 0xb9 0xc4 0x10 0x00 0x10 0x27 0x00 0x00 0x14 0xfb 0xff 0xff 
CC        17240     WRITE     16        0xe0 0xc8 0x10 0x00 0x00 0x00 0x00 0x00 0x84 0x50 0x00 0x00 0x00 0x00 0x00 0x00 
CC        17000     READ      24        0xaa 0x5f 0x20 0x00 0x00 0xb4 0xc4 0x40 0x10 0x27 0x00 0x00 0xd7 0x31 0x11 0x00 0x10 0x27 0x00 0x00 0xea 0xfd 0xff 0xff 
CC        17340     WRITE     16        0x00 0x00 0x00 0x00 0x00 0x00 0x00 0x00 0x85 0x20 0x00 0x00 0x00 0x00 0x00 0x00 
CC        17000     READ      24        0xaa 0x5f 0x20 0x00 0x00 0xb4 0xc4 0x40 0x10 0x27 0x00 0x00 0xaf 0x43 0x11 0x00 0x10 0x27 0x00 0x00 0x24 0xff 0xff 0xff 
CC        17440     WRITE     16        0x00 0x00 0x00 0x00 0x00 0x00 0x00 0x00 0x22 0x10 0x00 0x00 0x00 0x00 0x00 0x00 
CC        17500     READ      24        0xaa 0x5f 0x20 0x00 0x00 0xb4 0xc4 0x40 0x10 0x27 0x00 0x00 0xeb 0x1b 0x11 0x00 0x10 0x27 0x00 0x00 0x92 0xfe 0xff 0xff 
CC        17540     WRITE     16        0x00 0x00 0x00 0x00 0x00 0x00 0x00 0x00 0x39 0x10 0x00 0x00 0x00 0x00 0x00 0x00 
CC        17500     READ      24        0xaa 0x5f 0x20 0x00 0x00 0xb4 0xc4 0x40 0x10 0x27 0x00 0x00 0x85 0xfc 0x10 0x00 0x10 0x27 0x00 0x00 0x96 0xfd 0xff 0xff 
CC        17640     WRITE     16        0x00 0x00 0x00 0x00 0x00 0x00 0x00 0x00 0x24 0x20 0x00 0x00 0x00 0x00 0x00 0x00 
CC        17500     READ      24        0xaa 0x5f 0x20 0x00 0x00 0xb4 0xc4 0x40 0x10 0x27 0x00 0x00 0x42 0xca 0x10 0x00 0x10 0x27 0x00 0x00 0x6f 0xfc 0xff 0xff 
CC        17740     WRITE     16        0x00 0x00 0x00 0x00 0x00 0x00 0x00 0x00 0x6a 0x30 0x00 0x00 0x00 0x00 0x00 0x00 
CC        17500     READ      24        0xaa 0x5f 0x20 0x00 0x00 0xb4 0xc4 0x40 0x10 0x27 0x00 0x00 0xc5 0xa6 0x10 0x00 0x10 0x27 0x00 0x00 0xd5 0xfc 0xff 0xff 
CC        17840     WRITE     16        0xe0 0xc8 0x10 0x00 0x00 0x00 0x00 0x00 0x58 0x30 0x00 0x00 0x00 0x00 0x00 0x00 
CC        17940     WRITE     16        0xe0 0xc8 0x10 0x00 0x00 0x00 0x00 0x00 0x61 0x20 0x00 0x00 0x00 0x00 0x00 0x00 
CC        18040     WRITE     16        0x00 0x00 0x00 0x00 0x00 0x00 0x00 0x00 0x31 0x20 0x00 0x00 0x00 0x00 0x00 0x00 
CC        18000     READ      24        0xaa 0x5f 0x20 0x00 0x00 0xb4 0xc4 0x40 0x10 0x27 0x00 0x00 0x8f 0x4c 0x11 0x00 0x10 0x27 0x00 0x00 0xf0 0xfd 0xff 0xff 
CC        18140     WRITE     16        0x00 0x00 0x00 0x00 0x00 0x00 0x00 0x00 0xcc 0x20 0x00 0x00 0x00 0x00 0x00 0x00 
CC        18000     READ      24        0xaa 0x5f 0x20 0x00 0x00 0xb4 0xc4 0x40 0x10 0x27 0x00 0x00 0xc6 0x28 0x11 0x00 0x10 0x27 0x00 0x00 0xf3 0xfc 0xff 0xff 
CC        18240     WRITE     16        0x00 0x00 0x00 0x00 0x00 0x00 0x00 0x00 0x17 0x30 0x00 0x00 0x00 0x00 0x00 0x00 
CC        18000     READ      24        0xaa 0x5f 0x20 0x00 0x00 0xb4 0xc4 0x40 0x10 0x27 0x00 0x00 0xe0 0xfb 0x10 0x00 0x10 0x27 0x00 0x00 0x77 0xfd 0xff 0xff 
CC        18340     WRITE     16        0x00 0x00 0x00 0x00 0x00 0x00 0x00 0x00 0xad 0x20 0x00 0x00 0x00 0x00 0x00 0x00 
CC        18000     READ      24        0xaa 0x5f 0x20 0x00 0x00 0xb4 0xc4 0x40 0x10 0x27 0x00 0x00 0xca 0xcf 0x10 0x00 0x10 0x27 0x00 0x00 0xe9 0xfd 0xff 0xff 
CC        18440     WRITE     16        0x00 0x00 0x00 0x00 0x00 0x00 0x00 0x00 0x34 0x20 0x00 0x00 0x00 0x00 0x00 0x00 
CC        18500     READ      24        0xaa 0x5f 0x20 0x00 0x00 0xb4 0xc4 0x40 0x10 0x27 0x00 0x00 0xd6 0xa4 0x10 0x00 0x10 0x27 0x00 0x00 0xbb 0xfd 0xff 0xff 
CC        18540     WRITE     16        0xe0 0xc8 0x10 0x00 0x00 0x00 0x00 0x00 0x32 0x20 0x00 0x00 0x00 0x00 0x00 0x00 
CC        18500     READ      24        0xaa 0x5f 0x20 0x00 0x00 0xb4 0xc4 0x40 0x10 0x27 0x00 0x00 0x87 0xbf 0x10 0x00 0x10 0x27 0x00 0x00 0x35 0xfd 0xff 0xff 
CC        18640     WRITE     16        0xe0 0xc8 0x10 0x00 0x00 0x00 0x00 0x00 0xac 0x20 0x00 0x00 0x00 0x00 0x00 0x00 
CC        18500     READ      24        0xaa 0x5f 0x20 0x00 0x00 0xb4 0xc4 0x40 0x10 0x27 0x00 0x00 0xba 0x2c 0x11 0x00 0x10 0x27 0x00 0x00 0xd9 0xfc 0xff 0xff 
CC        18740     WRITE     16        0x00 0x00 0x00 0x00 0x00 0x00 0x00 0x00 0xa0 0x30 0x00 0x00 0x00 0x00 0x00 0x00 
CC        18500     READ      24        0xaa 0x5f 0x20 0x00 0x00 0xb4 0xc4 0x40 0x10 0x27 0x00 0x00 0x42 0x4d 0x11 0x00 0x10 0x27 0x00 0x00 0x99 0xfc 0xff 0xff 
CC        18840     WRITE     16        0x00 0x00 0x00 0x00 0x00 0x00 0x00 0x00 0x70 0x30 0x00 0x00 0x00 0x00 0x00 0x00 
CC        18500     READ      24        0xaa 0x5f 0x20 0x00 0x00 0xb4 0xc4 0x40 0x10 0x27 0x00 0x00 0x60 0x29 0x11 0x00 0x10 0x27 0x00 0x00 0x49 0xfd 0xff 0xff 
CC        18940     WRITE     16        0x00 0x00 0x00 0x00 0x00 0x00 0x00 0x00 0xf2 0x20 0x00 0x00 0x00 0x00 0x00 0x00 
CC        19000     READ      24        0xaa 0x5f 0x20 0x00 0x00 0xb4 0xc4 0x40 0x10 0x27 0x00 0x00 0xdd 0xfc 0x10 0x00 0x10 0x27 0x00 0x00 0x5d 0xfe 0xff 0xff 
CC        19040     WRITE     16        0x00 0x00 0x00 0x00 0x00 0x00 0x00 0x00 0xcc 0x10 0x00 0x00 0x00 0x00 0x00 0x00 
CC        19000     READ      24        0xaa 0x5f 0x20 0x00 0x00 0xb4 0xc4 0x40 0x10 0x27 0x00 0x00 0x50 0xca 0x10 0x00 0x10 0x27 0x00 0x00 0x19 0xfe 0xff 0xff 
CC        19140     WRITE     16        0x00 0x00 0x00 0x00 0x00 0x00 0x00 0x00 0x9e 0x10 0x00 0x00 0x00 0x00 0x00 0x00 
CC        19000     READ      24        0xaa 0x5f 0x20 0x00 0x00 0xb4 0xc4 0x40 0x10 0x27 0x00 0x00 0x24 0xb1 0x10 0x00 0x10 0x27 0x00 0x00 0x64 0xfd 0xff 0xff 
CC        19240     WRITE     16        0xe0 0xc8 0x10 0x00 0x00 0x00 0x00 0x00 0x9c 0x20 0x00 0x00 0x00 0x00 0x00 0x00 
CC        19340     WRITE     16        0xe0 0xc8 0x10 0x00 0x00 0x00 0x00 0x00 0x33 0x30 0x00 0x00 0x00 0x00 0x00 0x00 
CC        19000     READ      24        0xaa 0x5f 0x20 0x00 0x00 0xb4 0xc4 0x40 0x10 0x27 0x00 0x00 0xf3 0x15 0x11 0x00 0x10 0x27 0x00 0x00 0xce 0xfc 0xff 0xff 
CC        19440     WRITE     16        0x00 0x00 0x00 0x00 0x00 0x00 0x00 0x00 0x37 0x30 0x00 0x00 0x00 0x00 0x00 0x00 
CC        19500     READ      24        0xaa 0x5f 0x20 0x00 0x00 0xb4 0xc4 0x40 0x10 0x27 0x00 0x00 0xd0 0x37 0x11 0x00 0x10 0x27 0x00 0x00 0x40 0xfd 0xff 0xff 
CC        19540     WRITE     16        0x00 0x00 0x00 0x00 0x00 0x00 0x00 0x00 0xfc 0x20 0x00 0x00 0x00 0x00 0x00 0x00 
CC        19500     READ      24        0xaa 0x5f 0x20 0x00 0x00 0xb4 0xc4 0x40 0x10 0x27 0x00 0x00 0xec 0x30 0x11 0x00 0x10 0x27 0x00 0x00 0xf8 0xfd 0xff 0xff 
CC        19640     WRITE     16        0x00 0x00 0x00 0x00 0x00 0x00 0x00 0x00 0x67 0x20 0x00 0x00 0x00 0x00 0x00 0x00 
CC        19500     READ      24        0xaa 0x5f 0x20 0x00 0x00 0xb4 0xc4 0x40 0x10 0x27 0x00 0x00 0x2a 0xe2 0x10 0x00 0x10 0x27 0x00 0x00 0x26 0xfe 0xff 0xff 
CC        19740     WRITE     16        0x00 0x00 0x00 0x00 0x00 0x00 0x00 0x00 0xda 0x10 0x00 0x00 0x00 0x00 0x00 0x00 
CC        19500     READ      24        0xaa 0x5f 0x20 0x00 0x00 0xb4 0xc4 0x40 0x10 0x27 0x00 0x00 0x1e 0xb9 0x10 0x00 0x10 0x27 0x00 0x00 0xad 0xfd 0xff 0xff 
CC        19840     WRITE     16        0xe0 0xc8 0x10 0x00 0x00 0x00 0x00 0x00 0x28 0x20 0x00 0x00 0x00 0x00 0x00 0x00 
CC        19500     READ      24        0xaa 0x5f 0x20 0x00 0x00 0xb4 0xc4 0x40 0x10 0x27 0x00 0x00 0x7c 0xc1 0x10 0x00 0x10 0x27 0x00 0x00 0x16 0xfd 0xff 0xff 
CC        19940     WRITE     16        0xe0 0xc8 0x10 0x00 0x00 0x00 0x00 0x00 0xc4 0x20 0x00 0x00 0x00 0x00 0x00 0x00 
CC        20000     READ      24        0xaa 0x5f 0x20 0x00 0x00 0xb4 0xc4 0x40 0x10 0x27 0x00 0x00 0xe9 0x42 0x11 0x00 0x10 0x27 0x00 0x00 0x94 0xfc 0xff 0xff 
CC        20040     WRITE     16        0x00 0x00 0x00 0x00 0x00 0x00 0x00 0x00 0x51 0x30 0x00 0x00 0x00 0x00 0x00 0x00 
CC        20000     READ      24        0xaa 0x5f 0x20 0x00 0x00 0xb4 0xc4 0x40 0x10 0x27 0x00 0x00 0x10 0x6d 0x11 0x00 0x10 0x27 0x00 0x00 0x5d 0xfc 0xff 0xff 
CC        20140     WRITE     16        0x00 0x00 0x00 0x00 0x00 0x00 0x00 0x00 0xa7 0x30 0x00 0x00 0x00 0x00 0x00 0x00 
CC        20000     READ      24        0xaa 0x5f 0x20 0x00 0x00 0xb4 0xc4 0x40 0x10 0x27 0x00 0x00 0xe2 0x40 0x11 0x00 0x10 0x27 0x00 0x00 0x76 0xfd 0xff 0xff 
CC        20240     WRITE     16        0x00 0x00 0x00 0x00 0x00 0x00 0x00 0x00 0xdb 0x20 0x00 0x00 0x00 0x00 0x00 0x00 
CC        20340     WRITE     16        0x00 0x00 0x00 0x00 0x00 0x00 0x00 0x00 0x78 0x10 0x00 0x00 0x00 0x00 0x00 0x00 
CC        20000     READ      24        0xaa 0x5f 0x20 0x00 0x00 0xb4 0xc4 0x40 0x10 0x27 0x00 0x00 0x80 0xf4 0x10 0x00 0x10 0x27 0x00 0x00 0x36 0xfe 0xff 0xff 
CC        20440     WRITE     16        0x00 0x00 0x00 0x00 0x00 0x00 0x00 0x00 0x90 0x10 0x00 0x00 0x00 0x00 0x00 0x00 
CC        20500     READ      24        0xaa 0x5f 0x20 0x00 0x00 0xb4 0xc4 0x40 0x10 0x27 0x00 0x00 0x48 0xc3 0x10 0x00 0x10 0x27 0x00 0x00 0x88 0xfc 0xff 0xff 
CC        20540     WRITE     16        0xe0 0xc8 0x10 0x00 0x00 0x00 0x00 0x00 0xd9 0x20 0x00 0x00 0x00 0x00 0x00 0x00 
CC        20500     READ      24        0xaa 0x5f 0x20 0x00 0x00 0xb4 0xc4 0x40 0x10 0x27 0x00 0x00 0x71 0xbe 0x10 0x00 0x10 0x27 0x00 0x00 0x37 0xfc 0xff 0xff 
CC        20640     WRITE     16        0xe0 0xc8 0x10 0x00 0x00 0x00 0x00 0x00 0xc9 0x30 0x00 0x00 0x00 0x00 0x00 0x00 
CC        20500     READ      24        0xaa 0x5f 0x20 0x00 0x00 0xb4 0xc4 0x40 0x10 0x27 0x00 0x00 0x71 0xbe 0x10 0x00 0x10 0x27 0x00 0x00 0x37 0xfc 0xff 0xff 
CC        20740     WRITE     16        0xe0 0xc8 0x10 0x00 0x00 0x00 0x00 0x00 0xc9 0x30 0x00 0x00 0x00 0x00 0x00 0x00 
CC        20840     WRITE     16        0xe0 0xc8 0x10 0x00 0x00 0x00 0x00 0x00 0xc9 0x30 0x00 0x00 0x00 0x00 0x00 0x00 
CC        20500     READ      24        0xaa 0x5f 0x20 0x00 0x00 0xb4 0xc4 0x40 0x10 0x27 0x00 0x00 0x71 0xbe 0x10 0x00 0x10 0x27 0x00 0x00 0x37 0xfc 0xff 0xff 
CC        20940     WRITE     16        0xe0 0xc8 0x10 0x00 0x00 0x00 0x00 0x00 0xc9 0x30 0x00 0x00 0x00 0x00 0x00 0x00 
CC        21000     READ      24        0xaa 0x5f 0x20 0x00 0x00 0xb4 0xc4 0x40 0x10 0x27 0x00 0x00 0x71 0xbe 0x10 0x00 0x10 0x27 0x00 0x00 0x37 0xfc 0xff 0xff 
CC        21040     WRITE     16        0xe0 0xc8 0x10 0x00 0x00 0x00 0x00 0x00 0xc9 0x30 0x00 0x00 0x00 0x00 0x00 0x00 
CC        21000     READ      24        0xaa 0x5f 0x20 0x00 0x00 0xb4 0xc4 0x40 0x10 0x27 0x00 0x00 0x71 0xbe 0x10 0x00 0x10 0x27 0x00 0x00 0x37 0xfc 0xff 0xff 
CC        21140     WRITE     16        0xe0 0xc8 0x10 0x00 0x00 0x00 0x00 0x00 0xc9 0x30 0x00 0x00 0x00 0x00 0x00 0x00 
CC        21000     READ      24        0xaa 0x5f 0x20 0x00 0x00 0xb4 0xc4 0x40 0x10 0x27 0x00 0x00 0x71 0xbe 0x10 0x00 0x10 0x27 0x00 0x00 0x37 0xfc 0xff 0xff 
CC        21240     WRITE     16        0xe0 0xc8 0x10 0x00 0x00 0x00 0x00 0x00 0xc9 0x30 0x00 0x00 0x00 0x00 0x00 0x00 
CC        21000     READ      24        0xaa 0x5f 0x20 0x00 0x00 0xb4 0xc4 0x40 0x10 0x27 0x00 0x00 0x71 0xbe 0x10 0x00 0x10 0x27 0x00 0x00 0x37 0xfc 0xff 0xff 
CC        21340     WRITE     16        0xe0 0xc8 0x10 0x00 0x00 0x00 0x00 0x00 0xc9 0x30 0x00 0x00 0x00 0x00 0x00 0x00 
CC        21000     READ      24        0xaa 0x5f 0x20 0x00 0x00 0xb4 0xc4 0x40 0x10 0x27 0x00 0x00 0x71 0xbe 0x10 0x00 0x10 0x27 0x00 0x00 0x37 0xfc 0xff 0xff 
CC        21440     WRITE     16        0xe0 0xc8 0x10 0x00 0x00 0x00 0x00 0x00 0xc9 0x30 0x00 0x00 0x00 0x00 0x00 0x00 
CC        21500     READ      24        0xaa 0x5f 0x20 0x00 0x00 0xb4 0xc4 0x40 0x10 0x27 0x00 0x00 0x71 0xbe 0x10 0x00 0x10 0x27 0x00 0x00 0x37 0xfc 0xff 0xff 
CC        21540     WRITE     16        0xe0 0xc8 0x10 0x00 0x00 0x00 0x00 0x00 0xc9 0x30 0x00 0x00 0x00 0x00 0x00 0x00 
CC        21500     READ      24        0xaa 0x5f 0x20 0x00 0x00 0xb4 0xc4 0x40 0x10 0x27 0x00 0x00 0x71 0xbe 0x10 0x00 0x10 0x27 0x00 0x00 0x37 0xfc 0xff 0xff 
CC        21640     WRITE     16        0xe0 0xc8 0x10 0x00 0x00 0x00 0x00 0x00 0xc9 0x30 0x00 0x00 0x00 0x00 0x00 0x00 
CC        21500     READ      24        0xaa 0x5f 0x20 0x00 0x00 0xb4 0xc4 0x40 0x10 0x27 0x00 0x00 0x71 0xbe 0x10 0x00 0x10 0x27 0x00 0x00 0x37 0xfc 0xff 0xff 
CC        21740     WRITE     16        0xe0 0xc8 0x10 0x00 0x00 0x00 0x00 0x00 0xc9 0x30 0x00 0x00 0x00 0x00 0x00 0x00 
CC        21500     READ      24        0xaa 0x5f 0x20 0x00 0x00 0xb4 0xc4 0x40 0x10 0x27 0x00 0x00 0x71 0xbe 0x10 0x00 0x10 0x27 0x00 0x00 0x37 0xfc 0xff 0xff 
CC        21840     WRITE     16        0xe0 0xc8 0x10 0x00 0x00 0x00 0x00 0x00 0xc9 0x30 0x00 0x00 0x00 0x00 0x00 0x00 
CC        21500     READ      24        0xaa 0x5f 0x20 0x00 0x00 0xb4 0xc4 0x40 0x10 0x27 0x00 0x00 0x71 0xbe 0x10 0x00 0x10 0x27 0x00 0x00 0x37 0xfc 0xff 0xff 
CC        21940     WRITE     16        0xe0 0xc8 0x10 0x00 0x00 0x00 0x00 0x00 0xc9 0x30 0x00 0x00 0x00 0x00 0x00 0x00 
CC        22000     READ      24        0xaa 0x5f 0x20 0x00 0x00 0xb4 0xc4 0x40 0x10 0x27 0x00 0x00 0x71 0xbe 0x10 0x00 0x10 0x27 0x00 0x00 0x37 0xfc 0xff 0xff 
CC        22040     WRITE     16        0xe0 0xc8 0x10 0x00 0x00 0x00 0x00 0x00 0xc9 0x30 0x00 0x00 0x00 0x00 0x00 0x00 
CC        22000     READ      24        0xaa 0x5f 0x20 0x00 0x00 0xb4 0xc4 0x40 0x10 0x27 0x00 0x00 0x71 0xbe 0x10 0x00 0x10 0x27 0x00 0x00 0x37 0xfc 0xff 0xff 
CC        22140     WRITE     16        0xe0 0xc8 0x10 0x00 0x00 0x00 0x00 0x00 0xc9 0x30 0x00 0x00 0x00 0x00 0x00 0x00 
CC        22000     READ      24        0xaa 0x5f 0x20 0x00 0x00 0xb4 0xc4 0x40 0x10 0x27 0x00 0x00 0x71 0xbe 0x10 0x00 0x10 0x27 0x00 0x00 0x37 0xfc 0xff 0xff 
CC        22240     WRITE     16        0xe0 0xc8 0x10 0x00 0x00 0x00 0x00 0x00 0xc9 0x30 0x00 0x00 0x00 0x00 0x00 0x00 
CC        22000     READ      24        0xaa 0x5f 0x20 0x00 0x00 0xb4 0xc4 0x40 0x10 0x27 0x00 0x00 0x71 0xbe 0x10 0x00 0x10 0x27 0x00 0x00 0x37 0xfc 0xff 0xff 
CC        22340     WRITE     16        0xe0 0xc8 0x10 0x00 0x00 0x00 0x00 0x00 0xc9 0x30 0x00 0x00 0x00 0x00 0x00 0x00 
CC        22000     READ      24        0xaa 0x5f 0x20 0x00 0x00 0xb4 0xc4 0x40 0x10 0x27 0x00 0x00 0x71 0xbe 0x10 0x00 0x10 0x27 0x00 0x00 0x37 0xfc 0xff 0xff 
CC        22440     WRITE     16        0xe0 0xc8 0x10 0x00 0x00 0x00 0x00 0x00 0xc9 0x30 0x00 0x00 0x00 0x00 0x00 0x00 
CC        22500     READ      24        0xaa 0x5f 0x20 0x00 0x00 0xb4 0xc4 0x40 0x10 0x27 0x00 0x00 0x71 0xbe 0x10 0x00 0x10 0x27 0x00 0x00 0x37 0xfc 0xff 0xff 
CC        22540     WRITE     16        0xe0 0xc8 0x10 0x00 0x00 0x00 0x00 0x00 0xc9 0x30 0x00 0x00 0x00 0x00 0x00 0x00 
CC        22500     READ      24        0xaa 0x5f 0x20 0x00 0x00 0xb4 0xc4 0x40 0x10 0x27 0x00 0x00 0x71 0xbe 0x10 0x00 0x10 0x27 0x00 0x00 0x37 0xfc 0xff 0xff 
CC        22640     WRITE     16        0xe0 0xc8 0x10 0x00 0x00 0x00 0x00 0x00 0xc9 0x30 0x00 0x00 0x00 0x00 0x00 0x00 
CC        22500     READ      24        0xaa 0x5f 0x20 0x00 0x00 0xb4 0xc4 0x40 0x10 0x27 0x00 0x00 0x71 0xbe 0x10 0x00 0x10 0x27 0x00 0x00 0x37 0xfc 0xff 0xff 
CC        22740     WRITE     16        0xe0 0xc8 0x10 0x00 0x00 0x00 0x00 0x00 0xc9 0x30 0x00 0x00 0x00 0x00 0x00 0x00 
CC        22500     READ      24        0xaa 0x5f 0x20 0x00 0x00 0xb4 0xc4 0x40 0x10 0x27 0x00 0x00 0x71 0xbe 0x10 0x00 0x10 0x27 0x00 0x00 0x37 0xfc 0xff 0xff 
CC        22840     WRITE     16        0xe0 0xc8 0x10 0x00 0x00 0x00 0x00 0x00 0xc9 0x30 0x00 0x00 0x00 0x00 0x00 0x00 
CC        22500     READ      24        0xaa 0x5f 0x20 0x00 0x00 0xb4 0xc4 0x40 0x10 0x27 0x00 0x00 0x71 0xbe 0x10 0x00 0x10 0x27 0x00 0x00 0x37 0xfc 0xff 0xff 
CC        22940     WRITE     16        0xe0 0xc8 0x10 0x00 0x00 0x00 0x00 0x00 0xc9 0x30 0x00 0x00 0x00 0x00 0x00 0x00 
CC        23000     READ      24        0xaa 0x5f 0x20 0x00 0x00 0xb4 0xc4 0x40 0x10 0x27 0x00 0x00 0x71 0xbe 0x10 0x00 0x10 0x27 0x00 0x00 0x37 0xfc 0xff 0xff 
CC        23040     WRITE     16        0xe0 0xc8 0x10 0x00 0x00 0x00 0x00 0x00 0xc9 0x30 0x00 0x00 0x00 0x00 0x00 0x00 
CC        23140     WRITE     16        0xe0 0xc8 0x10 0x00 0x00 0x00 0x00 0x00 0xc9 0x30 0x00 0x00 0x00 0x00 0x00 0x00 
CC        23000     READ      24        0xaa 0x5f 0x20 0x00 0x00 0xb4 0xc4 0x40 0x10 0x27 0x00 0x00 0x71 0xbe 0x10 0x00 0x10 0x27 0x00 0x00 0x37 0xfc 0xff 0xff 
CC        23240     WRITE     16        0xe0 0xc8 0x10 0x00 0x00 0x00 0x00 0x00 0xc9 0x30 0x00 0x00 0x00 0x00 0x00 0x00 
CC        23000     READ      24        0xaa 0x5f 0x20 0x00 0x00 0xb4 0xc4 0x40 0x10 0x27 0x00 0x00 0x71 0xbe 0x10 0x00 0x10 0x27 0x00 0x00 0x37 0xfc 0xff 0xff 
CC        23340     WRITE     16        0xe0 0xc8 0x10 0x00 0x00 0x00 0x00 0x00 0xc9 0x30 0x00 0x00 0x00 0x00 0x00 0x00 
CC        23000     READ      24        0xaa 0x5f 0x20 0x00 0x00 0xb4 0xc4 0x40 0x10 0x27 0x00 0x00 0x71 0xbe 0x10 0x00 0x10 0x27 0x00 0x00 0x37 0xfc 0xff 0xff 
CC        23440     WRITE     16        0xe0 0xc8 0x10 0x00 0x00 0x00 0x00 0x00 0xc9 0x30 0x00 0x00 0x00 0x00 0x00 0x00 
CC        23500     READ      24        0xaa 0x5f 0x20 0x00 0x00 0xb4 0xc4 0x40 0x10 0x27 0x00 0x00 0x71 0xbe 0x10 0x00 0x10 0x27 0x00 0x00 0x37 0xfc 0xff 0xff 
CC        23540     WRITE     16        0xe0 0xc8 0x10 0x00 0x00 0x00 0x00 0x00 0xc9 0x30 0x00 0x00 0x00 0x00 0x00 0x00 
CC        23640     WRITE     16        0xe0 0xc8 0x10 0x00 0x00 0x00 0x00 0x00 0xc9 0x30 0x00 0x00 0x00 0x00 0x00 0x00 
CC        23500     READ      24        0xaa 0x5f 0x20 0x00 0x00 0xb4 0xc4 0x40 0x10 0x27 0x00 0x00 0x71 0xbe 0x10 0x00 0x10 0x27 0x00 0x00 0x37 0xfc 0xff 0xff 
CC        23740     WRITE     16        0xe0 0xc8 0x10 0x00 0x00 0x00 0x00 0x00 0xc9 0x30 0x00 0x00 0x00 0x00 0x00 0x00 
CC        23500     READ      24        0xaa 0x5f 0x20 0x00 0x00 0xb4 0xc4 0x40 0x10 0x27 0x00 0x00 0x71 0xbe 0x10 0x00 0x10 0x27 0x00 0x00 0x37 0xfc 0xff 0xff 
CC        23840     WRITE     16        0xe0 0xc8 0x10 0x00 0x00 0x00 0x00 0x00 0xc9 0x30 0x00 0x00 0x00 0x00 0x00 0x00 
CC        23500     READ      24        0xaa 0x5f 0x20 0x00 0x00 0xb4 0xc4 0x40 0x10 0x27 0x00 0x00 0x71 0xbe 0x10 0x00 0x10 0x27 0x00 0x00 0x37 0xfc 0xff 0xff 
CC        23940     WRITE     16        0xe0 0xc8 0x10 0x00 0x00 0x00 0x00 0x00 0xc9 0x30 0x00 0x00 0x00 0x00 0x00 0x00 
CC        24000     READ      24        0xaa 0x5f 0x20 0x00 0x00 0xb4 0xc4 0x40 0x10 0x27 0x00 0x00 0x71 0xbe 0x10 0x00 0x10 0x27 0x00 0x00 0x37 0xfc 0xff 0xff 
CC        24040     WRITE     16        0xe0 0xc8 0x10 0x00 0x00 0x00 0x00 0x00 0xc9 0x30 0x00 0x00 0x00 0x00 0x00 0x00 
CC        24000     READ      24        0xaa 0x5f 0x20 0x00 0x00 0xb4 0xc4 0x40 0x10 0x27 0x00 0x00 0x71 0xbe 0x10 0x00 0x10 0x27 0x00 0x00 0x37 0xfc 0xff 0xff 
CC        24140     WRITE     16        0xe0 0xc8 0x10 0x00 0x00 0x00 0x00 0x00 0xc9 0x30 0x00 0x00 0x00 0x00 0x00 0x00 
CC        24000     READ      24        0xaa 0x5f 0x20 0x00 0x00 0xb4 0xc4 0x40 0x10 0x27 0x00 0x00 0x71 0xbe 0x10 0x00 0x10 0x27 0x00 0x00 0x37 0xfc 0xff 0xff 
CC        24240     WRITE     16        0xe0 0xc8 0x10 0x00 0x00 0x00 0x00 0x00 0xc9 0x30 0x00 0x00 0x00 0x00 0x00 0x00 
CC        24000     READ      24        0xaa 0x5f 0x20 0x00 0x00 0xb4 0xc4 0x40 0x10 0x27 0x00 0x00 0x71 0xbe 0x10 0x00 0x10 0x27 0x00 0x00 0x37 0xfc 0xff 0xff 
CC        24340     WRITE     16        0xe0 0xc8 0x10 0x00 0x00 0x00 0x00 0x00 0xc9 0x30 0x00 0x00 0x00 0x00 0x00 0x00 
CC        24440     WRITE     16        0xe0 0xc8 0x10 0x00 0x00 0x00 0x00 0x00 0xc9 0x30 0x00 0x00 0x00 0x00 0x00 0x00 
CC        24500     READ      24        0xaa 0x5f 0x20 0x00 0x00 0xb4 0xc4 0x40 0x10 0x27 0x00 0x00 0x71 0xbe 0x10 0x00 0x10 0x27 0x00 0x00 0x37 0xfc 0xff 0xff 
CC        24540     WRITE     16        0xe0 0xc8 0x10 0x00 0x00 0x00 0x00 0x00 0xc9 0x30 0x00 0x00 0x00 0x00 0x00 0x00 
CC        24640     WRITE     16        0xe0 0xc8 0x10 0x00 0x00 0x00 0x00 0x00 0xc9 0x30 0x00 0x00 0x00 0x00 0x00 0x00 
CC        24500     READ      24        0xaa 0x5f 0x20 0x00 0x00 0xb4 0xc4 0x40 0x10 0x27 0x00 0x00 0x71 0xbe 0x10 0x00 0x10 0x27 0x00 0x00 0x37 0xfc 0xff 0xff 
CC        24740     WRITE     16        0xe0 0xc8 0x10 0x00 0x00 0x00 0x00 0x00 0xc9 0x30 0x00 0x00 0x00 0x00 0x00 0x00 
CC        40        WRITE     16        0x00 0x00 0x00 0x00 0x00 0x00 0x00 0x00 0x00 0x00 0x00 0x00 0x00 0x00 0x00 0x00 
CC        140       WRITE     16        0x00 0x00 0x00 0x00 0x00 0x00 0x00 0x00 0x00 0x00 0x00 0x00 0x00 0x00 0x00 0x00 
CC        240       WRITE     16        0x00 0x00 0x00 0x00 0x00 0x00 0x00 0x00 0x00 0x00 0x00 0x00 0x00 0x00 0x00 0x00 
CC        340       WRITE     16        0x00 0x00 0x00 0x00 0x00 0x00 0x00 0x00 0x00 0x00 0x00 0x00 0x00 0x00 0x00 0x00 
CC        440       WRITE     16        0x00 0x00 0x00 0x00 0x00 0x00 0x00 0x00 0x00 0x00 0x00 0x00 0x00 0x00 0x00 0x00 
CC        540       WRITE     16        0x00 0x00 0x00 0x00 0x00 0x00 0x00 0x00 0x00 0x00 0x00 0x00 0x00 0x00 0x00 0x00 
