0         J01       RELEASED  
0         J01       STARTED   
0         J21       RELEASED  
0         J41       RELEASED  
0         J51       RELEASED  
0         J31       RELEASED  
0         J31       STARTED   
0         J11       RELEASED  
20        J41       STARTED   
20        J11       STARTED   
40        J51       STARTED   
40        J21       STARTED   
40        J11       FINISHED  
100       J22       RELEASED  
100       J12       RELEASED  
100       J02       STARTED   
100       J02       RELEASED  
120       J12       STARTED   
140       J22       STARTED   
140       J12       FINISHED  
200       J23       RELEASED  
200       J13       RELEASED  
200       J03       STARTED   
200       J03       RELEASED  
220       J13       STARTED   
240       J23       STARTED   
240       J13       FINISHED  
300       J24       RELEASED  
300       J14       RELEASED  
300       J04       STARTED   
300       J04       RELEASED  
320       J14       STARTED   
340       J24       STARTED   
340       J14       FINISHED  
400       J25       RELEASED  
400       J15       RELEASED  
400       J05       STARTED   
400       J05       RELEASED  
420       J15       STARTED   
440       J25       STARTED   
440       J15       FINISHED  
500       J01       RELEASED  
500       J01       STARTED   
500       J21       RELEASED  
500       J41       RELEASED  
500       J51       RELEASED  
500       J31       RELEASED  
500       J31       STARTED   
500       J11       RELEASED  
520       J41       STARTED   
520       J11       STARTED   
540       J51       STARTED   
540       J21       STARTED   
540       J11       FINISHED  
600       J22       RELEASED  
600       J12       RELEASED  
600       J02       STARTED   
600       J02       RELEASED  
620       J12       STARTED   
640       J22       STARTED   
640       J12       FINISHED  
700       J23       RELEASED  
700       J13       RELEASED  
700       J03       STARTED   
700       J03       RELEASED  
720       J13       STARTED   
740       J23       STARTED   
740       J13       FINISHED  
800       J24       RELEASED  
800       J14       RELEASED  
800       J04       STARTED   
800       J04       RELEASED  
820       J14       STARTED   
840       J24       STARTED   
840       J14       FINISHED  
900       J25       RELEASED  
900       J15       RELEASED  
900       J05       STARTED   
900       J05       RELEASED  
920       J15       STARTED   
940       J25       STARTED   
940       J15       FINISHED  
1000      J01       RELEASED  
1000      J01       STARTED   
1000      J21       RELEASED  
1000      J41       RELEASED  
1000      J51       RELEASED  
1000      J31       RELEASED  
1000      J31       STARTED   
1000      J11       RELEASED  
1020      J41       STARTED   
1020      J11       STARTED   
1040      J51       STARTED   
1040      J21       STARTED   
1040      J11       FINISHED  
1100      J22       RELEASED  
1100      J12       RELEASED  
1100      J02       STARTED   
1100      J02       RELEASED  
1120      J12       STARTED   
1140      J22       STARTED   
1140      J12       FINISHED  
1200      J23       RELEASED  
1200      J13       RELEASED  
1200      J03       STARTED   
1200      J03       RELEASED  
1220      J13       STARTED   
1240      J23       STARTED   
1240      J13       FINISHED  
1300      J24       RELEASED  
1300      J14       RELEASED  
1300      J04       STARTED   
1300      J04       RELEASED  
1320      J14       STARTED   
1340      J24       STARTED   
1340      J14       FINISHED  
1400      J25       RELEASED  
1400      J15       RELEASED  
1400      J05       STARTED   
1400      J05       RELEASED  
1420      J15       STARTED   
1440      J25       STARTED   
1440      J15       FINISHED  
1500      J01       RELEASED  
1500      J01       STARTED   
1500      J21       RELEASED  
1500      J41       RELEASED  
1500      J51       RELEASED  
1500      J31       RELEASED  
1500      J31       STARTED   
1500      J11       RELEASED  
1520      J41       STARTED   
1520      J11       STARTED   
1540      J51       STARTED   
1540      J21       STARTED   
1540      J11       FINISHED  
1600      J22       RELEASED  
1600      J12       RELEASED  
1600      J02       STARTED   
1600      J02       RELEASED  
1620      J12       STARTED   
1640      J22       STARTED   
1640      J12       FINISHED  
1700      J23       RELEASED  
1700      J13       RELEASED  
1700      J03       STARTED   
1700      J03       RELEASED  
1720      J13       STARTED   
1740      J23       STARTED   
1740      J13       FINISHED  
1800      J24       RELEASED  
1800      J14       RELEASED  
1800      J04       STARTED   
1800      J04       RELEASED  
1820      J14       STARTED   
1840      J24       STARTED   
1840      J14       FINISHED  
1900      J25       RELEASED  
1900      J15       RELEASED  
1900      J05       STARTED   
1900      J05       RELEASED  
1920      J15       STARTED   
1940      J25       STARTED   
1940      J15       FINISHED  
2000      J01       RELEASED  
2000      J01       STARTED   
2000      J21       RELEASED  
2000      J41       RELEASED  
2000      J51       RELEASED  
2000      J31       RELEASED  
2000      J31       STARTED   
2000      J11       RELEASED  
2020      J41       STARTED   
2020      J11       STARTED   
2040      J51       STARTED   
2040      J21       STARTED   
2040      J11       FINISHED  
2100      J22       RELEASED  
2100      J12       RELEASED  
2100      J02       STARTED   
2100      J02       RELEASED  
2120      J12       STARTED   
2140      J22       STARTED   
2140      J12       FINISHED  
2200      J23       RELEASED  
2200      J13       RELEASED  
2200      J03       STARTED   
2200      J03       RELEASED  
2220      J13       STARTED   
2240      J23       STARTED   
2240      J13       FINISHED  
2300      J24       RELEASED  
2300      J14       RELEASED  
2300      J04       STARTED   
2300      J04       RELEASED  
2320      J14       STARTED   
2340      J24       STARTED   
2340      J14       FINISHED  
2400      J25       RELEASED  
2400      J15       RELEASED  
2400      J05       STARTED   
2400      J05       RELEASED  
2420      J15       STARTED   
2440      J25       STARTED   
2440      J15       FINISHED  
2500      J01       RELEASED  
2500      J01       STARTED   
2500      J21       RELEASED  
2500      J41       RELEASED  
2500      J51       RELEASED  
2500      J31       RELEASED  
2500      J31       STARTED   
2500      J11       RELEASED  
2520      J41       STARTED   
2520      J11       STARTED   
2540      J51       STARTED   
2540      J21       STARTED   
2540      J11       FINISHED  
2600      J22       RELEASED  
2600      J12       RELEASED  
2600      J02       STARTED   
2600      J02       RELEASED  
2620      J12       STARTED   
2640      J22       STARTED   
2640      J12       FINISHED  
2700      J23       RELEASED  
2700      J13       RELEASED  
2700      J03       STARTED   
2700      J03       RELEASED  
2720      J13       STARTED   
2740      J23       STARTED   
2740      J13       FINISHED  
2800      J24       RELEASED  
2800      J14       RELEASED  
2800      J04       STARTED   
2800      J04       RELEASED  
2820      J14       STARTED   
2840      J24       STARTED   
2840      J14       FINISHED  
2900      J25       RELEASED  
2900      J15       RELEASED  
2900      J05       STARTED   
2900      J05       RELEASED  
2920      J15       STARTED   
2940      J25       STARTED   
2940      J15       FINISHED  
3000      J01       RELEASED  
3000      J01       STARTED   
3000      J21       RELEASED  
3000      J41       RELEASED  
3000      J51       RELEASED  
3000      J31       RELEASED  
3000      J31       STARTED   
3000      J11       RELEASED  
3020      J41       STARTED   
3020      J11       STARTED   
3040      J51       STARTED   
3040      J21       STARTED   
3040      J11       FINISHED  
3100      J22       RELEASED  
3100      J12       RELEASED  
3100      J02       STARTED   
3100      J02       RELEASED  
3120      J12       STARTED   
3140      J22       STARTED   
3140      J12       FINISHED  
3200      J23       RELEASED  
3200      J13       RELEASED  
3200      J03       STARTED   
3200      J03       RELEASED  
3220      J13       STARTED   
3240      J23       STARTED   
3240      J13       FINISHED  
3300      J24       RELEASED  
3300      J14       RELEASED  
3300      J04       STARTED   
3300      J04       RELEASED  
3320      J14       STARTED   
3340      J24       STARTED   
3340      J14       FINISHED  
3400      J25       RELEASED  
3400      J15       RELEASED  
3400      J05       STARTED   
3400      J05       RELEASED  
3420      J15       STARTED   
3440      J25       STARTED   
3440      J15       FINISHED  
3500      J01       RELEASED  
3500      J01       STARTED   
3500      J21       RELEASED  
3500      J41       RELEASED  
3500      J51       RELEASED  
3500      J31       RELEASED  
3500      J31       STARTED   
3500      J11       RELEASED  
3520      J41       STARTED   
3520      J11       STARTED   
3540      J51       STARTED   
3540      J21       STARTED   
3540      J11       FINISHED  
3600      J22       RELEASED  
3600      J12       RELEASED  
3600      J02       STARTED   
3600      J02       RELEASED  
3620      J12       STARTED   
3640      J22       STARTED   
3640      J12       FINISHED  
3700      J23       RELEASED  
3700      J13       RELEASED  
3700      J03       STARTED   
3700      J03       RELEASED  
3720      J13       STARTED   
3740      J23       STARTED   
3740      J13       FINISHED  
3800      J24       RELEASED  
3800      J14       RELEASED  
3800      J04       STARTED   
3800      J04       RELEASED  
3820      J14       STARTED   
3840      J24       STARTED   
3840      J14       FINISHED  
3900      J25       RELEASED  
3900      J15       RELEASED  
3900      J05       STARTED   
3900      J05       RELEASED  
3920      J15       STARTED   
3940      J25       STARTED   
3940      J15       FINISHED  
4000      J01       RELEASED  
4000      J01       STARTED   
4000      J21       RELEASED  
4000      J41       RELEASED  
4000      J51       RELEASED  
4000      J31       RELEASED  
4000      J31       STARTED   
4000      J11       RELEASED  
4020      J41       STARTED   
4020      J11       STARTED   
4040      J51       STARTED   
4040      J21       STARTED   
4040      J11       FINISHED  
4100      J22       RELEASED  
4100      J12       RELEASED  
4100      J02       STARTED   
4100      J02       RELEASED  
4120      J12       STARTED   
4140      J22       STARTED   
4140      J12       FINISHED  
4200      J23       RELEASED  
4200      J13       RELEASED  
4200      J03       STARTED   
4200      J03       RELEASED  
4220      J13       STARTED   
4240      J23       STARTED   
4240      J13       FINISHED  
4300      J24       RELEASED  
4300      J14       RELEASED  
4300      J04       STARTED   
4300      J04       RELEASED  
4320      J14       STARTED   
4340      J24       STARTED   
4340      J14       FINISHED  
4400      J25       RELEASED  
4400      J15       RELEASED  
4400      J05       STARTED   
4400      J05       RELEASED  
4420      J15       STARTED   
4440      J25       STARTED   
4440      J15       FINISHED  
4500      J01       RELEASED  
4500      J01       STARTED   
4500      J21       RELEASED  
4500      J41       RELEASED  
4500      J51       RELEASED  
4500      J31       RELEASED  
4500      J31       STARTED   
4500      J11       RELEASED  
4520      J41       STARTED   
4520      J11       STARTED   
4540      J51       STARTED   
4540      J21       STARTED   
4540      J11       FINISHED  
4600      J22       RELEASED  
4600      J12       RELEASED  
4600      J02       STARTED   
4600      J02       RELEASED  
4620      J12       STARTED   
4640      J22       STARTED   
4640      J12       FINISHED  
4700      J23       RELEASED  
4700      J13       RELEASED  
4700      J03       STARTED   
4700      J03       RELEASED  
4720      J13       STARTED   
4740      J23       STARTED   
4740      J13       FINISHED  
4800      J24       RELEASED  
4800      J14       RELEASED  
4800      J04       STARTED   
4800      J04       RELEASED  
4820      J14       STARTED   
4840      J24       STARTED   
4840      J14       FINISHED  
4900      J25       RELEASED  
4900      J15       RELEASED  
4900      J05       STARTED   
4900      J05       RELEASED  
4920      J15       STARTED   
4940      J25       STARTED   
4940      J15       FINISHED  
5000      J01       RELEASED  
5000      J01       STARTED   
5000      J21       RELEASED  
5000      J41       RELEASED  
5000      J51       RELEASED  
5000      J31       RELEASED  
5000      J31       STARTED   
5000      J11       RELEASED  
5020      J41       STARTED   
5020      J11       STARTED   
5040      J51       STARTED   
5040      J21       STARTED   
5040      J11       FINISHED  
5100      J22       RELEASED  
5100      J12       RELEASED  
5100      J02       STARTED   
5100      J02       RELEASED  
5120      J12       STARTED   
5140      J22       STARTED   
5140      J12       FINISHED  
5200      J23       RELEASED  
5200      J13       RELEASED  
5200      J03       STARTED   
5200      J03       RELEASED  
5220      J13       STARTED   
5240      J23       STARTED   
5240      J13       FINISHED  
5300      J24       RELEASED  
5300      J14       RELEASED  
5300      J04       STARTED   
5300      J04       RELEASED  
5320      J14       STARTED   
5340      J24       STARTED   
5340      J14       FINISHED  
5400      J25       RELEASED  
5400      J15       RELEASED  
5400      J05       STARTED   
5400      J05       RELEASED  
5420      J15       STARTED   
5440      J25       STARTED   
5440      J15       FINISHED  
5500      J01       RELEASED  
5500      J01       STARTED   
5500      J21       RELEASED  
5500      J41       RELEASED  
5500      J51       RELEASED  
5500      J31       RELEASED  
5500      J31       STARTED   
5500      J11       RELEASED  
5520      J41       STARTED   
5520      J11       STARTED   
5540      J51       STARTED   
5540      J21       STARTED   
5540      J11       FINISHED  
5600      J22       RELEASED  
5600      J12       RELEASED  
5600      J02       STARTED   
5600      J02       RELEASED  
5620      J12       STARTED   
5640      J22       STARTED   
5640      J12       FINISHED  
5700      J23       RELEASED  
5700      J13       RELEASED  
5700      J03       STARTED   
5700      J03       RELEASED  
5720      J13       STARTED   
5740      J23       STARTED   
5740      J13       FINISHED  
5800      J24       RELEASED  
5800      J14       RELEASED  
5800      J04       STARTED   
5800      J04       RELEASED  
5820      J14       STARTED   
5840      J24       STARTED   
5840      J14       FINISHED  
5900      J25       RELEASED  
5900      J15       RELEASED  
5900      J05       STARTED   
5900      J05       RELEASED  
5920      J15       STARTED   
5940      J25       STARTED   
5940      J15       FINISHED  
6000      J01       RELEASED  
6000      J01       STARTED   
6000      J21       RELEASED  
6000      J41       RELEASED  
6000      J51       RELEASED  
6000      J31       RELEASED  
6000      J31       STARTED   
6000      J11       RELEASED  
6020      J41       STARTED   
6020      J11       STARTED   
6040      J51       STARTED   
6040      J21       STARTED   
6040      J11       FINISHED  
6100      J22       RELEASED  
6100      J12       RELEASED  
6100      J02       STARTED   
6100      J02       RELEASED  
6120      J12       STARTED   
6140      J22       STARTED   
6140      J12       FINISHED  
6200      J23       RELEASED  
6200      J13       RELEASED  
6200      J03       STARTED   
6200      J03       RELEASED  
6220      J13       STARTED   
6240      J23       STARTED   
6240      J13       FINISHED  
6300      J24       RELEASED  
6300      J14       RELEASED  
6300      J04       STARTED   
6300      J04       RELEASED  
6320      J14       STARTED   
6340      J24       STARTED   
6340      J14       FINISHED  
6400      J25       RELEASED  
6400      J15       RELEASED  
6400      J05       STARTED   
6400      J05       RELEASED  
6420      J15       STARTED   
6440      J25       STARTED   
6440      J15       FINISHED  
6500      J01       RELEASED  
6500      J01       STARTED   
6500      J21       RELEASED  
6500      J41       RELEASED  
6500      J51       RELEASED  
6500      J31       RELEASED  
6500      J31       STARTED   
6500      J11       RELEASED  
6520      J41       STARTED   
6520      J11       STARTED   
6540      J51       STARTED   
6540      J21       STARTED   
6540      J11       FINISHED  
6600      J22       RELEASED  
6600      J12       RELEASED  
6600      J02       STARTED   
6600      J02       RELEASED  
6620      J12       STARTED   
6640      J22       STARTED   
6640      J12       FINISHED  
6700      J23       RELEASED  
6700      J13       RELEASED  
6700      J03       STARTED   
6700      J03       RELEASED  
6720      J13       STARTED   
6740      J23       STARTED   
6740      J13       FINISHED  
6800      J24       RELEASED  
6800      J14       RELEASED  
6800      J04       STARTED   
6800      J04       RELEASED  
6820      J14       STARTED   
6840      J24       STARTED   
6840      J14       FINISHED  
6900      J25       RELEASED  
6900      J15       RELEASED  
6900      J05       STARTED   
6900      J05       RELEASED  
6920      J15       STARTED   
6940      J25       STARTED   
6940      J15       FINISHED  
7000      J01       RELEASED  
7000      J01       STARTED   
7000      J21       RELEASED  
7000      J41       RELEASED  
7000      J51       RELEASED  
7000      J31       RELEASED  
7000      J31       STARTED   
7000      J11       RELEASED  
7020      J41       STARTED   
7020      J11       STARTED   
7040      J51       STARTED   
7040      J21       STARTED   
7040      J11       FINISHED  
7100      J22       RELEASED  
7100      J12       RELEASED  
7100      J02       STARTED   
7100      J02       RELEASED  
7120      J12       STARTED   
7140      J22       STARTED   
7140      J12       FINISHED  
7200      J23       RELEASED  
7200      J13       RELEASED  
7200      J03       STARTED   
7200      J03       RELEASED  
7220      J13       STARTED   
7240      J23       STARTED   
7240      J13       FINISHED  
7300      J24       RELEASED  
7300      J14       RELEASED  
7300      J04       STARTED   
7300      J04       RELEASED  
7320      J14       STARTED   
7340      J24       STARTED   
7340      J14       FINISHED  
7400      J25       RELEASED  
7400      J15       RELEASED  
7400      J05       STARTED   
7400      J05       RELEASED  
7420      J15       STARTED   
7440      J25       STARTED   
7440      J15       FINISHED  
7500      J01       RELEASED  
7500      J01       STARTED   
7500      J21       RELEASED  
7500      J41       RELEASED  
7500      J51       RELEASED  
7500      J31       RELEASED  
7500      J31       STARTED   
7500      J11       RELEASED  
7520      J41       STARTED   
7520      J11       STARTED   
7540      J51       STARTED   
7540      J21       STARTED   
7540      J11       FINISHED  
7600      J22       RELEASED  
7600      J12       RELEASED  
7600      J02       STARTED   
7600      J02       RELEASED  
7620      J12       STARTED   
7640      J22       STARTED   
7640      J12       FINISHED  
7700      J23       RELEASED  
7700      J13       RELEASED  
7700      J03       STARTED   
7700      J03       RELEASED  
7720      J13       STARTED   
7740      J23       STARTED   
7740      J13       FINISHED  
7800      J24       RELEASED  
7800      J14       RELEASED  
7800      J04       STARTED   
7800      J04       RELEASED  
7820      J14       STARTED   
7840      J24       STARTED   
7840      J14       FINISHED  
7900      J25       RELEASED  
7900      J15       RELEASED  
7900      J05       STARTED   
7900      J05       RELEASED  
7920      J15       STARTED   
7940      J25       STARTED   
7940      J15       FINISHED  
8000      J01       RELEASED  
8000      J01       STARTED   
8000      J21       RELEASED  
8000      J41       RELEASED  
8000      J51       RELEASED  
8000      J31       RELEASED  
8000      J31       STARTED   
8000      J11       RELEASED  
8020      J41       STARTED   
8020      J11       STARTED   
8040      J51       STARTED   
8040      J21       STARTED   
8040      J11       FINISHED  
8100      J22       RELEASED  
8100      J12       RELEASED  
8100      J02       STARTED   
8100      J02       RELEASED  
8120      J12       STARTED   
8140      J22       STARTED   
8140      J12       FINISHED  
8200      J23       RELEASED  
8200      J13       RELEASED  
8200      J03       STARTED   
8200      J03       RELEASED  
8220      J13       STARTED   
8240      J23       STARTED   
8240      J13       FINISHED  
8300      J24       RELEASED  
8300      J14       RELEASED  
8300      J04       STARTED   
8300      J04       RELEASED  
8320      J14       STARTED   
8340      J24       STARTED   
8340      J14       FINISHED  
8400      J25       RELEASED  
8400      J15       RELEASED  
8400      J05       STARTED   
8400      J05       RELEASED  
8420      J15       STARTED   
8440      J25       STARTED   
8440      J15       FINISHED  
8500      J01       RELEASED  
8500      J01       STARTED   
8500      J21       RELEASED  
8500      J41       RELEASED  
8500      J51       RELEASED  
8500      J31       RELEASED  
8500      J31       STARTED   
8500      J11       RELEASED  
8520      J41       STARTED   
8520      J11       STARTED   
8540      J51       STARTED   
8540      J21       STARTED   
8540      J11       FINISHED  
8600      J22       RELEASED  
8600      J12       RELEASED  
8600      J02       STARTED   
8600      J02       RELEASED  
8620      J12       STARTED   
8640      J22       STARTED   
8640      J12       FINISHED  
8700      J23       RELEASED  
8700      J13       RELEASED  
8700      J03       STARTED   
8700      J03       RELEASED  
8720      J13       STARTED   
8740      J23       STARTED   
8740      J13       FINISHED  
8800      J24       RELEASED  
8800      J14       RELEASED  
8800      J04       STARTED   
8800      J04       RELEASED  
8820      J14       STARTED   
8840      J24       STARTED   
8840      J14       FINISHED  
8900      J25       RELEASED  
8900      J15       RELEASED  
8900      J05       STARTED   
8900      J05       RELEASED  
8920      J15       STARTED   
8940      J25       STARTED   
8940      J15       FINISHED  
9000      J01       RELEASED  
9000      J01       STARTED   
9000      J21       RELEASED  
9000      J41       RELEASED  
9000      J51       RELEASED  
9000      J31       RELEASED  
9000      J31       STARTED   
9000      J11       RELEASED  
9020      J41       STARTED   
9020      J11       STARTED   
9040      J51       STARTED   
9040      J21       STARTED   
9040      J11       FINISHED  
9100      J22       RELEASED  
9100      J12       RELEASED  
9100      J02       STARTED   
9100      J02       RELEASED  
9120      J12       STARTED   
9140      J22       STARTED   
9140      J12       FINISHED  
9200      J23       RELEASED  
9200      J13       RELEASED  
9200      J03       STARTED   
9200      J03       RELEASED  
9220      J13       STARTED   
9240      J23       STARTED   
9240      J13       FINISHED  
9300      J24       RELEASED  
9300      J14       RELEASED  
9300      J04       STARTED   
9300      J04       RELEASED  
9320      J14       STARTED   
9340      J24       STARTED   
9340      J14       FINISHED  
9400      J25       RELEASED  
9400      J15       RELEASED  
9400      J05       STARTED   
9400      J05       RELEASED  
9420      J15       STARTED   
9440      J25       STARTED   
9440      J15       FINISHED  
9500      J01       RELEASED  
9500      J01       STARTED   
9500      J21       RELEASED  
9500      J41       RELEASED  
9500      J51       RELEASED  
9500      J31       RELEASED  
9500      J31       STARTED   
9500      J11       RELEASED  
9520      J41       STARTED   
9520      J11       STARTED   
9540      J51       STARTED   
9540      J21       STARTED   
9540      J11       FINISHED  
9600      J22       RELEASED  
9600      J12       RELEASED  
9600      J02       STARTED   
9600      J02       RELEASED  
9620      J12       STARTED   
9640      J22       STARTED   
9640      J12       FINISHED  
9700      J23       RELEASED  
9700      J13       RELEASED  
9700      J03       STARTED   
9700      J03       RELEASED  
9720      J13       STARTED   
9740      J23       STARTED   
9740      J13       FINISHED  
9800      J24       RELEASED  
9800      J14       RELEASED  
9800      J04       STARTED   
9800      J04       RELEASED  
9820      J14       STARTED   
9840      J24       STARTED   
9840      J14       FINISHED  
9900      J25       RELEASED  
9900      J15       RELEASED  
9900      J05       STARTED   
9900      J05       RELEASED  
9920      J15       STARTED   
9940      J25       STARTED   
9940      J15       FINISHED  
10000     J01       RELEASED  
10000     J01       STARTED   
10000     J21       RELEASED  
10000     J41       RELEASED  
10000     J51       RELEASED  
10000     J31       RELEASED  
10000     J31       STARTED   
10000     J11       RELEASED  
10020     J41       STARTED   
10020     J11       STARTED   
10040     J51       STARTED   
10040     J21       STARTED   
10040     J11       FINISHED  
10100     J22       RELEASED  
10100     J12       RELEASED  
10100     J02       STARTED   
10100     J02       RELEASED  
10120     J12       STARTED   
10140     J22       STARTED   
10140     J12       FINISHED  
10200     J23       RELEASED  
10200     J13       RELEASED  
10200     J03       STARTED   
10200     J03       RELEASED  
10220     J13       STARTED   
10240     J23       STARTED   
10240     J13       FINISHED  
10300     J24       RELEASED  
10300     J14       RELEASED  
10300     J04       STARTED   
10300     J04       RELEASED  
10320     J14       STARTED   
10340     J24       STARTED   
10340     J14       FINISHED  
10400     J25       RELEASED  
10400     J15       RELEASED  
10400     J05       STARTED   
10400     J05       RELEASED  
10420     J15       STARTED   
10440     J25       STARTED   
10440     J15       FINISHED  
10500     J01       RELEASED  
10500     J01       STARTED   
10500     J21       RELEASED  
10500     J41       RELEASED  
10500     J51       RELEASED  
10500     J31       RELEASED  
10500     J31       STARTED   
10500     J11       RELEASED  
10520     J41       STARTED   
10520     J11       STARTED   
10540     J51       STARTED   
10540     J21       STARTED   
10540     J11       FINISHED  
10600     J22       RELEASED  
10600     J12       RELEASED  
10600     J02       STARTED   
10600     J02       RELEASED  
10620     J12       STARTED   
10640     J22       STARTED   
10640     J12       FINISHED  
10700     J23       RELEASED  
10700     J13       RELEASED  
10700     J03       STARTED   
10700     J03       RELEASED  
10720     J13       STARTED   
10740     J23       STARTED   
10740     J13       FINISHED  
10800     J24       RELEASED  
10800     J14       RELEASED  
10800     J04       STARTED   
10800     J04       RELEASED  
10820     J14       STARTED   
10840     J24       STARTED   
10840     J14       FINISHED  
10900     J25       RELEASED  
10900     J15       RELEASED  
10900     J05       STARTED   
10900     J05       RELEASED  
10920     J15       STARTED   
10940     J25       STARTED   
10940     J15       FINISHED  
11000     J01       RELEASED  
11000     J01       STARTED   
11000     J21       RELEASED  
11000     J41       RELEASED  
11000     J51       RELEASED  
11000     J31       RELEASED  
11000     J31       STARTED   
11000     J11       RELEASED  
11020     J41       STARTED   
11020     J11       STARTED   
11040     J51       STARTED   
11040     J21       STARTED   
11040     J11       FINISHED  
11100     J22       RELEASED  
11100     J12       RELEASED  
11100     J02       STARTED   
11100     J02       RELEASED  
11120     J12       STARTED   
11140     J22       STARTED   
11140     J12       FINISHED  
11200     J23       RELEASED  
11200     J13       RELEASED  
11200     J03       STARTED   
11200     J03       RELEASED  
11220     J13       STARTED   
11240     J23       STARTED   
11240     J13       FINISHED  
11300     J24       RELEASED  
11300     J14       RELEASED  
11300     J04       STARTED   
11300     J04       RELEASED  
11320     J14       STARTED   
11340     J24       STARTED   
11340     J14       FINISHED  
11400     J25       RELEASED  
11400     J15       RELEASED  
11400     J05       STARTED   
11400     J05       RELEASED  
11420     J15       STARTED   
11440     J25       STARTED   
11440     J15       FINISHED  
11500     J01       RELEASED  
11500     J01       STARTED   
11500     J21       RELEASED  
11500     J41       RELEASED  
11500     J51       RELEASED  
11500     J31       RELEASED  
11500     J31       STARTED   
11500     J11       RELEASED  
11520     J41       STARTED   
11520     J11       STARTED   
11540     J51       STARTED   
11540     J21       STARTED   
11540     J11       FINISHED  
11600     J22       RELEASED  
11600     J12       RELEASED  
11600     J02       STARTED   
11600     J02       RELEASED  
11620     J12       STARTED   
11640     J22       STARTED   
11640     J12       FINISHED  
11700     J23       RELEASED  
11700     J13       RELEASED  
11700     J03       STARTED   
11700     J03       RELEASED  
11720     J13       STARTED   
11740     J23       STARTED   
11740     J13       FINISHED  
11800     J24       RELEASED  
11800     J14       RELEASED  
11800     J04       STARTED   
11800     J04       RELEASED  
11820     J14       STARTED   
11840     J24       STARTED   
11840     J14       FINISHED  
11900     J25       RELEASED  
11900     J15       RELEASED  
11900     J05       STARTED   
11900     J05       RELEASED  
11920     J15       STARTED   
11940     J25       STARTED   
11940     J15       FINISHED  
12000     J01       RELEASED  
12000     J01       STARTED   
12000     J21       RELEASED  
12000     J41       RELEASED  
12000     J51       RELEASED  
12000     J31       RELEASED  
12000     J31       STARTED   
12000     J11       RELEASED  
12020     J41       STARTED   
12020     J11       STARTED   
12040     J51       STARTED   
12040     J21       STARTED   
12040     J11       FINISHED  
12100     J22       RELEASED  
12100     J12       RELEASED  
12100     J02       STARTED   
12100     J02       RELEASED  
12120     J12       STARTED   
12140     J22       STARTED   
12140     J12       FINISHED  
12200     J23       RELEASED  
12200     J13       RELEASED  
12200     J03       STARTED   
12200     J03       RELEASED  
12220     J13       STARTED   
12240     J23       STARTED   
12240     J13       FINISHED  
12300     J24       RELEASED  
12300     J14       RELEASED  
12300     J04       STARTED   
12300     J04       RELEASED  
12320     J14       STARTED   
12340     J24       STARTED   
12340     J14       FINISHED  
12400     J25       RELEASED  
12400     J15       RELEASED  
12400     J05       STARTED   
12400     J05       RELEASED  
12420     J15       STARTED   
12440     J25       STARTED   
12440     J15       FINISHED  
12500     J01       RELEASED  
12500     J01       STARTED   
12500     J21       RELEASED  
12500     J41       RELEASED  
12500     J51       RELEASED  
12500     J31       RELEASED  
12500     J31       STARTED   
12500     J11       RELEASED  
12520     J41       STARTED   
12520     J11       STARTED   
12540     J51       STARTED   
12540     J21       STARTED   
12540     J11       FINISHED  
12600     J22       RELEASED  
12600     J12       RELEASED  
12600     J02       STARTED   
12600     J02       RELEASED  
12620     J12       STARTED   
12640     J22       STARTED   
12640     J12       FINISHED  
12700     J23       RELEASED  
12700     J13       RELEASED  
12700     J03       STARTED   
12700     J03       RELEASED  
12720     J13       STARTED   
12740     J23       STARTED   
12740     J13       FINISHED  
12800     J24       RELEASED  
12800     J14       RELEASED  
12800     J04       STARTED   
12800     J04       RELEASED  
12820     J14       STARTED   
12840     J24       STARTED   
12840     J14       FINISHED  
12900     J25       RELEASED  
12900     J15       RELEASED  
12900     J05       STARTED   
12900     J05       RELEASED  
12920     J15       STARTED   
12940     J25       STARTED   
12940     J15       FINISHED  
13000     J01       RELEASED  
13000     J01       STARTED   
13000     J21       RELEASED  
13000     J41       RELEASED  
13000     J51       RELEASED  
13000     J31       RELEASED  
13000     J31       STARTED   
13000     J11       RELEASED  
13020     J41       STARTED   
13020     J11       STARTED   
13040     J51       STARTED   
13040     J21       STARTED   
13040     J11       FINISHED  
13100     J22       RELEASED  
13100     J12       RELEASED  
13100     J02       STARTED   
13100     J02       RELEASED  
13120     J12       STARTED   
13140     J22       STARTED   
13140     J12       FINISHED  
13200     J23       RELEASED  
13200     J13       RELEASED  
13200     J03       STARTED   
13200     J03       RELEASED  
13220     J13       STARTED   
13240     J23       STARTED   
13240     J13       FINISHED  
13300     J24       RELEASED  
13300     J14       RELEASED  
13300     J04       STARTED   
13300     J04       RELEASED  
13320     J14       STARTED   
13340     J24       STARTED   
13340     J14       FINISHED  
13400     J25       RELEASED  
13400     J15       RELEASED  
13400     J05       STARTED   
13400     J05       RELEASED  
13420     J15       STARTED   
13440     J25       STARTED   
13440     J15       FINISHED  
13500     J01       RELEASED  
13500     J01       STARTED   
13500     J21       RELEASED  
13500     J41       RELEASED  
13500     J51       RELEASED  
13500     J31       RELEASED  
13500     J31       STARTED   
13500     J11       RELEASED  
13520     J41       STARTED   
13520     J11       STARTED   
13540     J51       STARTED   
13540     J21       STARTED   
13540     J11       FINISHED  
13600     J22       RELEASED  
13600     J12       RELEASED  
13600     J02       STARTED   
13600     J02       RELEASED  
13620     J12       STARTED   
13640     J22       STARTED   
13640     J12       FINISHED  
13700     J23       RELEASED  
13700     J13       RELEASED  
13700     J03       STARTED   
13700     J03       RELEASED  
13720     J13       STARTED   
13740     J23       STARTED   
13740     J13       FINISHED  
13800     J24       RELEASED  
13800     J14       RELEASED  
13800     J04       STARTED   
13800     J04       RELEASED  
13820     J14       STARTED   
13840     J24       STARTED   
13840     J14       FINISHED  
13900     J25       RELEASED  
13900     J15       RELEASED  
13900     J05       STARTED   
13900     J05       RELEASED  
13920     J15       STARTED   
13940     J25       STARTED   
13940     J15       FINISHED  
14000     J01       RELEASED  
14000     J01       STARTED   
14000     J21       RELEASED  
14000     J41       RELEASED  
14000     J51       RELEASED  
14000     J31       RELEASED  
14000     J31       STARTED   
14000     J11       RELEASED  
14020     J41       STARTED   
14020     J11       STARTED   
14040     J51       STARTED   
14040     J21       STARTED   
14040     J11       FINISHED  
14100     J22       RELEASED  
14100     J12       RELEASED  
14100     J02       STARTED   
14100     J02       RELEASED  
14120     J12       STARTED   
14140     J22       STARTED   
14140     J12       FINISHED  
14200     J23       RELEASED  
14200     J13       RELEASED  
14200     J03       STARTED   
14200     J03       RELEASED  
14220     J13       STARTED   
14240     J23       STARTED   
14240     J13       FINISHED  
14300     J24       RELEASED  
14300     J14       RELEASED  
14300     J04       STARTED   
14300     J04       RELEASED  
14320     J14       STARTED   
14340     J24       STARTED   
14340     J14       FINISHED  
14400     J25       RELEASED  
14400     J15       RELEASED  
14400     J05       STARTED   
14400     J05       RELEASED  
14420     J15       STARTED   
14440     J25       STARTED   
14440     J15       FINISHED  
14500     J01       RELEASED  
14500     J01       STARTED   
14500     J21       RELEASED  
14500     J41       RELEASED  
14500     J51       RELEASED  
14500     J31       RELEASED  
14500     J31       STARTED   
14500     J11       RELEASED  
14520     J41       STARTED   
14520     J11       STARTED   
14540     J51       STARTED   
14540     J21       STARTED   
14540     J11       FINISHED  
14600     J22       RELEASED  
14600     J12       RELEASED  
14600     J02       STARTED   
14600     J02       RELEASED  
14620     J12       STARTED   
14640     J22       STARTED   
14640     J12       FINISHED  
14700     J23       RELEASED  
14700     J13       RELEASED  
14700     J03       STARTED   
14700     J03       RELEASED  
14720     J13       STARTED   
14740     J23       STARTED   
14740     J13       FINISHED  
14800     J24       RELEASED  
14800     J14       RELEASED  
14800     J04       STARTED   
14800     J04       RELEASED  
14820     J14       STARTED   
14840     J24       STARTED   
14840     J14       FINISHED  
14900     J25       RELEASED  
14900     J15       RELEASED  
14900     J05       STARTED   
14900     J05       RELEASED  
14920     J15       STARTED   
14940     J25       STARTED   
14940     J15       FINISHED  
15000     J01       RELEASED  
15000     J01       STARTED   
15000     J21       RELEASED  
15000     J41       RELEASED  
15000     J51       RELEASED  
15000     J31       RELEASED  
15000     J31       STARTED   
15000     J11       RELEASED  
15020     J41       STARTED   
15020     J11       STARTED   
15040     J51       STARTED   
15040     J21       STARTED   
15040     J11       FINISHED  
15100     J22       RELEASED  
15100     J12       RELEASED  
15100     J02       STARTED   
15100     J02       RELEASED  
15120     J12       STARTED   
15140     J22       STARTED   
15140     J12       FINISHED  
15200     J23       RELEASED  
15200     J13       RELEASED  
15200     J03       STARTED   
15200     J03       RELEASED  
15220     J13       STARTED   
15240     J23       STARTED   
15240     J13       FINISHED  
15300     J24       RELEASED  
15300     J14       RELEASED  
15300     J04       STARTED   
15300     J04       RELEASED  
15320     J14       STARTED   
15340     J24       STARTED   
15340     J14       FINISHED  
15400     J25       RELEASED  
15400     J15       RELEASED  
15400     J05       STARTED   
15400     J05       RELEASED  
15420     J15       STARTED   
15440     J25       STARTED   
15440     J15       FINISHED  
15500     J01       RELEASED  
15500     J01       STARTED   
15500     J21       RELEASED  
15500     J41       RELEASED  
15500     J51       RELEASED  
15500     J31       RELEASED  
15500     J31       STARTED   
15500     J11       RELEASED  
15520     J41       STARTED   
15520     J11       STARTED   
15540     J51       STARTED   
15540     J21       STARTED   
15540     J11       FINISHED  
15600     J22       RELEASED  
15600     J12       RELEASED  
15600     J02       STARTED   
15600     J02       RELEASED  
15620     J12       STARTED   
15640     J22       STARTED   
15640     J12       FINISHED  
15700     J23       RELEASED  
15700     J13       RELEASED  
15700     J03       STARTED   
15700     J03       RELEASED  
15720     J13       STARTED   
15740     J23       STARTED   
15740     J13       FINISHED  
15800     J24       RELEASED  
15800     J14       RELEASED  
15800     J04       STARTED   
15800     J04       RELEASED  
15820     J14       STARTED   
15840     J24       STARTED   
15840     J14       FINISHED  
15900     J25       RELEASED  
15900     J15       RELEASED  
15900     J05       STARTED   
15900     J05       RELEASED  
15920     J15       STARTED   
15940     J25       STARTED   
15940     J15       FINISHED  
16000     J01       RELEASED  
16000     J01       STARTED   
16000     J21       RELEASED  
16000     J41       RELEASED  
16000     J51       RELEASED  
16000     J31       RELEASED  
16000     J31       STARTED   
16000     J11       RELEASED  
16020     J41       STARTED   
16020     J11       STARTED   
16040     J51       STARTED   
16040     J21       STARTED   
16040     J11       FINISHED  
16100     J22       RELEASED  
16100     J12       RELEASED  
16100     J02       STARTED   
16100     J02       RELEASED  
16120     J12       STARTED   
16140     J22       STARTED   
16140     J12       FINISHED  
16200     J23       RELEASED  
16200     J13       RELEASED  
16200     J03       STARTED   
16200     J03       RELEASED  
16220     J13       STARTED   
16240     J23       STARTED   
16240     J13       FINISHED  
16300     J24       RELEASED  
16300     J14       RELEASED  
16300     J04       STARTED   
16300     J04       RELEASED  
16320     J14       STARTED   
16340     J24       STARTED   
16340     J14       FINISHED  
16400     J25       RELEASED  
16400     J15       RELEASED  
16400     J05       STARTED   
16400     J05       RELEASED  
16420     J15       STARTED   
16440     J25       STARTED   
16440     J15       FINISHED  
16500     J01       RELEASED  
16500     J01       STARTED   
16500     J21       RELEASED  
16500     J41       RELEASED  
16500     J51       RELEASED  
16500     J31       RELEASED  
16500     J31       STARTED   
16500     J11       RELEASED  
16520     J41       STARTED   
16520     J11       STARTED   
16540     J51       STARTED   
16540     J21       STARTED   
16540     J11       FINISHED  
16600     J22       RELEASED  
16600     J12       RELEASED  
16600     J02       STARTED   
16600     J02       RELEASED  
16620     J12       STARTED   
16640     J22       STARTED   
16640     J12       FINISHED  
16700     J23       RELEASED  
16700     J13       RELEASED  
16700     J03       STARTED   
16700     J03       RELEASED  
16720     J13       STARTED   
16740     J23       STARTED   
16740     J13       FINISHED  
16800     J24       RELEASED  
16800     J14       RELEASED  
16800     J04       STARTED   
16800     J04       RELEASED  
16820     J14       STARTED   
16840     J24       STARTED   
16840     J14       FINISHED  
16900     J25       RELEASED  
16900     J15       RELEASED  
16900     J05       STARTED   
16900     J05       RELEASED  
16920     J15       STARTED   
16940     J25       STARTED   
16940     J15       FINISHED  
17000     J01       RELEASED  
17000     J01       STARTED   
17000     J21       RELEASED  
17000     J41       RELEASED  
17000     J51       RELEASED  
17000     J31       RELEASED  
17000     J31       STARTED   
17000     J11       RELEASED  
17020     J41       STARTED   
17020     J11       STARTED   
17040     J51       STARTED   
17040     J21       STARTED   
17040     J11       FINISHED  
17100     J22       RELEASED  
17100     J12       RELEASED  
17100     J02       STARTED   
17100     J02       RELEASED  
17120     J12       STARTED   
17140     J22       STARTED   
17140     J12       FINISHED  
17200     J23       RELEASED  
17200     J13       RELEASED  
17200     J03       STARTED   
17200     J03       RELEASED  
17220     J13       STARTED   
17240     J23       STARTED   
17240     J13       FINISHED  
17300     J24       RELEASED  
17300     J14       RELEASED  
17300     J04       STARTED   
17300     J04       RELEASED  
17320     J14       STARTED   
17340     J24       STARTED   
17340     J14       FINISHED  
17400     J25       RELEASED  
17400     J15       RELEASED  
17400     J05       STARTED   
17400     J05       RELEASED  
17420     J15       STARTED   
17440     J25       STARTED   
17440     J15       FINISHED  
17500     J01       RELEASED  
17500     J01       STARTED   
17500     J21       RELEASED  
17500     J41       RELEASED  
17500     J51       RELEASED  
17500     J31       RELEASED  
17500     J31       STARTED   
17500     J11       RELEASED  
17520     J41       STARTED   
17520     J11       STARTED   
17540     J51       STARTED   
17540     J21       STARTED   
17540     J11       FINISHED  
17600     J22       RELEASED  
17600     J12       RELEASED  
17600     J02       STARTED   
17600     J02       RELEASED  
17620     J12       STARTED   
17640     J22       STARTED   
17640     J12       FINISHED  
17700     J23       RELEASED  
17700     J13       RELEASED  
17700     J03       STARTED   
17700     J03       RELEASED  
17720     J13       STARTED   
17740     J23       STARTED   
17740     J13       FINISHED  
17800     J24       RELEASED  
17800     J14       RELEASED  
17800     J04       STARTED   
17800     J04       RELEASED  
17820     J14       STARTED   
17840     J24       STARTED   
17840     J14       FINISHED  
17900     J25       RELEASED  
17900     J15       RELEASED  
17900     J05       STARTED   
17900     J05       RELEASED  
17920     J15       STARTED   
17940     J25       STARTED   
17940     J15       FINISHED  
18000     J01       RELEASED  
18000     J01       STARTED   
18000     J21       RELEASED  
18000     J41       RELEASED  
18000     J51       RELEASED  
18000     J31       RELEASED  
18000     J31       STARTED   
18000     J11       RELEASED  
18020     J41       STARTED   
18020     J11       STARTED   
18040     J51       STARTED   
18040     J21       STARTED   
18040     J11       FINISHED  
18100     J22       RELEASED  
18100     J12       RELEASED  
18100     J02       STARTED   
18100     J02       RELEASED  
18120     J12       STARTED   
18140     J22       STARTED   
18140     J12       FINISHED  
18200     J23       RELEASED  
18200     J13       RELEASED  
18200     J03       STARTED   
18200     J03       RELEASED  
18220     J13       STARTED   
18240     J23       STARTED   
18240     J13       FINISHED  
18300     J24       RELEASED  
18300     J14       RELEASED  
18300     J04       STARTED   
18300     J04       RELEASED  
18320     J14       STARTED   
18340     J24       STARTED   
18340     J14       FINISHED  
18400     J25       RELEASED  
18400     J15       RELEASED  
18400     J05       STARTED   
18400     J05       RELEASED  
18420     J15       STARTED   
18440     J25       STARTED   
18440     J15       FINISHED  
18500     J01       RELEASED  
18500     J01       STARTED   
18500     J21       RELEASED  
18500     J41       RELEASED  
18500     J51       RELEASED  
18500     J31       RELEASED  
18500     J31       STARTED   
18500     J11       RELEASED  
18520     J41       STARTED   
18520     J11       STARTED   
18540     J51       STARTED   
18540     J21       STARTED   
18540     J11       FINISHED  
18600     J22       RELEASED  
18600     J12       RELEASED  
18600     J02       STARTED   
18600     J02       RELEASED  
18620     J12       STARTED   
18640     J22       STARTED   
18640     J12       FINISHED  
18700     J23       RELEASED  
18700     J13       RELEASED  
18700     J03       STARTED   
18700     J03       RELEASED  
18720     J13       STARTED   
18740     J23       STARTED   
18740     J13       FINISHED  
18800     J24       RELEASED  
18800     J14       RELEASED  
18800     J04       STARTED   
18800     J04       RELEASED  
18820     J14       STARTED   
18840     J24       STARTED   
18840     J14       FINISHED  
18900     J25       RELEASED  
18900     J15       RELEASED  
18900     J05       STARTED   
18900     J05       RELEASED  
18920     J15       STARTED   
18940     J25       STARTED   
18940     J15       FINISHED  
19000     J01       RELEASED  
19000     J01       STARTED   
19000     J21       RELEASED  
19000     J41       RELEASED  
19000     J51       RELEASED  
19000     J31       RELEASED  
19000     J31       STARTED   
19000     J11       RELEASED  
19020     J41       STARTED   
19020     J11       STARTED   
19040     J51       STARTED   
19040     J21       STARTED   
19040     J11       FINISHED  
19100     J22       RELEASED  
19100     J12       RELEASED  
19100     J02       STARTED   
19100     J02       RELEASED  
19120     J12       STARTED   
19140     J22       STARTED   
19140     J12       FINISHED  
19200     J23       RELEASED  
19200     J13       RELEASED  
19200     J03       STARTED   
19200     J03       RELEASED  
19220     J13       STARTED   
19240     J23       STARTED   
19240     J13       FINISHED  
19300     J24       RELEASED  
19300     J14       RELEASED  
19300     J04       STARTED   
19300     J04       RELEASED  
19320     J14       STARTED   
19340     J24       STARTED   
19340     J14       FINISHED  
19400     J25       RELEASED  
19400     J15       RELEASED  
19400     J05       STARTED   
19400     J05       RELEASED  
19420     J15       STARTED   
19440     J25       STARTED   
19440     J15       FINISHED  
19500     J01       RELEASED  
19500     J01       STARTED   
19500     J21       RELEASED  
19500     J41       RELEASED  
19500     J51       RELEASED  
19500     J31       RELEASED  
19500     J31       STARTED   
19500     J11       RELEASED  
19520     J41       STARTED   
19520     J11       STARTED   
19540     J51       STARTED   
19540     J21       STARTED   
19540     J11       FINISHED  
19600     J22       RELEASED  
19600     J12       RELEASED  
19600     J02       STARTED   
19600     J02       RELEASED  
19620     J12       STARTED   
19640     J22       STARTED   
19640     J12       FINISHED  
19700     J23       RELEASED  
19700     J13       RELEASED  
19700     J03       STARTED   
19700     J03       RELEASED  
19720     J13       STARTED   
19740     J23       STARTED   
19740     J13       FINISHED  
19800     J24       RELEASED  
19800     J14       RELEASED  
19800     J04       STARTED   
19800     J04       RELEASED  
19820     J14       STARTED   
19840     J24       STARTED   
19840     J14       FINISHED  
19900     J25       RELEASED  
19900     J15       RELEASED  
19900     J05       STARTED   
19900     J05       RELEASED  
19920     J15       STARTED   
19940     J25       STARTED   
19940     J15       FINISHED  
20000     J01       RELEASED  
20000     J01       STARTED   
20000     J21       RELEASED  
20000     J41       RELEASED  
20000     J51       RELEASED  
20000     J31       RELEASED  
20000     J31       STARTED   
20000     J11       RELEASED  
20020     J41       STARTED   
20020     J11       STARTED   
20040     J51       STARTED   
20040     J21       STARTED   
20040     J11       FINISHED  
20100     J22       RELEASED  
20100     J12       RELEASED  
20100     J02       STARTED   
20100     J02       RELEASED  
20120     J12       STARTED   
20140     J22       STARTED   
20140     J12       FINISHED  
20200     J23       RELEASED  
20200     J13       RELEASED  
20200     J03       STARTED   
20200     J03       RELEASED  
20220     J13       STARTED   
20240     J23       STARTED   
20240     J13       FINISHED  
20300     J24       RELEASED  
20300     J14       RELEASED  
20300     J04       STARTED   
20300     J04       RELEASED  
20320     J14       STARTED   
20340     J24       STARTED   
20340     J14       FINISHED  
20400     J25       RELEASED  
20400     J15       RELEASED  
20400     J05       STARTED   
20400     J05       RELEASED  
20420     J15       STARTED   
20440     J25       STARTED   
20440     J15       FINISHED  
20500     J01       RELEASED  
20500     J01       STARTED   
20500     J21       RELEASED  
20500     J41       RELEASED  
20500     J51       RELEASED  
20500     J31       RELEASED  
20500     J31       STARTED   
20500     J11       RELEASED  
20520     J41       STARTED   
20520     J11       STARTED   
20540     J51       STARTED   
20540     J21       STARTED   
20540     J11       FINISHED  
20600     J22       RELEASED  
20600     J12       RELEASED  
20600     J02       STARTED   
20600     J02       RELEASED  
20620     J12       STARTED   
20640     J22       STARTED   
20640     J12       FINISHED  
20700     J23       RELEASED  
20700     J13       RELEASED  
20700     J03       STARTED   
20700     J03       RELEASED  
20720     J13       STARTED   
20740     J23       STARTED   
20740     J13       FINISHED  
20800     J24       RELEASED  
20800     J14       RELEASED  
20800     J04       STARTED   
20800     J04       RELEASED  
20820     J14       STARTED   
20840     J24       STARTED   
20840     J14       FINISHED  
20900     J25       RELEASED  
20900     J15       RELEASED  
20900     J05       STARTED   
20900     J05       RELEASED  
20920     J15       STARTED   
20940     J25       STARTED   
20940     J15       FINISHED  
21000     J01       RELEASED  
21000     J01       STARTED   
21000     J21       RELEASED  
21000     J41       RELEASED  
21000     J51       RELEASED  
21000     J31       RELEASED  
21000     J31       STARTED   
21000     J11       RELEASED  
21020     J41       STARTED   
21020     J11       STARTED   
21040     J51       STARTED   
21040     J21       STARTED   
21040     J11       FINISHED  
21100     J22       RELEASED  
21100     J12       RELEASED  
21100     J02       STARTED   
21100     J02       RELEASED  
21120     J12       STARTED   
21140     J22       STARTED   
21140     J12       FINISHED  
21200     J23       RELEASED  
21200     J13       RELEASED  
21200     J03       STARTED   
21200     J03       RELEASED  
21220     J13       STARTED   
21240     J23       STARTED   
21240     J13       FINISHED  
21300     J24       RELEASED  
21300     J14       RELEASED  
21300     J04       STARTED   
21300     J04       RELEASED  
21320     J14       STARTED   
21340     J24       STARTED   
21340     J14       FINISHED  
21400     J25       RELEASED  
21400     J15       RELEASED  
21400     J05       STARTED   
21400     J05       RELEASED  
21420     J15       STARTED   
21440     J25       STARTED   
21440     J15       FINISHED  
21500     J01       RELEASED  
21500     J01       STARTED   
21500     J21       RELEASED  
21500     J41       RELEASED  
21500     J51       RELEASED  
21500     J31       RELEASED  
21500     J31       STARTED   
21500     J11       RELEASED  
21520     J41       STARTED   
21520     J11       STARTED   
21540     J51       STARTED   
21540     J21       STARTED   
21540     J11       FINISHED  
21600     J22       RELEASED  
21600     J12       RELEASED  
21600     J02       STARTED   
21600     J02       RELEASED  
21620     J12       STARTED   
21640     J22       STARTED   
21640     J12       FINISHED  
21700     J23       RELEASED  
21700     J13       RELEASED  
21700     J03       STARTED   
21700     J03       RELEASED  
21720     J13       STARTED   
21740     J23       STARTED   
21740     J13       FINISHED  
21800     J24       RELEASED  
21800     J14       RELEASED  
21800     J04       STARTED   
21800     J04       RELEASED  
21820     J14       STARTED   
21840     J24       STARTED   
21840     J14       FINISHED  
21900     J25       RELEASED  
21900     J15       RELEASED  
21900     J05       STARTED   
21900     J05       RELEASED  
21920     J15       STARTED   
21940     J25       STARTED   
21940     J15       FINISHED  
22000     J01       RELEASED  
22000     J01       STARTED   
22000     J21       RELEASED  
22000     J41       RELEASED  
22000     J51       RELEASED  
22000     J31       RELEASED  
22000     J31       STARTED   
22000     J11       RELEASED  
22020     J41       STARTED   
22020     J11       STARTED   
22040     J51       STARTED   
22040     J21       STARTED   
22040     J11       FINISHED  
22100     J22       RELEASED  
22100     J12       RELEASED  
22100     J02       STARTED   
22100     J02       RELEASED  
22120     J12       STARTED   
22140     J22       STARTED   
22140     J12       FINISHED  
22200     J23       RELEASED  
22200     J13       RELEASED  
22200     J03       STARTED   
22200     J03       RELEASED  
22220     J13       STARTED   
22240     J23       STARTED   
22240     J13       FINISHED  
22300     J24       RELEASED  
22300     J14       RELEASED  
22300     J04       STARTED   
22300     J04       RELEASED  
22320     J14       STARTED   
22340     J24       STARTED   
22340     J14       FINISHED  
22400     J25       RELEASED  
22400     J15       RELEASED  
22400     J05       STARTED   
22400     J05       RELEASED  
22420     J15       STARTED   
22440     J25       STARTED   
22440     J15       FINISHED  
22500     J01       RELEASED  
22500     J01       STARTED   
22500     J21       RELEASED  
22500     J41       RELEASED  
22500     J51       RELEASED  
22500     J31       RELEASED  
22500     J31       STARTED   
22500     J11       RELEASED  
22520     J41       STARTED   
22520     J11       STARTED   
22540     J51       STARTED   
22540     J21       STARTED   
22540     J11       FINISHED  
22600     J22       RELEASED  
22600     J12       RELEASED  
22600     J02       STARTED   
22600     J02       RELEASED  
22620     J12       STARTED   
22640     J22       STARTED   
22640     J12       FINISHED  
22700     J23       RELEASED  
22700     J13       RELEASED  
22700     J03       STARTED   
22700     J03       RELEASED  
22720     J13       STARTED   
22740     J23       STARTED   
22740     J13       FINISHED  
22800     J24       RELEASED  
22800     J14       RELEASED  
22800     J04       STARTED   
22800     J04       RELEASED  
22820     J14       STARTED   
22840     J24       STARTED   
22840     J14       FINISHED  
22900     J25       RELEASED  
22900     J15       RELEASED  
22900     J05       STARTED   
22900     J05       RELEASED  
22920     J15       STARTED   
22940     J25       STARTED   
22940     J15       FINISHED  
23000     J01       RELEASED  
23000     J01       STARTED   
23000     J21       RELEASED  
23000     J41       RELEASED  
23000     J51       RELEASED  
23000     J31       RELEASED  
23000     J31       STARTED   
23000     J11       RELEASED  
23020     J41       STARTED   
23020     J11       STARTED   
23040     J51       STARTED   
23040     J21       STARTED   
23040     J11       FINISHED  
23100     J22       RELEASED  
23100     J12       RELEASED  
23100     J02       STARTED   
23100     J02       RELEASED  
23120     J12       STARTED   
23140     J22       STARTED   
23140     J12       FINISHED  
23200     J23       RELEASED  
23200     J13       RELEASED  
23200     J03       STARTED   
23200     J03       RELEASED  
23220     J13       STARTED   
23240     J23       STARTED   
23240     J13       FINISHED  
23300     J24       RELEASED  
23300     J14       RELEASED  
23300     J04       STARTED   
23300     J04       RELEASED  
23320     J14       STARTED   
23340     J24       STARTED   
23340     J14       FINISHED  
23400     J25       RELEASED  
23400     J15       RELEASED  
23400     J05       STARTED   
23400     J05       RELEASED  
23420     J15       STARTED   
23440     J25       STARTED   
23440     J15       FINISHED  
23500     J01       RELEASED  
23500     J01       STARTED   
23500     J21       RELEASED  
23500     J41       RELEASED  
23500     J51       RELEASED  
23500     J31       RELEASED  
23500     J31       STARTED   
23500     J11       RELEASED  
23520     J41       STARTED   
23520     J11       STARTED   
23540     J51       STARTED   
23540     J21       STARTED   
23540     J11       FINISHED  
23600     J22       RELEASED  
23600     J12       RELEASED  
23600     J02       STARTED   
23600     J02       RELEASED  
23620     J12       STARTED   
23640     J22       STARTED   
23640     J12       FINISHED  
23700     J23       RELEASED  
23700     J13       RELEASED  
23700     J03       STARTED   
23700     J03       RELEASED  
23720     J13       STARTED   
23740     J23       STARTED   
23740     J13       FINISHED  
23800     J24       RELEASED  
23800     J14       RELEASED  
23800     J04       STARTED   
23800     J04       RELEASED  
23820     J14       STARTED   
23840     J24       STARTED   
23840     J14       FINISHED  
23900     J25       RELEASED  
23900     J15       RELEASED  
23900     J05       STARTED   
23900     J05       RELEASED  
23920     J15       STARTED   
23940     J25       STARTED   
23940     J15       FINISHED  
24000     J01       RELEASED  
24000     J01       STARTED   
24000     J21       RELEASED  
24000     J41       RELEASED  
24000     J51       RELEASED  
24000     J31       RELEASED  
24000     J31       STARTED   
24000     J11       RELEASED  
24020     J41       STARTED   
24020     J11       STARTED   
24040     J51       STARTED   
24040     J21       STARTED   
24040     J11       FINISHED  
24100     J22       RELEASED  
24100     J12       RELEASED  
24100     J02       STARTED   
24100     J02       RELEASED  
24120     J12       STARTED   
24140     J22       STARTED   
24140     J12       FINISHED  
24200     J23       RELEASED  
24200     J13       RELEASED  
24200     J03       STARTED   
24200     J03       RELEASED  
24220     J13       STARTED   
24240     J23       STARTED   
24240     J13       FINISHED  
24300     J24       RELEASED  
24300     J14       RELEASED  
24300     J04       STARTED   
24300     J04       RELEASED  
24320     J14       STARTED   
24340     J24       STARTED   
24340     J14       FINISHED  
24400     J25       RELEASED  
24400     J15       RELEASED  
24400     J05       STARTED   
24400     J05       RELEASED  
24420     J15       STARTED   
24440     J25       STARTED   
24440     J15       FINISHED  
24500     J01       RELEASED  
24500     J01       STARTED   
24500     J21       RELEASED  
24500     J41       RELEASED  
24500     J51       RELEASED  
24500     J31       RELEASED  
24500     J31       STARTED   
24500     J11       RELEASED  
