[TIME][JOB ID][EVENT TYPE]
0	J11	RELEASED
0	J41	RELEASED
0	J21	RELEASED
0	J51	RELEASED
0	J11	STARTED
0	J41	STARTED
0	J61	RELEASED
0	J31	RELEASED
30	J11	FINISHED
30	J21	STARTED
40	J51	STARTED
40	J41	FINISHED
60	J12	RELEASED
60	J12	STARTED
60	J21	FINISHED
80	J61	STARTED
80	J51	FINISHED
90	J31	STARTED
90	J12	FINISHED
120	J61	FINISHED
120	J32	RELEASED
120	J22	RELEASED
120	J13	RELEASED
120	J13	STARTED
120	J31	FINISHED
150	J22	STARTED
150	J13	FINISHED
180	J14	RELEASED
180	J14	STARTED
180	J22	FINISHED
200	J62	RELEASED
200	J42	RELEASED
200	J42	STARTED
200	J52	RELEASED
210	J32	STARTED
210	J14	FINISHED
240	J33	RELEASED
240	J23	RELEASED
240	J15	RELEASED
240	J15	STARTED
240	J32	FINISHED
240	J42	FINISHED
240	J52	STARTED
270	J23	STARTED
270	J15	FINISHED
280	J62	STARTED
280	J52	FINISHED
300	J16	RELEASED
300	J16	STARTED
300	J23	FINISHED
320	J62	FINISHED
330	J16	FINISHED
330	J33	STARTED
360	J24	RELEASED
360	J33	FINISHED
360	J17	RELEASED
360	J34	RELEASED
360	J17	STARTED
390	J24	STARTED
390	J17	FINISHED
400	J43	STARTED
400	J63	RELEASED
400	J43	RELEASED
400	J53	RELEASED
420	J24	FINISHED
420	J18	RELEASED
420	J18	STARTED
440	J43	FINISHED
440	J53	STARTED
450	J34	STARTED
450	J18	FINISHED
480	J25	RELEASED
480	J63	STARTED
480	J53	FINISHED
480	J35	RELEASED
480	J19	STARTED
480	J19	RELEASED
480	J34	FINISHED
510	J19	FINISHED
510	J25	STARTED
520	J63	FINISHED
540	J25	FINISHED
540	J110	STARTED
540	J110	RELEASED
570	J110	FINISHED
570	J35	STARTED
600	J31	RELEASED
600	J41	RELEASED
600	J41	STARTED
600	J51	RELEASED
600	J11	STARTED
600	J21	RELEASED
600	J35	FINISHED
600	J11	RELEASED
600	J61	RELEASED
630	J11	FINISHED
630	J21	STARTED
640	J51	STARTED
640	J41	FINISHED
660	J21	FINISHED
660	J12	RELEASED
660	J12	STARTED
680	J51	FINISHED
680	J61	STARTED
690	J31	STARTED
690	J12	FINISHED
720	J13	RELEASED
720	J22	RELEASED
720	J13	STARTED
720	J31	FINISHED
720	J32	RELEASED
720	J61	FINISHED
750	J22	STARTED
750	J13	FINISHED
780	J22	FINISHED
780	J14	RELEASED
780	J14	STARTED
800	J42	RELEASED
800	J42	STARTED
800	J52	RELEASED
800	J62	RELEASED
810	J32	STARTED
810	J14	FINISHED
840	J15	RELEASED
840	J52	STARTED
840	J42	FINISHED
840	J33	RELEASED
840	J23	RELEASED
840	J15	STARTED
840	J32	FINISHED
870	J23	STARTED
870	J15	FINISHED
880	J62	STARTED
880	J52	FINISHED
900	J16	STARTED
900	J16	RELEASED
900	J23	FINISHED
920	J62	FINISHED
930	J16	FINISHED
930	J33	STARTED
960	J34	RELEASED
960	J24	RELEASED
960	J33	FINISHED
960	J17	RELEASED
960	J17	STARTED
990	J24	STARTED
990	J17	FINISHED
1000	J43	RELEASED
1000	J63	RELEASED
1000	J53	RELEASED
1000	J43	STARTED
1020	J18	STARTED
1020	J18	RELEASED
1020	J24	FINISHED
1040	J53	STARTED
1040	J43	FINISHED
1050	J34	STARTED
1050	J18	FINISHED
1080	J25	RELEASED
1080	J19	STARTED
1080	J35	RELEASED
1080	J63	STARTED
1080	J19	RELEASED
1080	J53	FINISHED
1080	J34	FINISHED
1110	J19	FINISHED
1110	J25	STARTED
1120	J63	FINISHED
1140	J25	FINISHED
1140	J110	STARTED
1140	J110	RELEASED
1170	J35	STARTED
1170	J110	FINISHED
1200	J51	RELEASED
1200	J21	RELEASED
1200	J11	STARTED
1200	J41	RELEASED
1200	J61	RELEASED
1200	J41	STARTED
1200	J31	RELEASED
1200	J35	FINISHED
1200	J11	RELEASED
1230	J11	FINISHED
1230	J21	STARTED
1240	J41	FINISHED
1240	J51	STARTED
1260	J21	FINISHED
1260	J12	RELEASED
1260	J12	STARTED
1280	J51	FINISHED
1280	J61	STARTED
1290	J31	STARTED
1290	J12	FINISHED
1320	J31	FINISHED
1320	J13	STARTED
1320	J22	RELEASED
1320	J61	FINISHED
1320	J13	RELEASED
1320	J32	RELEASED
1350	J13	FINISHED
1350	J22	STARTED
1380	J22	FINISHED
1380	J14	RELEASED
1380	J14	STARTED
1400	J52	RELEASED
1400	J42	STARTED
1400	J42	RELEASED
1400	J62	RELEASED
1410	J32	STARTED
1410	J14	FINISHED
1440	J42	FINISHED
1440	J15	STARTED
1440	J32	FINISHED
1440	J33	RELEASED
1440	J52	STARTED
1440	J15	RELEASED
1440	J23	RELEASED
1470	J23	STARTED
1470	J15	FINISHED
1480	J62	STARTED
1480	J52	FINISHED
1500	J23	FINISHED
1500	J16	STARTED
1500	J16	RELEASED
1520	J62	FINISHED
1530	J33	STARTED
1530	J16	FINISHED
1560	J17	RELEASED
1560	J33	FINISHED
1560	J24	RELEASED
1560	J34	RELEASED
1560	J17	STARTED
1590	J24	STARTED
1590	J17	FINISHED
1600	J43	RELEASED
1600	J53	RELEASED
1600	J63	RELEASED
1600	J43	STARTED
1620	J24	FINISHED
1620	J18	RELEASED
1620	J18	STARTED
1640	J53	STARTED
1640	J43	FINISHED
1650	J34	STARTED
1650	J18	FINISHED
1680	J35	RELEASED
1680	J25	RELEASED
1680	J19	STARTED
1680	J19	RELEASED
1680	J53	FINISHED
1680	J34	FINISHED
1680	J63	STARTED
1710	J19	FINISHED
1710	J25	STARTED
1720	J63	FINISHED
1740	J110	STARTED
1740	J25	FINISHED
1740	J110	RELEASED
1770	J110	FINISHED
1770	J35	STARTED
1800	J41	STARTED
1800	J21	RELEASED
1800	J41	RELEASED
1800	J51	RELEASED
1800	J11	RELEASED
1800	J11	STARTED
1800	J35	FINISHED
1800	J61	RELEASED
1800	J31	RELEASED
1830	J11	FINISHED
1830	J21	STARTED
1840	J41	FINISHED
1840	J51	STARTED
1860	J21	FINISHED
1860	J12	STARTED
1860	J12	RELEASED
1880	J51	FINISHED
1880	J61	STARTED
1890	J12	FINISHED
1890	J31	STARTED
1920	J32	RELEASED
1920	J13	STARTED
1920	J22	RELEASED
1920	J31	FINISHED
1920	J61	FINISHED
1920	J13	RELEASED
1950	J22	STARTED
1950	J13	FINISHED
1980	J22	FINISHED
1980	J14	RELEASED
1980	J14	STARTED
2000	J42	STARTED
2000	J52	RELEASED
2000	J62	RELEASED
2000	J42	RELEASED
2010	J32	STARTED
2010	J14	FINISHED
2040	J33	RELEASED
2040	J42	FINISHED
2040	J23	RELEASED
2040	J15	RELEASED
2040	J15	STARTED
2040	J32	FINISHED
2040	J52	STARTED
2070	J23	STARTED
2070	J15	FINISHED
2080	J52	FINISHED
2080	J62	STARTED
2100	J16	RELEASED
2100	J16	STARTED
2100	J23	FINISHED
2120	J62	FINISHED
2130	J16	FINISHED
2130	J33	STARTED
2160	J24	RELEASED
2160	J34	RELEASED
2160	J17	RELEASED
2160	J33	FINISHED
2160	J17	STARTED
2190	J24	STARTED
2190	J17	FINISHED
2200	J63	RELEASED
2200	J43	STARTED
2200	J43	RELEASED
2200	J53	RELEASED
2220	J24	FINISHED
2220	J18	RELEASED
2220	J18	STARTED
2240	J53	STARTED
2240	J43	FINISHED
2250	J34	STARTED
2250	J18	FINISHED
2280	J25	RELEASED
2280	J19	RELEASED
2280	J53	FINISHED
2280	J63	STARTED
2280	J35	RELEASED
2280	J19	STARTED
2280	J34	FINISHED
2310	J19	FINISHED
2310	J25	STARTED
2320	J63	FINISHED
2340	J25	FINISHED
2340	J110	STARTED
2340	J110	RELEASED
2370	J110	FINISHED
2370	J35	STARTED
2400	J61	RELEASED
2400	J35	FINISHED
2400	J41	RELEASED
2400	J51	RELEASED
2400	J11	RELEASED
2400	J21	RELEASED
2400	J41	STARTED
2400	J31	RELEASED
2400	J11	STARTED
2430	J11	FINISHED
2430	J21	STARTED
2440	J51	STARTED
2440	J41	FINISHED
2460	J12	RELEASED
2460	J21	FINISHED
2460	J12	STARTED
2480	J51	FINISHED
2480	J61	STARTED
2490	J12	FINISHED
2490	J31	STARTED
2520	J22	RELEASED
2520	J13	STARTED
2520	J31	FINISHED
2520	J32	RELEASED
2520	J13	RELEASED
2520	J61	FINISHED
2550	J22	STARTED
2550	J13	FINISHED
2580	J22	FINISHED
2580	J14	STARTED
2580	J14	RELEASED
2600	J52	RELEASED
2600	J42	STARTED
2600	J62	RELEASED
2600	J42	RELEASED
2610	J32	STARTED
2610	J14	FINISHED
2640	J32	FINISHED
2640	J33	RELEASED
2640	J42	FINISHED
2640	J15	STARTED
2640	J15	RELEASED
2640	J23	RELEASED
2640	J52	STARTED
2670	J23	STARTED
2670	J15	FINISHED
2680	J52	FINISHED
2680	J62	STARTED
2700	J23	FINISHED
2700	J16	RELEASED
2700	J16	STARTED
2720	J62	FINISHED
2730	J16	FINISHED
2730	J33	STARTED
2760	J24	RELEASED
2760	J33	FINISHED
2760	J17	RELEASED
2760	J17	STARTED
2760	J34	RELEASED
2790	J24	STARTED
2790	J17	FINISHED
2800	J53	RELEASED
2800	J43	RELEASED
2800	J63	RELEASED
2800	J43	STARTED
2820	J18	STARTED
2820	J18	RELEASED
2820	J24	FINISHED
2840	J53	STARTED
2840	J43	FINISHED
2850	J18	FINISHED
2850	J34	STARTED
2880	J35	RELEASED
2880	J19	RELEASED
2880	J25	RELEASED
2880	J19	STARTED
2880	J63	STARTED
2880	J53	FINISHED
2880	J34	FINISHED
2910	J19	FINISHED
2910	J25	STARTED
2920	J63	FINISHED
2940	J110	STARTED
2940	J110	RELEASED
2940	J25	FINISHED
2970	J35	STARTED
2970	J110	FINISHED
3000	J21	RELEASED
3000	J41	RELEASED
3000	J51	RELEASED
3000	J41	STARTED
3000	J35	FINISHED
3000	J11	STARTED
3000	J61	RELEASED
3000	J11	RELEASED
3000	J31	RELEASED
3030	J11	FINISHED
3030	J21	STARTED
3040	J41	FINISHED
3040	J51	STARTED
3060	J12	STARTED
3060	J12	RELEASED
3060	J21	FINISHED
3080	J51	FINISHED
3080	J61	STARTED
3090	J12	FINISHED
3090	J31	STARTED
3120	J31	FINISHED
3120	J32	RELEASED
3120	J22	RELEASED
3120	J13	STARTED
3120	J13	RELEASED
3120	J61	FINISHED
3150	J13	FINISHED
3150	J22	STARTED
3180	J14	RELEASED
3180	J22	FINISHED
3180	J14	STARTED
3200	J42	STARTED
3200	J52	RELEASED
3200	J42	RELEASED
3200	J62	RELEASED
3210	J32	STARTED
3210	J14	FINISHED
3240	J32	FINISHED
3240	J33	RELEASED
3240	J42	FINISHED
3240	J23	RELEASED
3240	J52	STARTED
3240	J15	RELEASED
3240	J15	STARTED
3270	J23	STARTED
3270	J15	FINISHED
3280	J52	FINISHED
3280	J62	STARTED
3300	J16	RELEASED
3300	J16	STARTED
3300	J23	FINISHED
3320	J62	FINISHED
3330	J16	FINISHED
3330	J33	STARTED
3360	J24	RELEASED
3360	J34	RELEASED
3360	J17	STARTED
3360	J33	FINISHED
3360	J17	RELEASED
3390	J24	STARTED
3390	J17	FINISHED
3400	J53	RELEASED
3400	J43	RELEASED
3400	J63	RELEASED
3400	J43	STARTED
3420	J24	FINISHED
3420	J18	RELEASED
3420	J18	STARTED
3440	J53	STARTED
3440	J43	FINISHED
3450	J34	STARTED
3450	J18	FINISHED
3480	J19	RELEASED
3480	J35	RELEASED
3480	J25	RELEASED
3480	J63	STARTED
3480	J19	STARTED
3480	J53	FINISHED
3480	J34	FINISHED
3510	J19	FINISHED
3510	J25	STARTED
3520	J63	FINISHED
3540	J25	FINISHED
3540	J110	STARTED
3540	J110	RELEASED
3570	J110	FINISHED
3570	J35	STARTED
3600	J41	STARTED
3600	J41	RELEASED
3600	J51	RELEASED
3600	J21	RELEASED
3600	J61	RELEASED
3600	J11	RELEASED
3600	J35	FINISHED
3600	J31	RELEASED
3600	J11	STARTED
3630	J11	FINISHED
3630	J21	STARTED
3640	J51	STARTED
3640	J41	FINISHED
3660	J21	FINISHED
3660	J12	STARTED
3660	J12	RELEASED
3680	J51	FINISHED
3680	J61	STARTED
3690	J12	FINISHED
3690	J31	STARTED
3720	J13	STARTED
3720	J31	FINISHED
3720	J22	RELEASED
3720	J32	RELEASED
3720	J13	RELEASED
3720	J61	FINISHED
3750	J22	STARTED
3750	J13	FINISHED
3780	J22	FINISHED
3780	J14	RELEASED
3780	J14	STARTED
3800	J52	RELEASED
3800	J42	STARTED
3800	J62	RELEASED
3800	J42	RELEASED
3810	J32	STARTED
3810	J14	FINISHED
3840	J15	RELEASED
3840	J42	FINISHED
3840	J15	STARTED
3840	J32	FINISHED
3840	J23	RELEASED
3840	J33	RELEASED
3840	J52	STARTED
3870	J23	STARTED
3870	J15	FINISHED
3880	J52	FINISHED
3880	J62	STARTED
3900	J16	STARTED
3900	J16	RELEASED
3900	J23	FINISHED
3920	J62	FINISHED
3930	J16	FINISHED
3930	J33	STARTED
3960	J34	RELEASED
3960	J24	RELEASED
3960	J33	FINISHED
3960	J17	RELEASED
3960	J17	STARTED
3990	J24	STARTED
3990	J17	FINISHED
4000	J53	RELEASED
4000	J63	RELEASED
4000	J43	RELEASED
4000	J43	STARTED
4020	J24	FINISHED
4020	J18	RELEASED
4020	J18	STARTED
4040	J53	STARTED
4040	J43	FINISHED
4050	J34	STARTED
4050	J18	FINISHED
4080	J19	RELEASED
4080	J25	RELEASED
4080	J19	STARTED
4080	J35	RELEASED
4080	J63	STARTED
4080	J34	FINISHED
4080	J53	FINISHED
4110	J25	STARTED
4110	J19	FINISHED
4120	J63	FINISHED
4140	J110	STARTED
4140	J110	RELEASED
4140	J25	FINISHED
4170	J110	FINISHED
4170	J35	STARTED
4200	J21	RELEASED
4200	J31	RELEASED
4200	J61	RELEASED
4200	J41	STARTED
4200	J51	RELEASED
4200	J41	RELEASED
4200	J11	RELEASED
4200	J35	FINISHED
4200	J11	STARTED
4230	J11	FINISHED
4230	J21	STARTED
4240	J41	FINISHED
4240	J51	STARTED
4260	J12	STARTED
4260	J12	RELEASED
4260	J21	FINISHED
4280	J51	FINISHED
4280	J61	STARTED
4290	J12	FINISHED
4290	J31	STARTED
4320	J13	STARTED
4320	J22	RELEASED
4320	J31	FINISHED
4320	J61	FINISHED
4320	J13	RELEASED
4320	J32	RELEASED
4350	J22	STARTED
4350	J13	FINISHED
4380	J22	FINISHED
4380	J14	RELEASED
4380	J14	STARTED
4400	J62	RELEASED
4400	J52	RELEASED
4400	J42	STARTED
4400	J42	RELEASED
4410	J32	STARTED
4410	J14	FINISHED
4440	J32	FINISHED
4440	J33	RELEASED
4440	J42	FINISHED
4440	J23	RELEASED
4440	J52	STARTED
4440	J15	RELEASED
4440	J15	STARTED
4470	J23	STARTED
4470	J15	FINISHED
4480	J62	STARTED
4480	J52	FINISHED
4500	J16	RELEASED
4500	J16	STARTED
4500	J23	FINISHED
4520	J62	FINISHED
4530	J33	STARTED
4530	J16	FINISHED
4560	J33	FINISHED
4560	J24	RELEASED
4560	J34	RELEASED
4560	J17	RELEASED
4560	J17	STARTED
4590	J24	STARTED
4590	J17	FINISHED
4600	J53	RELEASED
4600	J43	RELEASED
4600	J43	STARTED
4600	J63	RELEASED
4620	J18	RELEASED
4620	J24	FINISHED
4620	J18	STARTED
4640	J53	STARTED
4640	J43	FINISHED
4650	J34	STARTED
4650	J18	FINISHED
4680	J53	FINISHED
4680	J25	RELEASED
4680	J63	STARTED
4680	J34	FINISHED
4680	J35	RELEASED
4680	J19	RELEASED
4680	J19	STARTED
4710	J19	FINISHED
4710	J25	STARTED
4720	J63	FINISHED
4740	J110	STARTED
4740	J25	FINISHED
4740	J110	RELEASED
4770	J110	FINISHED
4770	J35	STARTED
4800	J61	RELEASED
4800	J41	STARTED
4800	J41	RELEASED
4800	J51	RELEASED
4800	J21	RELEASED
4800	J11	RELEASED
4800	J31	RELEASED
4800	J11	STARTED
4800	J35	FINISHED
4830	J11	FINISHED
4830	J21	STARTED
4840	J41	FINISHED
4840	J51	STARTED
4860	J12	STARTED
4860	J12	RELEASED
4860	J21	FINISHED
4880	J51	FINISHED
4880	J61	STARTED
4890	J12	FINISHED
4890	J31	STARTED
4920	J31	FINISHED
4920	J13	STARTED
4920	J22	RELEASED
4920	J32	RELEASED
4920	J61	FINISHED
4920	J13	RELEASED
4950	J22	STARTED
4950	J13	FINISHED
4980	J14	RELEASED
4980	J22	FINISHED
4980	J14	STARTED
5000	J62	RELEASED
5000	J52	RELEASED
5000	J42	STARTED
5000	J42	RELEASED
5010	J32	STARTED
5010	J14	FINISHED
5040	J33	RELEASED
5040	J42	FINISHED
5040	J15	RELEASED
5040	J32	FINISHED
5040	J52	STARTED
5040	J23	RELEASED
5040	J15	STARTED
5070	J23	STARTED
5070	J15	FINISHED
5080	J52	FINISHED
5080	J62	STARTED
5100	J16	RELEASED
5100	J16	STARTED
5100	J23	FINISHED
5120	J62	FINISHED
5130	J16	FINISHED
5130	J33	STARTED
5160	J24	RELEASED
5160	J34	RELEASED
5160	J17	RELEASED
5160	J33	FINISHED
5160	J17	STARTED
5190	J24	STARTED
5190	J17	FINISHED
5200	J63	RELEASED
5200	J43	RELEASED
5200	J53	RELEASED
5200	J43	STARTED
5220	J18	RELEASED
5220	J24	FINISHED
5220	J18	STARTED
5240	J53	STARTED
5240	J43	FINISHED
5250	J34	STARTED
5250	J18	FINISHED
5280	J35	RELEASED
5280	J25	RELEASED
5280	J53	FINISHED
5280	J63	STARTED
5280	J19	STARTED
5280	J34	FINISHED
5280	J19	RELEASED
5310	J25	STARTED
5310	J19	FINISHED
5320	J63	FINISHED
5340	J110	STARTED
5340	J25	FINISHED
5340	J110	RELEASED
5370	J35	STARTED
5370	J110	FINISHED
5400	J61	RELEASED
5400	J41	STARTED
5400	J41	RELEASED
5400	J51	RELEASED
5400	J21	RELEASED
5400	J11	RELEASED
5400	J31	RELEASED
5400	J35	FINISHED
5400	J11	STARTED
5430	J21	STARTED
5430	J11	FINISHED
5440	J41	FINISHED
5440	J51	STARTED
5460	J21	FINISHED
5460	J12	RELEASED
5460	J12	STARTED
5480	J51	FINISHED
5480	J61	STARTED
5490	J12	FINISHED
5490	J31	STARTED
5520	J31	FINISHED
5520	J13	STARTED
5520	J22	RELEASED
5520	J61	FINISHED
5520	J13	RELEASED
5520	J32	RELEASED
5550	J22	STARTED
5550	J13	FINISHED
5580	J22	FINISHED
5580	J14	STARTED
5580	J14	RELEASED
5600	J62	RELEASED
5600	J52	RELEASED
5600	J42	STARTED
5600	J42	RELEASED
5610	J32	STARTED
5610	J14	FINISHED
5640	J32	FINISHED
5640	J33	RELEASED
5640	J42	FINISHED
5640	J15	RELEASED
5640	J52	STARTED
5640	J23	RELEASED
5640	J15	STARTED
5670	J23	STARTED
5670	J15	FINISHED
5680	J62	STARTED
5680	J52	FINISHED
5700	J16	RELEASED
5700	J16	STARTED
5700	J23	FINISHED
5720	J62	FINISHED
5730	J16	FINISHED
5730	J33	STARTED
5760	J34	RELEASED
5760	J24	RELEASED
5760	J17	STARTED
5760	J33	FINISHED
5760	J17	RELEASED
5790	J24	STARTED
5790	J17	FINISHED
5800	J53	RELEASED
5800	J43	RELEASED
5800	J43	STARTED
5800	J63	RELEASED
5820	J18	STARTED
5820	J18	RELEASED
5820	J24	FINISHED
5840	J53	STARTED
5840	J43	FINISHED
5850	J34	STARTED
5850	J18	FINISHED
5880	J25	RELEASED
5880	J34	FINISHED
5880	J35	RELEASED
5880	J63	STARTED
5880	J19	RELEASED
5880	J19	STARTED
5880	J53	FINISHED
5910	J19	FINISHED
5910	J25	STARTED
5920	J63	FINISHED
5940	J110	STARTED
5940	J25	FINISHED
5940	J110	RELEASED
5970	J110	FINISHED
5970	J35	STARTED
6000	J61	RELEASED
6000	J41	RELEASED
6000	J41	STARTED
6000	J51	RELEASED
6000	J11	RELEASED
6000	J35	FINISHED
6000	J21	RELEASED
6000	J11	STARTED
6000	J31	RELEASED
6030	J11	FINISHED
6030	J21	STARTED
6040	J51	STARTED
6040	J41	FINISHED
6060	J12	STARTED
6060	J12	RELEASED
6060	J21	FINISHED
6080	J51	FINISHED
6080	J61	STARTED
6090	J12	FINISHED
6090	J31	STARTED
6120	J22	RELEASED
6120	J31	FINISHED
6120	J13	STARTED
6120	J32	RELEASED
6120	J61	FINISHED
6120	J13	RELEASED
6150	J13	FINISHED
6150	J22	STARTED
6180	J22	FINISHED
6180	J14	RELEASED
6180	J14	STARTED
6200	J52	RELEASED
6200	J42	STARTED
6200	J42	RELEASED
6200	J62	RELEASED
6210	J32	STARTED
6210	J14	FINISHED
6240	J32	FINISHED
6240	J15	RELEASED
6240	J33	RELEASED
6240	J42	FINISHED
6240	J52	STARTED
6240	J23	RELEASED
6240	J15	STARTED
6270	J23	STARTED
6270	J15	FINISHED
6280	J62	STARTED
6280	J52	FINISHED
6300	J23	FINISHED
6300	J16	STARTED
6300	J16	RELEASED
6320	J62	FINISHED
6330	J16	FINISHED
6330	J33	STARTED
6360	J24	RELEASED
6360	J33	FINISHED
6360	J17	STARTED
6360	J34	RELEASED
6360	J17	RELEASED
6390	J24	STARTED
6390	J17	FINISHED
6400	J53	RELEASED
6400	J43	RELEASED
6400	J63	RELEASED
6400	J43	STARTED
6420	J18	RELEASED
6420	J24	FINISHED
6420	J18	STARTED
6440	J53	STARTED
6440	J43	FINISHED
6450	J34	STARTED
6450	J18	FINISHED
6480	J25	RELEASED
6480	J53	FINISHED
6480	J19	RELEASED
6480	J19	STARTED
6480	J63	STARTED
6480	J35	RELEASED
6480	J34	FINISHED
6510	J25	STARTED
6510	J19	FINISHED
6520	J63	FINISHED
6540	J110	STARTED
6540	J110	RELEASED
6540	J25	FINISHED
6570	J110	FINISHED
6570	J35	STARTED
6600	J21	RELEASED
6600	J31	RELEASED
6600	J41	RELEASED
6600	J41	STARTED
6600	J51	RELEASED
6600	J11	RELEASED
6600	J35	FINISHED
6600	J61	RELEASED
6600	J11	STARTED
6630	J21	STARTED
6630	J11	FINISHED
6640	J41	FINISHED
6640	J51	STARTED
6660	J12	STARTED
6660	J21	FINISHED
6660	J12	RELEASED
6680	J51	FINISHED
6680	J61	STARTED
6690	J12	FINISHED
6690	J31	STARTED
6720	J13	STARTED
6720	J22	RELEASED
6720	J31	FINISHED
6720	J32	RELEASED
6720	J13	RELEASED
6720	J61	FINISHED
6750	J22	STARTED
6750	J13	FINISHED
6780	J22	FINISHED
6780	J14	RELEASED
6780	J14	STARTED
6800	J52	RELEASED
6800	J62	RELEASED
6800	J42	STARTED
6800	J42	RELEASED
6810	J32	STARTED
6810	J14	FINISHED
6840	J32	FINISHED
6840	J33	RELEASED
6840	J42	FINISHED
6840	J15	RELEASED
6840	J52	STARTED
6840	J15	STARTED
6840	J23	RELEASED
6870	J23	STARTED
6870	J15	FINISHED
6880	J62	STARTED
6880	J52	FINISHED
6900	J16	RELEASED
6900	J16	STARTED
6900	J23	FINISHED
6920	J62	FINISHED
6930	J33	STARTED
6930	J16	FINISHED
6960	J24	RELEASED
6960	J34	RELEASED
6960	J33	FINISHED
6960	J17	STARTED
6960	J17	RELEASED
6990	J24	STARTED
6990	J17	FINISHED
7000	J43	RELEASED
7000	J53	RELEASED
7000	J43	STARTED
7000	J63	RELEASED
7020	J24	FINISHED
7020	J18	RELEASED
7020	J18	STARTED
7040	J43	FINISHED
7040	J53	STARTED
7050	J34	STARTED
7050	J18	FINISHED
7080	J25	RELEASED
7080	J19	STARTED
7080	J34	FINISHED
7080	J35	RELEASED
7080	J63	STARTED
7080	J19	RELEASED
7080	J53	FINISHED
7110	J25	STARTED
7110	J19	FINISHED
7120	J63	FINISHED
7140	J110	STARTED
7140	J25	FINISHED
7140	J110	RELEASED
7170	J35	STARTED
7170	J110	FINISHED
7200	J41	STARTED
7200	J61	RELEASED
7200	J41	RELEASED
7200	J51	RELEASED
7200	J11	RELEASED
7200	J35	FINISHED
7200	J21	RELEASED
7200	J11	STARTED
7200	J31	RELEASED
7230	J11	FINISHED
7230	J21	STARTED
7240	J41	FINISHED
7240	J51	STARTED
7260	J21	FINISHED
7260	J12	RELEASED
7260	J12	STARTED
7280	J51	FINISHED
7280	J61	STARTED
7290	J12	FINISHED
7290	J31	STARTED
7320	J22	RELEASED
7320	J13	STARTED
7320	J61	FINISHED
7320	J32	RELEASED
7320	J13	RELEASED
7320	J31	FINISHED
7350	J13	FINISHED
7350	J22	STARTED
7380	J14	RELEASED
7380	J22	FINISHED
7380	J14	STARTED
7400	J52	RELEASED
7400	J42	STARTED
7400	J62	RELEASED
7400	J42	RELEASED
7410	J32	STARTED
7410	J14	FINISHED
7440	J32	FINISHED
7440	J15	RELEASED
7440	J33	RELEASED
7440	J42	FINISHED
7440	J23	RELEASED
7440	J52	STARTED
7440	J15	STARTED
7470	J23	STARTED
7470	J15	FINISHED
7480	J52	FINISHED
7480	J62	STARTED
7500	J23	FINISHED
7500	J16	RELEASED
7500	J16	STARTED
7520	J62	FINISHED
7530	J16	FINISHED
7530	J33	STARTED
7560	J24	RELEASED
7560	J33	FINISHED
7560	J17	STARTED
7560	J17	RELEASED
7560	J34	RELEASED
7590	J24	STARTED
7590	J17	FINISHED
7600	J53	RELEASED
7600	J63	RELEASED
7600	J43	RELEASED
7600	J43	STARTED
7620	J24	FINISHED
7620	J18	STARTED
7620	J18	RELEASED
7640	J53	STARTED
7640	J43	FINISHED
7650	J34	STARTED
7650	J18	FINISHED
7680	J19	RELEASED
7680	J25	RELEASED
7680	J19	STARTED
7680	J63	STARTED
7680	J35	RELEASED
7680	J34	FINISHED
7680	J53	FINISHED
7710	J19	FINISHED
7710	J25	STARTED
7720	J63	FINISHED
7740	J110	STARTED
7740	J110	RELEASED
7740	J25	FINISHED
7770	J110	FINISHED
7770	J35	STARTED
7800	J61	RELEASED
7800	J31	RELEASED
7800	J41	STARTED
7800	J41	RELEASED
7800	J51	RELEASED
7800	J11	RELEASED
7800	J35	FINISHED
7800	J11	STARTED
7800	J21	RELEASED
7830	J11	FINISHED
7830	J21	STARTED
7840	J41	FINISHED
7840	J51	STARTED
7860	J21	FINISHED
7860	J12	STARTED
7860	J12	RELEASED
7880	J51	FINISHED
7880	J61	STARTED
7890	J12	FINISHED
7890	J31	STARTED
7920	J13	STARTED
7920	J31	FINISHED
7920	J22	RELEASED
7920	J13	RELEASED
7920	J32	RELEASED
7920	J61	FINISHED
7950	J22	STARTED
7950	J13	FINISHED
7980	J14	RELEASED
7980	J22	FINISHED
7980	J14	STARTED
8000	J52	RELEASED
8000	J42	STARTED
8000	J62	RELEASED
8000	J42	RELEASED
8010	J32	STARTED
8010	J14	FINISHED
8040	J42	FINISHED
8040	J33	RELEASED
8040	J23	RELEASED
8040	J15	RELEASED
8040	J52	STARTED
8040	J32	FINISHED
8040	J15	STARTED
8070	J23	STARTED
8070	J15	FINISHED
8080	J52	FINISHED
8080	J62	STARTED
8100	J16	RELEASED
8100	J16	STARTED
8100	J23	FINISHED
8120	J62	FINISHED
8130	J33	STARTED
8130	J16	FINISHED
8160	J24	RELEASED
8160	J34	RELEASED
8160	J17	STARTED
8160	J33	FINISHED
8160	J17	RELEASED
8190	J24	STARTED
8190	J17	FINISHED
8200	J43	RELEASED
8200	J53	RELEASED
8200	J63	RELEASED
8200	J43	STARTED
8220	J24	FINISHED
8220	J18	STARTED
8220	J18	RELEASED
8240	J53	STARTED
8240	J43	FINISHED
8250	J34	STARTED
8250	J18	FINISHED
8280	J19	RELEASED
8280	J25	RELEASED
8280	J63	STARTED
8280	J35	RELEASED
8280	J19	STARTED
8280	J34	FINISHED
8280	J53	FINISHED
8310	J19	FINISHED
8310	J25	STARTED
8320	J63	FINISHED
8340	J25	FINISHED
8340	J110	STARTED
8340	J110	RELEASED
8370	J110	FINISHED
8370	J35	STARTED
8400	J61	RELEASED
8400	J41	RELEASED
8400	J31	RELEASED
8400	J51	RELEASED
8400	J11	RELEASED
8400	J21	RELEASED
8400	J41	STARTED
8400	J11	STARTED
8400	J35	FINISHED
8430	J11	FINISHED
8430	J21	STARTED
8440	J51	STARTED
8440	J41	FINISHED
8460	J21	FINISHED
8460	J12	STARTED
8460	J12	RELEASED
8480	J51	FINISHED
8480	J61	STARTED
8490	J12	FINISHED
8490	J31	STARTED
8520	J31	FINISHED
8520	J13	STARTED
8520	J22	RELEASED
8520	J61	FINISHED
8520	J32	RELEASED
8520	J13	RELEASED
8550	J22	STARTED
8550	J13	FINISHED
8580	J14	RELEASED
8580	J22	FINISHED
8580	J14	STARTED
8600	J52	RELEASED
8600	J42	STARTED
8600	J62	RELEASED
8600	J42	RELEASED
8610	J32	STARTED
8610	J14	FINISHED
8640	J15	RELEASED
8640	J42	FINISHED
8640	J32	FINISHED
8640	J33	RELEASED
8640	J52	STARTED
8640	J23	RELEASED
8640	J15	STARTED
8670	J23	STARTED
8670	J15	FINISHED
8680	J62	STARTED
8680	J52	FINISHED
8700	J16	RELEASED
8700	J16	STARTED
8700	J23	FINISHED
8720	J62	FINISHED
8730	J16	FINISHED
8730	J33	STARTED
8760	J34	RELEASED
8760	J24	RELEASED
8760	J33	FINISHED
8760	J17	STARTED
8760	J17	RELEASED
8790	J17	FINISHED
8790	J24	STARTED
8800	J53	RELEASED
8800	J63	RELEASED
8800	J43	RELEASED
8800	J43	STARTED
8820	J18	STARTED
8820	J24	FINISHED
8820	J18	RELEASED
8840	J53	STARTED
8840	J43	FINISHED
8850	J34	STARTED
8850	J18	FINISHED
8880	J35	RELEASED
8880	J19	RELEASED
8880	J25	RELEASED
8880	J63	STARTED
8880	J19	STARTED
8880	J34	FINISHED
8880	J53	FINISHED
8910	J19	FINISHED
8910	J25	STARTED
8920	J63	FINISHED
8940	J110	STARTED
8940	J25	FINISHED
8940	J110	RELEASED
8970	J110	FINISHED
8970	J35	STARTED
9000	J21	RELEASED
9000	J41	STARTED
9000	J51	RELEASED
9000	J41	RELEASED
9000	J31	RELEASED
9000	J11	STARTED
9000	J11	RELEASED
9000	J35	FINISHED
9000	J61	RELEASED
9030	J11	FINISHED
9030	J21	STARTED
9040	J41	FINISHED
9040	J51	STARTED
9060	J21	FINISHED
9060	J12	STARTED
9060	J12	RELEASED
9080	J51	FINISHED
9080	J61	STARTED
9090	J12	FINISHED
9090	J31	STARTED
9120	J31	FINISHED
9120	J32	RELEASED
9120	J13	STARTED
9120	J22	RELEASED
9120	J13	RELEASED
9120	J61	FINISHED
9150	J22	STARTED
9150	J13	FINISHED
9180	J22	FINISHED
9180	J14	RELEASED
9180	J14	STARTED
9200	J62	RELEASED
9200	J52	RELEASED
9200	J42	STARTED
9200	J42	RELEASED
9210	J32	STARTED
9210	J14	FINISHED
9240	J33	RELEASED
9240	J42	FINISHED
9240	J15	RELEASED
9240	J15	STARTED
9240	J23	RELEASED
9240	J52	STARTED
9240	J32	FINISHED
9270	J23	STARTED
9270	J15	FINISHED
9280	J62	STARTED
9280	J52	FINISHED
9300	J16	RELEASED
9300	J16	STARTED
9300	J23	FINISHED
9320	J62	FINISHED
9330	J16	FINISHED
9330	J33	STARTED
9360	J34	RELEASED
9360	J24	RELEASED
9360	J33	FINISHED
9360	J17	STARTED
9360	J17	RELEASED
9390	J24	STARTED
9390	J17	FINISHED
9400	J53	RELEASED
9400	J43	RELEASED
9400	J63	RELEASED
9400	J43	STARTED
9420	J24	FINISHED
9420	J18	RELEASED
9420	J18	STARTED
9440	J53	STARTED
9440	J43	FINISHED
9450	J34	STARTED
9450	J18	FINISHED
9480	J19	RELEASED
9480	J35	RELEASED
9480	J25	RELEASED
9480	J63	STARTED
9480	J19	STARTED
9480	J34	FINISHED
9480	J53	FINISHED
9510	J19	FINISHED
9510	J25	STARTED
9520	J63	FINISHED
9540	J25	FINISHED
9540	J110	STARTED
9540	J110	RELEASED
9570	J110	FINISHED
9570	J35	STARTED
9600	J21	RELEASED
9600	J41	STARTED
9600	J51	RELEASED
9600	J61	RELEASED
9600	J41	RELEASED
9600	J31	RELEASED
9600	J11	RELEASED
9600	J11	STARTED
9600	J35	FINISHED
9630	J11	FINISHED
9630	J21	STARTED
9640	J51	STARTED
9640	J41	FINISHED
9660	J21	FINISHED
9660	J12	STARTED
9660	J12	RELEASED
9680	J51	FINISHED
9680	J61	STARTED
9690	J12	FINISHED
9690	J31	STARTED
9720	J13	STARTED
9720	J22	RELEASED
9720	J31	FINISHED
9720	J32	RELEASED
9720	J61	FINISHED
9720	J13	RELEASED
9750	J22	STARTED
9750	J13	FINISHED
9780	J22	FINISHED
9780	J14	RELEASED
9780	J14	STARTED
9800	J52	RELEASED
9800	J62	RELEASED
9800	J42	STARTED
9800	J42	RELEASED
9810	J32	STARTED
9810	J14	FINISHED
9840	J42	FINISHED
9840	J15	STARTED
9840	J33	RELEASED
9840	J23	RELEASED
9840	J52	STARTED
9840	J15	RELEASED
9840	J32	FINISHED
9870	J23	STARTED
9870	J15	FINISHED
9880	J52	FINISHED
9880	J62	STARTED
9900	J16	STARTED
9900	J16	RELEASED
9900	J23	FINISHED
9920	J62	FINISHED
9930	J33	STARTED
9930	J16	FINISHED
9960	J24	RELEASED
9960	J33	FINISHED
9960	J34	RELEASED
9960	J17	STARTED
9960	J17	RELEASED
9990	J24	STARTED
9990	J17	FINISHED
10000	J53	RELEASED
10000	J43	STARTED
10000	J43	RELEASED
10000	J63	RELEASED
10020	J18	STARTED
10020	J24	FINISHED
10020	J18	RELEASED
10040	J53	STARTED
10040	J43	FINISHED
10050	J34	STARTED
10050	J18	FINISHED
10080	J35	RELEASED
10080	J19	RELEASED
10080	J25	RELEASED
10080	J63	STARTED
10080	J19	STARTED
10080	J34	FINISHED
10080	J53	FINISHED
10110	J19	FINISHED
10110	J25	STARTED
10120	J63	FINISHED
10140	J110	STARTED
10140	J110	RELEASED
10140	J25	FINISHED
10170	J35	STARTED
10170	J110	FINISHED
10200	J21	RELEASED
10200	J31	RELEASED
10200	J41	STARTED
10200	J41	RELEASED
10200	J61	RELEASED
10200	J51	RELEASED
10200	J11	RELEASED
10200	J35	FINISHED
10200	J11	STARTED
10230	J21	STARTED
10230	J11	FINISHED
10240	J51	STARTED
10240	J41	FINISHED
10260	J12	STARTED
10260	J12	RELEASED
10260	J21	FINISHED
10280	J51	FINISHED
10280	J61	STARTED
10290	J12	FINISHED
10290	J31	STARTED
10320	J22	RELEASED
10320	J13	STARTED
10320	J31	FINISHED
10320	J32	RELEASED
10320	J61	FINISHED
10320	J13	RELEASED
10350	J22	STARTED
10350	J13	FINISHED
10380	J22	FINISHED
10380	J14	RELEASED
10380	J14	STARTED
10400	J42	STARTED
10400	J52	RELEASED
10400	J62	RELEASED
10400	J42	RELEASED
10410	J32	STARTED
10410	J14	FINISHED
10440	J33	RELEASED
10440	J15	RELEASED
10440	J32	FINISHED
10440	J42	FINISHED
10440	J52	STARTED
10440	J15	STARTED
10440	J23	RELEASED
10470	J23	STARTED
10470	J15	FINISHED
10480	J62	STARTED
10480	J52	FINISHED
10500	J16	RELEASED
10500	J16	STARTED
10500	J23	FINISHED
10520	J62	FINISHED
10530	J33	STARTED
10530	J16	FINISHED
10560	J24	RELEASED
10560	J33	FINISHED
10560	J34	RELEASED
10560	J17	RELEASED
10560	J17	STARTED
10590	J17	FINISHED
10590	J24	STARTED
10600	J53	RELEASED
10600	J63	RELEASED
10600	J43	RELEASED
10600	J43	STARTED
10620	J24	FINISHED
10620	J18	RELEASED
10620	J18	STARTED
10640	J53	STARTED
10640	J43	FINISHED
10650	J34	STARTED
10650	J18	FINISHED
10680	J25	RELEASED
10680	J34	FINISHED
10680	J35	RELEASED
10680	J19	STARTED
10680	J63	STARTED
10680	J53	FINISHED
10680	J19	RELEASED
10710	J19	FINISHED
10710	J25	STARTED
10720	J63	FINISHED
10740	J110	STARTED
10740	J25	FINISHED
10740	J110	RELEASED
10770	J35	STARTED
10770	J110	FINISHED
10800	J61	RELEASED
10800	J41	STARTED
10800	J41	RELEASED
10800	J51	RELEASED
10800	J21	RELEASED
10800	J11	RELEASED
10800	J11	STARTED
10800	J35	FINISHED
10800	J31	RELEASED
10830	J11	FINISHED
10830	J21	STARTED
10840	J41	FINISHED
10840	J51	STARTED
10860	J21	FINISHED
10860	J12	STARTED
10860	J12	RELEASED
10880	J51	FINISHED
10880	J61	STARTED
10890	J12	FINISHED
10890	J31	STARTED
10920	J22	RELEASED
10920	J31	FINISHED
10920	J13	STARTED
10920	J32	RELEASED
10920	J13	RELEASED
10920	J61	FINISHED
10950	J13	FINISHED
10950	J22	STARTED
10980	J14	STARTED
10980	J22	FINISHED
10980	J14	RELEASED
11000	J62	RELEASED
11000	J42	STARTED
11000	J52	RELEASED
11000	J42	RELEASED
11010	J32	STARTED
11010	J14	FINISHED
11040	J33	RELEASED
11040	J15	RELEASED
11040	J42	FINISHED
11040	J32	FINISHED
11040	J23	RELEASED
11040	J52	STARTED
11040	J15	STARTED
11070	J23	STARTED
11070	J15	FINISHED
11080	J52	FINISHED
11080	J62	STARTED
11100	J23	FINISHED
11100	J16	STARTED
11100	J16	RELEASED
11120	J62	FINISHED
11130	J16	FINISHED
11130	J33	STARTED
11160	J24	RELEASED
11160	J17	RELEASED
11160	J33	FINISHED
11160	J34	RELEASED
11160	J17	STARTED
11190	J24	STARTED
11190	J17	FINISHED
11200	J53	RELEASED
11200	J63	RELEASED
11200	J43	STARTED
11200	J43	RELEASED
11220	J18	STARTED
11220	J18	RELEASED
11220	J24	FINISHED
11240	J53	STARTED
11240	J43	FINISHED
11250	J34	STARTED
11250	J18	FINISHED
11280	J53	FINISHED
11280	J25	RELEASED
11280	J34	FINISHED
11280	J19	STARTED
11280	J63	STARTED
11280	J35	RELEASED
11280	J19	RELEASED
11310	J25	STARTED
11310	J19	FINISHED
11320	J63	FINISHED
11340	J110	STARTED
11340	J25	FINISHED
11340	J110	RELEASED
11370	J35	STARTED
11370	J110	FINISHED
11400	J51	RELEASED
11400	J21	RELEASED
11400	J41	STARTED
11400	J61	RELEASED
11400	J41	RELEASED
11400	J31	RELEASED
11400	J35	FINISHED
11400	J11	RELEASED
11400	J11	STARTED
11430	J11	FINISHED
11430	J21	STARTED
11440	J51	STARTED
11440	J41	FINISHED
11460	J21	FINISHED
11460	J12	STARTED
11460	J12	RELEASED
11480	J51	FINISHED
11480	J61	STARTED
11490	J12	FINISHED
11490	J31	STARTED
11520	J31	FINISHED
11520	J13	STARTED
11520	J22	RELEASED
11520	J32	RELEASED
11520	J13	RELEASED
11520	J61	FINISHED
11550	J22	STARTED
11550	J13	FINISHED
11580	J14	STARTED
11580	J14	RELEASED
11580	J22	FINISHED
11600	J52	RELEASED
11600	J62	RELEASED
11600	J42	STARTED
11600	J42	RELEASED
11610	J32	STARTED
11610	J14	FINISHED
11640	J15	STARTED
11640	J42	FINISHED
11640	J15	RELEASED
11640	J32	FINISHED
11640	J33	RELEASED
11640	J52	STARTED
11640	J23	RELEASED
11670	J23	STARTED
11670	J15	FINISHED
11680	J52	FINISHED
11680	J62	STARTED
11700	J16	STARTED
11700	J23	FINISHED
11700	J16	RELEASED
11720	J62	FINISHED
11730	J33	STARTED
11730	J16	FINISHED
11760	J24	RELEASED
11760	J33	FINISHED
11760	J17	STARTED
11760	J34	RELEASED
11760	J17	RELEASED
11790	J24	STARTED
11790	J17	FINISHED
11800	J53	RELEASED
11800	J43	RELEASED
11800	J63	RELEASED
11800	J43	STARTED
11820	J18	STARTED
11820	J18	RELEASED
11820	J24	FINISHED
11840	J53	STARTED
11840	J43	FINISHED
11850	J34	STARTED
11850	J18	FINISHED
11880	J19	RELEASED
11880	J25	RELEASED
11880	J19	STARTED
11880	J63	STARTED
11880	J35	RELEASED
11880	J34	FINISHED
11880	J53	FINISHED
11910	J25	STARTED
11910	J19	FINISHED
11920	J63	FINISHED
11940	J110	STARTED
11940	J110	RELEASED
11940	J25	FINISHED
11970	J110	FINISHED
11970	J35	STARTED
12000	J61	RELEASED
12000	J41	RELEASED
12000	J51	RELEASED
12000	J41	STARTED
12000	J11	RELEASED
12000	J35	FINISHED
12000	J11	STARTED
12000	J31	RELEASED
12000	J21	RELEASED
12030	J11	FINISHED
12030	J21	STARTED
12040	J41	FINISHED
12040	J51	STARTED
12060	J21	FINISHED
12060	J12	STARTED
12060	J12	RELEASED
12080	J51	FINISHED
12080	J61	STARTED
12090	J12	FINISHED
12090	J31	STARTED
12120	J13	STARTED
12120	J31	FINISHED
12120	J22	RELEASED
12120	J61	FINISHED
12120	J32	RELEASED
12120	J13	RELEASED
12150	J22	STARTED
12150	J13	FINISHED
12180	J14	RELEASED
12180	J22	FINISHED
12180	J14	STARTED
12200	J52	RELEASED
12200	J42	RELEASED
12200	J62	RELEASED
12200	J42	STARTED
12210	J32	STARTED
12210	J14	FINISHED
12240	J32	FINISHED
12240	J33	RELEASED
12240	J15	RELEASED
12240	J52	STARTED
12240	J23	RELEASED
12240	J15	STARTED
12240	J42	FINISHED
12270	J23	STARTED
12270	J15	FINISHED
12280	J62	STARTED
12280	J52	FINISHED
12300	J16	RELEASED
12300	J16	STARTED
12300	J23	FINISHED
12320	J62	FINISHED
12330	J16	FINISHED
12330	J33	STARTED
12360	J34	RELEASED
12360	J24	RELEASED
12360	J17	STARTED
12360	J33	FINISHED
12360	J17	RELEASED
12390	J24	STARTED
12390	J17	FINISHED
12400	J63	RELEASED
12400	J53	RELEASED
12400	J43	RELEASED
12400	J43	STARTED
12420	J18	STARTED
12420	J18	RELEASED
12420	J24	FINISHED
12440	J53	STARTED
12440	J43	FINISHED
12450	J34	STARTED
12450	J18	FINISHED
12480	J19	RELEASED
12480	J25	RELEASED
12480	J19	STARTED
12480	J63	STARTED
12480	J35	RELEASED
12480	J34	FINISHED
12480	J53	FINISHED
12510	J25	STARTED
12510	J19	FINISHED
12520	J63	FINISHED
12540	J25	FINISHED
12540	J110	STARTED
12540	J110	RELEASED
12570	J110	FINISHED
12570	J35	STARTED
12600	J41	RELEASED
12600	J21	RELEASED
12600	J41	STARTED
12600	J51	RELEASED
12600	J61	RELEASED
12600	J11	RELEASED
12600	J11	STARTED
12600	J31	RELEASED
12600	J35	FINISHED
12630	J11	FINISHED
12630	J21	STARTED
12640	J51	STARTED
12640	J41	FINISHED
12660	J21	FINISHED
12660	J12	STARTED
12660	J12	RELEASED
12680	J51	FINISHED
12680	J61	STARTED
12690	J12	FINISHED
12690	J31	STARTED
12720	J13	STARTED
12720	J22	RELEASED
12720	J31	FINISHED
12720	J32	RELEASED
12720	J13	RELEASED
12720	J61	FINISHED
12750	J22	STARTED
12750	J13	FINISHED
12780	J14	RELEASED
12780	J22	FINISHED
12780	J14	STARTED
12800	J42	STARTED
12800	J52	RELEASED
12800	J62	RELEASED
12800	J42	RELEASED
12810	J32	STARTED
12810	J14	FINISHED
12840	J42	FINISHED
12840	J32	FINISHED
12840	J33	RELEASED
12840	J15	RELEASED
12840	J23	RELEASED
12840	J15	STARTED
12840	J52	STARTED
12870	J23	STARTED
12870	J15	FINISHED
12880	J62	STARTED
12880	J52	FINISHED
12900	J16	RELEASED
12900	J16	STARTED
12900	J23	FINISHED
12920	J62	FINISHED
12930	J16	FINISHED
12930	J33	STARTED
12960	J24	RELEASED
12960	J17	RELEASED
12960	J34	RELEASED
12960	J17	STARTED
12960	J33	FINISHED
12990	J24	STARTED
12990	J17	FINISHED
13000	J53	RELEASED
13000	J43	RELEASED
13000	J43	STARTED
13000	J63	RELEASED
13020	J18	STARTED
13020	J18	RELEASED
13020	J24	FINISHED
13040	J53	STARTED
13040	J43	FINISHED
13050	J34	STARTED
13050	J18	FINISHED
13080	J35	RELEASED
13080	J19	RELEASED
13080	J25	RELEASED
13080	J53	FINISHED
13080	J19	STARTED
13080	J63	STARTED
13080	J34	FINISHED
13110	J19	FINISHED
13110	J25	STARTED
13120	J63	FINISHED
13140	J110	STARTED
13140	J110	RELEASED
13140	J25	FINISHED
13170	J110	FINISHED
13170	J35	STARTED
13200	J41	STARTED
13200	J31	RELEASED
13200	J41	RELEASED
13200	J51	RELEASED
13200	J21	RELEASED
13200	J11	RELEASED
13200	J11	STARTED
13200	J61	RELEASED
13200	J35	FINISHED
13230	J11	FINISHED
13230	J21	STARTED
13240	J41	FINISHED
13240	J51	STARTED
13260	J12	STARTED
13260	J21	FINISHED
13260	J12	RELEASED
13280	J51	FINISHED
13280	J61	STARTED
13290	J12	FINISHED
13290	J31	STARTED
13320	J13	STARTED
13320	J22	RELEASED
13320	J31	FINISHED
13320	J32	RELEASED
13320	J61	FINISHED
13320	J13	RELEASED
13350	J22	STARTED
13350	J13	FINISHED
13380	J14	RELEASED
13380	J22	FINISHED
13380	J14	STARTED
13400	J42	STARTED
13400	J62	RELEASED
13400	J52	RELEASED
13400	J42	RELEASED
13410	J32	STARTED
13410	J14	FINISHED
13440	J33	RELEASED
13440	J42	FINISHED
13440	J15	RELEASED
13440	J52	STARTED
13440	J23	RELEASED
13440	J32	FINISHED
13440	J15	STARTED
13470	J23	STARTED
13470	J15	FINISHED
13480	J52	FINISHED
13480	J62	STARTED
13500	J16	RELEASED
13500	J16	STARTED
13500	J23	FINISHED
13520	J62	FINISHED
13530	J16	FINISHED
13530	J33	STARTED
13560	J24	RELEASED
13560	J34	RELEASED
13560	J33	FINISHED
13560	J17	RELEASED
13560	J17	STARTED
13590	J17	FINISHED
13590	J24	STARTED
13600	J53	RELEASED
13600	J43	RELEASED
13600	J63	RELEASED
13600	J43	STARTED
13620	J24	FINISHED
13620	J18	RELEASED
13620	J18	STARTED
13640	J53	STARTED
13640	J43	FINISHED
13650	J34	STARTED
13650	J18	FINISHED
13680	J19	RELEASED
13680	J25	RELEASED
13680	J63	STARTED
13680	J19	STARTED
13680	J35	RELEASED
13680	J34	FINISHED
13680	J53	FINISHED
13710	J19	FINISHED
13710	J25	STARTED
13720	J63	FINISHED
13740	J110	STARTED
13740	J25	FINISHED
13740	J110	RELEASED
13770	J35	STARTED
13770	J110	FINISHED
13800	J61	RELEASED
13800	J35	FINISHED
13800	J41	STARTED
13800	J41	RELEASED
13800	J51	RELEASED
13800	J11	RELEASED
13800	J21	RELEASED
13800	J11	STARTED
13800	J31	RELEASED
13830	J11	FINISHED
13830	J21	STARTED
13840	J51	STARTED
13840	J41	FINISHED
13860	J12	STARTED
13860	J21	FINISHED
13860	J12	RELEASED
13880	J51	FINISHED
13880	J61	STARTED
13890	J12	FINISHED
13890	J31	STARTED
13920	J32	RELEASED
13920	J13	STARTED
13920	J22	RELEASED
13920	J31	FINISHED
13920	J61	FINISHED
13920	J13	RELEASED
13950	J22	STARTED
13950	J13	FINISHED
13980	J14	RELEASED
13980	J22	FINISHED
13980	J14	STARTED
14000	J52	RELEASED
14000	J42	STARTED
14000	J62	RELEASED
14000	J42	RELEASED
14010	J32	STARTED
14010	J14	FINISHED
14040	J42	FINISHED
14040	J33	RELEASED
14040	J15	RELEASED
14040	J32	FINISHED
14040	J23	RELEASED
14040	J52	STARTED
14040	J15	STARTED
14070	J23	STARTED
14070	J15	FINISHED
14080	J62	STARTED
14080	J52	FINISHED
14100	J23	FINISHED
14100	J16	STARTED
14100	J16	RELEASED
14120	J62	FINISHED
14130	J33	STARTED
14130	J16	FINISHED
14160	J24	RELEASED
14160	J33	FINISHED
14160	J17	STARTED
14160	J34	RELEASED
14160	J17	RELEASED
14190	J24	STARTED
14190	J17	FINISHED
14200	J53	RELEASED
14200	J63	RELEASED
14200	J43	RELEASED
14200	J43	STARTED
14220	J18	RELEASED
14220	J24	FINISHED
14220	J18	STARTED
14240	J53	STARTED
14240	J43	FINISHED
14250	J34	STARTED
14250	J18	FINISHED
14280	J25	RELEASED
14280	J19	RELEASED
14280	J63	STARTED
14280	J35	RELEASED
14280	J34	FINISHED
14280	J19	STARTED
14280	J53	FINISHED
14310	J25	STARTED
14310	J19	FINISHED
14320	J63	FINISHED
14340	J25	FINISHED
14340	J110	STARTED
14340	J110	RELEASED
14370	J35	STARTED
14370	J110	FINISHED
14400	J21	RELEASED
14400	J31	RELEASED
14400	J61	RELEASED
14400	J41	STARTED
14400	J41	RELEASED
14400	J51	RELEASED
14400	J11	RELEASED
14400	J35	FINISHED
14400	J11	STARTED
14430	J11	FINISHED
14430	J21	STARTED
14440	J41	FINISHED
14440	J51	STARTED
14460	J21	FINISHED
14460	J12	STARTED
14460	J12	RELEASED
14480	J51	FINISHED
14480	J61	STARTED
14490	J12	FINISHED
14490	J31	STARTED
14520	J22	RELEASED
14520	J13	STARTED
14520	J31	FINISHED
14520	J32	RELEASED
14520	J61	FINISHED
14520	J13	RELEASED
14550	J22	STARTED
14550	J13	FINISHED
14580	J22	FINISHED
14580	J14	RELEASED
14580	J14	STARTED
14600	J42	STARTED
14600	J52	RELEASED
14600	J62	RELEASED
14600	J42	RELEASED
14610	J32	STARTED
14610	J14	FINISHED
14640	J15	STARTED
14640	J33	RELEASED
14640	J42	FINISHED
14640	J32	FINISHED
14640	J15	RELEASED
14640	J52	STARTED
14640	J23	RELEASED
14670	J23	STARTED
14670	J15	FINISHED
14680	J62	STARTED
14680	J52	FINISHED
14700	J16	STARTED
14700	J16	RELEASED
14700	J23	FINISHED
14720	J62	FINISHED
14730	J16	FINISHED
14730	J33	STARTED
14760	J24	RELEASED
14760	J33	FINISHED
14760	J17	STARTED
14760	J34	RELEASED
14760	J17	RELEASED
14790	J24	STARTED
14790	J17	FINISHED
14800	J53	RELEASED
14800	J43	RELEASED
14800	J63	RELEASED
14800	J43	STARTED
14820	J24	FINISHED
14820	J18	RELEASED
14820	J18	STARTED
14840	J53	STARTED
14840	J43	FINISHED
14850	J34	STARTED
14850	J18	FINISHED
14880	J35	RELEASED
14880	J25	RELEASED
14880	J63	STARTED
14880	J34	FINISHED
14880	J19	STARTED
14880	J19	RELEASED
14880	J53	FINISHED
14910	J19	FINISHED
14910	J25	STARTED
14920	J63	FINISHED
14940	J110	STARTED
14940	J110	RELEASED
14940	J25	FINISHED
14970	J110	FINISHED
14970	J35	STARTED
15000	J41	STARTED
15000	J41	RELEASED
15000	J61	RELEASED
15000	J51	RELEASED
15000	J21	RELEASED
15000	J31	RELEASED
15000	J11	RELEASED
15000	J35	FINISHED
15000	J11	STARTED
15030	J11	FINISHED
15030	J21	STARTED
15040	J41	FINISHED
15040	J51	STARTED
15060	J21	FINISHED
15060	J12	STARTED
15060	J12	RELEASED
15080	J51	FINISHED
15080	J61	STARTED
15090	J12	FINISHED
15090	J31	STARTED
15120	J31	FINISHED
15120	J13	STARTED
15120	J22	RELEASED
15120	J32	RELEASED
15120	J61	FINISHED
15120	J13	RELEASED
15150	J22	STARTED
15150	J13	FINISHED
15180	J14	RELEASED
15180	J22	FINISHED
15180	J14	STARTED
15200	J42	STARTED
15200	J52	RELEASED
15200	J42	RELEASED
15200	J62	RELEASED
15210	J32	STARTED
15210	J14	FINISHED
15240	J32	FINISHED
15240	J15	RELEASED
15240	J33	RELEASED
15240	J42	FINISHED
15240	J52	STARTED
15240	J23	RELEASED
15240	J15	STARTED
15270	J23	STARTED
15270	J15	FINISHED
15280	J62	STARTED
15280	J52	FINISHED
15300	J16	RELEASED
15300	J16	STARTED
15300	J23	FINISHED
15320	J62	FINISHED
15330	J16	FINISHED
15330	J33	STARTED
15360	J24	RELEASED
15360	J34	RELEASED
15360	J33	FINISHED
15360	J17	RELEASED
15360	J17	STARTED
15390	J24	STARTED
15390	J17	FINISHED
15400	J53	RELEASED
15400	J63	RELEASED
15400	J43	RELEASED
15400	J43	STARTED
15420	J18	STARTED
15420	J24	FINISHED
15420	J18	RELEASED
15440	J53	STARTED
15440	J43	FINISHED
15450	J34	STARTED
15450	J18	FINISHED
15480	J35	RELEASED
15480	J53	FINISHED
15480	J19	RELEASED
15480	J25	RELEASED
15480	J63	STARTED
15480	J19	STARTED
15480	J34	FINISHED
15510	J19	FINISHED
15510	J25	STARTED
15520	J63	FINISHED
15540	J110	STARTED
15540	J25	FINISHED
15540	J110	RELEASED
15570	J110	FINISHED
15570	J35	STARTED
15600	J31	RELEASED
15600	J41	RELEASED
15600	J51	RELEASED
15600	J41	STARTED
15600	J11	RELEASED
15600	J61	RELEASED
15600	J35	FINISHED
15600	J11	STARTED
15600	J21	RELEASED
15630	J11	FINISHED
15630	J21	STARTED
