[ TIME ] [ JOB ID ][ EVENT TYPE ]
0        0         RELEASED      
0        2         RELEASED      
0        3         RELEASED      
0        4         RELEASED      
0        5         RELEASED      
0        0         STARTED       
25       0         FINISHED      
50       2         STARTED       
100      2         FINISHED      
100      3         STARTED       
150      3         FINISHED      
150      4         STARTED       
200      4         FINISHED      
200      5         STARTED       
250      5         FINISHED      
0        1         RELEASED      
25       1         STARTED       
50       1         FINISHED      
250      0         RELEASED      
250      2         RELEASED      
250      3         RELEASED      
250      4         RELEASED      
250      5         RELEASED      
250      0         STARTED       
275      0         FINISHED      
300      2         STARTED       
350      2         FINISHED      
350      3         STARTED       
400      3         FINISHED      
400      4         STARTED       
450      4         FINISHED      
450      5         STARTED       
500      5         FINISHED      
250      1         RELEASED      
275      1         STARTED       
300      1         FINISHED      
500      0         RELEASED      
500      2         RELEASED      
500      3         RELEASED      
500      4         RELEASED      
500      5         RELEASED      
500      0         STARTED       
525      0         FINISHED      
550      2         STARTED       
600      2         FINISHED      
600      3         STARTED       
650      3         FINISHED      
650      4         STARTED       
700      4         FINISHED      
700      5         STARTED       
750      5         FINISHED      
500      1         RELEASED      
525      1         STARTED       
550      1         FINISHED      
750      0         RELEASED      
750      2         RELEASED      
750      3         RELEASED      
750      4         RELEASED      
750      5         RELEASED      
750      0         STARTED       
775      0         FINISHED      
800      2         STARTED       
850      2         FINISHED      
850      3         STARTED       
900      3         FINISHED      
900      4         STARTED       
950      4         FINISHED      
950      5         STARTED       
1000     5         FINISHED      
750      1         RELEASED      
775      1         STARTED       
800      1         FINISHED      
1000     0         RELEASED      
1000     2         RELEASED      
1000     3         RELEASED      
1000     4         RELEASED      
1000     5         RELEASED      
1000     0         STARTED       
1025     0         FINISHED      
1050     2         STARTED       
1100     2         FINISHED      
1100     3         STARTED       
1150     3         FINISHED      
1150     4         STARTED       
1200     4         FINISHED      
1200     5         STARTED       
1250     5         FINISHED      
1000     1         RELEASED      
1025     1         STARTED       
1050     1         FINISHED      
1250     0         RELEASED      
1250     2         RELEASED      
1250     3         RELEASED      
1250     4         RELEASED      
1250     5         RELEASED      
1250     0         STARTED       
1275     0         FINISHED      
1300     2         STARTED       
1350     2         FINISHED      
1350     3         STARTED       
1400     3         FINISHED      
1400     4         STARTED       
1450     4         FINISHED      
1450     5         STARTED       
1500     5         FINISHED      
1250     1         RELEASED      
1275     1         STARTED       
1300     1         FINISHED      
1500     0         RELEASED      
1500     2         RELEASED      
1500     3         RELEASED      
1500     4         RELEASED      
1500     5         RELEASED      
1500     0         STARTED       
1525     0         FINISHED      
1550     2         STARTED       
1600     2         FINISHED      
1600     3         STARTED       
1650     3         FINISHED      
1650     4         STARTED       
1700     4         FINISHED      
1700     5         STARTED       
1750     5         FINISHED      
1500     1         RELEASED      
1525     1         STARTED       
1550     1         FINISHED      
1750     0         RELEASED      
1750     2         RELEASED      
1750     3         RELEASED      
1750     4         RELEASED      
1750     5         RELEASED      
1750     0         STARTED       
1775     0         FINISHED      
1800     2         STARTED       
1850     2         FINISHED      
1850     3         STARTED       
1900     3         FINISHED      
1900     4         STARTED       
1950     4         FINISHED      
1950     5         STARTED       
2000     5         FINISHED      
1750     1         RELEASED      
1775     1         STARTED       
1800     1         FINISHED      
2000     0         RELEASED      
2000     2         RELEASED      
2000     3         RELEASED      
2000     4         RELEASED      
2000     5         RELEASED      
2000     0         STARTED       
2025     0         FINISHED      
2050     2         STARTED       
2100     2         FINISHED      
2100     3         STARTED       
2150     3         FINISHED      
2150     4         STARTED       
2200     4         FINISHED      
2200     5         STARTED       
2250     5         FINISHED      
2000     1         RELEASED      
2025     1         STARTED       
2050     1         FINISHED      
2250     0         RELEASED      
2250     2         RELEASED      
2250     3         RELEASED      
2250     4         RELEASED      
2250     5         RELEASED      
2250     0         STARTED       
2275     0         FINISHED      
2300     2         STARTED       
2350     2         FINISHED      
2350     3         STARTED       
2400     3         FINISHED      
2400     4         STARTED       
2450     4         FINISHED      
2450     5         STARTED       
2500     5         FINISHED      
2250     1         RELEASED      
2275     1         STARTED       
2300     1         FINISHED      
2500     0         RELEASED      
2500     2         RELEASED      
2500     3         RELEASED      
2500     4         RELEASED      
2500     5         RELEASED      
2500     0         STARTED       
2525     0         FINISHED      
2550     2         STARTED       
2600     2         FINISHED      
2600     3         STARTED       
2650     3         FINISHED      
2650     4         STARTED       
2700     4         FINISHED      
2700     5         STARTED       
2750     5         FINISHED      
2500     1         RELEASED      
2525     1         STARTED       
2550     1         FINISHED      
2750     0         RELEASED      
2750     2         RELEASED      
2750     3         RELEASED      
2750     4         RELEASED      
2750     5         RELEASED      
2750     0         STARTED       
2775     0         FINISHED      
2800     2         STARTED       
2850     2         FINISHED      
2850     3         STARTED       
2900     3         FINISHED      
2900     4         STARTED       
2950     4         FINISHED      
2950     5         STARTED       
3000     5         FINISHED      
2750     1         RELEASED      
2775     1         STARTED       
2800     1         FINISHED      
3000     0         RELEASED      
3000     2         RELEASED      
3000     3         RELEASED      
3000     4         RELEASED      
3000     5         RELEASED      
3000     0         STARTED       
3025     0         FINISHED      
3050     2         STARTED       
3100     2         FINISHED      
3100     3         STARTED       
3150     3         FINISHED      
3150     4         STARTED       
3200     4         FINISHED      
3200     5         STARTED       
3250     5         FINISHED      
3000     1         RELEASED      
3025     1         STARTED       
3050     1         FINISHED      
3250     0         RELEASED      
3250     2         RELEASED      
3250     3         RELEASED      
3250     4         RELEASED      
3250     5         RELEASED      
3250     0         STARTED       
3275     0         FINISHED      
3300     2         STARTED       
3350     2         FINISHED      
3350     3         STARTED       
3400     3         FINISHED      
3400     4         STARTED       
3450     4         FINISHED      
3450     5         STARTED       
3500     5         FINISHED      
3250     1         RELEASED      
3275     1         STARTED       
3300     1         FINISHED      
3500     0         RELEASED      
3500     2         RELEASED      
3500     3         RELEASED      
3500     4         RELEASED      
3500     5         RELEASED      
3500     0         STARTED       
3525     0         FINISHED      
3550     2         STARTED       
3600     2         FINISHED      
3600     3         STARTED       
3650     3         FINISHED      
3650     4         STARTED       
3700     4         FINISHED      
3700     5         STARTED       
3750     5         FINISHED      
3500     1         RELEASED      
3525     1         STARTED       
3550     1         FINISHED      
3750     0         RELEASED      
3750     2         RELEASED      
3750     3         RELEASED      
3750     4         RELEASED      
3750     5         RELEASED      
3750     0         STARTED       
3775     0         FINISHED      
3800     2         STARTED       
3850     2         FINISHED      
3850     3         STARTED       
3900     3         FINISHED      
3900     4         STARTED       
3950     4         FINISHED      
3950     5         STARTED       
4000     5         FINISHED      
3750     1         RELEASED      
3775     1         STARTED       
3800     1         FINISHED      
4000     0         RELEASED      
4000     2         RELEASED      
4000     3         RELEASED      
4000     4         RELEASED      
4000     5         RELEASED      
4000     0         STARTED       
4025     0         FINISHED      
4050     2         STARTED       
4100     2         FINISHED      
4100     3         STARTED       
4150     3         FINISHED      
4150     4         STARTED       
4200     4         FINISHED      
4200     5         STARTED       
4250     5         FINISHED      
4000     1         RELEASED      
4025     1         STARTED       
4050     1         FINISHED      
4250     0         RELEASED      
4250     2         RELEASED      
4250     3         RELEASED      
4250     4         RELEASED      
4250     5         RELEASED      
4250     0         STARTED       
4275     0         FINISHED      
4300     2         STARTED       
4350     2         FINISHED      
4350     3         STARTED       
4400     3         FINISHED      
4400     4         STARTED       
4450     4         FINISHED      
4450     5         STARTED       
4500     5         FINISHED      
4250     1         RELEASED      
4275     1         STARTED       
4300     1         FINISHED      
4500     0         RELEASED      
4500     2         RELEASED      
4500     3         RELEASED      
4500     4         RELEASED      
4500     5         RELEASED      
4500     0         STARTED       
4525     0         FINISHED      
4550     2         STARTED       
4600     2         FINISHED      
4600     3         STARTED       
4650     3         FINISHED      
4650     4         STARTED       
4700     4         FINISHED      
4700     5         STARTED       
4750     5         FINISHED      
4500     1         RELEASED      
4525     1         STARTED       
4550     1         FINISHED      
4750     0         RELEASED      
4750     2         RELEASED      
4750     3         RELEASED      
4750     4         RELEASED      
4750     5         RELEASED      
4750     0         STARTED       
4775     0         FINISHED      
4800     2         STARTED       
4850     2         FINISHED      
4850     3         STARTED       
4900     3         FINISHED      
4900     4         STARTED       
4950     4         FINISHED      
4950     5         STARTED       
5000     5         FINISHED      
4750     1         RELEASED      
4775     1         STARTED       
4800     1         FINISHED      
5000     0         RELEASED      
5000     2         RELEASED      
5000     3         RELEASED      
5000     4         RELEASED      
5000     5         RELEASED      
5000     0         STARTED       
5025     0         FINISHED      
5050     2         STARTED       
5100     2         FINISHED      
5100     3         STARTED       
5150     3         FINISHED      
5150     4         STARTED       
5200     4         FINISHED      
5200     5         STARTED       
5250     5         FINISHED      
5000     1         RELEASED      
5025     1         STARTED       
5050     1         FINISHED      
5250     0         RELEASED      
5250     2         RELEASED      
5250     3         RELEASED      
5250     4         RELEASED      
5250     5         RELEASED      
5250     0         STARTED       
5275     0         FINISHED      
5300     2         STARTED       
5350     2         FINISHED      
5350     3         STARTED       
5400     3         FINISHED      
5400     4         STARTED       
5450     4         FINISHED      
5450     5         STARTED       
5500     5         FINISHED      
5250     1         RELEASED      
5275     1         STARTED       
5300     1         FINISHED      
5500     0         RELEASED      
5500     2         RELEASED      
5500     3         RELEASED      
5500     4         RELEASED      
5500     5         RELEASED      
5500     0         STARTED       
5525     0         FINISHED      
5550     2         STARTED       
5600     2         FINISHED      
5600     3         STARTED       
5650     3         FINISHED      
5650     4         STARTED       
5700     4         FINISHED      
5700     5         STARTED       
5750     5         FINISHED      
5500     1         RELEASED      
5525     1         STARTED       
5550     1         FINISHED      
5750     0         RELEASED      
5750     2         RELEASED      
5750     3         RELEASED      
5750     4         RELEASED      
5750     5         RELEASED      
5750     0         STARTED       
5775     0         FINISHED      
5800     2         STARTED       
5850     2         FINISHED      
5850     3         STARTED       
5900     3         FINISHED      
5900     4         STARTED       
5950     4         FINISHED      
5950     5         STARTED       
6000     5         FINISHED      
5750     1         RELEASED      
5775     1         STARTED       
5800     1         FINISHED      
6000     0         RELEASED      
6000     2         RELEASED      
6000     3         RELEASED      
6000     4         RELEASED      
6000     5         RELEASED      
6000     0         STARTED       
6025     0         FINISHED      
6050     2         STARTED       
6100     2         FINISHED      
6100     3         STARTED       
6150     3         FINISHED      
6150     4         STARTED       
6200     4         FINISHED      
6200     5         STARTED       
6250     5         FINISHED      
6000     1         RELEASED      
6025     1         STARTED       
6050     1         FINISHED      
6250     0         RELEASED      
6250     2         RELEASED      
6250     3         RELEASED      
6250     4         RELEASED      
6250     5         RELEASED      
6250     0         STARTED       
6275     0         FINISHED      
6300     2         STARTED       
6350     2         FINISHED      
6350     3         STARTED       
6400     3         FINISHED      
6400     4         STARTED       
6450     4         FINISHED      
6450     5         STARTED       
6500     5         FINISHED      
6250     1         RELEASED      
6275     1         STARTED       
6300     1         FINISHED      
6500     0         RELEASED      
6500     2         RELEASED      
6500     3         RELEASED      
6500     4         RELEASED      
6500     5         RELEASED      
6500     0         STARTED       
6525     0         FINISHED      
6550     2         STARTED       
6600     2         FINISHED      
6600     3         STARTED       
6650     3         FINISHED      
6650     4         STARTED       
6700     4         FINISHED      
6700     5         STARTED       
6750     5         FINISHED      
6500     1         RELEASED      
6525     1         STARTED       
6550     1         FINISHED      
6750     0         RELEASED      
6750     2         RELEASED      
6750     3         RELEASED      
6750     4         RELEASED      
6750     5         RELEASED      
6750     0         STARTED       
6775     0         FINISHED      
6800     2         STARTED       
6850     2         FINISHED      
6850     3         STARTED       
6900     3         FINISHED      
6900     4         STARTED       
6950     4         FINISHED      
6950     5         STARTED       
7000     5         FINISHED      
6750     1         RELEASED      
6775     1         STARTED       
6800     1         FINISHED      
7000     0         RELEASED      
7000     2         RELEASED      
7000     3         RELEASED      
7000     4         RELEASED      
7000     5         RELEASED      
7000     0         STARTED       
7025     0         FINISHED      
7050     2         STARTED       
7100     2         FINISHED      
7100     3         STARTED       
7150     3         FINISHED      
7150     4         STARTED       
7200     4         FINISHED      
7200     5         STARTED       
7250     5         FINISHED      
7000     1         RELEASED      
7025     1         STARTED       
7050     1         FINISHED      
7250     0         RELEASED      
7250     2         RELEASED      
7250     3         RELEASED      
7250     4         RELEASED      
7250     5         RELEASED      
7250     0         STARTED       
7275     0         FINISHED      
7300     2         STARTED       
7350     2         FINISHED      
7350     3         STARTED       
7400     3         FINISHED      
7400     4         STARTED       
7450     4         FINISHED      
7450     5         STARTED       
7500     5         FINISHED      
7250     1         RELEASED      
7275     1         STARTED       
7300     1         FINISHED      
7500     0         RELEASED      
7500     2         RELEASED      
7500     3         RELEASED      
7500     4         RELEASED      
7500     5         RELEASED      
7500     0         STARTED       
7525     0         FINISHED      
7550     2         STARTED       
7600     2         FINISHED      
7600     3         STARTED       
7650     3         FINISHED      
7650     4         STARTED       
7700     4         FINISHED      
7700     5         STARTED       
7750     5         FINISHED      
7500     1         RELEASED      
7525     1         STARTED       
7550     1         FINISHED      
7750     0         RELEASED      
7750     2         RELEASED      
7750     3         RELEASED      
7750     4         RELEASED      
7750     5         RELEASED      
7750     0         STARTED       
7775     0         FINISHED      
7800     2         STARTED       
7850     2         FINISHED      
7850     3         STARTED       
7900     3         FINISHED      
7900     4         STARTED       
7950     4         FINISHED      
7950     5         STARTED       
8000     5         FINISHED      
7750     1         RELEASED      
7775     1         STARTED       
7800     1         FINISHED      
8000     0         RELEASED      
8000     2         RELEASED      
8000     3         RELEASED      
8000     4         RELEASED      
8000     5         RELEASED      
8000     0         STARTED       
8025     0         FINISHED      
8050     2         STARTED       
8100     2         FINISHED      
8100     3         STARTED       
8150     3         FINISHED      
8150     4         STARTED       
8200     4         FINISHED      
8200     5         STARTED       
8250     5         FINISHED      
8000     1         RELEASED      
8025     1         STARTED       
8050     1         FINISHED      
8250     0         RELEASED      
8250     2         RELEASED      
8250     3         RELEASED      
8250     4         RELEASED      
8250     5         RELEASED      
8250     0         STARTED       
8275     0         FINISHED      
8300     2         STARTED       
8350     2         FINISHED      
8350     3         STARTED       
8400     3         FINISHED      
8400     4         STARTED       
8450     4         FINISHED      
8450     5         STARTED       
8500     5         FINISHED      
8250     1         RELEASED      
8275     1         STARTED       
8300     1         FINISHED      
8500     0         RELEASED      
8500     2         RELEASED      
8500     3         RELEASED      
8500     4         RELEASED      
8500     5         RELEASED      
8500     0         STARTED       
8525     0         FINISHED      
8550     2         STARTED       
8600     2         FINISHED      
8600     3         STARTED       
8650     3         FINISHED      
8650     4         STARTED       
8700     4         FINISHED      
8700     5         STARTED       
8750     5         FINISHED      
8500     1         RELEASED      
8525     1         STARTED       
8550     1         FINISHED      
8750     0         RELEASED      
8750     2         RELEASED      
8750     3         RELEASED      
8750     4         RELEASED      
8750     5         RELEASED      
8750     0         STARTED       
8775     0         FINISHED      
8800     2         STARTED       
8850     2         FINISHED      
8850     3         STARTED       
8900     3         FINISHED      
8900     4         STARTED       
8950     4         FINISHED      
8950     5         STARTED       
9000     5         FINISHED      
8750     1         RELEASED      
8775     1         STARTED       
8800     1         FINISHED      
9000     0         RELEASED      
9000     2         RELEASED      
9000     3         RELEASED      
9000     4         RELEASED      
9000     5         RELEASED      
9000     0         STARTED       
9025     0         FINISHED      
9050     2         STARTED       
9100     2         FINISHED      
9100     3         STARTED       
9150     3         FINISHED      
9150     4         STARTED       
9200     4         FINISHED      
9200     5         STARTED       
9250     5         FINISHED      
9000     1         RELEASED      
9025     1         STARTED       
9050     1         FINISHED      
9250     0         RELEASED      
9250     2         RELEASED      
9250     3         RELEASED      
9250     4         RELEASED      
9250     5         RELEASED      
9250     0         STARTED       
9275     0         FINISHED      
9300     2         STARTED       
9350     2         FINISHED      
9350     3         STARTED       
9400     3         FINISHED      
9400     4         STARTED       
9450     4         FINISHED      
9450     5         STARTED       
9500     5         FINISHED      
9250     1         RELEASED      
9275     1         STARTED       
9300     1         FINISHED      
9500     0         RELEASED      
9500     2         RELEASED      
9500     3         RELEASED      
9500     4         RELEASED      
9500     5         RELEASED      
9500     0         STARTED       
9525     0         FINISHED      
9550     2         STARTED       
9600     2         FINISHED      
9600     3         STARTED       
9650     3         FINISHED      
9650     4         STARTED       
9700     4         FINISHED      
9700     5         STARTED       
9750     5         FINISHED      
9500     1         RELEASED      
9525     1         STARTED       
9550     1         FINISHED      
9750     0         RELEASED      
9750     2         RELEASED      
9750     3         RELEASED      
9750     4         RELEASED      
9750     5         RELEASED      
9750     0         STARTED       
9775     0         FINISHED      
9800     2         STARTED       
9850     2         FINISHED      
9850     3         STARTED       
9900     3         FINISHED      
9900     4         STARTED       
9950     4         FINISHED      
9950     5         STARTED       
10000    5         FINISHED      
9750     1         RELEASED      
9775     1         STARTED       
9800     1         FINISHED      
10000    0         RELEASED      
10000    2         RELEASED      
10000    3         RELEASED      
10000    4         RELEASED      
10000    5         RELEASED      
10000    0         STARTED       
10025    0         FINISHED      
10050    2         STARTED       
10100    2         FINISHED      
10100    3         STARTED       
10150    3         FINISHED      
10150    4         STARTED       
10200    4         FINISHED      
10200    5         STARTED       
10250    5         FINISHED      
10000    1         RELEASED      
10025    1         STARTED       
10050    1         FINISHED      
10250    0         RELEASED      
10250    2         RELEASED      
10250    3         RELEASED      
10250    4         RELEASED      
10250    5         RELEASED      
10250    0         STARTED       
10275    0         FINISHED      
10300    2         STARTED       
10350    2         FINISHED      
10350    3         STARTED       
10400    3         FINISHED      
10400    4         STARTED       
10450    4         FINISHED      
10450    5         STARTED       
10500    5         FINISHED      
10250    1         RELEASED      
10275    1         STARTED       
10300    1         FINISHED      
10500    0         RELEASED      
10500    2         RELEASED      
10500    3         RELEASED      
10500    4         RELEASED      
10500    5         RELEASED      
10500    0         STARTED       
10525    0         FINISHED      
10550    2         STARTED       
10600    2         FINISHED      
10600    3         STARTED       
10650    3         FINISHED      
10650    4         STARTED       
10700    4         FINISHED      
10700    5         STARTED       
10750    5         FINISHED      
10500    1         RELEASED      
10525    1         STARTED       
10550    1         FINISHED      
10750    0         RELEASED      
10750    2         RELEASED      
10750    3         RELEASED      
10750    4         RELEASED      
10750    5         RELEASED      
10750    0         STARTED       
10775    0         FINISHED      
10800    2         STARTED       
10850    2         FINISHED      
10850    3         STARTED       
10900    3         FINISHED      
10900    4         STARTED       
10950    4         FINISHED      
10950    5         STARTED       
11000    5         FINISHED      
10750    1         RELEASED      
10775    1         STARTED       
10800    1         FINISHED      
11000    0         RELEASED      
11000    2         RELEASED      
11000    3         RELEASED      
11000    4         RELEASED      
11000    5         RELEASED      
11000    0         STARTED       
11025    0         FINISHED      
11050    2         STARTED       
11100    2         FINISHED      
11100    3         STARTED       
11150    3         FINISHED      
11150    4         STARTED       
11200    4         FINISHED      
11200    5         STARTED       
11250    5         FINISHED      
11000    1         RELEASED      
11025    1         STARTED       
11050    1         FINISHED      
11250    0         RELEASED      
11250    2         RELEASED      
11250    3         RELEASED      
11250    4         RELEASED      
11250    5         RELEASED      
11250    0         STARTED       
11275    0         FINISHED      
11300    2         STARTED       
11350    2         FINISHED      
11350    3         STARTED       
11400    3         FINISHED      
11400    4         STARTED       
11450    4         FINISHED      
11450    5         STARTED       
11500    5         FINISHED      
11250    1         RELEASED      
11275    1         STARTED       
11300    1         FINISHED      
11500    0         RELEASED      
11500    2         RELEASED      
11500    3         RELEASED      
11500    4         RELEASED      
11500    5         RELEASED      
11500    0         STARTED       
11525    0         FINISHED      
11550    2         STARTED       
11600    2         FINISHED      
11600    3         STARTED       
11650    3         FINISHED      
11650    4         STARTED       
11700    4         FINISHED      
11700    5         STARTED       
11750    5         FINISHED      
11500    1         RELEASED      
11525    1         STARTED       
11550    1         FINISHED      
11750    0         RELEASED      
11750    2         RELEASED      
11750    3         RELEASED      
11750    4         RELEASED      
11750    5         RELEASED      
11750    0         STARTED       
11775    0         FINISHED      
11800    2         STARTED       
11850    2         FINISHED      
11850    3         STARTED       
11900    3         FINISHED      
11900    4         STARTED       
11950    4         FINISHED      
11950    5         STARTED       
12000    5         FINISHED      
11750    1         RELEASED      
11775    1         STARTED       
11800    1         FINISHED      
12000    0         RELEASED      
12000    2         RELEASED      
12000    3         RELEASED      
12000    4         RELEASED      
12000    5         RELEASED      
12000    0         STARTED       
12025    0         FINISHED      
12050    2         STARTED       
12100    2         FINISHED      
12100    3         STARTED       
12150    3         FINISHED      
12150    4         STARTED       
12200    4         FINISHED      
12200    5         STARTED       
12250    5         FINISHED      
12000    1         RELEASED      
12025    1         STARTED       
12050    1         FINISHED      
12250    0         RELEASED      
12250    2         RELEASED      
12250    3         RELEASED      
12250    4         RELEASED      
12250    5         RELEASED      
12250    0         STARTED       
12275    0         FINISHED      
12300    2         STARTED       
12350    2         FINISHED      
12350    3         STARTED       
12400    3         FINISHED      
12400    4         STARTED       
12450    4         FINISHED      
12450    5         STARTED       
12500    5         FINISHED      
12250    1         RELEASED      
12275    1         STARTED       
12300    1         FINISHED      
12500    0         RELEASED      
12500    2         RELEASED      
12500    3         RELEASED      
12500    4         RELEASED      
12500    5         RELEASED      
12500    0         STARTED       
12525    0         FINISHED      
12550    2         STARTED       
12600    2         FINISHED      
12600    3         STARTED       
12650    3         FINISHED      
12650    4         STARTED       
12700    4         FINISHED      
12700    5         STARTED       
12750    5         FINISHED      
12500    1         RELEASED      
12525    1         STARTED       
12550    1         FINISHED      
12750    0         RELEASED      
12750    2         RELEASED      
12750    3         RELEASED      
12750    4         RELEASED      
12750    5         RELEASED      
12750    0         STARTED       
12775    0         FINISHED      
12800    2         STARTED       
12850    2         FINISHED      
12850    3         STARTED       
12900    3         FINISHED      
12900    4         STARTED       
12950    4         FINISHED      
12950    5         STARTED       
13000    5         FINISHED      
12750    1         RELEASED      
12775    1         STARTED       
12800    1         FINISHED      
13000    0         RELEASED      
13000    2         RELEASED      
13000    3         RELEASED      
13000    4         RELEASED      
13000    5         RELEASED      
13000    0         STARTED       
13025    0         FINISHED      
13050    2         STARTED       
13100    2         FINISHED      
13100    3         STARTED       
13150    3         FINISHED      
13150    4         STARTED       
13200    4         FINISHED      
13200    5         STARTED       
13250    5         FINISHED      
13000    1         RELEASED      
13025    1         STARTED       
13050    1         FINISHED      
13250    0         RELEASED      
13250    2         RELEASED      
13250    3         RELEASED      
13250    4         RELEASED      
13250    5         RELEASED      
13250    0         STARTED       
13275    0         FINISHED      
13300    2         STARTED       
13350    2         FINISHED      
13350    3         STARTED       
13400    3         FINISHED      
13400    4         STARTED       
13450    4         FINISHED      
13450    5         STARTED       
13500    5         FINISHED      
13250    1         RELEASED      
13275    1         STARTED       
13300    1         FINISHED      
13500    0         RELEASED      
13500    2         RELEASED      
13500    3         RELEASED      
13500    4         RELEASED      
13500    5         RELEASED      
13500    0         STARTED       
13525    0         FINISHED      
13550    2         STARTED       
13600    2         FINISHED      
13600    3         STARTED       
13650    3         FINISHED      
13650    4         STARTED       
13700    4         FINISHED      
13700    5         STARTED       
13750    5         FINISHED      
13500    1         RELEASED      
13525    1         STARTED       
13550    1         FINISHED      
13750    0         RELEASED      
13750    2         RELEASED      
13750    3         RELEASED      
13750    4         RELEASED      
13750    5         RELEASED      
13750    0         STARTED       
13775    0         FINISHED      
13800    2         STARTED       
13850    2         FINISHED      
13850    3         STARTED       
13900    3         FINISHED      
13900    4         STARTED       
13950    4         FINISHED      
13950    5         STARTED       
14000    5         FINISHED      
13750    1         RELEASED      
13775    1         STARTED       
13800    1         FINISHED      
14000    0         RELEASED      
14000    2         RELEASED      
14000    3         RELEASED      
14000    4         RELEASED      
14000    5         RELEASED      
14000    0         STARTED       
14025    0         FINISHED      
14050    2         STARTED       
14100    2         FINISHED      
14100    3         STARTED       
14150    3         FINISHED      
14150    4         STARTED       
14200    4         FINISHED      
14200    5         STARTED       
14250    5         FINISHED      
14000    1         RELEASED      
14025    1         STARTED       
14050    1         FINISHED      
14250    0         RELEASED      
14250    2         RELEASED      
14250    3         RELEASED      
14250    4         RELEASED      
14250    5         RELEASED      
14250    0         STARTED       
14275    0         FINISHED      
14300    2         STARTED       
14350    2         FINISHED      
14350    3         STARTED       
14400    3         FINISHED      
14400    4         STARTED       
14450    4         FINISHED      
14450    5         STARTED       
14500    5         FINISHED      
14250    1         RELEASED      
14275    1         STARTED       
14300    1         FINISHED      
14500    0         RELEASED      
14500    2         RELEASED      
14500    3         RELEASED      
14500    4         RELEASED      
14500    5         RELEASED      
14500    0         STARTED       
14525    0         FINISHED      
14550    2         STARTED       
14600    2         FINISHED      
14600    3         STARTED       
14650    3         FINISHED      
14650    4         STARTED       
14700    4         FINISHED      
14700    5         STARTED       
14750    5         FINISHED      
14500    1         RELEASED      
14525    1         STARTED       
14550    1         FINISHED      
14750    0         RELEASED      
14750    2         RELEASED      
14750    3         RELEASED      
14750    4         RELEASED      
14750    5         RELEASED      
14750    0         STARTED       
14775    0         FINISHED      
14800    2         STARTED       
14850    2         FINISHED      
14850    3         STARTED       
14900    3         FINISHED      
14900    4         STARTED       
14950    4         FINISHED      
14950    5         STARTED       
15000    5         FINISHED      
14750    1         RELEASED      
14775    1         STARTED       
14800    1         FINISHED      
15000    0         RELEASED      
15000    2         RELEASED      
15000    3         RELEASED      
15000    4         RELEASED      
15000    5         RELEASED      
15000    0         STARTED       
15025    0         FINISHED      
15050    2         STARTED       
15100    2         FINISHED      
15100    3         STARTED       
15150    3         FINISHED      
15150    4         STARTED       
15200    4         FINISHED      
15200    5         STARTED       
15250    5         FINISHED      
15000    1         RELEASED      
15025    1         STARTED       
15050    1         FINISHED      
15250    0         RELEASED      
15250    2         RELEASED      
15250    3         RELEASED      
15250    4         RELEASED      
15250    5         RELEASED      
15250    0         STARTED       
15275    0         FINISHED      
15300    2         STARTED       
15350    2         FINISHED      
15350    3         STARTED       
15400    3         FINISHED      
15400    4         STARTED       
15450    4         FINISHED      
15450    5         STARTED       
15500    5         FINISHED      
15250    1         RELEASED      
15275    1         STARTED       
15300    1         FINISHED      
15500    0         RELEASED      
15500    2         RELEASED      
15500    3         RELEASED      
15500    4         RELEASED      
15500    5         RELEASED      
15500    0         STARTED       
15525    0         FINISHED      
15550    2         STARTED       
15600    2         FINISHED      
15600    3         STARTED       
15650    3         FINISHED      
15650    4         STARTED       
15700    4         FINISHED      
15700    5         STARTED       
15750    5         FINISHED      
15500    1         RELEASED      
15525    1         STARTED       
15550    1         FINISHED      
15750    0         RELEASED      
15750    2         RELEASED      
15750    3         RELEASED      
15750    4         RELEASED      
15750    5         RELEASED      
15750    0         STARTED       
15775    0         FINISHED      
15800    2         STARTED       
15850    2         FINISHED      
15850    3         STARTED       
15900    3         FINISHED      
15900    4         STARTED       
15950    4         FINISHED      
15950    5         STARTED       
16000    5         FINISHED      
15750    1         RELEASED      
15775    1         STARTED       
15800    1         FINISHED      
16000    0         RELEASED      
16000    2         RELEASED      
16000    3         RELEASED      
16000    4         RELEASED      
16000    5         RELEASED      
16000    0         STARTED       
16025    0         FINISHED      
16050    2         STARTED       
16100    2         FINISHED      
16100    3         STARTED       
16150    3         FINISHED      
16150    4         STARTED       
16200    4         FINISHED      
16200    5         STARTED       
16250    5         FINISHED      
16000    1         RELEASED      
16025    1         STARTED       
16050    1         FINISHED      
16250    0         RELEASED      
16250    2         RELEASED      
16250    3         RELEASED      
16250    4         RELEASED      
16250    5         RELEASED      
16250    0         STARTED       
16275    0         FINISHED      
16300    2         STARTED       
16350    2         FINISHED      
16350    3         STARTED       
16400    3         FINISHED      
16400    4         STARTED       
16450    4         FINISHED      
16450    5         STARTED       
16500    5         FINISHED      
16250    1         RELEASED      
16275    1         STARTED       
16300    1         FINISHED      
16500    0         RELEASED      
16500    2         RELEASED      
16500    3         RELEASED      
16500    4         RELEASED      
16500    5         RELEASED      
16500    0         STARTED       
16525    0         FINISHED      
16550    2         STARTED       
16600    2         FINISHED      
16600    3         STARTED       
16650    3         FINISHED      
16650    4         STARTED       
16700    4         FINISHED      
16700    5         STARTED       
16750    5         FINISHED      
16500    1         RELEASED      
16525    1         STARTED       
16550    1         FINISHED      
16750    0         RELEASED      
16750    2         RELEASED      
16750    3         RELEASED      
16750    4         RELEASED      
16750    5         RELEASED      
16750    0         STARTED       
16775    0         FINISHED      
16800    2         STARTED       
16850    2         FINISHED      
16850    3         STARTED       
16900    3         FINISHED      
16900    4         STARTED       
16950    4         FINISHED      
16950    5         STARTED       
17000    5         FINISHED      
16750    1         RELEASED      
16775    1         STARTED       
16800    1         FINISHED      
17000    0         RELEASED      
17000    2         RELEASED      
17000    3         RELEASED      
17000    4         RELEASED      
17000    5         RELEASED      
17000    0         STARTED       
17025    0         FINISHED      
17050    2         STARTED       
17100    2         FINISHED      
17100    3         STARTED       
17150    3         FINISHED      
17150    4         STARTED       
17200    4         FINISHED      
17200    5         STARTED       
17250    5         FINISHED      
17000    1         RELEASED      
17025    1         STARTED       
17050    1         FINISHED      
17250    0         RELEASED      
17250    2         RELEASED      
17250    3         RELEASED      
17250    4         RELEASED      
17250    5         RELEASED      
17250    0         STARTED       
17275    0         FINISHED      
17300    2         STARTED       
17350    2         FINISHED      
17350    3         STARTED       
17400    3         FINISHED      
17400    4         STARTED       
17450    4         FINISHED      
17450    5         STARTED       
17500    5         FINISHED      
17250    1         RELEASED      
17275    1         STARTED       
17300    1         FINISHED      
17500    0         RELEASED      
17500    2         RELEASED      
17500    3         RELEASED      
17500    4         RELEASED      
17500    5         RELEASED      
17500    0         STARTED       
17525    0         FINISHED      
17550    2         STARTED       
17600    2         FINISHED      
17600    3         STARTED       
17650    3         FINISHED      
17650    4         STARTED       
17700    4         FINISHED      
17700    5         STARTED       
17750    5         FINISHED      
17500    1         RELEASED      
17525    1         STARTED       
17550    1         FINISHED      
17750    0         RELEASED      
17750    2         RELEASED      
17750    3         RELEASED      
17750    4         RELEASED      
17750    5         RELEASED      
17750    0         STARTED       
17775    0         FINISHED      
17800    2         STARTED       
17850    2         FINISHED      
17850    3         STARTED       
17900    3         FINISHED      
17900    4         STARTED       
17950    4         FINISHED      
17950    5         STARTED       
18000    5         FINISHED      
17750    1         RELEASED      
17775    1         STARTED       
17800    1         FINISHED      
18000    0         RELEASED      
18000    2         RELEASED      
18000    3         RELEASED      
18000    4         RELEASED      
18000    5         RELEASED      
18000    0         STARTED       
18025    0         FINISHED      
18050    2         STARTED       
18100    2         FINISHED      
18100    3         STARTED       
18150    3         FINISHED      
18150    4         STARTED       
18200    4         FINISHED      
18200    5         STARTED       
18250    5         FINISHED      
18000    1         RELEASED      
18025    1         STARTED       
18050    1         FINISHED      
18250    0         RELEASED      
18250    2         RELEASED      
18250    3         RELEASED      
18250    4         RELEASED      
18250    5         RELEASED      
18250    0         STARTED       
18275    0         FINISHED      
18300    2         STARTED       
18350    2         FINISHED      
18350    3         STARTED       
18400    3         FINISHED      
18400    4         STARTED       
18450    4         FINISHED      
18450    5         STARTED       
18500    5         FINISHED      
18250    1         RELEASED      
18275    1         STARTED       
18300    1         FINISHED      
18500    0         RELEASED      
18500    2         RELEASED      
18500    3         RELEASED      
18500    4         RELEASED      
18500    5         RELEASED      
18500    0         STARTED       
18525    0         FINISHED      
18550    2         STARTED       
18600    2         FINISHED      
18600    3         STARTED       
18650    3         FINISHED      
18650    4         STARTED       
18700    4         FINISHED      
18700    5         STARTED       
18750    5         FINISHED      
18500    1         RELEASED      
18525    1         STARTED       
18550    1         FINISHED      
18750    0         RELEASED      
18750    2         RELEASED      
18750    3         RELEASED      
18750    4         RELEASED      
18750    5         RELEASED      
18750    0         STARTED       
18775    0         FINISHED      
18800    2         STARTED       
18850    2         FINISHED      
18850    3         STARTED       
18900    3         FINISHED      
18900    4         STARTED       
18950    4         FINISHED      
18950    5         STARTED       
19000    5         FINISHED      
18750    1         RELEASED      
18775    1         STARTED       
18800    1         FINISHED      
19000    0         RELEASED      
19000    2         RELEASED      
19000    3         RELEASED      
19000    4         RELEASED      
19000    5         RELEASED      
19000    0         STARTED       
19025    0         FINISHED      
19050    2         STARTED       
19100    2         FINISHED      
19100    3         STARTED       
19150    3         FINISHED      
19150    4         STARTED       
19200    4         FINISHED      
19200    5         STARTED       
19250    5         FINISHED      
19000    1         RELEASED      
19025    1         STARTED       
19050    1         FINISHED      
19250    0         RELEASED      
19250    2         RELEASED      
19250    3         RELEASED      
19250    4         RELEASED      
19250    5         RELEASED      
19250    0         STARTED       
19275    0         FINISHED      
19300    2         STARTED       
19350    2         FINISHED      
19350    3         STARTED       
19400    3         FINISHED      
19400    4         STARTED       
19450    4         FINISHED      
19450    5         STARTED       
19500    5         FINISHED      
19250    1         RELEASED      
19275    1         STARTED       
19300    1         FINISHED      
19500    0         RELEASED      
19500    2         RELEASED      
19500    3         RELEASED      
19500    4         RELEASED      
19500    5         RELEASED      
19500    0         STARTED       
19525    0         FINISHED      
19550    2         STARTED       
19600    2         FINISHED      
19600    3         STARTED       
19650    3         FINISHED      
19650    4         STARTED       
19700    4         FINISHED      
19700    5         STARTED       
19750    5         FINISHED      
19500    1         RELEASED      
19525    1         STARTED       
19550    1         FINISHED      
19750    0         RELEASED      
19750    2         RELEASED      
19750    3         RELEASED      
19750    4         RELEASED      
19750    5         RELEASED      
19750    0         STARTED       
19775    0         FINISHED      
19800    2         STARTED       
19850    2         FINISHED      
19850    3         STARTED       
19900    3         FINISHED      
19900    4         STARTED       
19950    4         FINISHED      
19950    5         STARTED       
20000    5         FINISHED      
19750    1         RELEASED      
19775    1         STARTED       
19800    1         FINISHED      
20000    0         RELEASED      
20000    2         RELEASED      
20000    3         RELEASED      
20000    4         RELEASED      
20000    5         RELEASED      
20000    0         STARTED       
20025    0         FINISHED      
20050    2         STARTED       
20100    2         FINISHED      
20100    3         STARTED       
20150    3         FINISHED      
20150    4         STARTED       
20200    4         FINISHED      
20200    5         STARTED       
20250    5         FINISHED      
20000    1         RELEASED      
20025    1         STARTED       
20050    1         FINISHED      
20250    0         RELEASED      
20250    2         RELEASED      
20250    3         RELEASED      
20250    4         RELEASED      
20250    5         RELEASED      
20250    0         STARTED       
20275    0         FINISHED      
20300    2         STARTED       
20350    2         FINISHED      
20350    3         STARTED       
20400    3         FINISHED      
20400    4         STARTED       
20450    4         FINISHED      
20450    5         STARTED       
20500    5         FINISHED      
20250    1         RELEASED      
20275    1         STARTED       
20300    1         FINISHED      
20500    0         RELEASED      
20500    2         RELEASED      
20500    3         RELEASED      
20500    4         RELEASED      
20500    5         RELEASED      
20500    0         STARTED       
20525    0         FINISHED      
20550    2         STARTED       
20600    2         FINISHED      
20600    3         STARTED       
20650    3         FINISHED      
20650    4         STARTED       
20700    4         FINISHED      
20700    5         STARTED       
20750    5         FINISHED      
20500    1         RELEASED      
20525    1         STARTED       
20550    1         FINISHED      
20750    0         RELEASED      
20750    2         RELEASED      
20750    3         RELEASED      
20750    4         RELEASED      
20750    5         RELEASED      
20750    0         STARTED       
20775    0         FINISHED      
20800    2         STARTED       
20850    2         FINISHED      
20850    3         STARTED       
20900    3         FINISHED      
20900    4         STARTED       
20950    4         FINISHED      
20950    5         STARTED       
21000    5         FINISHED      
20750    1         RELEASED      
20775    1         STARTED       
20800    1         FINISHED      
21000    0         RELEASED      
21000    2         RELEASED      
21000    3         RELEASED      
21000    4         RELEASED      
21000    5         RELEASED      
21000    0         STARTED       
21025    0         FINISHED      
21050    2         STARTED       
21100    2         FINISHED      
21100    3         STARTED       
21150    3         FINISHED      
21150    4         STARTED       
21200    4         FINISHED      
21200    5         STARTED       
21250    5         FINISHED      
21000    1         RELEASED      
21025    1         STARTED       
21050    1         FINISHED      
21250    0         RELEASED      
21250    2         RELEASED      
21250    3         RELEASED      
21250    4         RELEASED      
21250    5         RELEASED      
21250    0         STARTED       
21275    0         FINISHED      
21300    2         STARTED       
21350    2         FINISHED      
21350    3         STARTED       
21400    3         FINISHED      
21400    4         STARTED       
21450    4         FINISHED      
21450    5         STARTED       
21500    5         FINISHED      
21250    1         RELEASED      
21275    1         STARTED       
21300    1         FINISHED      
21500    0         RELEASED      
21500    2         RELEASED      
21500    3         RELEASED      
21500    4         RELEASED      
21500    5         RELEASED      
21500    0         STARTED       
21525    0         FINISHED      
21550    2         STARTED       
21600    2         FINISHED      
21600    3         STARTED       
21650    3         FINISHED      
21650    4         STARTED       
21700    4         FINISHED      
21700    5         STARTED       
21750    5         FINISHED      
21500    1         RELEASED      
21525    1         STARTED       
21550    1         FINISHED      
21750    0         RELEASED      
21750    2         RELEASED      
21750    3         RELEASED      
21750    4         RELEASED      
21750    5         RELEASED      
21750    0         STARTED       
21775    0         FINISHED      
21800    2         STARTED       
21850    2         FINISHED      
21850    3         STARTED       
21900    3         FINISHED      
21900    4         STARTED       
21950    4         FINISHED      
21950    5         STARTED       
22000    5         FINISHED      
21750    1         RELEASED      
21775    1         STARTED       
21800    1         FINISHED      
22000    0         RELEASED      
22000    2         RELEASED      
22000    3         RELEASED      
22000    4         RELEASED      
22000    5         RELEASED      
22000    0         STARTED       
22025    0         FINISHED      
22050    2         STARTED       
22100    2         FINISHED      
22100    3         STARTED       
22150    3         FINISHED      
22150    4         STARTED       
22200    4         FINISHED      
22200    5         STARTED       
22250    5         FINISHED      
22000    1         RELEASED      
22025    1         STARTED       
22050    1         FINISHED      
22250    0         RELEASED      
22250    2         RELEASED      
22250    3         RELEASED      
22250    4         RELEASED      
22250    5         RELEASED      
22250    0         STARTED       
22275    0         FINISHED      
22300    2         STARTED       
22350    2         FINISHED      
22350    3         STARTED       
22400    3         FINISHED      
22400    4         STARTED       
22450    4         FINISHED      
22450    5         STARTED       
22500    5         FINISHED      
22250    1         RELEASED      
22275    1         STARTED       
22300    1         FINISHED      
22500    0         RELEASED      
22500    2         RELEASED      
22500    3         RELEASED      
22500    4         RELEASED      
22500    5         RELEASED      
22500    0         STARTED       
22525    0         FINISHED      
22550    2         STARTED       
22600    2         FINISHED      
22600    3         STARTED       
22650    3         FINISHED      
22650    4         STARTED       
22700    4         FINISHED      
22700    5         STARTED       
22750    5         FINISHED      
22500    1         RELEASED      
22525    1         STARTED       
22550    1         FINISHED      
22750    0         RELEASED      
22750    2         RELEASED      
22750    3         RELEASED      
22750    4         RELEASED      
22750    5         RELEASED      
22750    0         STARTED       
22775    0         FINISHED      
22800    2         STARTED       
22850    2         FINISHED      
22850    3         STARTED       
22900    3         FINISHED      
22900    4         STARTED       
22950    4         FINISHED      
22950    5         STARTED       
23000    5         FINISHED      
22750    1         RELEASED      
22775    1         STARTED       
22800    1         FINISHED      
23000    0         RELEASED      
23000    2         RELEASED      
23000    3         RELEASED      
23000    4         RELEASED      
23000    5         RELEASED      
23000    0         STARTED       
23025    0         FINISHED      
23050    2         STARTED       
23100    2         FINISHED      
23100    3         STARTED       
23150    3         FINISHED      
23150    4         STARTED       
23200    4         FINISHED      
23200    5         STARTED       
23250    5         FINISHED      
23000    1         RELEASED      
23025    1         STARTED       
23050    1         FINISHED      
23250    0         RELEASED      
23250    2         RELEASED      
23250    3         RELEASED      
23250    4         RELEASED      
23250    5         RELEASED      
23250    0         STARTED       
23275    0         FINISHED      
23300    2         STARTED       
23350    2         FINISHED      
23350    3         STARTED       
23400    3         FINISHED      
23400    4         STARTED       
23450    4         FINISHED      
23450    5         STARTED       
23500    5         FINISHED      
23250    1         RELEASED      
23275    1         STARTED       
23300    1         FINISHED      
23500    0         RELEASED      
23500    2         RELEASED      
23500    3         RELEASED      
23500    4         RELEASED      
23500    5         RELEASED      
23500    0         STARTED       
23525    0         FINISHED      
23550    2         STARTED       
23600    2         FINISHED      
23500    1         RELEASED      
23525    1         STARTED       
23550    1         FINISHED      
23600    3         STARTED       
23650    3         FINISHED      
23650    4         STARTED       
23700    4         FINISHED      
23700    5         STARTED       
23750    5         FINISHED      
23750    0         RELEASED      
23750    2         RELEASED      
23750    3         RELEASED      
23750    4         RELEASED      
23750    5         RELEASED      
23750    0         STARTED       
23775    0         FINISHED      
23800    2         STARTED       
23850    2         FINISHED      
23850    3         STARTED       
23900    3         FINISHED      
23900    4         STARTED       
23950    4         FINISHED      
23950    5         STARTED       
24000    5         FINISHED      
23750    1         RELEASED      
23775    1         STARTED       
23800    1         FINISHED      
24000    0         RELEASED      
24000    2         RELEASED      
24000    3         RELEASED      
24000    4         RELEASED      
24000    5         RELEASED      
24000    0         STARTED       
24025    0         FINISHED      
24050    2         STARTED       
24100    2         FINISHED      
24100    3         STARTED       
24150    3         FINISHED      
24150    4         STARTED       
24200    4         FINISHED      
24200    5         STARTED       
24250    5         FINISHED      
24000    1         RELEASED      
24025    1         STARTED       
24050    1         FINISHED      
24250    0         RELEASED      
24250    2         RELEASED      
24250    3         RELEASED      
24250    4         RELEASED      
24250    5         RELEASED      
24250    0         STARTED       
24275    0         FINISHED      
