[TASK NAME][TIME][READ/WRITE][DATA LENGTH][RAW DATA]
LK         25    WRITE       4            0x0 0x0 0x0 0x0
LK         0     READ        6            0x0 0x0 0x0 0x0 0x0 0x0
LK         275   WRITE       4            0x0 0x0 0x0 0x0
LK         250   READ        6            0x0 0x0 0x0 0x0 0x0 0x0
LK         525   WRITE       4            0x0 0x0 0x0 0x0
LK         500   READ        6            0x0 0x0 0x0 0x0 0x0 0x0
LK         775   WRITE       4            0x0 0x0 0x0 0x0
LK         750   READ        6            0x0 0x0 0x0 0x0 0x0 0x0
LK         1025  WRITE       4            0x0 0x0 0x0 0x0
LK         1000  READ        6            0x0 0x0 0x0 0x0 0x0 0x0
LK         1275  WRITE       4            0x0 0x0 0x0 0x0
LK         1250  READ        6            0x0 0x0 0x0 0x0 0x0 0x0
LK         1525  WRITE       4            0x0 0x0 0x0 0x0
LK         1500  READ        6            0x0 0x0 0x0 0x0 0x0 0x0
LK         1775  WRITE       4            0x0 0x0 0x0 0x0
LK         1750  READ        6            0x0 0x0 0x0 0x0 0x0 0x0
LK         2025  WRITE       4            0x0 0x0 0x0 0x0
LK         2000  READ        6            0x0 0x0 0x0 0x0 0x0 0x0
LK         2275  WRITE       4            0x0 0x0 0x0 0x0
LK         2250  READ        6            0x0 0x0 0x0 0x0 0x0 0x0
LK         2525  WRITE       4            0x0 0x0 0x0 0x0
LK         2500  READ        6            0x0 0x0 0x0 0x0 0x0 0x0
LK         2775  WRITE       4            0x0 0x0 0x0 0x0
LK         2750  READ        6            0x0 0x0 0x0 0x0 0x0 0x0
LK         3025  WRITE       4            0x0 0x0 0x0 0x0
LK         3000  READ        6            0x0 0x0 0x0 0x0 0x0 0x0
LK         3275  WRITE       4            0x0 0x0 0x0 0x0
LK         3250  READ        6            0x0 0x0 0x0 0x0 0x0 0x0
LK         3525  WRITE       4            0x0 0x0 0x0 0x0
LK         3500  READ        6            0x0 0x0 0x0 0x0 0x0 0x0
LK         3775  WRITE       4            0x0 0x0 0x0 0x0
LK         3750  READ        6            0x0 0x0 0x0 0x0 0x0 0x0
LK         4025  WRITE       4            0x0 0x0 0x0 0x0
LK         4000  READ        6            0x0 0x0 0x0 0x0 0x0 0x0
LK         4275  WRITE       4            0x0 0x0 0x0 0x0
LK         4250  READ        6            0x0 0x0 0x0 0x0 0x0 0x0
LK         4525  WRITE       4            0x0 0x0 0x0 0x0
LK         4500  READ        6            0x0 0x0 0x0 0x0 0x0 0x0
LK         4775  WRITE       4            0x0 0x0 0x0 0x0
LK         4750  READ        6            0x0 0x0 0x0 0x0 0x0 0x0
LK         5025  WRITE       4            0x0 0x0 0x0 0x0
LK         5000  READ        6            0x0 0x0 0x0 0x0 0x0 0x0
LK         5275  WRITE       4            0x0 0x0 0x0 0x0
LK         5250  READ        6            0x0 0x0 0x0 0x0 0x0 0x0
LK         5525  WRITE       4            0x0 0x0 0x0 0x0
LK         5500  READ        6            0x0 0x0 0x0 0x0 0x0 0x0
LK         5775  WRITE       4            0x0 0x0 0x0 0x0
LK         5750  READ        6            0x0 0x0 0x0 0x0 0x0 0x0
LK         6025  WRITE       4            0x0 0x0 0x0 0x0
LK         6000  READ        6            0x0 0x0 0x0 0x0 0x0 0x0
LK         6275  WRITE       4            0x0 0x0 0x0 0x0
LK         6250  READ        6            0x0 0x0 0x0 0x0 0x0 0x0
LK         6525  WRITE       4            0x0 0x0 0x0 0x0
LK         6500  READ        6            0x0 0x0 0x0 0x0 0x0 0x0
LK         6775  WRITE       4            0x0 0x0 0x0 0x0
LK         6750  READ        6            0x0 0x0 0x0 0x0 0x0 0x0
LK         7025  WRITE       4            0x0 0x0 0x0 0x0
LK         7000  READ        6            0x0 0x0 0x0 0x0 0x0 0x0
LK         7275  WRITE       4            0x0 0x0 0x0 0x0
LK         7250  READ        6            0x0 0x0 0x0 0x0 0x0 0x0
LK         7525  WRITE       4            0x0 0x0 0x0 0x0
LK         7500  READ        6            0x0 0x0 0x0 0x0 0x0 0x0
LK         7775  WRITE       4            0x0 0x0 0x0 0x0
LK         7750  READ        6            0x0 0x0 0x0 0x0 0x0 0x0
LK         8025  WRITE       4            0x0 0x0 0x0 0x0
LK         8000  READ        6            0x0 0x0 0x0 0x0 0x0 0x0
LK         8275  WRITE       4            0x0 0x0 0x0 0x0
LK         8250  READ        6            0x0 0x0 0x0 0x0 0x0 0x0
LK         8525  WRITE       4            0x0 0x0 0x0 0x0
LK         8500  READ        6            0x0 0x0 0x0 0x0 0x0 0x0
LK         8775  WRITE       4            0x0 0x0 0x0 0x0
LK         8750  READ        6            0x0 0x0 0x0 0x0 0x0 0x0
LK         9025  WRITE       4            0x0 0x0 0x0 0x0
LK         9000  READ        6            0xfffe5cec 0x4c4b400 0x2710 0xfffffffd 0x2710 0x33da
LK         9275  WRITE       4            0x0 0x0 0x0 0x1770
LK         9250  READ        6            0xfffe5cec 0x4c4b400 0x2710 0xfffffffd 0x2710 0x33da
LK         9525  WRITE       4            0xc3500 0x0 0x0 0x1770
LK         9500  READ        6            0xfffe5cec 0x4c4b400 0x2710 0xfffffffd 0x2710 0x33da
LK         9775  WRITE       4            0xc3500 0x0 0x0 0x1770
LK         9750  READ        6            0xfffe5cec 0x4c4b400 0x2710 0xfffffffd 0x2710 0x33da
LK         10025 WRITE       4            0xc3500 0x0 0x0 0x1770
LK         10000 READ        6            0x33134 0x4c4b400 0x2710 0x6f1b 0x2710 0x3325
LK         10275 WRITE       4            0xc3500 0x0 0x0 0x1770
LK         10250 READ        6            0x33134 0x4c4b400 0x2710 0xeec6 0x2710 0x3041
LK         10525 WRITE       4            0xc3500 0x0 0x0 0x1770
LK         10500 READ        6            0x33134 0x4c4b400 0x2710 0x16229 0x2710 0x2b89
LK         10775 WRITE       4            0xc3500 0x0 0x0 0x1770
LK         10750 READ        6            0x33134 0x4c4b400 0x2710 0x1e5d6 0x2710 0x235c
LK         11025 WRITE       4            0xc3500 0x0 0x0 0x235c
LK         11000 READ        6            0x33134 0x4c4b400 0x2710 0x25b0d 0x2710 0x1411
LK         11275 WRITE       4            0xc3500 0x0 0x0 0x1411
LK         11250 READ        6            0x33134 0x4c4b400 0x2710 0x3128a 0x2710 0x42f
LK         11525 WRITE       4            0xc3500 0x0 0x0 0x42f
LK         11500 READ        6            0x33134 0x4c4b400 0x2710 0x438a4 0x2710 0xfffff9f3
LK         11775 WRITE       4            0xc3500 0x0 0x60d 0x0
LK         11750 READ        6            0x33134 0x4c4b400 0x2710 0x58631 0x2710 0xfffff4f7
LK         12025 WRITE       4            0xc3500 0x0 0xb09 0x0
LK         12000 READ        6            0x33134 0x4c4b400 0x2710 0x7061e 0x2710 0xfffff783
LK         12275 WRITE       4            0xc3500 0x0 0x87d 0x0
LK         12250 READ        6            0x33134 0x4c4b400 0x2710 0x8768a 0x2710 0xfffffcc5
LK         12525 WRITE       4            0xc3500 0x0 0x33b 0x0
LK         12500 READ        6            0x33134 0x4c4b400 0x2710 0x9ff53 0x2710 0xffffffec
LK         12775 WRITE       4            0xc3500 0x0 0x14 0x0
LK         12750 READ        6            0x33134 0x4c4b400 0x2710 0xb5c20 0x2710 0xfffffd9d
LK         13025 WRITE       4            0xc3500 0x0 0x263 0x0
LK         13000 READ        6            0x33134 0x4c4b400 0x2710 0xca2c9 0x2710 0xfffffe71
LK         13275 WRITE       4            0xc3500 0x0 0x18f 0x0
LK         13250 READ        6            0x33134 0x4c4b400 0x2710 0xca08f 0x2710 0x221
LK         13525 WRITE       4            0x0 0x0 0x0 0x221
LK         13500 READ        6            0x33134 0x4c4b400 0x2710 0xc32ac 0x2710 0xfffffeaf
LK         13775 WRITE       4            0x0 0x0 0x151 0x0
LK         13750 READ        6            0x33134 0x4c4b400 0x2710 0xcdbe6 0x2710 0xfffffe7f
LK         14025 WRITE       4            0xc3500 0x0 0x181 0x0
LK         14000 READ        6            0x33134 0x4c4b400 0x2710 0xcbb97 0x2710 0x222
LK         14275 WRITE       4            0x0 0x0 0x0 0x222
LK         14500 READ        6            0x33134 0x4c4b400 0x2710 0xc4309 0x2710 0xfffffeca
LK         14525 WRITE       4            0x0 0x0 0x136 0x0
LK         14500 READ        6            0x33134 0x4c4b400 0x2710 0xbe20b 0x2710 0xffffff5e
LK         14775 WRITE       4            0x0 0x0 0xa2 0x0
LK         14750 READ        6            0x33134 0x4c4b400 0x2710 0xc90eb 0x2710 0x177
LK         15025 WRITE       4            0xc3500 0x0 0x0 0x177
LK         15000 READ        6            0x33134 0x4c4b400 0x2710 0xc8fc4 0x2710 0xffffff5e
LK         15275 WRITE       4            0x0 0x0 0xa2 0x0
LK         15250 READ        6            0x33134 0x4c4b400 0x2710 0xc233f 0x2710 0xffffff7e
LK         15525 WRITE       4            0x0 0x0 0x82 0x0
LK         15500 READ        6            0x33134 0x4c4b400 0x2710 0xcd722 0x2710 0xb4
LK         15775 WRITE       4            0xc3500 0x0 0x0 0xb4
LK         15750 READ        6            0x33134 0x4c4b400 0x2710 0xcd1d0 0x2710 0xffffffd9
LK         16025 WRITE       4            0x0 0x0 0x27 0x0
LK         16000 READ        6            0x33134 0x4c4b400 0x2710 0xc638f 0x2710 0xffffff44
LK         16275 WRITE       4            0x0 0x0 0xbc 0x0
LK         16250 READ        6            0x33134 0x4c4b400 0x2710 0xc01fe 0x2710 0x6e
LK         16525 WRITE       4            0x0 0x0 0x0 0x6e
LK         16500 READ        6            0x33134 0x4c4b400 0x2710 0xc8924 0x2710 0xb0
LK         16775 WRITE       4            0xc3500 0x0 0x0 0xb0
LK         16750 READ        6            0x33134 0x4c4b400 0x2710 0xc88ce 0x2710 0xfffffef9
LK         17025 WRITE       4            0x0 0x0 0x107 0x0
LK         17000 READ        6            0x33134 0x4c4b400 0x2710 0xc1c64 0x2710 0x62
LK         17275 WRITE       4            0x0 0x0 0x0 0x62
LK         17250 READ        6            0x33134 0x4c4b400 0x2710 0xcc7a4 0x2710 0x17e
LK         17525 WRITE       4            0xc3500 0x0 0x0 0x17e
LK         17500 READ        6            0x33134 0x4c4b400 0x2710 0xca880 0x2710 0xfffffe8b
LK         17775 WRITE       4            0x0 0x0 0x175 0x0
LK         17750 READ        6            0x33134 0x4c4b400 0x2710 0xc3117 0x2710 0xffffff90
LK         18025 WRITE       4            0x0 0x0 0x70 0x0
LK         18000 READ        6            0x33134 0x4c4b400 0x2710 0xced48 0x2710 0x13a
LK         18275 WRITE       4            0xc3500 0x0 0x0 0x13a
LK         18250 READ        6            0x33134 0x4c4b400 0x2710 0xcde16 0x2710 0xfffffeef
LK         18525 WRITE       4            0x0 0x0 0x111 0x0
LK         18500 READ        6            0x33134 0x4c4b400 0x2710 0xc7924 0x2710 0xfffffff8
LK         18775 WRITE       4            0x0 0x0 0x8 0x0
LK         18750 READ        6            0x33134 0x4c4b400 0x2710 0xc0584 0x2710 0xe3
LK         19025 WRITE       4            0x0 0x0 0x0 0xe3
LK         19000 READ        6            0x33134 0x4c4b400 0x2710 0xcbc2e 0x2710 0xffffff5a
LK         19275 WRITE       4            0xc3500 0x0 0xa6 0x0
LK         19250 READ        6            0x33134 0x4c4b400 0x2710 0xcb09a 0x2710 0xffffffbb
LK         19525 WRITE       4            0x0 0x0 0x45 0x0
LK         19500 READ        6            0x33134 0x4c4b400 0x2710 0xc442c 0x2710 0x6
LK         19775 WRITE       4            0x0 0x0 0x0 0x6
LK         19750 READ        6            0x33134 0x4c4b400 0x2710 0xbd242 0x2710 0x20
LK         20025 WRITE       4            0x0 0x0 0x0 0x20
LK         20000 READ        6            0x33134 0x4c4b400 0x2710 0xc7a41 0x2710 0x36
LK         20275 WRITE       4            0xc3500 0x0 0x0 0x36
LK         20250 READ        6            0x33134 0x4c4b400 0x2710 0xc9464 0x2710 0x52
LK         20525 WRITE       4            0x0 0x0 0x0 0x52
LK         20500 READ        6            0x33134 0x4c4b400 0x2710 0xc1fee 0x2710 0x6d
LK         20775 WRITE       4            0x0 0x0 0x0 0x6d
LK         20750 READ        6            0x33134 0x4c4b400 0x2710 0xcd54d 0x2710 0x547
LK         21025 WRITE       4            0xc3500 0x0 0x0 0x547
LK         21000 READ        6            0x33134 0x4c4b400 0x2710 0xcab42 0x2710 0x3f2
LK         21275 WRITE       4            0x0 0x0 0x0 0x3f2
LK         21250 READ        6            0x33134 0x4c4b400 0x2710 0xc34ba 0x2710 0x42
LK         21525 WRITE       4            0x0 0x0 0x0 0x42
LK         21500 READ        6            0x33134 0x4c4b400 0x2710 0xcf30f 0x2710 0x507
LK         21775 WRITE       4            0xc3500 0x0 0x0 0x507
LK         21750 READ        6            0x33134 0x4c4b400 0x2710 0xce279 0x2710 0x4c4
LK         22025 WRITE       4            0x0 0x0 0x0 0x4c4
LK         22000 READ        6            0x33134 0x4c4b400 0x2710 0xc7d22 0x2710 0x67
LK         22275 WRITE       4            0x0 0x0 0x0 0x67
LK         22250 READ        6            0x33134 0x4c4b400 0x2710 0xc05c3 0x2710 0x205
LK         22525 WRITE       4            0x0 0x0 0x0 0x205
LK         22500 READ        6            0x33134 0x4c4b400 0x2710 0xcc90e 0x2710 0x530
LK         22775 WRITE       4            0xc3500 0x0 0x0 0x530
LK         22750 READ        6            0x33134 0x4c4b400 0x2710 0xcbd1a 0x2710 0x2b0
LK         23025 WRITE       4            0x0 0x0 0x0 0x2b0
LK         23000 READ        6            0x33134 0x4c4b400 0x2710 0xc54a5 0x2710 0x174
LK         23275 WRITE       4            0x0 0x0 0x0 0x174
LK         23250 READ        6            0x33134 0x4c4b400 0x2710 0xbe838 0x2710 0x3dc
LK         23525 WRITE       4            0x0 0x0 0x0 0x3dc
LK         23500 READ        6            0x33134 0x4c4b400 0x2710 0xc6efa 0x2710 0x350
LK         23775 WRITE       4            0xc3500 0x0 0x0 0x350
LK         23750 READ        6            0x33134 0x4c4b400 0x2710 0xc8d6e 0x2710 0x210
LK         24025 WRITE       4            0x0 0x0 0x0 0x210
LK         24000 READ        6            0x33134 0x4c4b400 0x2710 0xc1e0b 0x2710 0x2ff
LK         24275 WRITE       4            0x0 0x0 0x0 0x2ff
LK         24250 READ        6            0x33134 0x4c4b400 0x2710 0xcd663 0x2710 0x3b5
LK         24525 WRITE       4            0xc3500 0x0 0x0 0x3b5
LK         24500 READ        6            0x33134 0x4c4b400 0x2710 0xcb2ab 0x2710 0x271
LK         24775 WRITE       4            0x0 0x0 0x0 0x271
LK         24750 READ        6            0x33134 0x4c4b400 0x2710 0xc3fd9 0x2710 0x272
LK         25025 WRITE       4            0x0 0x0 0x0 0x272
LK         25000 READ        6            0x33134 0x4c4b400 0x2710 0xbd84c 0x2710 0x362
LK         25275 WRITE       4            0x0 0x0 0x0 0x362
LK         25250 READ        6            0x33134 0x4c4b400 0x2710 0xc9183 0x2710 0x319
LK         25525 WRITE       4            0xc3500 0x0 0x0 0x319
LK         25500 READ        6            0x33134 0x4c4b400 0x2710 0xc7791 0x2710 0x2a8
LK         25775 WRITE       4            0x0 0x0 0x0 0x2a8
LK         25750 READ        6            0x33134 0x4c4b400 0x2710 0xc0ae7 0x2710 0x2b2
LK         26025 WRITE       4            0x0 0x0 0x0 0x2b2
LK         26000 READ        6            0x33134 0x4c4b400 0x2710 0xc90ad 0x2710 0x35c
LK         26275 WRITE       4            0xc3500 0x0 0x0 0x35c
LK         26250 READ        6            0x33134 0x4c4b400 0x2710 0xcafb1 0x2710 0x309
LK         26525 WRITE       4            0x0 0x0 0x0 0x309
LK         26500 READ        6            0x33134 0x4c4b400 0x2710 0xc32e9 0x2710 0x24d
LK         26775 WRITE       4            0x0 0x0 0x0 0x24d
LK         26750 READ        6            0x33134 0x4c4b400 0x2710 0xce135 0x2710 0x367
LK         27025 WRITE       4            0xc3500 0x0 0x0 0x367
LK         27000 READ        6            0x33134 0x4c4b400 0x2710 0xcd368 0x2710 0x363
LK         27275 WRITE       4            0x0 0x0 0x0 0x363
LK         27250 READ        6            0x33134 0x4c4b400 0x2710 0xc5da8 0x2710 0x225
LK         27525 WRITE       4            0x0 0x0 0x0 0x225
LK         27500 READ        6            0x33134 0x4c4b400 0x2710 0xbf695 0x2710 0x2e7
LK         27775 WRITE       4            0x0 0x0 0x0 0x2e7
LK         27750 READ        6            0x33134 0x4c4b400 0x2710 0xc50a8 0x2710 0x3b4
LK         28025 WRITE       4            0xc3500 0x0 0x0 0x3b4
LK         28000 READ        6            0x33134 0x4c4b400 0x2710 0xc49e2 0x2710 0x29a
LK         28275 WRITE       4            0x0 0x0 0x0 0x29a
LK         28250 READ        6            0x33134 0x4c4b400 0x2710 0xbce7f 0x2710 0x28a
LK         28525 WRITE       4            0x0 0x0 0x0 0x28a
LK         28500 READ        6            0x33134 0x4c4b400 0x2710 0xc80fc 0x2710 0x362
LK         28775 WRITE       4            0xc3500 0x0 0x0 0x362
LK         28750 READ        6            0x33134 0x4c4b400 0x2710 0xc5ddd 0x2710 0x2f1
LK         29025 WRITE       4            0x0 0x0 0x0 0x2f1
LK         29000 READ        6            0x33134 0x4c4b400 0x2710 0xbf691 0x2710 0x289
LK         29275 WRITE       4            0x0 0x0 0x0 0x289
LK         29250 READ        6            0x33134 0x4c4b400 0x2710 0xc9481 0x2710 0x31b
LK         29525 WRITE       4            0xc3500 0x0 0x0 0x31b
LK         29500 READ        6            0x33134 0x4c4b400 0x2710 0xc7294 0x2710 0x330
LK         29775 WRITE       4            0x0 0x0 0x0 0x330
LK         29750 READ        6            0x33134 0x4c4b400 0x2710 0xc0226 0x2710 0x28a
LK         30025 WRITE       4            0x0 0x0 0x0 0x28a
LK         30000 READ        6            0x33134 0x4c4b400 0x2710 0xcaaf1 0x2710 0x300
LK         30275 WRITE       4            0xc3500 0x0 0x0 0x300
LK         30250 READ        6            0x33134 0x4c4b400 0x2710 0xc8b1a 0x2710 0x32a
LK         30525 WRITE       4            0x0 0x0 0x0 0x32a
LK         30500 READ        6            0x33134 0x4c4b400 0x2710 0xc1285 0x2710 0xfffff7a6
LK         30775 WRITE       4            0x0 0x0 0x85a 0x0
LK         30750 READ        6            0x33134 0x4c4b400 0x2710 0xcb82b 0x2710 0xfffff922
LK         31025 WRITE       4            0xc3500 0x0 0x6de 0x0
LK         31000 READ        6            0x33134 0x4c4b400 0x2710 0xcbc83 0x2710 0x188
LK         31275 WRITE       4            0x0 0x0 0x0 0x188
LK         31250 READ        6            0x33134 0x4c4b400 0x2710 0xc3f7a 0x2710 0x187
LK         31525 WRITE       4            0x0 0x0 0x0 0x187
LK         31500 READ        6            0x33134 0x4c4b400 0x2710 0xbc8ca 0x2710 0xfffff62b
LK         31775 WRITE       4            0x0 0x0 0x9d5 0x0
LK         31750 READ        6            0x33134 0x4c4b400 0x2710 0xc6307 0x2710 0xfffffc3a
LK         32025 WRITE       4            0xc3500 0x0 0x3c6 0x0
LK         32000 READ        6            0x33134 0x4c4b400 0x2710 0xc430b 0x2710 0x257
LK         32275 WRITE       4            0x0 0x0 0x0 0x257
LK         32250 READ        6            0x33134 0x4c4b400 0x2710 0xbd4fa 0x2710 0xfffffb0c
LK         32525 WRITE       4            0x0 0x0 0x4f4 0x0
LK         32500 READ        6            0x33134 0x4c4b400 0x2710 0xc7c05 0x2710 0xfffff966
LK         32775 WRITE       4            0xc3500 0x0 0x69a 0x0
LK         32750 READ        6            0x33134 0x4c4b400 0x2710 0xc57da 0x2710 0x12f
LK         33025 WRITE       4            0x0 0x0 0x0 0x12f
LK         33000 READ        6            0x33134 0x4c4b400 0x2710 0xbf47a 0x2710 0xfffffe8a
LK         33275 WRITE       4            0x0 0x0 0x176 0x0
LK         33250 READ        6            0x33134 0x4c4b400 0x2710 0xc793f 0x2710 0xfffff8b2
LK         33525 WRITE       4            0xc3500 0x0 0x74e 0x0
LK         33500 READ        6            0x33134 0x4c4b400 0x2710 0xc6f8e 0x2710 0xfffffe02
LK         33775 WRITE       4            0x0 0x0 0x1fe 0x0
LK         33750 READ        6            0x33134 0x4c4b400 0x2710 0xbfa2a 0x2710 0xe9
LK         34025 WRITE       4            0x0 0x0 0x0 0xe9
LK         34000 READ        6            0x33134 0x4c4b400 0x2710 0xcb0fe 0x2710 0xfffffa98
LK         34275 WRITE       4            0xc3500 0x0 0x568 0x0
LK         34500 READ        6            0x33134 0x4c4b400 0x2710 0xc8e5b 0x2710 0xfffffc37
LK         34525 WRITE       4            0x0 0x0 0x3c9 0x0
LK         34500 READ        6            0x33134 0x4c4b400 0x2710 0xc21e9 0x2710 0x2e
LK         34775 WRITE       4            0x0 0x0 0x0 0x2e
LK         34750 READ        6            0x33134 0x4c4b400 0x2710 0xccf96 0x2710 0xfffffce8
LK         35025 WRITE       4            0xc3500 0x0 0x318 0x0
LK         35000 READ        6            0x33134 0x4c4b400 0x2710 0xcb066 0x2710 0xfffffba8
LK         35275 WRITE       4            0x0 0x0 0x458 0x0
LK         35250 READ        6            0x33134 0x4c4b400 0x2710 0xc38e7 0x2710 0xfffffeda
LK         35525 WRITE       4            0x0 0x0 0x126 0x0
LK         35500 READ        6            0x33134 0x4c4b400 0x2710 0xcedcb 0x2710 0xfffffd34
LK         35775 WRITE       4            0xc3500 0x0 0x2cc 0x0
LK         35750 READ        6            0x33134 0x4c4b400 0x2710 0xcf1e5 0x2710 0xfffffc44
LK         36025 WRITE       4            0x0 0x0 0x3bc 0x0
LK         36000 READ        6            0x33134 0x4c4b400 0x2710 0xc78a9 0x2710 0xfffffe4f
LK         36275 WRITE       4            0x0 0x0 0x1b1 0x0
LK         36250 READ        6            0x33134 0x4c4b400 0x2710 0xc0eb7 0x2710 0xfffffd6c
LK         36525 WRITE       4            0x0 0x0 0x294 0x0
LK         36500 READ        6            0x33134 0x4c4b400 0x2710 0xc9eba 0x2710 0xfffffc88
LK         36775 WRITE       4            0xc3500 0x0 0x378 0x0
LK         36750 READ        6            0x33134 0x4c4b400 0x2710 0xc9c21 0x2710 0xfffffdb6
LK         37025 WRITE       4            0x0 0x0 0x24a 0x0
LK         37000 READ        6            0x33134 0x4c4b400 0x2710 0xc2f3a 0x2710 0xfffffdc5
LK         37275 WRITE       4            0x0 0x0 0x23b 0x0
LK         37250 READ        6            0x33134 0x4c4b400 0x2710 0xcd891 0x2710 0xfffffd5d
LK         37525 WRITE       4            0xc3500 0x0 0x2a3 0x0
LK         37500 READ        6            0x33134 0x4c4b400 0x2710 0xcb82f 0x2710 0xc9a
LK         37775 WRITE       4            0x0 0x0 0x0 0xc9a
LK         37750 READ        6            0x33134 0x4c4b400 0x2710 0xc2482 0x2710 0x5f7
LK         38025 WRITE       4            0x0 0x0 0x0 0x5f7
LK         38000 READ        6            0x33134 0x4c4b400 0x2710 0xcc740 0x2710 0xfffff979
LK         38275 WRITE       4            0xc3500 0x0 0x687 0x0
LK         38250 READ        6            0x33134 0x4c4b400 0x2710 0xcad7c 0x2710 0x41c
LK         38525 WRITE       4            0x0 0x0 0x0 0x41c
LK         38500 READ        6            0x33134 0x4c4b400 0x2710 0xc3557 0x2710 0xc12
LK         38775 WRITE       4            0x0 0x0 0x0 0xc12
LK         38750 READ        6            0x33134 0x4c4b400 0x2710 0xcc0a2 0x2710 0x80
LK         39025 WRITE       4            0xc3500 0x0 0x0 0x80
LK         39000 READ        6            0x33134 0x4c4b400 0x2710 0xca1de 0x2710 0xfffffe39
LK         39275 WRITE       4            0x0 0x0 0x1c7 0x0
LK         39250 READ        6            0x33134 0x4c4b400 0x2710 0xc308e 0x2710 0x7f0
LK         39525 WRITE       4            0x0 0x0 0x0 0x7f0
LK         39500 READ        6            0x33134 0x4c4b400 0x2710 0xcdaf4 0x2710 0x4be
LK         39775 WRITE       4            0xc3500 0x0 0x0 0x4be
LK         39750 READ        6            0x33134 0x4c4b400 0x2710 0xcbaa8 0x2710 0xfffffe68
LK         40025 WRITE       4            0x0 0x0 0x198 0x0
LK         40000 READ        6            0x33134 0x4c4b400 0x2710 0xc51a6 0x2710 0x2e4
LK         40275 WRITE       4            0x0 0x0 0x0 0x2e4
LK         40250 READ        6            0x33134 0x4c4b400 0x2710 0xbe1b7 0x2710 0x722
LK         40525 WRITE       4            0x0 0x0 0x0 0x722
LK         40500 READ        6            0x33134 0x4c4b400 0x2710 0xc6f05 0x2710 0xd6
LK         40775 WRITE       4            0xc3500 0x0 0x0 0xd6
LK         40750 READ        6            0x33134 0x4c4b400 0x2710 0xc7dee 0x2710 0x41
LK         41025 WRITE       4            0x0 0x0 0x0 0x41
LK         41000 READ        6            0x33134 0x4c4b400 0x2710 0xc0cd8 0x2710 0x748
LK         41275 WRITE       4            0x0 0x0 0x0 0x748
LK         41250 READ        6            0x33134 0x4c4b400 0x2710 0xc954d 0x2710 0x328
LK         41525 WRITE       4            0xc3500 0x0 0x0 0x328
LK         41500 READ        6            0x33134 0x4c4b400 0x2710 0xc9445 0x2710 0xfffffec9
LK         41775 WRITE       4            0x0 0x0 0x137 0x0
LK         41750 READ        6            0x33134 0x4c4b400 0x2710 0xc2914 0x2710 0x5e5
LK         42025 WRITE       4            0x0 0x0 0x0 0x5e5
LK         42000 READ        6            0x33134 0x4c4b400 0x2710 0xcd5bd 0x2710 0x5cd
LK         42275 WRITE       4            0xc3500 0x0 0x0 0x5cd
LK         42250 READ        6            0x33134 0x4c4b400 0x2710 0xca9a8 0x2710 0xffffff1d
LK         42525 WRITE       4            0x0 0x0 0xe3 0x0
LK         42500 READ        6            0x33134 0x4c4b400 0x2710 0xc3249 0x2710 0x286
LK         42775 WRITE       4            0x0 0x0 0x0 0x286
LK         42750 READ        6            0x33134 0x4c4b400 0x2710 0xcc8ba 0x2710 0x590
LK         43025 WRITE       4            0xc3500 0x0 0x0 0x590
LK         43000 READ        6            0x33134 0x4c4b400 0x2710 0xcb2f9 0x2710 0x209
LK         43275 WRITE       4            0x0 0x0 0x0 0x209
LK         43250 READ        6            0x33134 0x4c4b400 0x2710 0xc41d7 0x2710 0x1c1
LK         43525 WRITE       4            0x0 0x0 0x0 0x1c1
LK         43500 READ        6            0x33134 0x4c4b400 0x2710 0xbcaa6 0x2710 0x42d
LK         43775 WRITE       4            0x0 0x0 0x0 0x42d
LK         43750 READ        6            0x33134 0x4c4b400 0x2710 0xc8519 0x2710 0x2d3
LK         44025 WRITE       4            0xc3500 0x0 0x0 0x2d3
LK         44000 READ        6            0x33134 0x4c4b400 0x2710 0xc7ef1 0x2710 0x1fe
LK         44275 WRITE       4            0x0 0x0 0x0 0x1fe
LK         44250 READ        6            0x33134 0x4c4b400 0x2710 0xc0d83 0x2710 0x35b
LK         44525 WRITE       4            0x0 0x0 0x0 0x35b
LK         44500 READ        6            0x33134 0x4c4b400 0x2710 0xcb2b8 0x2710 0x3c4
LK         44775 WRITE       4            0xc3500 0x0 0x0 0x3c4
LK         44750 READ        6            0x33134 0x4c4b400 0x2710 0xc869f 0x2710 0x21a
LK         45025 WRITE       4            0x0 0x0 0x0 0x21a
LK         45000 READ        6            0x33134 0x4c4b400 0x2710 0xc14a9 0x2710 0x276
LK         45275 WRITE       4            0x0 0x0 0x0 0x276
LK         45250 READ        6            0x33134 0x4c4b400 0x2710 0xcc356 0x2710 0x3fa
LK         45525 WRITE       4            0xc3500 0x0 0x0 0x3fa
LK         45500 READ        6            0x33134 0x4c4b400 0x2710 0xcae3e 0x2710 0x2c4
LK         45775 WRITE       4            0x0 0x0 0x0 0x2c4
LK         45750 READ        6            0x33134 0x4c4b400 0x2710 0xc3b85 0x2710 0x241
LK         46025 WRITE       4            0x0 0x0 0x0 0x241
LK         46000 READ        6            0x33134 0x4c4b400 0x2710 0xbc478 0x2710 0x344
LK         46275 WRITE       4            0x0 0x0 0x0 0x344
LK         46250 READ        6            0x33134 0x4c4b400 0x2710 0xc45bc 0x2710 0x30f
LK         46525 WRITE       4            0xc3500 0x0 0x0 0x30f
LK         46500 READ        6            0x33134 0x4c4b400 0x2710 0xc7623 0x2710 0x2a2
LK         46775 WRITE       4            0x0 0x0 0x0 0x2a2
LK         46750 READ        6            0x33134 0x4c4b400 0x2710 0xc084c 0x2710 0x2e3
LK         47025 WRITE       4            0x0 0x0 0x0 0x2e3
LK         47000 READ        6            0x33134 0x4c4b400 0x2710 0xcbc35 0x2710 0x2e6
LK         47275 WRITE       4            0xc3500 0x0 0x0 0x2e6
LK         47250 READ        6            0x33134 0x4c4b400 0x2710 0xc9665 0x2710 0xfffffb06
LK         47525 WRITE       4            0x0 0x0 0x4fa 0x0
LK         47500 READ        6            0x33134 0x4c4b400 0x2710 0xc1c83 0x2710 0xffffff85
LK         47775 WRITE       4            0x0 0x0 0x7b 0x0
LK         47750 READ        6            0x33134 0x4c4b400 0x2710 0xcf334 0x2710 0x387
LK         48025 WRITE       4            0xc3500 0x0 0x0 0x387
LK         48000 READ        6            0x33134 0x4c4b400 0x2710 0xcc987 0x2710 0xfffffd93
LK         48275 WRITE       4            0x0 0x0 0x26d 0x0
LK         48250 READ        6            0x33134 0x4c4b400 0x2710 0xc63d9 0x2710 0xffffff0f
LK         48525 WRITE       4            0x0 0x0 0xf1 0x0
LK         48500 READ        6            0x33134 0x4c4b400 0x2710 0xbf084 0x2710 0x327
LK         48775 WRITE       4            0x0 0x0 0x0 0x327
LK         48750 READ        6            0x33134 0x4c4b400 0x2710 0xc8438 0x2710 0xfffffeb8
LK         49025 WRITE       4            0xc3500 0x0 0x148 0x0
LK         49000 READ        6            0x33134 0x4c4b400 0x2710 0xc7b22 0x2710 0xfffffdff
LK         49275 WRITE       4            0x0 0x0 0x201 0x0
LK         49250 READ        6            0x33134 0x4c4b400 0x2710 0xc0f6e 0x2710 0x27b
LK         49525 WRITE       4            0x0 0x0 0x0 0x27b
LK         49500 READ        6            0x33134 0x4c4b400 0x2710 0xcc40f 0x2710 0x3f
LK         49775 WRITE       4            0xc3500 0x0 0x0 0x3f
LK         49750 READ        6            0x33134 0x4c4b400 0x2710 0xcb802 0x2710 0xfffffeab
LK         50025 WRITE       4            0x0 0x0 0x155 0x0
LK         50000 READ        6            0x33134 0x4c4b400 0x2710 0xc53ef 0x2710 0xc5
LK         50275 WRITE       4            0x0 0x0 0x0 0xc5
LK         50250 READ        6            0x33134 0x4c4b400 0x2710 0xbe9f5 0x2710 0xab
LK         50525 WRITE       4            0x0 0x0 0x0 0xab
LK         50500 READ        6            0x33134 0x4c4b400 0x2710 0xc9a69 0x2710 0xfffffea4
LK         50775 WRITE       4            0xc3500 0x0 0x15c 0x0
LK         50750 READ        6            0x33134 0x4c4b400 0x2710 0xc999c 0x2710 0xbd
LK         51025 WRITE       4            0x0 0x0 0x0 0xbd
LK         51000 READ        6            0x33134 0x4c4b400 0x2710 0xc24be 0x2710 0xaa
LK         51275 WRITE       4            0x0 0x0 0x0 0xaa
LK         51250 READ        6            0x33134 0x4c4b400 0x2710 0xcbfcb 0x2710 0xffffff06
LK         51525 WRITE       4            0xc3500 0x0 0xfa 0x0
LK         51500 READ        6            0x33134 0x4c4b400 0x2710 0xcb3e6 0x2710 0x32
LK         51775 WRITE       4            0x0 0x0 0x0 0x32
LK         51750 READ        6            0x33134 0x4c4b400 0x2710 0xc4752 0x2710 0xeb
LK         52025 WRITE       4            0x0 0x0 0x0 0xeb
LK         52000 READ        6            0x33134 0x4c4b400 0x2710 0xbd51b 0x2710 0xffffff47
LK         52275 WRITE       4            0x0 0x0 0xb9 0x0
LK         52250 READ        6            0x33134 0x4c4b400 0x2710 0xc8ef6 0x2710 0x1e
LK         52525 WRITE       4            0xc3500 0x0 0x0 0x1e
LK         52500 READ        6            0x33134 0x4c4b400 0x2710 0xc6cf8 0x2710 0x93
LK         52775 WRITE       4            0x0 0x0 0x0 0x93
LK         52750 READ        6            0x33134 0x4c4b400 0x2710 0xc0b22 0x2710 0xffffffa0
LK         53025 WRITE       4            0x0 0x0 0x60 0x0
LK         53000 READ        6            0x33134 0x4c4b400 0x2710 0xc9f7f 0x2710 0xfffffeca
LK         53275 WRITE       4            0xc3500 0x0 0x136 0x0
LK         53250 READ        6            0x33134 0x4c4b400 0x2710 0xcb70b 0x2710 0x122
LK         53525 WRITE       4            0x0 0x0 0x0 0x122
LK         53500 READ        6            0x33134 0x4c4b400 0x2710 0xc411f 0x2710 0x4d
LK         53775 WRITE       4            0x0 0x0 0x0 0x4d
LK         53750 READ        6            0x33134 0x4c4b400 0x2710 0xbd7df 0x2710 0xffffffc5
LK         54025 WRITE       4            0x0 0x0 0x3b 0x0
LK         54000 READ        6            0x33134 0x4c4b400 0x2710 0xc91b6 0x2710 0xffffff8f
LK         54275 WRITE       4            0xc3500 0x0 0x71 0x0
LK         54250 READ        6            0x33134 0x4c4b400 0x2710 0xc88a1 0x2710 0x7d
LK         54525 WRITE       4            0x0 0x0 0x0 0x7d
LK         54500 READ        6            0x33134 0x4c4b400 0x2710 0xc1d3d 0x2710 0xffffffdb
LK         54775 WRITE       4            0x0 0x0 0x25 0x0
LK         54750 READ        6            0x33134 0x4c4b400 0x2710 0xc9ec6 0x2710 0xffffff88
LK         55025 WRITE       4            0xc3500 0x0 0x78 0x0
LK         55000 READ        6            0x33134 0x4c4b400 0x2710 0xcad8e 0x2710 0x69
LK         55275 WRITE       4            0x0 0x0 0x0 0x69
LK         55250 READ        6            0x33134 0x4c4b400 0x2710 0xc383c 0x2710 0xffffffe1
LK         55525 WRITE       4            0x0 0x0 0x1f 0x0
LK         55500 READ        6            0x33134 0x4c4b400 0x2710 0xbcf44 0x2710 0xffffff9a
LK         55775 WRITE       4            0x0 0x0 0x66 0x0
LK         55750 READ        6            0x33134 0x4c4b400 0x2710 0xc899f 0x2710 0x67
LK         56025 WRITE       4            0xc3500 0x0 0x0 0x67
LK         56000 READ        6            0x33134 0x4c4b400 0x2710 0xc7119 0x2710 0x3b4
LK         56275 WRITE       4            0x0 0x0 0x0 0x3b4
LK         56250 READ        6            0x33134 0x4c4b400 0x2710 0xc0515 0x2710 0x587
LK         56525 WRITE       4            0x0 0x0 0x0 0x587
LK         56500 READ        6            0x33134 0x4c4b400 0x2710 0xc7316 0x2710 0x198
LK         56775 WRITE       4            0xc3500 0x0 0x0 0x198
LK         56750 READ        6            0x33134 0x4c4b400 0x2710 0xc8f58 0x2710 0x229
LK         57025 WRITE       4            0x0 0x0 0x0 0x229
LK         57000 READ        6            0x33134 0x4c4b400 0x2710 0xc1e31 0x2710 0x475
LK         57275 WRITE       4            0x0 0x0 0x0 0x475
LK         57250 READ        6            0x33134 0x4c4b400 0x2710 0xcb97d 0x2710 0x27c
LK         57525 WRITE       4            0xc3500 0x0 0x0 0x27c
LK         57500 READ        6            0x33134 0x4c4b400 0x2710 0xcb1d0 0x2710 0x231
LK         57775 WRITE       4            0x0 0x0 0x0 0x231
LK         57750 READ        6            0x33134 0x4c4b400 0x2710 0xc4167 0x2710 0x3b5
LK         58025 WRITE       4            0x0 0x0 0x0 0x3b5
LK         58000 READ        6            0x33134 0x4c4b400 0x2710 0xbdb96 0x2710 0x2a6
LK         58275 WRITE       4            0x0 0x0 0x0 0x2a6
LK         58250 READ        6            0x33134 0x4c4b400 0x2710 0xc64a6 0x2710 0x2aa
LK         58525 WRITE       4            0xc3500 0x0 0x0 0x2aa
LK         58500 READ        6            0x33134 0x4c4b400 0x2710 0xc84ea 0x2710 0x38c
LK         58775 WRITE       4            0x0 0x0 0x0 0x38c
LK         58750 READ        6            0x33134 0x4c4b400 0x2710 0xc14fb 0x2710 0x28a
LK         59025 WRITE       4            0x0 0x0 0x0 0x28a
LK         59000 READ        6            0x33134 0x4c4b400 0x2710 0xccfbc 0x2710 0x2ba
LK         59275 WRITE       4            0xc3500 0x0 0x0 0x2ba
LK         59250 READ        6            0x33134 0x4c4b400 0x2710 0xcc706 0x2710 0x384
LK         59525 WRITE       4            0x0 0x0 0x0 0x384
LK         59500 READ        6            0x33134 0x4c4b400 0x2710 0xc5c94 0x2710 0x278
LK         59775 WRITE       4            0x0 0x0 0x0 0x278
LK         59750 READ        6            0x33134 0x4c4b400 0x2710 0xbed85 0x2710 0x2cf
LK         60025 WRITE       4            0x0 0x0 0x0 0x2cf
LK         60000 READ        6            0x33134 0x4c4b400 0x2710 0xcb07d 0x2710 0x351
LK         60275 WRITE       4            0xc3500 0x0 0x0 0x351
LK         60500 READ        6            0x33134 0x4c4b400 0x2710 0xca65d 0x2710 0x2d1
LK         60525 WRITE       4            0x0 0x0 0x0 0x2d1
LK         60500 READ        6            0x33134 0x4c4b400 0x2710 0xc438a 0x2710 0x2a6
LK         60775 WRITE       4            0x0 0x0 0x0 0x2a6
LK         60750 READ        6            0x33134 0x4c4b400 0x2710 0xbd15c 0x2710 0x304
LK         61025 WRITE       4            0x0 0x0 0x0 0x304
LK         61000 READ        6            0x33134 0x4c4b400 0x2710 0xc8987 0x2710 0x31d
LK         61275 WRITE       4            0xc3500 0x0 0x0 0x31d
LK         61250 READ        6            0x33134 0x4c4b400 0x2710 0xc86f5 0x2710 0x2ea
LK         61525 WRITE       4            0x0 0x0 0x0 0x2ea
LK         61500 READ        6            0x33134 0x4c4b400 0x2710 0xc0ecc 0x2710 0x2ae
LK         61775 WRITE       4            0x0 0x0 0x0 0x2ae
LK         61750 READ        6            0x33134 0x4c4b400 0x2710 0xcc087 0x2710 0x337
LK         62025 WRITE       4            0xc3500 0x0 0x0 0x337
LK         62000 READ        6            0x33134 0x4c4b400 0x2710 0xc965e 0x2710 0x2f5
LK         62275 WRITE       4            0x0 0x0 0x0 0x2f5
LK         62250 READ        6            0x33134 0x4c4b400 0x2710 0xc1b1b 0x2710 0x2a4
LK         62525 WRITE       4            0x0 0x0 0x0 0x2a4
LK         62500 READ        6            0x33134 0x4c4b400 0x2710 0xcb9a1 0x2710 0x317
LK         62775 WRITE       4            0xc3500 0x0 0x0 0x317
LK         62750 READ        6            0x33134 0x4c4b400 0x2710 0xcdea5 0x2710 0x34c
LK         63025 WRITE       4            0x0 0x0 0x0 0x34c
LK         63000 READ        6            0x33134 0x4c4b400 0x2710 0xc690b 0x2710 0x26e
LK         63275 WRITE       4            0x0 0x0 0x0 0x26e
LK         63250 READ        6            0x33134 0x4c4b400 0x2710 0xc0127 0x2710 0x2db
LK         63525 WRITE       4            0x0 0x0 0x0 0x2db
LK         63500 READ        6            0x33134 0x4c4b400 0x2710 0xca7dc 0x2710 0x384
LK         63775 WRITE       4            0xc3500 0x0 0x0 0x384
LK         63750 READ        6            0x33134 0x4c4b400 0x2710 0xc94ca 0x2710 0x2ad
LK         64025 WRITE       4            0x0 0x0 0x0 0x2ad
LK         64000 READ        6            0x33134 0x4c4b400 0x2710 0xc225f 0x2710 0x29e
LK         64275 WRITE       4            0x0 0x0 0x0 0x29e
LK         64250 READ        6            0x33134 0x4c4b400 0x2710 0xcd07a 0x2710 0x360
LK         64525 WRITE       4            0xc3500 0x0 0x0 0x360
LK         64500 READ        6            0x33134 0x4c4b400 0x2710 0xca4b6 0x2710 0x2d8
LK         64775 WRITE       4            0x0 0x0 0x0 0x2d8
LK         64750 READ        6            0x33134 0x4c4b400 0x2710 0xc29c0 0x2710 0x26e
LK         65025 WRITE       4            0x0 0x0 0x0 0x26e
LK         65000 READ        6            0x33134 0x4c4b400 0x2710 0xce24c 0x2710 0x36d
LK         65275 WRITE       4            0xc3500 0x0 0x0 0x36d
LK         65250 READ        6            0x33134 0x4c4b400 0x2710 0xce258 0x2710 0x365
LK         65525 WRITE       4            0x0 0x0 0x0 0x365
LK         65500 READ        6            0x33134 0x4c4b400 0x2710 0xc5e54 0x2710 0x1bc
LK         65775 WRITE       4            0x0 0x0 0x0 0x1bc
LK         65750 READ        6            0x33134 0x4c4b400 0x2710 0xbf309 0x2710 0xfffffa40
LK         66025 WRITE       4            0x0 0x0 0x5c0 0x0
LK         66000 READ        6            0x33134 0x4c4b400 0x2710 0xca355 0x2710 0xfffff8e9
LK         66275 WRITE       4            0xc3500 0x0 0x717 0x0
LK         66250 READ        6            0x33134 0x4c4b400 0x2710 0xc8c02 0x2710 0x1ea
LK         66525 WRITE       4            0x0 0x0 0x0 0x1ea
LK         66500 READ        6            0x33134 0x4c4b400 0x2710 0xc1ced 0x2710 0xfffffd34
LK         66775 WRITE       4            0x0 0x0 0x2cc 0x0
LK         66750 READ        6            0x33134 0x4c4b400 0x2710 0xcce26 0x2710 0xfffffa60
LK         67025 WRITE       4            0xc3500 0x0 0x5a0 0x0
LK         67000 READ        6            0x33134 0x4c4b400 0x2710 0xca0cd 0x2710 0xffffff2c
LK         67275 WRITE       4            0x0 0x0 0xd4 0x0
LK         67250 READ        6            0x33134 0x4c4b400 0x2710 0xc31fe 0x2710 0xfffffe1a
LK         67525 WRITE       4            0x0 0x0 0x1e6 0x0
LK         67500 READ        6            0x33134 0x4c4b400 0x2710 0xce2c5 0x2710 0xfffffb46
LK         67775 WRITE       4            0xc3500 0x0 0x4ba 0x0
LK         67750 READ        6            0x33134 0x4c4b400 0x2710 0xcd7bf 0x2710 0xfffffd76
LK         68025 WRITE       4            0x0 0x0 0x28a 0x0
LK         68000 READ        6            0x33134 0x4c4b400 0x2710 0xc5e09 0x2710 0xffffff9b
LK         68275 WRITE       4            0x0 0x0 0x65 0x0
LK         68250 READ        6            0x33134 0x4c4b400 0x2710 0xbe931 0x2710 0xfffffbce
LK         68525 WRITE       4            0x0 0x0 0x432 0x0
LK         68500 READ        6            0x33134 0x4c4b400 0x2710 0xc6885 0x2710 0xfffffc8f
LK         68775 WRITE       4            0xc3500 0x0 0x371 0x0
LK         68750 READ        6            0x33134 0x4c4b400 0x2710 0xc7821 0x2710 0xffffff59
LK         69025 WRITE       4            0x0 0x0 0xa7 0x0
LK         69000 READ        6            0x33134 0x4c4b400 0x2710 0xc0ce2 0x2710 0xfffffc4d
LK         69275 WRITE       4            0x0 0x0 0x3b3 0x0
LK         69250 READ        6            0x33134 0x4c4b400 0x2710 0xcc062 0x2710 0xfffffc30
LK         69525 WRITE       4            0xc3500 0x0 0x3d0 0x0
LK         69500 READ        6            0x33134 0x4c4b400 0x2710 0xc9b66 0x2710 0xfffffece
LK         69775 WRITE       4            0x0 0x0 0x132 0x0
LK         69750 READ        6            0x33134 0x4c4b400 0x2710 0xc2863 0x2710 0xfffffd74
LK         70025 WRITE       4            0x0 0x0 0x28c 0x0
LK         70000 READ        6            0x33134 0x4c4b400 0x2710 0xce5a4 0x2710 0xfffffc5c
LK         70275 WRITE       4            0xc3500 0x0 0x3a4 0x0
LK         70250 READ        6            0x33134 0x4c4b400 0x2710 0xcd70a 0x2710 0xfffffdbf
LK         70525 WRITE       4            0x0 0x0 0x241 0x0
LK         70500 READ        6            0x33134 0x4c4b400 0x2710 0xc6275 0x2710 0xfffffda8
LK         70775 WRITE       4            0x0 0x0 0x258 0x0
LK         70750 READ        6            0x33134 0x4c4b400 0x2710 0xbfa07 0x2710 0xfffffcfd
LK         71025 WRITE       4            0x0 0x0 0x303 0x0
LK         71000 READ        6            0x33134 0x4c4b400 0x2710 0xc7db0 0x2710 0xfffffd64
LK         71275 WRITE       4            0xc3500 0x0 0x29c 0x0
LK         71250 READ        6            0x33134 0x4c4b400 0x2710 0xc8fca 0x2710 0xfffffd80
LK         71525 WRITE       4            0x0 0x0 0x280 0x0
LK         71500 READ        6            0x33134 0x4c4b400 0x2710 0xc2556 0x2710 0xfffffd46
LK         71775 WRITE       4            0x0 0x0 0x2ba 0x0
LK         71750 READ        6            0x33134 0x4c4b400 0x2710 0xcda4a 0x2710 0xfffffd33
LK         72025 WRITE       4            0xc3500 0x0 0x2cd 0x0
LK         72000 READ        6            0x33134 0x4c4b400 0x2710 0xcab43 0x2710 0xfffffd7b
LK         72275 WRITE       4            0x0 0x0 0x285 0x0
LK         72250 READ        6            0x33134 0x4c4b400 0x2710 0xc3e7e 0x2710 0xfffffd76
LK         72525 WRITE       4            0x0 0x0 0x28a 0x0
LK         72500 READ        6            0x33134 0x4c4b400 0x2710 0xbcbdf 0x2710 0xffffffb1
LK         72775 WRITE       4            0x0 0x0 0x4f 0x0
LK         72750 READ        6            0x33134 0x4c4b400 0x2710 0xc8e79 0x2710 0x92f
LK         73025 WRITE       4            0xc3500 0x0 0x0 0x92f
LK         73000 READ        6            0x33134 0x4c4b400 0x2710 0xc804c 0x2710 0x467
LK         73275 WRITE       4            0x0 0x0 0x0 0x467
LK         73250 READ        6            0x33134 0x4c4b400 0x2710 0xc0e63 0x2710 0xfffffc55
LK         73525 WRITE       4            0x0 0x0 0x3ab 0x0
LK         73500 READ        6            0x33134 0x4c4b400 0x2710 0xcc424 0x2710 0x599
LK         73775 WRITE       4            0xc3500 0x0 0x0 0x599
LK         73750 READ        6            0x33134 0x4c4b400 0x2710 0xcb47f 0x2710 0x892
LK         74025 WRITE       4            0x0 0x0 0x0 0x892
LK         74000 READ        6            0x33134 0x4c4b400 0x2710 0xc3c5c 0x2710 0xfffffdc2
LK         74275 WRITE       4            0x0 0x0 0x23e 0x0
LK         74250 READ        6            0x33134 0x4c4b400 0x2710 0xbcbfa 0x2710 0x2c8
LK         74525 WRITE       4            0x0 0x0 0x0 0x2c8
LK         74500 READ        6            0x33134 0x4c4b400 0x2710 0xc6b65 0x2710 0x5f5
LK         74775 WRITE       4            0xc3500 0x0 0x0 0x5f5
LK         74750 READ        6            0x33134 0x4c4b400 0x2710 0xc75d3 0x2710 0x267
LK         75025 WRITE       4            0x0 0x0 0x0 0x267
LK         75000 READ        6            0x33134 0x4c4b400 0x2710 0xc0498 0x2710 0xffffff13
LK         75275 WRITE       4            0x0 0x0 0xed 0x0
LK         75250 READ        6            0x33134 0x4c4b400 0x2710 0xcb770 0x2710 0x61a
LK         75525 WRITE       4            0xc3500 0x0 0x0 0x61a
LK         75500 READ        6            0x33134 0x4c4b400 0x2710 0xc9797 0x2710 0x45f
LK         75775 WRITE       4            0x0 0x0 0x0 0x45f
LK         75750 READ        6            0x33134 0x4c4b400 0x2710 0xc22ea 0x2710 0xfffffebc
LK         76025 WRITE       4            0x0 0x0 0x144 0x0
LK         76000 READ        6            0x33134 0x4c4b400 0x2710 0xcdb8d 0x2710 0x50e
LK         76275 WRITE       4            0xc3500 0x0 0x0 0x50e
LK         76250 READ        6            0x33134 0x4c4b400 0x2710 0xcb078 0x2710 0x483
LK         76525 WRITE       4            0x0 0x0 0x0 0x483
LK         76500 READ        6            0x33134 0x4c4b400 0x2710 0xc4368 0x2710 0x38
LK         76775 WRITE       4            0x0 0x0 0x0 0x38
LK         76750 READ        6            0x33134 0x4c4b400 0x2710 0xbdc1c 0x2710 0x428
LK         77025 WRITE       4            0x0 0x0 0x0 0x428
LK         77000 READ        6            0x33134 0x4c4b400 0x2710 0xc500f 0x2710 0x52f
LK         77275 WRITE       4            0xc3500 0x0 0x0 0x52f
LK         77250 READ        6            0x33134 0x4c4b400 0x2710 0xc74ed 0x2710 0xdd
LK         77525 WRITE       4            0x0 0x0 0x0 0xdd
LK         77500 READ        6            0x33134 0x4c4b400 0x2710 0xbff4b 0x2710 0x204
LK         77775 WRITE       4            0x0 0x0 0x0 0x204
LK         77750 READ        6            0x33134 0x4c4b400 0x2710 0xcaaba 0x2710 0x571
LK         78025 WRITE       4            0xc3500 0x0 0x0 0x571
LK         78000 READ        6            0x33134 0x4c4b400 0x2710 0xc85b4 0x2710 0x223
LK         78275 WRITE       4            0x0 0x0 0x0 0x223
LK         78250 READ        6            0x33134 0x4c4b400 0x2710 0xc15a0 0x2710 0x1b1
LK         78525 WRITE       4            0x0 0x0 0x0 0x1b1
LK         78500 READ        6            0x33134 0x4c4b400 0x2710 0xcbd56 0x2710 0x470
LK         78775 WRITE       4            0xc3500 0x0 0x0 0x470
LK         78750 READ        6            0x33134 0x4c4b400 0x2710 0xca18b 0x2710 0x32b
LK         79025 WRITE       4            0x0 0x0 0x0 0x32b
LK         79000 READ        6            0x33134 0x4c4b400 0x2710 0xc2371 0x2710 0x12d
LK         79275 WRITE       4            0x0 0x0 0x0 0x12d
LK         79250 READ        6            0x33134 0x4c4b400 0x2710 0xcc88d 0x2710 0x400
LK         79525 WRITE       4            0xc3500 0x0 0x0 0x400
LK         79500 READ        6            0x33134 0x4c4b400 0x2710 0xca0ce 0x2710 0x397
LK         79775 WRITE       4            0x0 0x0 0x0 0x397
LK         79750 READ        6            0x33134 0x4c4b400 0x2710 0xc2ba4 0x2710 0x1b7
LK         80025 WRITE       4            0x0 0x0 0x0 0x1b7
LK         80000 READ        6            0x33134 0x4c4b400 0x2710 0xccf46 0x2710 0x335
LK         80275 WRITE       4            0xc3500 0x0 0x0 0x335
LK         80250 READ        6            0x33134 0x4c4b400 0x2710 0xca82c 0x2710 0x3b0
LK         80525 WRITE       4            0x0 0x0 0x0 0x3b0
LK         80500 READ        6            0x33134 0x4c4b400 0x2710 0xc32e6 0x2710 0x244
LK         80775 WRITE       4            0x0 0x0 0x0 0x244
LK         80750 READ        6            0x33134 0x4c4b400 0x2710 0xcd5f3 0x2710 0x2ba
LK         81025 WRITE       4            0xc3500 0x0 0x0 0x2ba
LK         81000 READ        6            0x33134 0x4c4b400 0x2710 0xcd49e 0x2710 0x3bc
LK         81275 WRITE       4            0x0 0x0 0x0 0x3bc
LK         81250 READ        6            0x33134 0x4c4b400 0x2710 0xc54cc 0x2710 0x278
LK         81525 WRITE       4            0x0 0x0 0x0 0x278
LK         81500 READ        6            0x33134 0x4c4b400 0x2710 0xbe5a3 0x2710 0x290
LK         81775 WRITE       4            0x0 0x0 0x0 0x290
LK         81750 READ        6            0x33134 0x4c4b400 0x2710 0xc8ffd 0x2710 0x37e
LK         82025 WRITE       4            0xc3500 0x0 0x0 0x37e
LK         82000 READ        6            0x33134 0x4c4b400 0x2710 0xc7a31 0x2710 0x303
LK         82275 WRITE       4            0x0 0x0 0x0 0x303
LK         82250 READ        6            0x33134 0x4c4b400 0x2710 0xc01fb 0x2710 0x19c
LK         82525 WRITE       4            0x0 0x0 0x0 0x19c
LK         82500 READ        6            0x33134 0x4c4b400 0x2710 0xc91d9 0x2710 0xfffffc35
LK         82775 WRITE       4            0xc3500 0x0 0x3cb 0x0
LK         82750 READ        6            0x33134 0x4c4b400 0x2710 0xc8ddf 0x2710 0x63
LK         83025 WRITE       4            0x0 0x0 0x0 0x63
LK         83000 READ        6            0x33134 0x4c4b400 0x2710 0xc212a 0x2710 0x2fc
LK         83275 WRITE       4            0x0 0x0 0x0 0x2fc
LK         83250 READ        6            0x33134 0x4c4b400 0x2710 0xcca37 0x2710 0xfffffdf7
LK         83525 WRITE       4            0xc3500 0x0 0x209 0x0
LK         83500 READ        6            0x33134 0x4c4b400 0x2710 0xcaa47 0x2710 0xffffff84
LK         83775 WRITE       4            0x0 0x0 0x7c 0x0
LK         83750 READ        6            0x33134 0x4c4b400 0x2710 0xc332d 0x2710 0x1d9
LK         84025 WRITE       4            0x0 0x0 0x0 0x1d9
LK         84000 READ        6            0x33134 0x4c4b400 0x2710 0xcc938 0x2710 0xffffff50
LK         84275 WRITE       4            0xc3500 0x0 0xb0 0x0
LK         84250 READ        6            0x33134 0x4c4b400 0x2710 0xcf370 0x2710 0xfffffea8
LK         84525 WRITE       4            0x0 0x0 0x158 0x0
LK         84500 READ        6            0x33134 0x4c4b400 0x2710 0xc83ca 0x2710 0x18b
LK         84775 WRITE       4            0x0 0x0 0x0 0x18b
LK         84750 READ        6            0x33134 0x4c4b400 0x2710 0xc03c3 0x2710 0xb7
LK         85025 WRITE       4            0x0 0x0 0x0 0xb7
LK         85000 READ        6            0x33134 0x4c4b400 0x2710 0xcb9a5 0x2710 0xfffffe66
LK         85275 WRITE       4            0xc3500 0x0 0x19a 0x0
LK         85250 READ        6            0x33134 0x4c4b400 0x2710 0xcc00d 0x2710 0xcb
LK         85525 WRITE       4            0x0 0x0 0x0 0xcb
LK         85500 READ        6            0x33134 0x4c4b400 0x2710 0xc481c 0x2710 0xec
LK         85775 WRITE       4            0x0 0x0 0x0 0xec
LK         85750 READ        6            0x33134 0x4c4b400 0x2710 0xbdd9d 0x2710 0xfffffeae
LK         86025 WRITE       4            0x0 0x0 0x152 0x0
LK         86000 READ        6            0x33134 0x4c4b400 0x2710 0xc8c90 0x2710 0xfffffff9
LK         86275 WRITE       4            0xc3500 0x0 0x7 0x0
LK         86250 READ        6            0x33134 0x4c4b400 0x2710 0xc7094 0x2710 0xcc
LK         86525 WRITE       4            0x0 0x0 0x0 0xcc
LK         86500 READ        6            0x33134 0x4c4b400 0x2710 0xc04e5 0x2710 0xffffff61
LK         86775 WRITE       4            0x0 0x0 0x9f 0x0
LK         86750 READ        6            0x33134 0x4c4b400 0x2710 0xcb1ad 0x2710 0xffffffbb
LK         87025 WRITE       4            0xc3500 0x0 0x45 0x0
LK         87000 READ        6            0x33134 0x4c4b400 0x2710 0xc9422 0x2710 0x7
LK         87275 WRITE       4            0x0 0x0 0x0 0x7
LK         87250 READ        6            0x33134 0x4c4b400 0x2710 0xc3149 0x2710 0x20
LK         87525 WRITE       4            0x0 0x0 0x0 0x20
LK         87500 READ        6            0x33134 0x4c4b400 0x2710 0xcb5cd 0x2710 0x3d
LK         87775 WRITE       4            0xc3500 0x0 0x0 0x3d
LK         87750 READ        6            0x33134 0x4c4b400 0x2710 0xcb2ff 0x2710 0x5b
LK         88025 WRITE       4            0x0 0x0 0x0 0x5b
LK         88000 READ        6            0x33134 0x4c4b400 0x2710 0xc3bbc 0x2710 0x79
LK         88275 WRITE       4            0x0 0x0 0x0 0x79
LK         88250 READ        6            0x33134 0x4c4b400 0x2710 0xbd1b7 0x2710 0xffffff83
LK         88525 WRITE       4            0x0 0x0 0x7d 0x0
LK         88500 READ        6            0x33134 0x4c4b400 0x2710 0xc81d0 0x2710 0x1d
LK         88775 WRITE       4            0xc3500 0x0 0x0 0x1d
LK         88750 READ        6            0x33134 0x4c4b400 0x2710 0xc7026 0x2710 0x69
LK         89025 WRITE       4            0x0 0x0 0x0 0x69
LK         89000 READ        6            0x33134 0x4c4b400 0x2710 0xbfaf1 0x2710 0xffffffa7
LK         89275 WRITE       4            0x0 0x0 0x59 0x0
LK         89250 READ        6            0x33134 0x4c4b400 0x2710 0xc8bbb 0x2710 0xffffff3a
LK         89525 WRITE       4            0xc3500 0x0 0xc6 0x0
LK         89500 READ        6            0x33134 0x4c4b400 0x2710 0xc8b3c 0x2710 0xb2
LK         89775 WRITE       4            0x0 0x0 0x0 0xb2
LK         89750 READ        6            0x33134 0x4c4b400 0x2710 0xc1ec7 0x2710 0xfffffff6
LK         90025 WRITE       4            0x0 0x0 0xa 0x0
LK         90000 READ        6            0x33134 0x4c4b400 0x2710 0xcad84 0x2710 0xffffff5e
LK         90275 WRITE       4            0xc3500 0x0 0xa2 0x0
LK         90250 READ        6            0x33134 0x4c4b400 0x2710 0xccfdc 0x2710 0x92
LK         90525 WRITE       4            0x0 0x0 0x0 0x92
LK         90500 READ        6            0x33134 0x4c4b400 0x2710 0xc617a 0x2710 0xfffffff4
LK         90775 WRITE       4            0x0 0x0 0xc 0x0
LK         90750 READ        6            0x33134 0x4c4b400 0x2710 0xbecca 0x2710 0xffffff6c
LK         91025 WRITE       4            0x0 0x0 0x94 0x0
LK         91000 READ        6            0x33134 0x4c4b400 0x2710 0xca420 0x2710 0x76
LK         91275 WRITE       4            0xc3500 0x0 0x0 0x76
LK         91250 READ        6            0x33134 0x4c4b400 0x2710 0xca2c3 0x2710 0x603
LK         91525 WRITE       4            0x0 0x0 0x0 0x603
LK         91500 READ        6            0x33134 0x4c4b400 0x2710 0xc2fd3 0x2710 0x37f
LK         91775 WRITE       4            0x0 0x0 0x0 0x37f
LK         91750 READ        6            0x33134 0x4c4b400 0x2710 0xce1cf 0x2710 0x125
LK         92025 WRITE       4            0xc3500 0x0 0x0 0x125
LK         92000 READ        6            0x33134 0x4c4b400 0x2710 0xcde7c 0x2710 0x3ec
LK         92275 WRITE       4            0x0 0x0 0x0 0x3ec
LK         92250 READ        6            0x33134 0x4c4b400 0x2710 0xc7a7d 0x2710 0x39a
LK         92525 WRITE       4            0x0 0x0 0x0 0x39a
LK         92500 READ        6            0x33134 0x4c4b400 0x2710 0xc0763 0x2710 0x17d
LK         92775 WRITE       4            0x0 0x0 0x0 0x17d
LK         92750 READ        6            0x33134 0x4c4b400 0x2710 0xc9bf6 0x2710 0x309
LK         93025 WRITE       4            0xc3500 0x0 0x0 0x309
LK         93000 READ        6            0x33134 0x4c4b400 0x2710 0xc9e96 0x2710 0x46e
LK         93275 WRITE       4            0x0 0x0 0x0 0x46e
LK         93250 READ        6            0x33134 0x4c4b400 0x2710 0xc33d5 0x2710 0x1a9
LK         93525 WRITE       4            0x0 0x0 0x0 0x1a9
LK         93500 READ        6            0x33134 0x4c4b400 0x2710 0xce332 0x2710 0x274
LK         93775 WRITE       4            0xc3500 0x0 0x0 0x274
LK         93750 READ        6            0x33134 0x4c4b400 0x2710 0xcc798 0x2710 0x43e
LK         94025 WRITE       4            0x0 0x0 0x0 0x43e
LK         94000 READ        6            0x33134 0x4c4b400 0x2710 0xc5267 0x2710 0x1ed
LK         94275 WRITE       4            0x0 0x0 0x0 0x1ed
LK         94250 READ        6            0x33134 0x4c4b400 0x2710 0xbf5ec 0x2710 0x286
LK         94525 WRITE       4            0x0 0x0 0x0 0x286
LK         94500 READ        6            0x33134 0x4c4b400 0x2710 0xc6504 0x2710 0x3dd
LK         94775 WRITE       4            0xc3500 0x0 0x0 0x3dd
LK         94750 READ        6            0x33134 0x4c4b400 0x2710 0xc8e89 0x2710 0x349
LK         95025 WRITE       4            0x0 0x0 0x0 0x349
LK         95000 READ        6            0x33134 0x4c4b400 0x2710 0xc1af2 0x2710 0x18f
LK         95275 WRITE       4            0x0 0x0 0x0 0x18f
LK         95250 READ        6            0x33134 0x4c4b400 0x2710 0xcd2f2 0x2710 0x3c3
LK         95525 WRITE       4            0xc3500 0x0 0x0 0x3c3
LK         95500 READ        6            0x33134 0x4c4b400 0x2710 0xccda0 0x2710 0x3d5
LK         95775 WRITE       4            0x0 0x0 0x0 0x3d5
LK         95750 READ        6            0x33134 0x4c4b400 0x2710 0xc5e50 0x2710 0x184
LK         96025 WRITE       4            0x0 0x0 0x0 0x184
LK         96000 READ        6            0x33134 0x4c4b400 0x2710 0xbf334 0x2710 0x33b
LK         96275 WRITE       4            0x0 0x0 0x0 0x33b
LK         96250 READ        6            0x33134 0x4c4b400 0x2710 0xc9eb3 0x2710 0x3fd
LK         96525 WRITE       4            0xc3500 0x0 0x0 0x3fd
LK         96500 READ        6            0x33134 0x4c4b400 0x2710 0xc7d28 0x2710 0x201
LK         96775 WRITE       4            0x0 0x0 0x0 0x201
LK         96750 READ        6            0x33134 0x4c4b400 0x2710 0xc0ddc 0x2710 0x2c1
LK         97025 WRITE       4            0x0 0x0 0x0 0x2c1
LK         97000 READ        6            0x33134 0x4c4b400 0x2710 0xcb526 0x2710 0x3d5
LK         97275 WRITE       4            0xc3500 0x0 0x0 0x3d5
LK         97250 READ        6            0x33134 0x4c4b400 0x2710 0xc903e 0x2710 0x286
LK         97525 WRITE       4            0x0 0x0 0x0 0x286
LK         97500 READ        6            0x33134 0x4c4b400 0x2710 0xc1393 0x2710 0x23b
LK         97775 WRITE       4            0x0 0x0 0x0 0x23b
LK         97750 READ        6            0x33134 0x4c4b400 0x2710 0xcc2b4 0x2710 0x3bc
LK         98025 WRITE       4            0xc3500 0x0 0x0 0x3bc
LK         98000 READ        6            0x33134 0x4c4b400 0x2710 0xcb5a0 0x2710 0x2d2
LK         98275 WRITE       4            0x0 0x0 0x0 0x2d2
LK         98250 READ        6            0x33134 0x4c4b400 0x2710 0xc4b3a 0x2710 0x26b
LK         98525 WRITE       4            0x0 0x0 0x0 0x26b
LK         98500 READ        6            0x33134 0x4c4b400 0x2710 0xbd9f7 0x2710 0x313
LK         98775 WRITE       4            0x0 0x0 0x0 0x313
LK         98750 READ        6            0x33134 0x4c4b400 0x2710 0xc5bb0 0x2710 0x33b
LK         99025 WRITE       4            0xc3500 0x0 0x0 0x33b
LK         99000 READ        6            0x33134 0x4c4b400 0x2710 0xc7ae5 0x2710 0x2c9
LK         99275 WRITE       4            0x0 0x0 0x0 0x2c9
LK         99250 READ        6            0x33134 0x4c4b400 0x2710 0xc084e 0x2710 0x2b0
LK         99525 WRITE       4            0x0 0x0 0x0 0x2b0
LK         99500 READ        6            0x33134 0x4c4b400 0x2710 0xcae0b 0x2710 0x336
LK         99775 WRITE       4            0xc3500 0x0 0x0 0x336
LK         99750 READ        6            0x33134 0x4c4b400 0x2710 0xc8a36 0x2710 0x2fc
LK         100025WRITE       4            0x0 0x0 0x0 0x2fc
LK         100000READ        6            0x33134 0x4c4b400 0x2710 0xc1878 0x2710 0x297
LK         100275WRITE       4            0x0 0x0 0x0 0x297
LK         100250READ        6            0x33134 0x4c4b400 0x2710 0xcbf2f 0x2710 0x328
LK         100525WRITE       4            0xc3500 0x0 0x0 0x328
LK         100500READ        6            0x33134 0x4c4b400 0x2710 0xc9cf3 0x2710 0x307
LK         100775WRITE       4            0x0 0x0 0x0 0x307
LK         100750READ        6            0x33134 0x4c4b400 0x2710 0xc2d4b 0x2710 0x289
LK         101025WRITE       4            0x0 0x0 0x0 0x289
LK         101000READ        6            0x33134 0x4c4b400 0x2710 0xcd595 0x2710 0xfffff67f
LK         101275WRITE       4            0xc3500 0x0 0x981 0x0
LK         101250READ        6            0x33134 0x4c4b400 0x2710 0xca331 0x2710 0xfffffa26
LK         101525WRITE       4            0x0 0x0 0x5da 0x0
LK         101500READ        6            0x33134 0x4c4b400 0x2710 0xc27e5 0x2710 0x543
LK         101775WRITE       4            0x0 0x0 0x0 0x543
LK         101750READ        6            0x33134 0x4c4b400 0x2710 0xcc8a9 0x2710 0xfffffc52
LK         102025WRITE       4            0xc3500 0x0 0x3ae 0x0
LK         102000READ        6            0x33134 0x4c4b400 0x2710 0xca408 0x2710 0xfffff7c8
LK         102275WRITE       4            0x0 0x0 0x838 0x0
LK         102250READ        6            0x33134 0x4c4b400 0x2710 0xc1e2a 0x2710 0xa7
LK         102525WRITE       4            0x0 0x0 0x0 0xa7
LK         102500READ        6            0x33134 0x4c4b400 0x2710 0xccf6b 0x2710 0xfffffef9
LK         102775WRITE       4            0xc3500 0x0 0x107 0x0
LK         102750READ        6            0x33134 0x4c4b400 0x2710 0xcc77e 0x2710 0xfffff97c
LK         103025WRITE       4            0x0 0x0 0x684 0x0
LK         103000READ        6            0x33134 0x4c4b400 0x2710 0xc5a5d 0x2710 0xfffffd7d
LK         103275WRITE       4            0x0 0x0 0x283 0x0
LK         103250READ        6            0x33134 0x4c4b400 0x2710 0xbec90 0x2710 0x123
LK         103525WRITE       4            0x0 0x0 0x0 0x123
LK         103500READ        6            0x33134 0x4c4b400 0x2710 0xc732d 0x2710 0xfffffad2
LK         103775WRITE       4            0xc3500 0x0 0x52e 0x0
LK         103750READ        6            0x33134 0x4c4b400 0x2710 0xc6c49 0x2710 0xfffffa97
LK         104025WRITE       4            0x0 0x0 0x569 0x0
LK         104000READ        6            0x33134 0x4c4b400 0x2710 0xbfc69 0x2710 0x11a
LK         104275WRITE       4            0x0 0x0 0x0 0x11a
LK         104250READ        6            0x33134 0x4c4b400 0x2710 0xcaa89 0x2710 0xfffffda8
LK         104525WRITE       4            0xc3500 0x0 0x258 0x0
LK         104500READ        6            0x33134 0x4c4b400 0x2710 0xc8ba4 0x2710 0xfffffa8f
LK         104775WRITE       4            0x0 0x0 0x571 0x0
LK         105000READ        6            0x33134 0x4c4b400 0x2710 0xc122c 0x2710 0xffffff69
LK         105025WRITE       4            0x0 0x0 0x97 0x0
LK         105250READ        6            0x33134 0x4c4b400 0x2710 0xc085f 0x2710 0x13
