ECU0: LK, ECU0: CC, ECU0: LOCAL, ECU1: SENSING, ECU1: BRAKE, ECU1: POWER
0, ECU0: LK, 1
0, ECU1: SENSING, 1
30, ECU0: LK, 0
40, ECU1: BRAKE, 1
40, ECU1: SENSING, 0
80, ECU1: BRAKE, 0
80, ECU1: POWER, 1
120, ECU1: POWER, 0
200, ECU1: SENSING, 1
240, ECU1: BRAKE, 1
30, ECU0: CC, 1
60, ECU0: CC, 0
60, ECU0: LK, 1
90, ECU0: LK, 0
90, ECU0: LOCAL, 1
120, ECU0: LOCAL, 0
120, ECU0: LK, 1
150, ECU0: LK, 0
150, ECU0: CC, 1
180, ECU0: CC, 0
180, ECU0: LK, 1
210, ECU0: LK, 0
210, ECU0: LOCAL, 1
240, ECU1: SENSING, 0
240, ECU0: LOCAL, 0
240, ECU0: LK, 1
270, ECU0: LK, 0
270, ECU0: CC, 1
280, ECU1: BRAKE, 0
280, ECU1: POWER, 1
300, ECU0: CC, 0
300, ECU0: LK, 1
320, ECU1: POWER, 0
330, ECU0: LK, 0
330, ECU0: LOCAL, 1
360, ECU0: LOCAL, 0
360, ECU0: LK, 1
390, ECU0: LK, 0
390, ECU0: CC, 1
400, ECU1: SENSING, 1
420, ECU0: CC, 0
420, ECU0: LK, 1
440, ECU1: BRAKE, 1
440, ECU1: SENSING, 0
450, ECU0: LK, 0
450, ECU0: LOCAL, 1
480, ECU1: BRAKE, 0
480, ECU1: POWER, 1
480, ECU0: LOCAL, 0
480, ECU0: LK, 1
510, ECU0: LK, 0
510, ECU0: CC, 1
520, ECU1: POWER, 0
540, ECU0: CC, 0
540, ECU0: LK, 1
570, ECU0: LK, 0
570, ECU0: LOCAL, 1
600, ECU0: LOCAL, 0
600, ECU0: LK, 1
600, ECU1: SENSING, 1
630, ECU0: LK, 0
640, ECU1: BRAKE, 1
640, ECU1: SENSING, 0
680, ECU1: BRAKE, 0
680, ECU1: POWER, 1
720, ECU1: POWER, 0
800, ECU1: SENSING, 1
840, ECU1: BRAKE, 1
630, ECU0: CC, 1
660, ECU0: CC, 0
660, ECU0: LK, 1
690, ECU0: LK, 0
690, ECU0: LOCAL, 1
720, ECU0: LOCAL, 0
720, ECU0: LK, 1
750, ECU0: LK, 0
750, ECU0: CC, 1
780, ECU0: CC, 0
780, ECU0: LK, 1
810, ECU0: LK, 0
810, ECU0: LOCAL, 1
840, ECU1: SENSING, 0
840, ECU0: LOCAL, 0
840, ECU0: LK, 1
870, ECU0: LK, 0
870, ECU0: CC, 1
880, ECU1: BRAKE, 0
880, ECU1: POWER, 1
900, ECU0: CC, 0
900, ECU0: LK, 1
920, ECU1: POWER, 0
930, ECU0: LK, 0
930, ECU0: LOCAL, 1
960, ECU0: LOCAL, 0
960, ECU0: LK, 1
990, ECU0: LK, 0
990, ECU0: CC, 1
1000, ECU1: SENSING, 1
1020, ECU0: CC, 0
1020, ECU0: LK, 1
1040, ECU1: BRAKE, 1
1040, ECU1: SENSING, 0
1050, ECU0: LK, 0
1050, ECU0: LOCAL, 1
1080, ECU1: BRAKE, 0
1080, ECU1: POWER, 1
1080, ECU0: LOCAL, 0
1080, ECU0: LK, 1
1110, ECU0: LK, 0
1110, ECU0: CC, 1
1120, ECU1: POWER, 0
1140, ECU0: CC, 0
1140, ECU0: LK, 1
1170, ECU0: LK, 0
1170, ECU0: LOCAL, 1
1200, ECU0: LOCAL, 0
1200, ECU0: LK, 1
1200, ECU1: SENSING, 1
1230, ECU0: LK, 0
1240, ECU1: BRAKE, 1
1240, ECU1: SENSING, 0
1280, ECU1: BRAKE, 0
1280, ECU1: POWER, 1
1320, ECU1: POWER, 0
1400, ECU1: SENSING, 1
1440, ECU1: BRAKE, 1
1230, ECU0: CC, 1
1260, ECU0: CC, 0
1260, ECU0: LK, 1
1290, ECU0: LK, 0
1290, ECU0: LOCAL, 1
1320, ECU0: LOCAL, 0
1320, ECU0: LK, 1
1350, ECU0: LK, 0
1350, ECU0: CC, 1
1380, ECU0: CC, 0
1380, ECU0: LK, 1
1410, ECU0: LK, 0
1410, ECU0: LOCAL, 1
1440, ECU1: SENSING, 0
1440, ECU0: LOCAL, 0
1440, ECU0: LK, 1
1470, ECU0: LK, 0
1470, ECU0: CC, 1
1480, ECU1: BRAKE, 0
1480, ECU1: POWER, 1
1500, ECU0: CC, 0
1500, ECU0: LK, 1
1520, ECU1: POWER, 0
1530, ECU0: LK, 0
1530, ECU0: LOCAL, 1
1560, ECU0: LOCAL, 0
1560, ECU0: LK, 1
1590, ECU0: LK, 0
1590, ECU0: CC, 1
1600, ECU1: SENSING, 1
1620, ECU0: CC, 0
1620, ECU0: LK, 1
1640, ECU1: BRAKE, 1
1640, ECU1: SENSING, 0
1650, ECU0: LK, 0
1650, ECU0: LOCAL, 1
1680, ECU1: BRAKE, 0
1680, ECU1: POWER, 1
1680, ECU0: LOCAL, 0
1680, ECU0: LK, 1
1710, ECU0: LK, 0
1710, ECU0: CC, 1
1720, ECU1: POWER, 0
1740, ECU0: CC, 0
1740, ECU0: LK, 1
1770, ECU0: LK, 0
1770, ECU0: LOCAL, 1
1800, ECU0: LOCAL, 0
1800, ECU0: LK, 1
1800, ECU1: SENSING, 1
1830, ECU0: LK, 0
1840, ECU1: BRAKE, 1
1840, ECU1: SENSING, 0
1880, ECU1: BRAKE, 0
1880, ECU1: POWER, 1
1920, ECU1: POWER, 0
2000, ECU1: SENSING, 1
2040, ECU1: BRAKE, 1
1830, ECU0: CC, 1
1860, ECU0: CC, 0
1860, ECU0: LK, 1
1890, ECU0: LK, 0
1890, ECU0: LOCAL, 1
1920, ECU0: LOCAL, 0
1920, ECU0: LK, 1
1950, ECU0: LK, 0
1950, ECU0: CC, 1
1980, ECU0: CC, 0
1980, ECU0: LK, 1
2010, ECU0: LK, 0
2010, ECU0: LOCAL, 1
2040, ECU1: SENSING, 0
2040, ECU0: LOCAL, 0
2040, ECU0: LK, 1
2070, ECU0: LK, 0
2070, ECU0: CC, 1
2080, ECU1: BRAKE, 0
2080, ECU1: POWER, 1
2100, ECU0: CC, 0
2100, ECU0: LK, 1
2120, ECU1: POWER, 0
2130, ECU0: LK, 0
2130, ECU0: LOCAL, 1
2160, ECU0: LOCAL, 0
2160, ECU0: LK, 1
2190, ECU0: LK, 0
2190, ECU0: CC, 1
2200, ECU1: SENSING, 1
2220, ECU0: CC, 0
2220, ECU0: LK, 1
2240, ECU1: BRAKE, 1
2240, ECU1: SENSING, 0
2250, ECU0: LK, 0
2250, ECU0: LOCAL, 1
2280, ECU1: BRAKE, 0
2280, ECU1: POWER, 1
2280, ECU0: LOCAL, 0
2280, ECU0: LK, 1
2310, ECU0: LK, 0
2310, ECU0: CC, 1
2320, ECU1: POWER, 0
2340, ECU0: CC, 0
2340, ECU0: LK, 1
2370, ECU0: LK, 0
2370, ECU0: LOCAL, 1
2400, ECU0: LOCAL, 0
2400, ECU0: LK, 1
2400, ECU1: SENSING, 1
2430, ECU0: LK, 0
2440, ECU1: BRAKE, 1
2440, ECU1: SENSING, 0
2480, ECU1: BRAKE, 0
2480, ECU1: POWER, 1
2520, ECU1: POWER, 0
2600, ECU1: SENSING, 1
2640, ECU1: BRAKE, 1
2430, ECU0: CC, 1
2460, ECU0: CC, 0
2460, ECU0: LK, 1
2490, ECU0: LK, 0
2490, ECU0: LOCAL, 1
2520, ECU0: LOCAL, 0
2520, ECU0: LK, 1
2550, ECU0: LK, 0
2550, ECU0: CC, 1
2580, ECU0: CC, 0
2580, ECU0: LK, 1
2610, ECU0: LK, 0
2610, ECU0: LOCAL, 1
2640, ECU1: SENSING, 0
2640, ECU0: LOCAL, 0
2640, ECU0: LK, 1
2670, ECU0: LK, 0
2670, ECU0: CC, 1
2680, ECU1: BRAKE, 0
2680, ECU1: POWER, 1
2700, ECU0: CC, 0
2700, ECU0: LK, 1
2720, ECU1: POWER, 0
2730, ECU0: LK, 0
2730, ECU0: LOCAL, 1
2760, ECU0: LOCAL, 0
2760, ECU0: LK, 1
2790, ECU0: LK, 0
2790, ECU0: CC, 1
2800, ECU1: SENSING, 1
2820, ECU0: CC, 0
2820, ECU0: LK, 1
2840, ECU1: BRAKE, 1
2840, ECU1: SENSING, 0
2850, ECU0: LK, 0
2850, ECU0: LOCAL, 1
2880, ECU1: BRAKE, 0
2880, ECU1: POWER, 1
2880, ECU0: LOCAL, 0
2880, ECU0: LK, 1
2910, ECU0: LK, 0
2910, ECU0: CC, 1
2920, ECU1: POWER, 0
2940, ECU0: CC, 0
2940, ECU0: LK, 1
2970, ECU0: LK, 0
2970, ECU0: LOCAL, 1
3000, ECU0: LOCAL, 0
3000, ECU0: LK, 1
3000, ECU1: SENSING, 1
3030, ECU0: LK, 0
3040, ECU1: BRAKE, 1
3040, ECU1: SENSING, 0
3080, ECU1: BRAKE, 0
3080, ECU1: POWER, 1
3120, ECU1: POWER, 0
3200, ECU1: SENSING, 1
3240, ECU1: BRAKE, 1
3030, ECU0: CC, 1
3060, ECU0: CC, 0
3060, ECU0: LK, 1
3090, ECU0: LK, 0
3090, ECU0: LOCAL, 1
3120, ECU0: LOCAL, 0
3120, ECU0: LK, 1
3150, ECU0: LK, 0
3150, ECU0: CC, 1
3180, ECU0: CC, 0
3180, ECU0: LK, 1
3210, ECU0: LK, 0
3210, ECU0: LOCAL, 1
3240, ECU1: SENSING, 0
3240, ECU0: LOCAL, 0
3240, ECU0: LK, 1
3270, ECU0: LK, 0
3270, ECU0: CC, 1
3280, ECU1: BRAKE, 0
3280, ECU1: POWER, 1
3300, ECU0: CC, 0
3300, ECU0: LK, 1
3320, ECU1: POWER, 0
3330, ECU0: LK, 0
3330, ECU0: LOCAL, 1
3360, ECU0: LOCAL, 0
3360, ECU0: LK, 1
3390, ECU0: LK, 0
3390, ECU0: CC, 1
3400, ECU1: SENSING, 1
3420, ECU0: CC, 0
3420, ECU0: LK, 1
3440, ECU1: BRAKE, 1
3440, ECU1: SENSING, 0
3450, ECU0: LK, 0
3450, ECU0: LOCAL, 1
3480, ECU1: BRAKE, 0
3480, ECU1: POWER, 1
3480, ECU0: LOCAL, 0
3480, ECU0: LK, 1
3510, ECU0: LK, 0
3510, ECU0: CC, 1
3520, ECU1: POWER, 0
3540, ECU0: CC, 0
3540, ECU0: LK, 1
3570, ECU0: LK, 0
3570, ECU0: LOCAL, 1
3600, ECU0: LOCAL, 0
3600, ECU0: LK, 1
3600, ECU1: SENSING, 1
3630, ECU0: LK, 0
3640, ECU1: BRAKE, 1
3640, ECU1: SENSING, 0
3680, ECU1: BRAKE, 0
3680, ECU1: POWER, 1
3720, ECU1: POWER, 0
3800, ECU1: SENSING, 1
3840, ECU1: BRAKE, 1
3630, ECU0: CC, 1
3660, ECU0: CC, 0
3660, ECU0: LK, 1
3690, ECU0: LK, 0
3690, ECU0: LOCAL, 1
3720, ECU0: LOCAL, 0
3720, ECU0: LK, 1
3750, ECU0: LK, 0
3750, ECU0: CC, 1
3780, ECU0: CC, 0
3780, ECU0: LK, 1
3810, ECU0: LK, 0
3810, ECU0: LOCAL, 1
3840, ECU1: SENSING, 0
3840, ECU0: LOCAL, 0
3840, ECU0: LK, 1
3870, ECU0: LK, 0
3870, ECU0: CC, 1
3880, ECU1: BRAKE, 0
3880, ECU1: POWER, 1
3900, ECU0: CC, 0
3900, ECU0: LK, 1
3920, ECU1: POWER, 0
3930, ECU0: LK, 0
3930, ECU0: LOCAL, 1
3960, ECU0: LOCAL, 0
3960, ECU0: LK, 1
3990, ECU0: LK, 0
3990, ECU0: CC, 1
4000, ECU1: SENSING, 1
4020, ECU0: CC, 0
4020, ECU0: LK, 1
4040, ECU1: BRAKE, 1
4040, ECU1: SENSING, 0
4050, ECU0: LK, 0
4050, ECU0: LOCAL, 1
4080, ECU1: BRAKE, 0
4080, ECU1: POWER, 1
4080, ECU0: LOCAL, 0
4080, ECU0: LK, 1
4110, ECU0: LK, 0
4110, ECU0: CC, 1
4120, ECU1: POWER, 0
4140, ECU0: CC, 0
4140, ECU0: LK, 1
4170, ECU0: LK, 0
4170, ECU0: LOCAL, 1
4200, ECU0: LOCAL, 0
4200, ECU0: LK, 1
4200, ECU1: SENSING, 1
4230, ECU0: LK, 0
4240, ECU1: BRAKE, 1
4240, ECU1: SENSING, 0
4280, ECU1: BRAKE, 0
4280, ECU1: POWER, 1
4320, ECU1: POWER, 0
4400, ECU1: SENSING, 1
4440, ECU1: BRAKE, 1
4230, ECU0: CC, 1
4260, ECU0: CC, 0
4260, ECU0: LK, 1
4290, ECU0: LK, 0
4290, ECU0: LOCAL, 1
4320, ECU0: LOCAL, 0
4320, ECU0: LK, 1
4350, ECU0: LK, 0
4350, ECU0: CC, 1
4380, ECU0: CC, 0
4380, ECU0: LK, 1
4410, ECU0: LK, 0
4410, ECU0: LOCAL, 1
4440, ECU1: SENSING, 0
4440, ECU0: LOCAL, 0
4440, ECU0: LK, 1
4470, ECU0: LK, 0
4470, ECU0: CC, 1
4480, ECU1: BRAKE, 0
4480, ECU1: POWER, 1
4500, ECU0: CC, 0
4500, ECU0: LK, 1
4520, ECU1: POWER, 0
4530, ECU0: LK, 0
4530, ECU0: LOCAL, 1
4560, ECU0: LOCAL, 0
4560, ECU0: LK, 1
4590, ECU0: LK, 0
4590, ECU0: CC, 1
4600, ECU1: SENSING, 1
4620, ECU0: CC, 0
4620, ECU0: LK, 1
4640, ECU1: BRAKE, 1
4640, ECU1: SENSING, 0
4650, ECU0: LK, 0
4650, ECU0: LOCAL, 1
4680, ECU1: BRAKE, 0
4680, ECU1: POWER, 1
4680, ECU0: LOCAL, 0
4680, ECU0: LK, 1
4710, ECU0: LK, 0
4710, ECU0: CC, 1
4720, ECU1: POWER, 0
4740, ECU0: CC, 0
4740, ECU0: LK, 1
4770, ECU0: LK, 0
4770, ECU0: LOCAL, 1
4800, ECU0: LOCAL, 0
4800, ECU0: LK, 1
4800, ECU1: SENSING, 1
4830, ECU0: LK, 0
4840, ECU1: BRAKE, 1
4840, ECU1: SENSING, 0
4880, ECU1: BRAKE, 0
4880, ECU1: POWER, 1
4920, ECU1: POWER, 0
5000, ECU1: SENSING, 1
5040, ECU1: BRAKE, 1
4830, ECU0: CC, 1
4860, ECU0: CC, 0
4860, ECU0: LK, 1
4890, ECU0: LK, 0
4890, ECU0: LOCAL, 1
4920, ECU0: LOCAL, 0
4920, ECU0: LK, 1
4950, ECU0: LK, 0
4950, ECU0: CC, 1
4980, ECU0: CC, 0
4980, ECU0: LK, 1
5010, ECU0: LK, 0
5010, ECU0: LOCAL, 1
5040, ECU1: SENSING, 0
5040, ECU0: LOCAL, 0
5040, ECU0: LK, 1
5070, ECU0: LK, 0
5070, ECU0: CC, 1
5080, ECU1: BRAKE, 0
5080, ECU1: POWER, 1
5100, ECU0: CC, 0
5100, ECU0: LK, 1
5120, ECU1: POWER, 0
5130, ECU0: LK, 0
5130, ECU0: LOCAL, 1
5160, ECU0: LOCAL, 0
5160, ECU0: LK, 1
5190, ECU0: LK, 0
5190, ECU0: CC, 1
5200, ECU1: SENSING, 1
5220, ECU0: CC, 0
5220, ECU0: LK, 1
5240, ECU1: BRAKE, 1
5240, ECU1: SENSING, 0
5250, ECU0: LK, 0
5250, ECU0: LOCAL, 1
5280, ECU1: BRAKE, 0
5280, ECU1: POWER, 1
5280, ECU0: LOCAL, 0
5280, ECU0: LK, 1
5310, ECU0: LK, 0
5310, ECU0: CC, 1
5320, ECU1: POWER, 0
5340, ECU0: CC, 0
5340, ECU0: LK, 1
5370, ECU0: LK, 0
5370, ECU0: LOCAL, 1
5400, ECU0: LOCAL, 0
5400, ECU0: LK, 1
5400, ECU1: SENSING, 1
5430, ECU0: LK, 0
5440, ECU1: BRAKE, 1
5440, ECU1: SENSING, 0
5480, ECU1: BRAKE, 0
5480, ECU1: POWER, 1
5520, ECU1: POWER, 0
5600, ECU1: SENSING, 1
5640, ECU1: BRAKE, 1
5430, ECU0: CC, 1
5460, ECU0: CC, 0
5460, ECU0: LK, 1
5490, ECU0: LK, 0
5490, ECU0: LOCAL, 1
5520, ECU0: LOCAL, 0
5520, ECU0: LK, 1
5550, ECU0: LK, 0
5550, ECU0: CC, 1
5580, ECU0: CC, 0
5580, ECU0: LK, 1
5610, ECU0: LK, 0
5610, ECU0: LOCAL, 1
5640, ECU1: SENSING, 0
5640, ECU0: LOCAL, 0
5640, ECU0: LK, 1
5670, ECU0: LK, 0
5670, ECU0: CC, 1
5680, ECU1: BRAKE, 0
5680, ECU1: POWER, 1
5700, ECU0: CC, 0
5700, ECU0: LK, 1
5720, ECU1: POWER, 0
5730, ECU0: LK, 0
5730, ECU0: LOCAL, 1
5760, ECU0: LOCAL, 0
5760, ECU0: LK, 1
5790, ECU0: LK, 0
5790, ECU0: CC, 1
5800, ECU1: SENSING, 1
5820, ECU0: CC, 0
5820, ECU0: LK, 1
5840, ECU1: BRAKE, 1
5840, ECU1: SENSING, 0
5850, ECU0: LK, 0
5850, ECU0: LOCAL, 1
5880, ECU1: BRAKE, 0
5880, ECU1: POWER, 1
5880, ECU0: LOCAL, 0
5880, ECU0: LK, 1
5910, ECU0: LK, 0
5910, ECU0: CC, 1
5920, ECU1: POWER, 0
5940, ECU0: CC, 0
5940, ECU0: LK, 1
5970, ECU0: LK, 0
5970, ECU0: LOCAL, 1
6000, ECU0: LOCAL, 0
6000, ECU0: LK, 1
6000, ECU1: SENSING, 1
6030, ECU0: LK, 0
6040, ECU1: BRAKE, 1
6040, ECU1: SENSING, 0
6080, ECU1: BRAKE, 0
6080, ECU1: POWER, 1
6120, ECU1: POWER, 0
6200, ECU1: SENSING, 1
6240, ECU1: BRAKE, 1
6030, ECU0: CC, 1
6060, ECU0: CC, 0
6060, ECU0: LK, 1
6090, ECU0: LK, 0
6090, ECU0: LOCAL, 1
6120, ECU0: LOCAL, 0
6120, ECU0: LK, 1
6150, ECU0: LK, 0
6150, ECU0: CC, 1
6180, ECU0: CC, 0
6180, ECU0: LK, 1
6210, ECU0: LK, 0
6210, ECU0: LOCAL, 1
6240, ECU1: SENSING, 0
6240, ECU0: LOCAL, 0
6240, ECU0: LK, 1
6270, ECU0: LK, 0
6270, ECU0: CC, 1
6280, ECU1: BRAKE, 0
6280, ECU1: POWER, 1
6300, ECU0: CC, 0
6300, ECU0: LK, 1
6320, ECU1: POWER, 0
6330, ECU0: LK, 0
6330, ECU0: LOCAL, 1
6360, ECU0: LOCAL, 0
6360, ECU0: LK, 1
6390, ECU0: LK, 0
6390, ECU0: CC, 1
6400, ECU1: SENSING, 1
6420, ECU0: CC, 0
6420, ECU0: LK, 1
6440, ECU1: BRAKE, 1
6440, ECU1: SENSING, 0
6450, ECU0: LK, 0
6450, ECU0: LOCAL, 1
6480, ECU1: BRAKE, 0
6480, ECU1: POWER, 1
6480, ECU0: LOCAL, 0
6480, ECU0: LK, 1
6510, ECU0: LK, 0
6510, ECU0: CC, 1
6520, ECU1: POWER, 0
6540, ECU0: CC, 0
6540, ECU0: LK, 1
6570, ECU0: LK, 0
6570, ECU0: LOCAL, 1
6600, ECU0: LOCAL, 0
6600, ECU0: LK, 1
6600, ECU1: SENSING, 1
6630, ECU0: LK, 0
6640, ECU1: BRAKE, 1
6640, ECU1: SENSING, 0
6680, ECU1: BRAKE, 0
6680, ECU1: POWER, 1
6720, ECU1: POWER, 0
6800, ECU1: SENSING, 1
6840, ECU1: BRAKE, 1
6630, ECU0: CC, 1
6660, ECU0: CC, 0
6660, ECU0: LK, 1
6690, ECU0: LK, 0
6690, ECU0: LOCAL, 1
6720, ECU0: LOCAL, 0
6720, ECU0: LK, 1
6750, ECU0: LK, 0
6750, ECU0: CC, 1
6780, ECU0: CC, 0
6780, ECU0: LK, 1
6810, ECU0: LK, 0
6810, ECU0: LOCAL, 1
6840, ECU1: SENSING, 0
6840, ECU0: LOCAL, 0
6840, ECU0: LK, 1
6870, ECU0: LK, 0
6870, ECU0: CC, 1
6880, ECU1: BRAKE, 0
6880, ECU1: POWER, 1
6900, ECU0: CC, 0
6900, ECU0: LK, 1
6920, ECU1: POWER, 0
6930, ECU0: LK, 0
6930, ECU0: LOCAL, 1
6960, ECU0: LOCAL, 0
6960, ECU0: LK, 1
6990, ECU0: LK, 0
6990, ECU0: CC, 1
7000, ECU1: SENSING, 1
7020, ECU0: CC, 0
7020, ECU0: LK, 1
7040, ECU1: BRAKE, 1
7040, ECU1: SENSING, 0
7050, ECU0: LK, 0
7050, ECU0: LOCAL, 1
7080, ECU1: BRAKE, 0
7080, ECU1: POWER, 1
7080, ECU0: LOCAL, 0
7080, ECU0: LK, 1
7110, ECU0: LK, 0
7110, ECU0: CC, 1
7120, ECU1: POWER, 0
7140, ECU0: CC, 0
7140, ECU0: LK, 1
7170, ECU0: LK, 0
7170, ECU0: LOCAL, 1
7200, ECU0: LOCAL, 0
7200, ECU0: LK, 1
7200, ECU1: SENSING, 1
7230, ECU0: LK, 0
7240, ECU1: BRAKE, 1
7240, ECU1: SENSING, 0
7280, ECU1: BRAKE, 0
7280, ECU1: POWER, 1
7320, ECU1: POWER, 0
7400, ECU1: SENSING, 1
7440, ECU1: BRAKE, 1
7230, ECU0: CC, 1
7260, ECU0: CC, 0
7260, ECU0: LK, 1
7290, ECU0: LK, 0
7290, ECU0: LOCAL, 1
7320, ECU0: LOCAL, 0
7320, ECU0: LK, 1
7350, ECU0: LK, 0
7350, ECU0: CC, 1
7380, ECU0: CC, 0
7380, ECU0: LK, 1
7410, ECU0: LK, 0
7410, ECU0: LOCAL, 1
7440, ECU1: SENSING, 0
7440, ECU0: LOCAL, 0
7440, ECU0: LK, 1
7470, ECU0: LK, 0
7470, ECU0: CC, 1
7480, ECU1: BRAKE, 0
7480, ECU1: POWER, 1
7500, ECU0: CC, 0
7500, ECU0: LK, 1
7520, ECU1: POWER, 0
7530, ECU0: LK, 0
7530, ECU0: LOCAL, 1
7560, ECU0: LOCAL, 0
7560, ECU0: LK, 1
7590, ECU0: LK, 0
7590, ECU0: CC, 1
7600, ECU1: SENSING, 1
7620, ECU0: CC, 0
7620, ECU0: LK, 1
7640, ECU1: BRAKE, 1
7640, ECU1: SENSING, 0
7650, ECU0: LK, 0
7650, ECU0: LOCAL, 1
7680, ECU1: BRAKE, 0
7680, ECU1: POWER, 1
7680, ECU0: LOCAL, 0
7680, ECU0: LK, 1
7710, ECU0: LK, 0
7710, ECU0: CC, 1
7720, ECU1: POWER, 0
7740, ECU0: CC, 0
7740, ECU0: LK, 1
7770, ECU0: LK, 0
7770, ECU0: LOCAL, 1
7800, ECU0: LOCAL, 0
7800, ECU0: LK, 1
7800, ECU1: SENSING, 1
7830, ECU0: LK, 0
7840, ECU1: BRAKE, 1
7840, ECU1: SENSING, 0
7880, ECU1: BRAKE, 0
7880, ECU1: POWER, 1
7920, ECU1: POWER, 0
8000, ECU1: SENSING, 1
8040, ECU1: BRAKE, 1
7830, ECU0: CC, 1
7860, ECU0: CC, 0
7860, ECU0: LK, 1
7890, ECU0: LK, 0
7890, ECU0: LOCAL, 1
7920, ECU0: LOCAL, 0
7920, ECU0: LK, 1
7950, ECU0: LK, 0
7950, ECU0: CC, 1
7980, ECU0: CC, 0
7980, ECU0: LK, 1
8010, ECU0: LK, 0
8010, ECU0: LOCAL, 1
8040, ECU1: SENSING, 0
8040, ECU0: LOCAL, 0
8040, ECU0: LK, 1
8070, ECU0: LK, 0
8070, ECU0: CC, 1
8080, ECU1: BRAKE, 0
8080, ECU1: POWER, 1
8100, ECU0: CC, 0
8100, ECU0: LK, 1
8120, ECU1: POWER, 0
8130, ECU0: LK, 0
8130, ECU0: LOCAL, 1
8160, ECU0: LOCAL, 0
8160, ECU0: LK, 1
8190, ECU0: LK, 0
8190, ECU0: CC, 1
8200, ECU1: SENSING, 1
8220, ECU0: CC, 0
8220, ECU0: LK, 1
8240, ECU1: BRAKE, 1
8240, ECU1: SENSING, 0
8250, ECU0: LK, 0
8250, ECU0: LOCAL, 1
8280, ECU1: BRAKE, 0
8280, ECU1: POWER, 1
8280, ECU0: LOCAL, 0
8280, ECU0: LK, 1
8310, ECU0: LK, 0
8310, ECU0: CC, 1
8320, ECU1: POWER, 0
8340, ECU0: CC, 0
8340, ECU0: LK, 1
8370, ECU0: LK, 0
8370, ECU0: LOCAL, 1
8400, ECU0: LOCAL, 0
8400, ECU0: LK, 1
8400, ECU1: SENSING, 1
8430, ECU0: LK, 0
8440, ECU1: BRAKE, 1
8440, ECU1: SENSING, 0
8480, ECU1: BRAKE, 0
8480, ECU1: POWER, 1
8520, ECU1: POWER, 0
8600, ECU1: SENSING, 1
8640, ECU1: BRAKE, 1
8430, ECU0: CC, 1
8460, ECU0: CC, 0
8460, ECU0: LK, 1
8490, ECU0: LK, 0
8490, ECU0: LOCAL, 1
8520, ECU0: LOCAL, 0
8520, ECU0: LK, 1
8550, ECU0: LK, 0
8550, ECU0: CC, 1
8580, ECU0: CC, 0
8580, ECU0: LK, 1
8610, ECU0: LK, 0
8610, ECU0: LOCAL, 1
8640, ECU1: SENSING, 0
8640, ECU0: LOCAL, 0
8640, ECU0: LK, 1
8670, ECU0: LK, 0
8670, ECU0: CC, 1
8680, ECU1: BRAKE, 0
8680, ECU1: POWER, 1
8700, ECU0: CC, 0
8700, ECU0: LK, 1
8720, ECU1: POWER, 0
8730, ECU0: LK, 0
8730, ECU0: LOCAL, 1
8760, ECU0: LOCAL, 0
8760, ECU0: LK, 1
8790, ECU0: LK, 0
8790, ECU0: CC, 1
8800, ECU1: SENSING, 1
8820, ECU0: CC, 0
8820, ECU0: LK, 1
8840, ECU1: BRAKE, 1
8840, ECU1: SENSING, 0
8850, ECU0: LK, 0
8850, ECU0: LOCAL, 1
8880, ECU1: BRAKE, 0
8880, ECU1: POWER, 1
8880, ECU0: LOCAL, 0
8880, ECU0: LK, 1
8910, ECU0: LK, 0
8910, ECU0: CC, 1
8920, ECU1: POWER, 0
8940, ECU0: CC, 0
8940, ECU0: LK, 1
8970, ECU0: LK, 0
8970, ECU0: LOCAL, 1
9000, ECU0: LOCAL, 0
9000, ECU0: LK, 1
9000, ECU1: SENSING, 1
9030, ECU0: LK, 0
9040, ECU1: BRAKE, 1
9040, ECU1: SENSING, 0
9080, ECU1: BRAKE, 0
9080, ECU1: POWER, 1
9120, ECU1: POWER, 0
9200, ECU1: SENSING, 1
9240, ECU1: BRAKE, 1
9030, ECU0: CC, 1
9060, ECU0: CC, 0
9060, ECU0: LK, 1
9090, ECU0: LK, 0
9090, ECU0: LOCAL, 1
9120, ECU0: LOCAL, 0
9120, ECU0: LK, 1
9150, ECU0: LK, 0
9150, ECU0: CC, 1
9180, ECU0: CC, 0
9180, ECU0: LK, 1
9210, ECU0: LK, 0
9210, ECU0: LOCAL, 1
9240, ECU1: SENSING, 0
9240, ECU0: LOCAL, 0
9240, ECU0: LK, 1
9270, ECU0: LK, 0
9270, ECU0: CC, 1
9280, ECU1: BRAKE, 0
9280, ECU1: POWER, 1
9300, ECU0: CC, 0
9300, ECU0: LK, 1
9320, ECU1: POWER, 0
9330, ECU0: LK, 0
9330, ECU0: LOCAL, 1
9360, ECU0: LOCAL, 0
9360, ECU0: LK, 1
9390, ECU0: LK, 0
9390, ECU0: CC, 1
9400, ECU1: SENSING, 1
9420, ECU0: CC, 0
9420, ECU0: LK, 1
9440, ECU1: BRAKE, 1
9440, ECU1: SENSING, 0
9450, ECU0: LK, 0
9450, ECU0: LOCAL, 1
9480, ECU1: BRAKE, 0
9480, ECU1: POWER, 1
9480, ECU0: LOCAL, 0
9480, ECU0: LK, 1
9510, ECU0: LK, 0
9510, ECU0: CC, 1
9520, ECU1: POWER, 0
9540, ECU0: CC, 0
9540, ECU0: LK, 1
9570, ECU0: LK, 0
9570, ECU0: LOCAL, 1
9600, ECU0: LOCAL, 0
9600, ECU0: LK, 1
9600, ECU1: SENSING, 1
9630, ECU0: LK, 0
9640, ECU1: BRAKE, 1
9640, ECU1: SENSING, 0
9680, ECU1: BRAKE, 0
9680, ECU1: POWER, 1
9720, ECU1: POWER, 0
9800, ECU1: SENSING, 1
9840, ECU1: BRAKE, 1
9630, ECU0: CC, 1
9660, ECU0: CC, 0
9660, ECU0: LK, 1
9690, ECU0: LK, 0
9690, ECU0: LOCAL, 1
9720, ECU0: LOCAL, 0
9720, ECU0: LK, 1
9750, ECU0: LK, 0
9750, ECU0: CC, 1
9780, ECU0: CC, 0
9780, ECU0: LK, 1
9810, ECU0: LK, 0
9810, ECU0: LOCAL, 1
9840, ECU1: SENSING, 0
9840, ECU0: LOCAL, 0
9840, ECU0: LK, 1
9870, ECU0: LK, 0
9870, ECU0: CC, 1
9880, ECU1: BRAKE, 0
9880, ECU1: POWER, 1
9900, ECU0: CC, 0
9900, ECU0: LK, 1
9920, ECU1: POWER, 0
9930, ECU0: LK, 0
9930, ECU0: LOCAL, 1
9960, ECU0: LOCAL, 0
9960, ECU0: LK, 1
9990, ECU0: LK, 0
9990, ECU0: CC, 1
10000, ECU1: SENSING, 1
10020, ECU0: CC, 0
10020, ECU0: LK, 1
10040, ECU1: BRAKE, 1
10040, ECU1: SENSING, 0
10050, ECU0: LK, 0
10050, ECU0: LOCAL, 1
10080, ECU1: BRAKE, 0
10080, ECU1: POWER, 1
10080, ECU0: LOCAL, 0
10080, ECU0: LK, 1
10110, ECU0: LK, 0
10110, ECU0: CC, 1
10120, ECU1: POWER, 0
10140, ECU0: CC, 0
10140, ECU0: LK, 1
10170, ECU0: LK, 0
10170, ECU0: LOCAL, 1
10200, ECU0: LOCAL, 0
10200, ECU0: LK, 1
10200, ECU1: SENSING, 1
10230, ECU0: LK, 0
10240, ECU1: BRAKE, 1
10240, ECU1: SENSING, 0
10280, ECU1: BRAKE, 0
10280, ECU1: POWER, 1
10320, ECU1: POWER, 0
10400, ECU1: SENSING, 1
10440, ECU1: BRAKE, 1
10230, ECU0: CC, 1
10260, ECU0: CC, 0
10260, ECU0: LK, 1
10290, ECU0: LK, 0
10290, ECU0: LOCAL, 1
10320, ECU0: LOCAL, 0
10320, ECU0: LK, 1
10350, ECU0: LK, 0
10350, ECU0: CC, 1
10380, ECU0: CC, 0
10380, ECU0: LK, 1
10410, ECU0: LK, 0
10410, ECU0: LOCAL, 1
10440, ECU1: SENSING, 0
10440, ECU0: LOCAL, 0
10440, ECU0: LK, 1
10470, ECU0: LK, 0
10470, ECU0: CC, 1
10480, ECU1: BRAKE, 0
10480, ECU1: POWER, 1
10500, ECU0: CC, 0
10500, ECU0: LK, 1
10520, ECU1: POWER, 0
10530, ECU0: LK, 0
10530, ECU0: LOCAL, 1
10560, ECU0: LOCAL, 0
10560, ECU0: LK, 1
10590, ECU0: LK, 0
10590, ECU0: CC, 1
10600, ECU1: SENSING, 1
10620, ECU0: CC, 0
10620, ECU0: LK, 1
10640, ECU1: BRAKE, 1
10640, ECU1: SENSING, 0
10650, ECU0: LK, 0
10650, ECU0: LOCAL, 1
10680, ECU1: BRAKE, 0
10680, ECU1: POWER, 1
10680, ECU0: LOCAL, 0
10680, ECU0: LK, 1
10710, ECU0: LK, 0
10710, ECU0: CC, 1
10720, ECU1: POWER, 0
10740, ECU0: CC, 0
10740, ECU0: LK, 1
10770, ECU0: LK, 0
10770, ECU0: LOCAL, 1
10800, ECU0: LOCAL, 0
10800, ECU0: LK, 1
10800, ECU1: SENSING, 1
10830, ECU0: LK, 0
10840, ECU1: BRAKE, 1
10840, ECU1: SENSING, 0
10880, ECU1: BRAKE, 0
10880, ECU1: POWER, 1
10920, ECU1: POWER, 0
11000, ECU1: SENSING, 1
11040, ECU1: BRAKE, 1
10830, ECU0: CC, 1
10860, ECU0: CC, 0
10860, ECU0: LK, 1
10890, ECU0: LK, 0
10890, ECU0: LOCAL, 1
10920, ECU0: LOCAL, 0
10920, ECU0: LK, 1
10950, ECU0: LK, 0
10950, ECU0: CC, 1
10980, ECU0: CC, 0
10980, ECU0: LK, 1
11010, ECU0: LK, 0
11010, ECU0: LOCAL, 1
11040, ECU1: SENSING, 0
11040, ECU0: LOCAL, 0
11040, ECU0: LK, 1
11070, ECU0: LK, 0
11070, ECU0: CC, 1
11080, ECU1: BRAKE, 0
11080, ECU1: POWER, 1
11100, ECU0: CC, 0
11100, ECU0: LK, 1
11120, ECU1: POWER, 0
11130, ECU0: LK, 0
11130, ECU0: LOCAL, 1
11160, ECU0: LOCAL, 0
11160, ECU0: LK, 1
11190, ECU0: LK, 0
11190, ECU0: CC, 1
11200, ECU1: SENSING, 1
11220, ECU0: CC, 0
11220, ECU0: LK, 1
11240, ECU1: BRAKE, 1
11240, ECU1: SENSING, 0
11250, ECU0: LK, 0
11250, ECU0: LOCAL, 1
11280, ECU1: BRAKE, 0
11280, ECU1: POWER, 1
11280, ECU0: LOCAL, 0
11280, ECU0: LK, 1
11310, ECU0: LK, 0
11310, ECU0: CC, 1
11320, ECU1: POWER, 0
11340, ECU0: CC, 0
11340, ECU0: LK, 1
11370, ECU0: LK, 0
11370, ECU0: LOCAL, 1
11400, ECU0: LOCAL, 0
11400, ECU0: LK, 1
11400, ECU1: SENSING, 1
11430, ECU0: LK, 0
11440, ECU1: BRAKE, 1
11440, ECU1: SENSING, 0
11480, ECU1: BRAKE, 0
11480, ECU1: POWER, 1
11520, ECU1: POWER, 0
11600, ECU1: SENSING, 1
11640, ECU1: BRAKE, 1
11430, ECU0: CC, 1
11460, ECU0: CC, 0
11460, ECU0: LK, 1
11490, ECU0: LK, 0
11490, ECU0: LOCAL, 1
11520, ECU0: LOCAL, 0
11520, ECU0: LK, 1
11550, ECU0: LK, 0
11550, ECU0: CC, 1
11580, ECU0: CC, 0
11580, ECU0: LK, 1
11610, ECU0: LK, 0
11640, ECU1: SENSING, 0
11640, ECU0: LK, 1
11670, ECU0: LK, 0
11670, ECU0: CC, 1
11610, ECU0: LOCAL, 1
11640, ECU0: LOCAL, 0
11680, ECU1: BRAKE, 0
11680, ECU1: POWER, 1
11700, ECU0: CC, 0
11700, ECU0: LK, 1
11720, ECU1: POWER, 0
11730, ECU0: LK, 0
11730, ECU0: LOCAL, 1
11760, ECU0: LOCAL, 0
11760, ECU0: LK, 1
11790, ECU0: LK, 0
11790, ECU0: CC, 1
11800, ECU1: SENSING, 1
11820, ECU0: CC, 0
11820, ECU0: LK, 1
11840, ECU1: BRAKE, 1
11840, ECU1: SENSING, 0
11850, ECU0: LK, 0
11850, ECU0: LOCAL, 1
11880, ECU1: BRAKE, 0
11880, ECU1: POWER, 1
11880, ECU0: LOCAL, 0
11880, ECU0: LK, 1
11910, ECU0: LK, 0
11910, ECU0: CC, 1
11920, ECU1: POWER, 0
11940, ECU0: CC, 0
11940, ECU0: LK, 1
11970, ECU0: LK, 0
11970, ECU0: LOCAL, 1
12000, ECU0: LOCAL, 0
12000, ECU0: LK, 1
12000, ECU1: SENSING, 1
12030, ECU0: LK, 0
12040, ECU1: BRAKE, 1
12040, ECU1: SENSING, 0
12080, ECU1: BRAKE, 0
12080, ECU1: POWER, 1
12120, ECU1: POWER, 0
12200, ECU1: SENSING, 1
12240, ECU1: BRAKE, 1
12030, ECU0: CC, 1
12060, ECU0: CC, 0
12060, ECU0: LK, 1
12090, ECU0: LK, 0
12090, ECU0: LOCAL, 1
12120, ECU0: LOCAL, 0
12120, ECU0: LK, 1
12150, ECU0: LK, 0
12150, ECU0: CC, 1
12180, ECU0: CC, 0
12180, ECU0: LK, 1
12210, ECU0: LK, 0
12210, ECU0: LOCAL, 1
12240, ECU1: SENSING, 0
12240, ECU0: LOCAL, 0
12240, ECU0: LK, 1
12270, ECU0: LK, 0
12270, ECU0: CC, 1
12280, ECU1: BRAKE, 0
12280, ECU1: POWER, 1
12300, ECU0: CC, 0
12300, ECU0: LK, 1
12320, ECU1: POWER, 0
12330, ECU0: LK, 0
12330, ECU0: LOCAL, 1
12360, ECU0: LOCAL, 0
12360, ECU0: LK, 1
12390, ECU0: LK, 0
12390, ECU0: CC, 1
12400, ECU1: SENSING, 1
12420, ECU0: CC, 0
12420, ECU0: LK, 1
12440, ECU1: BRAKE, 1
12440, ECU1: SENSING, 0
12450, ECU0: LK, 0
12450, ECU0: LOCAL, 1
12480, ECU1: BRAKE, 0
12480, ECU1: POWER, 1
12480, ECU0: LOCAL, 0
12480, ECU0: LK, 1
12510, ECU0: LK, 0
12510, ECU0: CC, 1
12520, ECU1: POWER, 0
12540, ECU0: CC, 0
12540, ECU0: LK, 1
12570, ECU0: LK, 0
12570, ECU0: LOCAL, 1
12600, ECU0: LOCAL, 0
12600, ECU0: LK, 1
12600, ECU1: SENSING, 1
12630, ECU0: LK, 0
12640, ECU1: BRAKE, 1
12640, ECU1: SENSING, 0
12680, ECU1: BRAKE, 0
12680, ECU1: POWER, 1
12720, ECU1: POWER, 0
12800, ECU1: SENSING, 1
12840, ECU1: BRAKE, 1
12630, ECU0: CC, 1
12660, ECU0: CC, 0
12660, ECU0: LK, 1
12690, ECU0: LK, 0
12690, ECU0: LOCAL, 1
12720, ECU0: LOCAL, 0
12720, ECU0: LK, 1
12750, ECU0: LK, 0
12750, ECU0: CC, 1
12780, ECU0: CC, 0
12780, ECU0: LK, 1
12810, ECU0: LK, 0
12810, ECU0: LOCAL, 1
12840, ECU1: SENSING, 0
12840, ECU0: LOCAL, 0
12840, ECU0: LK, 1
12870, ECU0: LK, 0
12870, ECU0: CC, 1
12880, ECU1: BRAKE, 0
12880, ECU1: POWER, 1
12900, ECU0: CC, 0
12900, ECU0: LK, 1
12920, ECU1: POWER, 0
12930, ECU0: LK, 0
12930, ECU0: LOCAL, 1
12960, ECU0: LOCAL, 0
12960, ECU0: LK, 1
12990, ECU0: LK, 0
12990, ECU0: CC, 1
13000, ECU1: SENSING, 1
13020, ECU0: CC, 0
13020, ECU0: LK, 1
13040, ECU1: BRAKE, 1
13040, ECU1: SENSING, 0
13050, ECU0: LK, 0
13050, ECU0: LOCAL, 1
13080, ECU1: BRAKE, 0
13080, ECU1: POWER, 1
13080, ECU0: LOCAL, 0
13080, ECU0: LK, 1
13110, ECU0: LK, 0
13110, ECU0: CC, 1
13120, ECU1: POWER, 0
13140, ECU0: CC, 0
13140, ECU0: LK, 1
13170, ECU0: LK, 0
13170, ECU0: LOCAL, 1
13200, ECU0: LOCAL, 0
13200, ECU0: LK, 1
13200, ECU1: SENSING, 1
13230, ECU0: LK, 0
13240, ECU1: BRAKE, 1
13240, ECU1: SENSING, 0
13280, ECU1: BRAKE, 0
13280, ECU1: POWER, 1
13320, ECU1: POWER, 0
13400, ECU1: SENSING, 1
13440, ECU1: BRAKE, 1
13230, ECU0: CC, 1
13260, ECU0: CC, 0
13260, ECU0: LK, 1
13290, ECU0: LK, 0
13290, ECU0: LOCAL, 1
13320, ECU0: LOCAL, 0
13320, ECU0: LK, 1
13350, ECU0: LK, 0
13350, ECU0: CC, 1
13380, ECU0: CC, 0
13380, ECU0: LK, 1
13410, ECU0: LK, 0
13410, ECU0: LOCAL, 1
13440, ECU1: SENSING, 0
13440, ECU0: LOCAL, 0
13440, ECU0: LK, 1
13470, ECU0: LK, 0
13470, ECU0: CC, 1
13480, ECU1: BRAKE, 0
13480, ECU1: POWER, 1
13500, ECU0: CC, 0
13500, ECU0: LK, 1
13520, ECU1: POWER, 0
13530, ECU0: LK, 0
13530, ECU0: LOCAL, 1
13560, ECU0: LOCAL, 0
13560, ECU0: LK, 1
13590, ECU0: LK, 0
13590, ECU0: CC, 1
13600, ECU1: SENSING, 1
13620, ECU0: CC, 0
13620, ECU0: LK, 1
13640, ECU1: BRAKE, 1
13640, ECU1: SENSING, 0
13650, ECU0: LK, 0
13650, ECU0: LOCAL, 1
13680, ECU1: BRAKE, 0
13680, ECU1: POWER, 1
13680, ECU0: LOCAL, 0
13680, ECU0: LK, 1
13710, ECU0: LK, 0
13710, ECU0: CC, 1
13720, ECU1: POWER, 0
13740, ECU0: CC, 0
13740, ECU0: LK, 1
13770, ECU0: LK, 0
13770, ECU0: LOCAL, 1
13800, ECU0: LOCAL, 0
13800, ECU0: LK, 1
13800, ECU1: SENSING, 1
13830, ECU0: LK, 0
13840, ECU1: BRAKE, 1
13840, ECU1: SENSING, 0
13880, ECU1: BRAKE, 0
13880, ECU1: POWER, 1
13920, ECU1: POWER, 0
14000, ECU1: SENSING, 1
14040, ECU1: BRAKE, 1
13830, ECU0: CC, 1
13860, ECU0: CC, 0
13860, ECU0: LK, 1
13890, ECU0: LK, 0
13890, ECU0: LOCAL, 1
13920, ECU0: LOCAL, 0
13920, ECU0: LK, 1
13950, ECU0: LK, 0
13950, ECU0: CC, 1
13980, ECU0: CC, 0
13980, ECU0: LK, 1
14010, ECU0: LK, 0
14010, ECU0: LOCAL, 1
14040, ECU1: SENSING, 0
14040, ECU0: LOCAL, 0
14040, ECU0: LK, 1
14070, ECU0: LK, 0
14070, ECU0: CC, 1
14080, ECU1: BRAKE, 0
14080, ECU1: POWER, 1
14100, ECU0: CC, 0
14100, ECU0: LK, 1
14120, ECU1: POWER, 0
14130, ECU0: LK, 0
14130, ECU0: LOCAL, 1
14160, ECU0: LOCAL, 0
14160, ECU0: LK, 1
14190, ECU0: LK, 0
14190, ECU0: CC, 1
14200, ECU1: SENSING, 1
14220, ECU0: CC, 0
14220, ECU0: LK, 1
14240, ECU1: BRAKE, 1
14240, ECU1: SENSING, 0
14250, ECU0: LK, 0
14250, ECU0: LOCAL, 1
14280, ECU1: BRAKE, 0
14280, ECU1: POWER, 1
14280, ECU0: LOCAL, 0
14280, ECU0: LK, 1
14310, ECU0: LK, 0
14310, ECU0: CC, 1
14320, ECU1: POWER, 0
14340, ECU0: CC, 0
14340, ECU0: LK, 1
14370, ECU0: LK, 0
14370, ECU0: LOCAL, 1
14400, ECU0: LOCAL, 0
14400, ECU0: LK, 1
14400, ECU1: SENSING, 1
14430, ECU0: LK, 0
14440, ECU1: BRAKE, 1
14440, ECU1: SENSING, 0
14480, ECU1: BRAKE, 0
14480, ECU1: POWER, 1
14520, ECU1: POWER, 0
14600, ECU1: SENSING, 1
14640, ECU1: BRAKE, 1
14430, ECU0: CC, 1
14460, ECU0: CC, 0
14460, ECU0: LK, 1
14490, ECU0: LK, 0
14490, ECU0: LOCAL, 1
14520, ECU0: LOCAL, 0
14520, ECU0: LK, 1
14550, ECU0: LK, 0
14550, ECU0: CC, 1
14580, ECU0: CC, 0
14580, ECU0: LK, 1
14610, ECU0: LK, 0
14610, ECU0: LOCAL, 1
14640, ECU1: SENSING, 0
14640, ECU0: LOCAL, 0
14640, ECU0: LK, 1
14670, ECU0: LK, 0
14670, ECU0: CC, 1
14680, ECU1: BRAKE, 0
14680, ECU1: POWER, 1
14700, ECU0: CC, 0
14700, ECU0: LK, 1
14720, ECU1: POWER, 0
14730, ECU0: LK, 0
14730, ECU0: LOCAL, 1
14760, ECU0: LOCAL, 0
14760, ECU0: LK, 1
14790, ECU0: LK, 0
14790, ECU0: CC, 1
14800, ECU1: SENSING, 1
14820, ECU0: CC, 0
14820, ECU0: LK, 1
14840, ECU1: BRAKE, 1
14840, ECU1: SENSING, 0
14850, ECU0: LK, 0
14850, ECU0: LOCAL, 1
14880, ECU1: BRAKE, 0
14880, ECU1: POWER, 1
14880, ECU0: LOCAL, 0
14880, ECU0: LK, 1
14910, ECU0: LK, 0
14910, ECU0: CC, 1
14920, ECU1: POWER, 0
14940, ECU0: CC, 0
14940, ECU0: LK, 1
14970, ECU0: LK, 0
14970, ECU0: LOCAL, 1
15000, ECU0: LOCAL, 0
15000, ECU0: LK, 1
15000, ECU1: SENSING, 1
15030, ECU0: LK, 0
15040, ECU1: BRAKE, 1
15040, ECU1: SENSING, 0
15080, ECU1: BRAKE, 0
15080, ECU1: POWER, 1
15120, ECU1: POWER, 0
15200, ECU1: SENSING, 1
15240, ECU1: BRAKE, 1
15030, ECU0: CC, 1
15060, ECU0: CC, 0
15060, ECU0: LK, 1
15090, ECU0: LK, 0
15090, ECU0: LOCAL, 1
15120, ECU0: LOCAL, 0
15120, ECU0: LK, 1
15150, ECU0: LK, 0
15150, ECU0: CC, 1
15180, ECU0: CC, 0
15180, ECU0: LK, 1
15210, ECU0: LK, 0
15210, ECU0: LOCAL, 1
15240, ECU1: SENSING, 0
15240, ECU0: LOCAL, 0
15240, ECU0: LK, 1
15270, ECU0: LK, 0
15270, ECU0: CC, 1
15280, ECU1: BRAKE, 0
15280, ECU1: POWER, 1
15300, ECU0: CC, 0
15300, ECU0: LK, 1
15320, ECU1: POWER, 0
15330, ECU0: LK, 0
15330, ECU0: LOCAL, 1
15360, ECU0: LOCAL, 0
15360, ECU0: LK, 1
15390, ECU0: LK, 0
15390, ECU0: CC, 1
15400, ECU1: SENSING, 1
15420, ECU0: CC, 0
15420, ECU0: LK, 1
15440, ECU1: BRAKE, 1
15440, ECU1: SENSING, 0
15450, ECU0: LK, 0
15450, ECU0: LOCAL, 1
15480, ECU1: BRAKE, 0
15480, ECU1: POWER, 1
15480, ECU0: LOCAL, 0
15480, ECU0: LK, 1
15510, ECU0: LK, 0
15510, ECU0: CC, 1
15520, ECU1: POWER, 0
15540, ECU0: CC, 0
15540, ECU0: LK, 1
15570, ECU0: LK, 0
15570, ECU0: LOCAL, 1
15600, ECU0: LOCAL, 0
15600, ECU0: LK, 1
15600, ECU1: SENSING, 1
15630, ECU0: LK, 0
15640, ECU1: BRAKE, 1
15640, ECU1: SENSING, 0
15680, ECU1: BRAKE, 0
15680, ECU1: POWER, 1
15720, ECU1: POWER, 0
15800, ECU1: SENSING, 1
15840, ECU1: BRAKE, 1
15630, ECU0: CC, 1
15660, ECU0: CC, 0
15660, ECU0: LK, 1
15690, ECU0: LK, 0
15690, ECU0: LOCAL, 1
15720, ECU0: LOCAL, 0
15720, ECU0: LK, 1
15750, ECU0: LK, 0
15750, ECU0: CC, 1
15780, ECU0: CC, 0
15780, ECU0: LK, 1
15810, ECU0: LK, 0
15810, ECU0: LOCAL, 1
15840, ECU1: SENSING, 0
15840, ECU0: LOCAL, 0
15840, ECU0: LK, 1
15870, ECU0: LK, 0
15870, ECU0: CC, 1
15880, ECU1: BRAKE, 0
15880, ECU1: POWER, 1
15900, ECU0: CC, 0
15900, ECU0: LK, 1
15920, ECU1: POWER, 0
15930, ECU0: LK, 0
15930, ECU0: LOCAL, 1
15960, ECU0: LOCAL, 0
